Current working directory
/zfs/projects/darc/wolee_edehaan_suzienoh-exploratory-ml
source kevin/venv/bin/activate
which python3
/zfs/projects/darc/wolee_edehaan_suzienoh-exploratory-ml/kevin/venv/bin/python3
2024-09-04 16:19:40,787	PANIC scripts.py:900 -- `--address` is a required flag unless starting a head node with `--head`.
Error: `{}` is a required flag unless starting a head node with `{}`.
Intel(R) Extension for Scikit-learn* enabled (https://github.com/intel/scikit-learn-intelex)
Intel(R) Extension for Scikit-learn* enabled (https://github.com/intel/scikit-learn-intelex)
INFO:preprocess_data_nn.py:

Loading and preprocessing data...

DEBUG:preprocess_data_nn.py:          date   permno
626    1980-01  10006.0
5399   1980-01  10057.0
11398  1980-01  10137.0
12828  1980-01  10145.0
13984  1980-01  10153.0
DEBUG:preprocess_data_nn.py:--------------------------------------------------
INFO:main.py:preprocessed df: (667724, 161)
INFO:preprocess_data_nn.py:

Applying secondary data preprocessing..

INFO:main.py:secondary preprocessed df: (667724, 161)
INFO:main.py:df sample:     permno       pdate        ym  gvkey  sic2    absacc       acc  ...      roea   roavola       ret        mve_m      retq  pyear     date
0  10006.0  1980-01-01  198001.0   1010    37  0.083420  0.083420  ...  0.141715  0.004512  0.211679   303420.750 -0.055806   1980  1980-01
1  10057.0  1980-01-01  198001.0   1098    36  0.088951  0.088951  ...  0.174252  0.035698  0.282297   111423.125 -0.069431   1980  1980-01
2  10137.0  1980-01-01  198001.0   1279    49  0.041008  0.041008  ...  0.097554  0.006254 -0.032258   617349.500 -0.108065   1980  1980-01
3  10145.0  1980-01-01  198001.0   1300    99  0.050486  0.050486  ...  0.122729  0.004320  0.150127  1415193.000 -0.085950   1980  1980-01
4  10153.0  1980-01-01  198001.0   1308    13       NaN       NaN  ...  0.109950  0.009149 -0.122744   429488.500 -0.285199   1980  1980-01

[5 rows x 161 columns]
INFO:main.py:Train year start: 1980
INFO:main.py:Prediction data years: [2000, 2006, 2009]
INFO:main.py:

Loop through all the prediction years and build optimized model for each year

INFO:main.py:

Transform data

INFO:transform_data_nn.py:Train data years: [1980, 1981, 1982, 1983, 1984, 1985, 1986, 1987, 1988, 1989, 1990, 1991, 1992, 1993, 1994, 1995, 1996, 1997, 1998]
INFO:transform_data_nn.py:Train_data: (307585, 161)

INFO:transform_data_nn.py:Test data years: [1999]
INFO:transform_data_nn.py:Test_data: (23257, 161)

INFO:transform_data_nn.py:Retrain data years: [1980, 1981, 1982, 1983, 1984, 1985, 1986, 1987, 1988, 1989, 1990, 1991, 1992, 1993, 1994, 1995, 1996, 1997, 1998, 1999]
INFO:transform_data_nn.py:Retrain_data: (330842, 161)

INFO:transform_data_nn.py:Prediction data years: [2000]
INFO:transform_data_nn.py:Prediction_data: (22167, 161)

INFO:main.py:

Generate X and y with train_data and test_data

/zfs/projects/darc/wolee_edehaan_suzienoh-exploratory-ml/kevin/venv/lib/python3.10/site-packages/sklearn/utils/extmath.py:1140: RuntimeWarning: invalid value encountered in divide
  updated_mean = (last_sum + new_sum) / updated_sample_count
/zfs/projects/darc/wolee_edehaan_suzienoh-exploratory-ml/kevin/venv/lib/python3.10/site-packages/sklearn/utils/extmath.py:1145: RuntimeWarning: invalid value encountered in divide
  T = new_sum / new_sample_count
/zfs/projects/darc/wolee_edehaan_suzienoh-exploratory-ml/kevin/venv/lib/python3.10/site-packages/sklearn/utils/extmath.py:1165: RuntimeWarning: invalid value encountered in divide
  new_unnormalized_variance -= correction**2 / new_sample_count
INFO:main.py:
            x_train_tf: torch.Size([307585, 152])
            y_train_tf: torch.Size([307585])

            x_test_tf: torch.Size([23257, 152])
            y_test_tf: torch.Size([23257])

        
INFO:main.py:

Generate X and y with retrain_data and prediction_data

/zfs/projects/darc/wolee_edehaan_suzienoh-exploratory-ml/kevin/venv/lib/python3.10/site-packages/sklearn/utils/extmath.py:1140: RuntimeWarning: invalid value encountered in divide
  updated_mean = (last_sum + new_sum) / updated_sample_count
/zfs/projects/darc/wolee_edehaan_suzienoh-exploratory-ml/kevin/venv/lib/python3.10/site-packages/sklearn/utils/extmath.py:1145: RuntimeWarning: invalid value encountered in divide
  T = new_sum / new_sample_count
/zfs/projects/darc/wolee_edehaan_suzienoh-exploratory-ml/kevin/venv/lib/python3.10/site-packages/sklearn/utils/extmath.py:1165: RuntimeWarning: invalid value encountered in divide
  new_unnormalized_variance -= correction**2 / new_sample_count
INFO:main.py:
            x_retrain_tf: torch.Size([330842, 152])
            y_retrain_tf: torch.Size([330842])

            x_prediction_tf: torch.Size([22167, 152])
            y_prediction_tf: torch.Size([22167])

        
INFO:main.py:

Create dataset

INFO:main.py:Create train_dataset
INFO:main.py:Create test_dataset
INFO:main.py:Create retrain_dataset
INFO:main.py:Create prediction_dataset
INFO:main.py:

Hyperparameters tuning with Ray Tune

INFO:main.py:Training data years: [1980, 1981, 1982, 1983, 1984, 1985, 1986, 1987, 1988, 1989, 1990, 1991, 1992, 1993, 1994, 1995, 1996, 1997, 1998]
INFO:main.py:Testing data year: 1999
INFO:main.py:

            ray_results_path: /zfs/projects/darc/wolee_edehaan_suzienoh-exploratory-ml/kevin/ray_results
            num_samples: 200
            max_num_epochs: 50
            num_cpus: 50
            cpus_per_trial: 1
            num_gpus: 0
            gpus_per_trial: 0
            continuous_dim: 151
            num_embeddings: 12245
            device: cpu
            
2024-09-04 17:07:44,862	INFO worker.py:1753 -- Started a local Ray instance.
2024-09-04 17:07:45,005	INFO packaging.py:530 -- Creating a file package for local directory '/zfs/projects/darc/wolee_edehaan_suzienoh-exploratory-ml/kevin/src'.
2024-09-04 17:07:45,104	INFO packaging.py:358 -- Pushing file package 'gcs://_ray_pkg_6bebb6e661db7093.zip' (5.17MiB) to Ray cluster...
2024-09-04 17:07:45,132	INFO packaging.py:371 -- Successfully pushed file package 'gcs://_ray_pkg_6bebb6e661db7093.zip'.
2024-09-04 17:07:47,935	WARNING tune.py:902 -- AIR_VERBOSITY is set, ignoring passed-in ProgressReporter for now.
2024-09-04 18:21:11,864	INFO tune.py:1009 -- Wrote the latest version of all result files and experiment state to '/zfs/projects/darc/wolee_edehaan_suzienoh-exploratory-ml/kevin/ray_results/train_fnn_2024-09-04_17-07-47' in 0.6157s.
INFO:model_data_nn.py:Best trial config: {'continuous_dim': 151, 'hidden_dim': 5, 'num_layers': 4, 'num_embeddings': 12245, 'embedding_dim': 10, 'dropout_rate': 0.38, 'lr': 0.00013257684740203615, 'weight_decay': 0.00026083788223211005, 'num_epochs': 50, 'num_gpus': 0, 'batch_size': 64}
INFO:model_data_nn.py:Best trial training loss: 0.18109670985386217
INFO:model_data_nn.py:Best trial testing loss: 0.2624469511824977
INFO:main.py:Ray Tune results have been saved to: /zfs/projects/darc/wolee_edehaan_suzienoh-exploratory-ml/kevin/ray_results
INFO:main.py:Best trial directory: /tmp/ray/session_2024-09-04_17-07-40_445201_1009304/artifacts/2024-09-04_17-07-47/train_fnn_2024-09-04_17-07-47/driver_artifacts/train_fnn_e21ee_00029_29_batch_size=64,dropout_rate=0.3800,embedding_dim=10,hidden_dim=5,lr=0.0001,num_layers=4,weight_decay=0.000_2024-09-04_17-07-48
INFO:main.py:

Retrain a new model with data in years: [1980, 1981, 1982, 1983, 1984, 1985, 1986, 1987, 1988, 1989, 1990, 1991, 1992, 1993, 1994, 1995, 1996, 1997, 1998, 1999]

            Using the optimized hyperparameters: {'continuous_dim': 151, 'hidden_dim': 5, 'num_layers': 4, 'num_embeddings': 12852, 'embedding_dim': 10, 'dropout_rate': 0.38, 'lr': 0.00013257684740203615, 'weight_decay': 0.00026083788223211005, 'num_epochs': 50, 'num_gpus': 0, 'batch_size': 64}

/zfs/projects/darc/wolee_edehaan_suzienoh-exploratory-ml/kevin/venv/lib/python3.10/site-packages/torch/cuda/__init__.py:619: UserWarning: Can't initialize NVML
  warnings.warn("Can't initialize NVML")
INFO:model_data_nn.py:Epoch 1/50, metrics: {'avg_train_loss': 0.19028250310944045, 'avg_test_loss': 0.2742324148973058}
INFO:model_data_nn.py:Epoch 2/50, metrics: {'avg_train_loss': 0.18978389199771972, 'avg_test_loss': 0.27281444534788213}
INFO:model_data_nn.py:Epoch 3/50, metrics: {'avg_train_loss': 0.18915041367016902, 'avg_test_loss': 0.2713879268691588}
INFO:model_data_nn.py:Epoch 4/50, metrics: {'avg_train_loss': 0.18855174494668347, 'avg_test_loss': 0.2713741736126908}
INFO:model_data_nn.py:Epoch 5/50, metrics: {'avg_train_loss': 0.18804215701665564, 'avg_test_loss': 0.27187523967250965}
INFO:model_data_nn.py:Epoch 6/50, metrics: {'avg_train_loss': 0.1877957537199478, 'avg_test_loss': 0.27210375387489966}
INFO:model_data_nn.py:Epoch 7/50, metrics: {'avg_train_loss': 0.18756964806345497, 'avg_test_loss': 0.2734102568983688}
INFO:model_data_nn.py:Epoch 8/50, metrics: {'avg_train_loss': 0.1872325921905043, 'avg_test_loss': 0.2729242281285074}
INFO:model_data_nn.py:Epoch 9/50, metrics: {'avg_train_loss': 0.18717978440670516, 'avg_test_loss': 0.27390325159607426}
INFO:model_data_nn.py:Epoch 10/50, metrics: {'avg_train_loss': 0.1869777407627614, 'avg_test_loss': 0.274303647042695}
INFO:model_data_nn.py:Epoch 11/50, metrics: {'avg_train_loss': 0.18674620015203988, 'avg_test_loss': 0.27404991827196623}
INFO:model_data_nn.py:Epoch 12/50, metrics: {'avg_train_loss': 0.18663411519010378, 'avg_test_loss': 0.27442209731776707}
INFO:model_data_nn.py:Epoch 13/50, metrics: {'avg_train_loss': 0.18649927715967832, 'avg_test_loss': 0.27446661185290694}
INFO:model_data_nn.py:Epoch 14/50, metrics: {'avg_train_loss': 0.18641752684818613, 'avg_test_loss': 0.2740580550360061}
INFO:model_data_nn.py:Early stopping at epoch 14
INFO:main.py:Making prediction for data in year: 2000
INFO:main.py:Prediction data shape: (22167,)
/zfs/projects/darc/wolee_edehaan_suzienoh-exploratory-ml/kevin/src/main.py:335: SettingWithCopyWarning: 
A value is trying to be set on a copy of a slice from a DataFrame.
Try using .loc[row_indexer,col_indexer] = value instead

See the caveats in the documentation: https://pandas.pydata.org/pandas-docs/stable/user_guide/indexing.html#returning-a-view-versus-a-copy
  prediction_data['pred'] = predictions
INFO:main.py:Root Mean Squared Error for Prediction in 2000: 0.4618874620458981
INFO:main.py:Prediction Stats:                retq          pred
count  22167.000000  22167.000000
mean      -0.000670     -0.013479
std        0.453416      0.096280
min       -0.980000    -12.187428
25%       -0.222436     -0.033608
50%       -0.022528     -0.011400
75%        0.141851      0.027243
max       10.941179      0.039344
INFO:main.py:

Transform data

INFO:transform_data_nn.py:Train data years: [1980, 1981, 1982, 1983, 1984, 1985, 1986, 1987, 1988, 1989, 1990, 1991, 1992, 1993, 1994, 1995, 1996, 1997, 1998, 1999, 2000, 2001, 2002, 2003, 2004]
INFO:transform_data_nn.py:Train_data: (432159, 161)

INFO:transform_data_nn.py:Test data years: [2005]
INFO:transform_data_nn.py:Test_data: (17457, 161)

INFO:transform_data_nn.py:Retrain data years: [1980, 1981, 1982, 1983, 1984, 1985, 1986, 1987, 1988, 1989, 1990, 1991, 1992, 1993, 1994, 1995, 1996, 1997, 1998, 1999, 2000, 2001, 2002, 2003, 2004, 2005]
INFO:transform_data_nn.py:Retrain_data: (449616, 161)

INFO:transform_data_nn.py:Prediction data years: [2006]
INFO:transform_data_nn.py:Prediction_data: (17129, 161)

INFO:main.py:

Generate X and y with train_data and test_data

INFO:main.py:
            x_train_tf: torch.Size([432159, 152])
            y_train_tf: torch.Size([432159])

            x_test_tf: torch.Size([17457, 152])
            y_test_tf: torch.Size([17457])

        
INFO:main.py:

Generate X and y with retrain_data and prediction_data

INFO:main.py:
            x_retrain_tf: torch.Size([449616, 152])
            y_retrain_tf: torch.Size([449616])

            x_prediction_tf: torch.Size([17129, 152])
            y_prediction_tf: torch.Size([17129])

        
INFO:main.py:

Create dataset

INFO:main.py:Create train_dataset
INFO:main.py:Create test_dataset
INFO:main.py:Create retrain_dataset
INFO:main.py:Create prediction_dataset
INFO:main.py:

Hyperparameters tuning with Ray Tune

INFO:main.py:Training data years: [1980, 1981, 1982, 1983, 1984, 1985, 1986, 1987, 1988, 1989, 1990, 1991, 1992, 1993, 1994, 1995, 1996, 1997, 1998, 1999, 2000, 2001, 2002, 2003, 2004]
INFO:main.py:Testing data year: 2005
INFO:main.py:

            ray_results_path: /zfs/projects/darc/wolee_edehaan_suzienoh-exploratory-ml/kevin/ray_results
            num_samples: 200
            max_num_epochs: 50
            num_cpus: 50
            cpus_per_trial: 1
            num_gpus: 0
            gpus_per_trial: 0
            continuous_dim: 151
            num_embeddings: 14571
            device: cpu
            
2024-09-04 19:35:06,964	INFO worker.py:1753 -- Started a local Ray instance.
2024-09-04 19:35:07,040	INFO packaging.py:530 -- Creating a file package for local directory '/zfs/projects/darc/wolee_edehaan_suzienoh-exploratory-ml/kevin/src'.
2024-09-04 19:35:07,126	INFO packaging.py:358 -- Pushing file package 'gcs://_ray_pkg_6bebb6e661db7093.zip' (5.17MiB) to Ray cluster...
2024-09-04 19:35:07,151	INFO packaging.py:371 -- Successfully pushed file package 'gcs://_ray_pkg_6bebb6e661db7093.zip'.
2024-09-04 19:35:10,053	WARNING tune.py:902 -- AIR_VERBOSITY is set, ignoring passed-in ProgressReporter for now.
2024-09-04 21:49:25,036	INFO tune.py:1009 -- Wrote the latest version of all result files and experiment state to '/zfs/projects/darc/wolee_edehaan_suzienoh-exploratory-ml/kevin/ray_results/train_fnn_2024-09-04_19-35-10' in 0.6167s.
INFO:model_data_nn.py:Best trial config: {'continuous_dim': 151, 'hidden_dim': 175, 'num_layers': 5, 'num_embeddings': 14571, 'embedding_dim': 4, 'dropout_rate': 0.14, 'lr': 2.4983281494811446e-06, 'weight_decay': 1.0212577770632116e-06, 'num_epochs': 50, 'num_gpus': 0, 'batch_size': 8}
INFO:model_data_nn.py:Best trial training loss: 0.1974020893728535
INFO:model_data_nn.py:Best trial testing loss: 0.1435400662381429
INFO:main.py:Ray Tune results have been saved to: /zfs/projects/darc/wolee_edehaan_suzienoh-exploratory-ml/kevin/ray_results
INFO:main.py:Best trial directory: /tmp/ray/session_2024-09-04_19-35-02_894045_1009304/artifacts/2024-09-04_19-35-10/train_fnn_2024-09-04_19-35-10/driver_artifacts/train_fnn_7877d_00085_85_batch_size=8,dropout_rate=0.1400,embedding_dim=4,hidden_dim=175,lr=0.0000,num_layers=5,weight_decay=0.000_2024-09-04_19-35-11
INFO:main.py:

Retrain a new model with data in years: [1980, 1981, 1982, 1983, 1984, 1985, 1986, 1987, 1988, 1989, 1990, 1991, 1992, 1993, 1994, 1995, 1996, 1997, 1998, 1999, 2000, 2001, 2002, 2003, 2004, 2005]

            Using the optimized hyperparameters: {'continuous_dim': 151, 'hidden_dim': 175, 'num_layers': 5, 'num_embeddings': 14834, 'embedding_dim': 4, 'dropout_rate': 0.14, 'lr': 2.4983281494811446e-06, 'weight_decay': 1.0212577770632116e-06, 'num_epochs': 50, 'num_gpus': 0, 'batch_size': 8}

INFO:model_data_nn.py:Epoch 1/50, metrics: {'avg_train_loss': 0.20568058781864307, 'avg_test_loss': 0.14620033491065468}
INFO:model_data_nn.py:Epoch 2/50, metrics: {'avg_train_loss': 0.2004757734909887, 'avg_test_loss': 0.1457792466391577}
INFO:model_data_nn.py:Epoch 3/50, metrics: {'avg_train_loss': 0.1993466926938002, 'avg_test_loss': 0.14544445300434763}
INFO:model_data_nn.py:Epoch 4/50, metrics: {'avg_train_loss': 0.19873878608538378, 'avg_test_loss': 0.14535639137481832}
INFO:model_data_nn.py:Epoch 5/50, metrics: {'avg_train_loss': 0.1983844013253309, 'avg_test_loss': 0.14539109747404672}
INFO:model_data_nn.py:Epoch 6/50, metrics: {'avg_train_loss': 0.19805958790601272, 'avg_test_loss': 0.14549800943075414}
INFO:model_data_nn.py:Epoch 7/50, metrics: {'avg_train_loss': 0.19777920745694433, 'avg_test_loss': 0.14526215173481477}
INFO:model_data_nn.py:Epoch 8/50, metrics: {'avg_train_loss': 0.1975697977880326, 'avg_test_loss': 0.14521026143840715}
INFO:model_data_nn.py:Epoch 9/50, metrics: {'avg_train_loss': 0.19731689305450203, 'avg_test_loss': 0.14525543712514316}
INFO:model_data_nn.py:Epoch 10/50, metrics: {'avg_train_loss': 0.19711637521049086, 'avg_test_loss': 0.14522579920858172}
INFO:model_data_nn.py:Epoch 11/50, metrics: {'avg_train_loss': 0.19699109072011303, 'avg_test_loss': 0.1452872549826288}
INFO:model_data_nn.py:Epoch 12/50, metrics: {'avg_train_loss': 0.19673830848882526, 'avg_test_loss': 0.1453280223213505}
INFO:model_data_nn.py:Epoch 13/50, metrics: {'avg_train_loss': 0.19662844392977988, 'avg_test_loss': 0.14517681090722953}
INFO:model_data_nn.py:Epoch 14/50, metrics: {'avg_train_loss': 0.1965255445629477, 'avg_test_loss': 0.1455208785122349}
INFO:model_data_nn.py:Epoch 15/50, metrics: {'avg_train_loss': 0.19635830796238377, 'avg_test_loss': 0.14524544804616998}
INFO:model_data_nn.py:Epoch 16/50, metrics: {'avg_train_loss': 0.1962792062383914, 'avg_test_loss': 0.14525684340831752}
INFO:model_data_nn.py:Epoch 17/50, metrics: {'avg_train_loss': 0.19612700402362027, 'avg_test_loss': 0.14577038357613467}
INFO:model_data_nn.py:Epoch 18/50, metrics: {'avg_train_loss': 0.19598620022954938, 'avg_test_loss': 0.145287826052066}
INFO:model_data_nn.py:Epoch 19/50, metrics: {'avg_train_loss': 0.19590953888727466, 'avg_test_loss': 0.14511560680506444}
INFO:model_data_nn.py:Epoch 20/50, metrics: {'avg_train_loss': 0.1958750801582564, 'avg_test_loss': 0.14509735613310037}
INFO:model_data_nn.py:Epoch 21/50, metrics: {'avg_train_loss': 0.19574004909900777, 'avg_test_loss': 0.14539751020911473}
INFO:model_data_nn.py:Epoch 22/50, metrics: {'avg_train_loss': 0.19563892606167518, 'avg_test_loss': 0.14503896924520102}
INFO:model_data_nn.py:Epoch 23/50, metrics: {'avg_train_loss': 0.1955720762584688, 'avg_test_loss': 0.1450655283745514}
INFO:model_data_nn.py:Epoch 24/50, metrics: {'avg_train_loss': 0.19543903694491388, 'avg_test_loss': 0.14510646377917097}
INFO:model_data_nn.py:Epoch 25/50, metrics: {'avg_train_loss': 0.1953881710932064, 'avg_test_loss': 0.145151972708081}
INFO:model_data_nn.py:Epoch 26/50, metrics: {'avg_train_loss': 0.19529105164292943, 'avg_test_loss': 0.14511441208603057}
INFO:model_data_nn.py:Epoch 27/50, metrics: {'avg_train_loss': 0.19534781366567597, 'avg_test_loss': 0.14487572321120432}
INFO:model_data_nn.py:Epoch 28/50, metrics: {'avg_train_loss': 0.1951957730441044, 'avg_test_loss': 0.14508103758242785}
INFO:model_data_nn.py:Epoch 29/50, metrics: {'avg_train_loss': 0.1950887590117798, 'avg_test_loss': 0.14496783054165063}
INFO:model_data_nn.py:Epoch 30/50, metrics: {'avg_train_loss': 0.19511370952882917, 'avg_test_loss': 0.14588032213294483}
INFO:model_data_nn.py:Epoch 31/50, metrics: {'avg_train_loss': 0.1950542548316613, 'avg_test_loss': 0.14530935604038303}
INFO:model_data_nn.py:Epoch 32/50, metrics: {'avg_train_loss': 0.19494070724502732, 'avg_test_loss': 0.14495884814194424}
INFO:model_data_nn.py:Epoch 33/50, metrics: {'avg_train_loss': 0.19488856571822513, 'avg_test_loss': 0.14522386759338704}
INFO:model_data_nn.py:Epoch 34/50, metrics: {'avg_train_loss': 0.19485839513761477, 'avg_test_loss': 0.14512748814976656}
INFO:model_data_nn.py:Epoch 35/50, metrics: {'avg_train_loss': 0.19479263040299202, 'avg_test_loss': 0.1449571366062741}
INFO:model_data_nn.py:Epoch 36/50, metrics: {'avg_train_loss': 0.19468100863123405, 'avg_test_loss': 0.14507760057559743}
INFO:model_data_nn.py:Epoch 37/50, metrics: {'avg_train_loss': 0.19472891979113321, 'avg_test_loss': 0.14477328031500375}
INFO:model_data_nn.py:Epoch 38/50, metrics: {'avg_train_loss': 0.19459703907550593, 'avg_test_loss': 0.14489373672809225}
INFO:model_data_nn.py:Epoch 39/50, metrics: {'avg_train_loss': 0.19452901178523715, 'avg_test_loss': 0.1449798483225012}
INFO:model_data_nn.py:Epoch 40/50, metrics: {'avg_train_loss': 0.19441915569346865, 'avg_test_loss': 0.14474292298305838}
INFO:model_data_nn.py:Epoch 41/50, metrics: {'avg_train_loss': 0.19452024321460393, 'avg_test_loss': 0.14537781934287786}
INFO:model_data_nn.py:Epoch 42/50, metrics: {'avg_train_loss': 0.19430467706235435, 'avg_test_loss': 0.14493780151830446}
INFO:model_data_nn.py:Epoch 43/50, metrics: {'avg_train_loss': 0.19429901354332374, 'avg_test_loss': 0.14470441902732872}
INFO:model_data_nn.py:Epoch 44/50, metrics: {'avg_train_loss': 0.19416323418144946, 'avg_test_loss': 0.14479828558350896}
INFO:model_data_nn.py:Epoch 45/50, metrics: {'avg_train_loss': 0.19415092372915577, 'avg_test_loss': 0.14574930101309588}
INFO:model_data_nn.py:Epoch 46/50, metrics: {'avg_train_loss': 0.1940920252394977, 'avg_test_loss': 0.14496109453329936}
INFO:model_data_nn.py:Epoch 47/50, metrics: {'avg_train_loss': 0.1939947798059771, 'avg_test_loss': 0.14470085001574093}
INFO:model_data_nn.py:Epoch 48/50, metrics: {'avg_train_loss': 0.1939819368430155, 'avg_test_loss': 0.14486765134627438}
INFO:model_data_nn.py:Epoch 49/50, metrics: {'avg_train_loss': 0.1939152465427777, 'avg_test_loss': 0.14504457638624196}
INFO:model_data_nn.py:Epoch 50/50, metrics: {'avg_train_loss': 0.1938059256597982, 'avg_test_loss': 0.1449996478295599}
INFO:main.py:Making prediction for data in year: 2006
INFO:main.py:Prediction data shape: (17129,)
/zfs/projects/darc/wolee_edehaan_suzienoh-exploratory-ml/kevin/src/main.py:335: SettingWithCopyWarning: 
A value is trying to be set on a copy of a slice from a DataFrame.
Try using .loc[row_indexer,col_indexer] = value instead

See the caveats in the documentation: https://pandas.pydata.org/pandas-docs/stable/user_guide/indexing.html#returning-a-view-versus-a-copy
  prediction_data['pred'] = predictions
INFO:main.py:Root Mean Squared Error for Prediction in 2006: 0.229276258678502
INFO:main.py:Prediction Stats:                retq          pred
count  17129.000000  17129.000000
mean       0.041924      0.006236
std        0.226924      0.030143
min       -0.891239     -0.319769
25%       -0.066391      0.003267
50%        0.021390      0.014459
75%        0.123542      0.020812
max        3.713501      0.167729
INFO:main.py:

Transform data

INFO:transform_data_nn.py:Train data years: [1980, 1981, 1982, 1983, 1984, 1985, 1986, 1987, 1988, 1989, 1990, 1991, 1992, 1993, 1994, 1995, 1996, 1997, 1998, 1999, 2000, 2001, 2002, 2003, 2004, 2005, 2006, 2007]
INFO:transform_data_nn.py:Train_data: (483505, 161)

INFO:transform_data_nn.py:Test data years: [2008]
INFO:transform_data_nn.py:Test_data: (16465, 161)

INFO:transform_data_nn.py:Retrain data years: [1980, 1981, 1982, 1983, 1984, 1985, 1986, 1987, 1988, 1989, 1990, 1991, 1992, 1993, 1994, 1995, 1996, 1997, 1998, 1999, 2000, 2001, 2002, 2003, 2004, 2005, 2006, 2007, 2008]
INFO:transform_data_nn.py:Retrain_data: (499970, 161)

INFO:transform_data_nn.py:Prediction data years: [2009]
INFO:transform_data_nn.py:Prediction_data: (16061, 161)

INFO:main.py:

Generate X and y with train_data and test_data

INFO:main.py:
            x_train_tf: torch.Size([483505, 152])
            y_train_tf: torch.Size([483505])

            x_test_tf: torch.Size([16465, 152])
            y_test_tf: torch.Size([16465])

        
INFO:main.py:

Generate X and y with retrain_data and prediction_data

INFO:main.py:
            x_retrain_tf: torch.Size([499970, 152])
            y_retrain_tf: torch.Size([499970])

            x_prediction_tf: torch.Size([16061, 152])
            y_prediction_tf: torch.Size([16061])

        
INFO:main.py:

Create dataset

INFO:main.py:Create train_dataset
INFO:main.py:Create test_dataset
INFO:main.py:Create retrain_dataset
INFO:main.py:Create prediction_dataset
INFO:main.py:

Hyperparameters tuning with Ray Tune

INFO:main.py:Training data years: [1980, 1981, 1982, 1983, 1984, 1985, 1986, 1987, 1988, 1989, 1990, 1991, 1992, 1993, 1994, 1995, 1996, 1997, 1998, 1999, 2000, 2001, 2002, 2003, 2004, 2005, 2006, 2007]
INFO:main.py:Testing data year: 2008
INFO:main.py:

            ray_results_path: /zfs/projects/darc/wolee_edehaan_suzienoh-exploratory-ml/kevin/ray_results
            num_samples: 200
            max_num_epochs: 50
            num_cpus: 50
            cpus_per_trial: 1
            num_gpus: 0
            gpus_per_trial: 0
            continuous_dim: 151
            num_embeddings: 15361
            device: cpu
            
2024-09-05 04:07:22,096	INFO worker.py:1753 -- Started a local Ray instance.
2024-09-05 04:07:22,155	INFO packaging.py:530 -- Creating a file package for local directory '/zfs/projects/darc/wolee_edehaan_suzienoh-exploratory-ml/kevin/src'.
2024-09-05 04:07:22,211	INFO packaging.py:358 -- Pushing file package 'gcs://_ray_pkg_6bebb6e661db7093.zip' (5.17MiB) to Ray cluster...
2024-09-05 04:07:22,236	INFO packaging.py:371 -- Successfully pushed file package 'gcs://_ray_pkg_6bebb6e661db7093.zip'.
2024-09-05 04:07:25,129	WARNING tune.py:902 -- AIR_VERBOSITY is set, ignoring passed-in ProgressReporter for now.
2024-09-05 05:31:37,360	INFO tune.py:1009 -- Wrote the latest version of all result files and experiment state to '/zfs/projects/darc/wolee_edehaan_suzienoh-exploratory-ml/kevin/ray_results/train_fnn_2024-09-05_04-07-25' in 0.5222s.
INFO:model_data_nn.py:Best trial config: {'continuous_dim': 151, 'hidden_dim': 145, 'num_layers': 2, 'num_embeddings': 15361, 'embedding_dim': 2, 'dropout_rate': 0.54, 'lr': 0.0046682513180634185, 'weight_decay': 0.0001237000012028831, 'num_epochs': 50, 'num_gpus': 0, 'batch_size': 8}
INFO:model_data_nn.py:Best trial training loss: 0.19657526742815506
INFO:model_data_nn.py:Best trial testing loss: 0.23648483167172216
INFO:main.py:Ray Tune results have been saved to: /zfs/projects/darc/wolee_edehaan_suzienoh-exploratory-ml/kevin/ray_results
INFO:main.py:Best trial directory: /tmp/ray/session_2024-09-05_04-07-18_998456_1009304/artifacts/2024-09-05_04-07-25/train_fnn_2024-09-05_04-07-25/driver_artifacts/train_fnn_08001_00130_130_batch_size=8,dropout_rate=0.5400,embedding_dim=2,hidden_dim=145,lr=0.0047,num_layers=2,weight_decay=0.00_2024-09-05_04-07-26
INFO:main.py:

Retrain a new model with data in years: [1980, 1981, 1982, 1983, 1984, 1985, 1986, 1987, 1988, 1989, 1990, 1991, 1992, 1993, 1994, 1995, 1996, 1997, 1998, 1999, 2000, 2001, 2002, 2003, 2004, 2005, 2006, 2007, 2008]

            Using the optimized hyperparameters: {'continuous_dim': 151, 'hidden_dim': 145, 'num_layers': 2, 'num_embeddings': 15661, 'embedding_dim': 2, 'dropout_rate': 0.54, 'lr': 0.0046682513180634185, 'weight_decay': 0.0001237000012028831, 'num_epochs': 50, 'num_gpus': 0, 'batch_size': 8}

INFO:model_data_nn.py:Epoch 1/50, metrics: {'avg_train_loss': 0.1985693652162491, 'avg_test_loss': 0.2807148025455547}
INFO:model_data_nn.py:Epoch 2/50, metrics: {'avg_train_loss': 0.19805539647908024, 'avg_test_loss': 0.2806347914650457}
INFO:model_data_nn.py:Epoch 3/50, metrics: {'avg_train_loss': 0.19800415301292631, 'avg_test_loss': 0.2807467178547332}
INFO:model_data_nn.py:Epoch 4/50, metrics: {'avg_train_loss': 0.19800694080306783, 'avg_test_loss': 0.2826883941704446}
INFO:model_data_nn.py:Epoch 5/50, metrics: {'avg_train_loss': 0.19801136558508015, 'avg_test_loss': 0.2812504696764564}
INFO:model_data_nn.py:Epoch 6/50, metrics: {'avg_train_loss': 0.19800310966015602, 'avg_test_loss': 0.2869682582549795}
INFO:model_data_nn.py:Epoch 7/50, metrics: {'avg_train_loss': 0.19798734914317118, 'avg_test_loss': 0.28512430313693554}
INFO:model_data_nn.py:Epoch 8/50, metrics: {'avg_train_loss': 0.19800739667503664, 'avg_test_loss': 0.2814716350433762}
INFO:model_data_nn.py:Epoch 9/50, metrics: {'avg_train_loss': 0.1980290728740044, 'avg_test_loss': 0.2799673715311351}
INFO:model_data_nn.py:Epoch 10/50, metrics: {'avg_train_loss': 0.19800652512159633, 'avg_test_loss': 0.27976475075625656}
INFO:model_data_nn.py:Epoch 11/50, metrics: {'avg_train_loss': 0.19799064935377073, 'avg_test_loss': 0.2843727317336758}
INFO:model_data_nn.py:Epoch 12/50, metrics: {'avg_train_loss': 0.19799098556625708, 'avg_test_loss': 0.2828815365053641}
INFO:model_data_nn.py:Epoch 13/50, metrics: {'avg_train_loss': 0.19799157647686977, 'avg_test_loss': 0.28175220743194596}
INFO:model_data_nn.py:Epoch 14/50, metrics: {'avg_train_loss': 0.19797049796906635, 'avg_test_loss': 0.2829342092200928}
INFO:model_data_nn.py:Epoch 15/50, metrics: {'avg_train_loss': 0.19798720925415714, 'avg_test_loss': 0.2844885558882947}
INFO:model_data_nn.py:Epoch 16/50, metrics: {'avg_train_loss': 0.1979867374011901, 'avg_test_loss': 0.2811637641713617}
INFO:model_data_nn.py:Epoch 17/50, metrics: {'avg_train_loss': 0.1979751481908992, 'avg_test_loss': 0.28420211673473966}
INFO:model_data_nn.py:Epoch 18/50, metrics: {'avg_train_loss': 0.19798914688379807, 'avg_test_loss': 0.2805864281629572}
INFO:model_data_nn.py:Epoch 19/50, metrics: {'avg_train_loss': 0.1979884500898439, 'avg_test_loss': 0.27907124410505846}
INFO:model_data_nn.py:Epoch 20/50, metrics: {'avg_train_loss': 0.1979765570825047, 'avg_test_loss': 0.281385712880285}
INFO:model_data_nn.py:Epoch 21/50, metrics: {'avg_train_loss': 0.1979813787038289, 'avg_test_loss': 0.2837523631486588}
INFO:model_data_nn.py:Epoch 22/50, metrics: {'avg_train_loss': 0.19798298850650786, 'avg_test_loss': 0.2804278088872696}
INFO:model_data_nn.py:Epoch 23/50, metrics: {'avg_train_loss': 0.19797480726481428, 'avg_test_loss': 0.28222672604056875}
INFO:model_data_nn.py:Epoch 24/50, metrics: {'avg_train_loss': 0.1979812020165605, 'avg_test_loss': 0.2811191299015589}
INFO:model_data_nn.py:Epoch 25/50, metrics: {'avg_train_loss': 0.1979857306645256, 'avg_test_loss': 0.280407164515779}
INFO:model_data_nn.py:Epoch 26/50, metrics: {'avg_train_loss': 0.19797560326295227, 'avg_test_loss': 0.2817507557435503}
INFO:model_data_nn.py:Epoch 27/50, metrics: {'avg_train_loss': 0.1979839179146972, 'avg_test_loss': 0.2823313669817786}
INFO:model_data_nn.py:Epoch 28/50, metrics: {'avg_train_loss': 0.19798931718340904, 'avg_test_loss': 0.2822382677396559}
INFO:model_data_nn.py:Epoch 29/50, metrics: {'avg_train_loss': 0.19799117064650093, 'avg_test_loss': 0.2799189641980818}
INFO:model_data_nn.py:Early stopping at epoch 29
INFO:main.py:Making prediction for data in year: 2009
INFO:main.py:Prediction data shape: (16061,)
/zfs/projects/darc/wolee_edehaan_suzienoh-exploratory-ml/kevin/src/main.py:335: SettingWithCopyWarning: 
A value is trying to be set on a copy of a slice from a DataFrame.
Try using .loc[row_indexer,col_indexer] = value instead

See the caveats in the documentation: https://pandas.pydata.org/pandas-docs/stable/user_guide/indexing.html#returning-a-view-versus-a-copy
  prediction_data['pred'] = predictions
INFO:main.py:Root Mean Squared Error for Prediction in 2009: 0.5260921150262788
INFO:main.py:Prediction Stats:                retq          pred
count  16061.000000  16061.000000
mean       0.139171      0.021495
std        0.512778      0.000000
min       -0.941129      0.021495
25%       -0.088888      0.021495
50%        0.057852      0.021495
75%        0.252000      0.021495
max       18.331762      0.021495
╭──────────────────────────────────────────────────────────────────╮
│ Configuration for experiment     train_fnn_2024-09-04_17-07-47   │
├──────────────────────────────────────────────────────────────────┤
│ Search algorithm                 BasicVariantGenerator           │
│ Scheduler                        AsyncHyperBandScheduler         │
│ Number of trials                 200                             │
╰──────────────────────────────────────────────────────────────────╯

View detailed results here: /zfs/projects/darc/wolee_edehaan_suzienoh-exploratory-ml/kevin/ray_results/train_fnn_2024-09-04_17-07-47
To visualize your results with TensorBoard, run: `tensorboard --logdir /tmp/ray/session_2024-09-04_17-07-40_445201_1009304/artifacts/2024-09-04_17-07-47/train_fnn_2024-09-04_17-07-47/driver_artifacts`

╭──────────────────────────────────────────────────────────────────╮
│ Configuration for experiment     train_fnn_2024-09-04_19-35-10   │
├──────────────────────────────────────────────────────────────────┤
│ Search algorithm                 BasicVariantGenerator           │
│ Scheduler                        AsyncHyperBandScheduler         │
│ Number of trials                 200                             │
╰──────────────────────────────────────────────────────────────────╯

View detailed results here: /zfs/projects/darc/wolee_edehaan_suzienoh-exploratory-ml/kevin/ray_results/train_fnn_2024-09-04_19-35-10
To visualize your results with TensorBoard, run: `tensorboard --logdir /tmp/ray/session_2024-09-04_19-35-02_894045_1009304/artifacts/2024-09-04_19-35-10/train_fnn_2024-09-04_19-35-10/driver_artifacts`

╭──────────────────────────────────────────────────────────────────╮
│ Configuration for experiment     train_fnn_2024-09-05_04-07-25   │
├──────────────────────────────────────────────────────────────────┤
│ Search algorithm                 BasicVariantGenerator           │
│ Scheduler                        AsyncHyperBandScheduler         │
│ Number of trials                 200                             │
╰──────────────────────────────────────────────────────────────────╯

View detailed results here: /zfs/projects/darc/wolee_edehaan_suzienoh-exploratory-ml/kevin/ray_results/train_fnn_2024-09-05_04-07-25
To visualize your results with TensorBoard, run: `tensorboard --logdir /tmp/ray/session_2024-09-05_04-07-18_998456_1009304/artifacts/2024-09-05_04-07-25/train_fnn_2024-09-05_04-07-25/driver_artifacts`

INFO:postprocess_predictions.py:Post processing prediction files
INFO:postprocess_predictions.py:Postprocessing data from path: kevin/output/prediction/quarterly_new_vars/quarterly_prediction_1985.csv
INFO:postprocess_predictions.py:Postprocessing data from path: kevin/output/prediction/quarterly_new_vars/quarterly_prediction_1986.csv
INFO:postprocess_predictions.py:Postprocessing data from path: kevin/output/prediction/quarterly_new_vars/quarterly_prediction_1987.csv
INFO:postprocess_predictions.py:Postprocessing data from path: kevin/output/prediction/quarterly_new_vars/quarterly_prediction_1988.csv
INFO:postprocess_predictions.py:Postprocessing data from path: kevin/output/prediction/quarterly_new_vars/quarterly_prediction_1989.csv
INFO:postprocess_predictions.py:Postprocessing data from path: kevin/output/prediction/quarterly_new_vars/quarterly_prediction_1990.csv
INFO:postprocess_predictions.py:Postprocessing data from path: kevin/output/prediction/quarterly_new_vars/quarterly_prediction_1991.csv
INFO:postprocess_predictions.py:Postprocessing data from path: kevin/output/prediction/quarterly_new_vars/quarterly_prediction_1992.csv
INFO:postprocess_predictions.py:Postprocessing data from path: kevin/output/prediction/quarterly_new_vars/quarterly_prediction_1993.csv
INFO:postprocess_predictions.py:Postprocessing data from path: kevin/output/prediction/quarterly_new_vars/quarterly_prediction_1994.csv
INFO:postprocess_predictions.py:Postprocessing data from path: kevin/output/prediction/quarterly_new_vars/quarterly_prediction_1995.csv
INFO:postprocess_predictions.py:Postprocessing data from path: kevin/output/prediction/quarterly_new_vars/quarterly_prediction_1996.csv
INFO:postprocess_predictions.py:Postprocessing data from path: kevin/output/prediction/quarterly_new_vars/quarterly_prediction_1997.csv
INFO:postprocess_predictions.py:Postprocessing data from path: kevin/output/prediction/quarterly_new_vars/quarterly_prediction_1998.csv
INFO:postprocess_predictions.py:Postprocessing data from path: kevin/output/prediction/quarterly_new_vars/quarterly_prediction_1999.csv
INFO:postprocess_predictions.py:Postprocessing data from path: kevin/output/prediction/quarterly_new_vars/quarterly_prediction_2000.csv
INFO:postprocess_predictions.py:Postprocessing data from path: kevin/output/prediction/quarterly_new_vars/quarterly_prediction_2001.csv
INFO:postprocess_predictions.py:Postprocessing data from path: kevin/output/prediction/quarterly_new_vars/quarterly_prediction_2002.csv
INFO:postprocess_predictions.py:Postprocessing data from path: kevin/output/prediction/quarterly_new_vars/quarterly_prediction_2003.csv
INFO:postprocess_predictions.py:Postprocessing data from path: kevin/output/prediction/quarterly_new_vars/quarterly_prediction_2004.csv
INFO:postprocess_predictions.py:Postprocessing data from path: kevin/output/prediction/quarterly_new_vars/quarterly_prediction_2005.csv
INFO:postprocess_predictions.py:Postprocessing data from path: kevin/output/prediction/quarterly_new_vars/quarterly_prediction_2006.csv
INFO:postprocess_predictions.py:Postprocessing data from path: kevin/output/prediction/quarterly_new_vars/quarterly_prediction_2007.csv
INFO:postprocess_predictions.py:Postprocessing data from path: kevin/output/prediction/quarterly_new_vars/quarterly_prediction_2008.csv
INFO:postprocess_predictions.py:Postprocessing data from path: kevin/output/prediction/quarterly_new_vars/quarterly_prediction_2009.csv
INFO:postprocess_predictions.py:Postprocessing data from path: kevin/output/prediction/quarterly_new_vars/quarterly_prediction_2010.csv
INFO:postprocess_predictions.py:Postprocessing data from path: kevin/output/prediction/quarterly_new_vars/quarterly_prediction_2011.csv
INFO:postprocess_predictions.py:Postprocessing data from path: kevin/output/prediction/quarterly_new_vars/quarterly_prediction_2012.csv
INFO:postprocess_predictions.py:Postprocessing data from path: kevin/output/prediction/quarterly_new_vars/quarterly_prediction_2013.csv
INFO:postprocess_predictions.py:Postprocessing data from path: kevin/output/prediction/quarterly_new_vars/quarterly_prediction_2014.csv
INFO:postprocess_predictions.py:Postprocessing data from path: kevin/output/prediction/quarterly_new_vars/quarterly_prediction_2015.csv
INFO:postprocess_predictions.py:Postprocessing data from path: kevin/output/prediction/quarterly_new_vars/quarterly_prediction_2016.csv
INFO:postprocess_predictions.py:Postprocessing data from path: kevin/output/prediction/quarterly_new_vars/quarterly_prediction_2017.csv
INFO:postprocess_predictions.py:Postprocessing data from path: kevin/output/prediction/quarterly_new_vars/quarterly_prediction_2018.csv
INFO:postprocess_predictions.py:Postprocessing data from path: kevin/output/prediction/quarterly_new_vars/quarterly_prediction_2019.csv
INFO:postprocess_predictions.py:Postprocessing data from path: kevin/output/prediction/quarterly_new_vars/quarterly_prediction_2020.csv
INFO:postprocess_predictions.py:Sort the result by date and rank both ascendingly
INFO:postprocess_predictions.py:Saved the result file: result.csv
to the directory: kevin/output/prediction/quarterly_new_vars
