Current working directory
/zfs/projects/darc/wolee_edehaan_suzienoh-exploratory-ml/kevin
source venv/bin/activate
which python3
/zfs/projects/darc/wolee_edehaan_suzienoh-exploratory-ml/kevin/venv/bin/python3
Intel(R) Extension for Scikit-learn* enabled (https://github.com/intel/scikit-learn-intelex)
Intel(R) Extension for Scikit-learn* enabled (https://github.com/intel/scikit-learn-intelex)
INFO:preprocess_data_nn.py:

Loading and preprocessing data...

DEBUG:preprocess_data_nn.py:      date  permno
0  1980-01   10006
1  1980-01   10057
2  1980-01   10103
3  1980-01   10137
4  1980-01   10145
DEBUG:preprocess_data_nn.py:--------------------------------------------------
INFO:main.py:preprocessed df: (2216189, 158)
INFO:preprocess_data_nn.py:

Applying secondary data preprocessing..

INFO:main.py:secondary preprocessed df: (2165515, 158)
INFO:main.py:df sample:    permno  gvkey   adatadate  fyear  sic2     spi       mve_f  ...     zerotrade      beta    betasq      rsq1  pricedelay   idiovol  pyear
0   10006   1010  12/31/1978   1978    37  0.0000  269.308500  ...  1.115306e-07  1.060420  1.124491  0.343408    0.029859  0.025576   1980
1   10057   1098  09/30/1978   1978    36  0.0000   97.372000  ...  6.199128e-08  1.526013  2.328716  0.307905    0.092667  0.037473   1980
2   10103   1012  10/31/1978   1978    33     NaN    1.697500  ...           NaN  1.759493  3.095816  0.096753    0.221851  0.087020   1980
3   10137   1279  12/31/1978   1978    49     NaN  537.524500  ...  9.726790e-08  0.492885  0.242936  0.189693    0.125777  0.017540   1980
4   10145   1300  12/31/1978   1978    99 -0.0031  805.633282  ...  6.190654e-08  1.139163  1.297691  0.279437    0.024228  0.031201   1980

[5 rows x 158 columns]
INFO:main.py:

Transform data

INFO:transform_data_nn.py:Train data years: [1980, 1981, 1982, 1983, 1984, 1985, 1986]
INFO:transform_data_nn.py:Train_data: (341783, 158)

INFO:transform_data_nn.py:Test data years: [1987]
INFO:transform_data_nn.py:Test_data: (53899, 158)

INFO:transform_data_nn.py:Retrain data years: [1980, 1981, 1982, 1983, 1984, 1985, 1986, 1987]
INFO:transform_data_nn.py:Retrain_data: (395682, 158)

INFO:transform_data_nn.py:Prediction data years: [1988]
INFO:transform_data_nn.py:Prediction_data: (56005, 158)

DEBUG:main.py:Pipeline built: Pipeline(steps=[('Time_period_mean_imputation',
                 _TimePeriodMeanTransformer(date_column='date',
                                            numeric_columns=['absacc', 'acc',
                                                             'aeavol', 'age',
                                                             'agr', 'baspread',
                                                             'beta', 'betasq',
                                                             'bm', 'bm_ia',
                                                             'cash', 'cashdebt',
                                                             'cashpr', 'cfp',
                                                             'cfp_ia',
                                                             'chatoia',
                                                             'chcsho',
                                                             'chempia',
                                                             'chfeps', 'chinv',
                                                             'chmom',
                                                             'chnanalyst',
                                                             'chpmia', 'chtx',
                                                             'cinvest',
                                                             'currat', 'depr',
                                                             'disp', 'dolvo...
                                                   'chempia', 'chfeps', 'chinv',
                                                   'chmom', 'chnanalyst',
                                                   'chpmia', 'chtx', 'cinvest',
                                                   'currat', 'depr', 'disp',
                                                   'dolvol', 'dy', ...]),
                                                 ('cat',
                                                  Pipeline(steps=[('impute_cat',
                                                                   SimpleImputer(fill_value=0,
                                                                                 strategy='constant'))]),
                                                  ['convind', 'divi', 'divo',
                                                   'ipo', 'rd', 'securedind',
                                                   'sin']),
                                                 ('embed',
                                                  Pipeline(steps=[('impute_embed',
                                                                   SimpleImputer(fill_value=0,
                                                                                 strategy='constant'))]),
                                                  ['permno'])]))])
INFO:main.py:

Generate X and y with train_data and test_data

DEBUG:main.py:Save the reload the tensors for much faster debugging
INFO:main.py:Tensors directory already exists at: /zfs/projects/darc/wolee_edehaan_suzienoh-exploratory-ml/kevin/tensors
DEBUG:main.py:Load the tensors
INFO:main.py:
        x_train_tf: torch.Size([341783, 103])
        y_train_tf: torch.Size([341783])

        x_test_tf: torch.Size([53899, 103])
        y_test_tf: torch.Size([53899])

    
INFO:main.py:
        x_retrain_tf: torch.Size([395682, 103])
        y_retrain_tf: torch.Size([395682])

        x_prediction_tf: torch.Size([56005, 103])
        y_prediction_tf: torch.Size([56005])

    
INFO:main.py:Create train_dataset
INFO:main.py:train_dataset first example: (tensor([ 0.2614,  0.5034,  0.2386, -0.6303,  0.0469, -0.5241, -0.0284, -0.2584,
         0.3866,  0.1910, -0.8830,  0.0062, -0.5088, -0.1862, -0.0053,  0.0250,
        -0.4235,  0.1175,  0.0000,  0.6719, -0.3586,  0.0000,  0.0257,  0.0166,
         0.0370, -0.2229, -0.6756,  0.0000,  0.5764,  1.1873,  0.6227, -0.1414,
         0.5064,  0.0000, -0.5226, -0.2165,  0.1496,  0.1907,  0.1020, -1.1512,
        -0.3211,  0.0239,  0.3191, -0.0440, -0.0208, -0.6509, -0.0216, -0.0993,
        -0.6609, -0.2278, -0.1547,  0.9190, -0.1748,  0.0000,  0.0265, -0.3809,
        -0.9466, -0.0875, -0.6362, -0.1616,  0.1008, -0.6415, -0.3684, -0.1993,
        -0.2698, -0.5237,  0.0996, -0.1018, -0.1900, -0.4132, -0.7240, -0.3249,
         0.0346, -0.8136,  0.1052, -1.0783,  0.2870,  0.2369,  0.6056,  0.1760,
        -0.4392, -0.2020, -0.0110,  0.0000, -0.0826, -0.0538, -0.3134, -0.6841,
        -0.4092, -0.4207,  0.1949, -0.2766,  0.1496, -0.1756, -0.5206,  0.0000,
         0.0000,  0.0000,  0.0000,  0.0000,  0.0000,  0.0000]), tensor([4841]), tensor(0.2117))
INFO:main.py:Create test_dataset
INFO:main.py:test_dataset first example: (tensor([-6.9920e-03,  8.9557e-03, -3.4033e-01, -1.6683e+00,  4.0069e-03,
         1.0097e+00, -2.5891e-03, -1.0957e-02, -9.5448e-01,  1.8591e-01,
         3.8505e-01,  6.2086e-01,  1.9972e-01,  2.1500e-02, -2.2037e-05,
         6.4081e-03, -7.8682e-03,  1.2509e-02,  0.0000e+00,  2.2175e-02,
        -7.5173e-02,  0.0000e+00, -1.5533e-02,  1.2460e-02,  3.1036e-02,
         1.3005e-01, -2.3377e-01,  0.0000e+00, -4.6695e-01, -7.7328e-01,
        -6.6426e-01,  6.0568e-03, -1.6879e-02,  0.0000e+00,  1.5509e-02,
        -1.9876e-03,  9.2778e-03, -4.6920e-01,  6.8878e-04, -2.7767e-02,
        -1.1036e-01, -6.2118e-01,  1.3711e-02, -4.6129e-01, -4.5306e-03,
         2.2998e+00,  1.6293e-02, -1.3041e+00,  5.4224e-02, -1.1150e-03,
        -8.5550e-01, -1.1288e+00, -3.1813e-01,  0.0000e+00, -8.7597e-01,
         1.4499e-02,  3.0605e-02,  1.3658e-02, -8.7689e-03, -1.7061e-02,
         1.2506e-02, -1.1364e-02, -2.6022e-03,  1.5424e-03, -6.5274e-04,
        -7.4535e-03, -6.8802e-03, -2.2825e-02,  2.5533e-02,  1.5004e-01,
        -1.1726e-02, -2.4365e-02,  3.4575e-02,  1.6018e+00, -3.4779e+00,
        -7.2764e-02, -2.0625e+00,  4.1949e-01, -3.2436e-01, -4.6815e-01,
        -4.0800e-01, -3.1863e-01,  1.6746e+00,  0.0000e+00, -3.2632e-03,
        -6.4726e-01,  8.8510e-02,  5.2651e-01, -4.4860e-02, -4.4852e-02,
        -2.1688e-01,  1.4353e+00,  1.8772e-01,  3.0461e-01, -5.2065e-01,
         0.0000e+00,  0.0000e+00,  0.0000e+00,  1.0000e+00,  0.0000e+00,
         1.0000e+00,  0.0000e+00]), tensor([983]), tensor(-0.5200))
INFO:main.py:Create retrain_dataset
INFO:main.py:retrain_dataset first example: (tensor([ 2.4375e-01,  4.9617e-01,  2.3474e-01, -6.5108e-01,  3.9445e-02,
        -5.2971e-01, -3.2399e-02, -2.6454e-01,  4.4939e-01,  1.9404e-01,
        -8.7559e-01,  2.9982e-02, -5.1678e-01, -1.7870e-01,  2.8057e-02,
         2.6105e-02, -4.2786e-01,  1.3802e-01,  0.0000e+00,  6.8093e-01,
        -3.5624e-01,  0.0000e+00,  3.2302e-02, -4.2100e-03,  2.3124e-02,
        -2.2767e-01, -6.6230e-01,  0.0000e+00,  5.4395e-01,  1.2575e+00,
         6.0546e-01, -1.2386e-01,  5.1282e-01,  0.0000e+00, -5.0374e-01,
        -2.0934e-01,  1.6390e-01,  1.9552e-01,  8.7618e-02, -1.1469e+00,
        -3.1720e-01,  6.2132e-02,  3.3133e-01, -2.5122e-02, -3.4593e-02,
        -6.5851e-01,  4.2816e-04, -7.2423e-02, -6.5629e-01, -2.1883e-01,
        -1.4935e-01,  8.9773e-01, -1.5623e-01,  0.0000e+00,  2.4546e-02,
        -3.5709e-01, -9.4222e-01, -1.1718e-01, -6.1813e-01, -1.7652e-01,
         1.0460e-01, -6.2822e-01, -3.6749e-01, -1.8878e-01, -2.6630e-01,
        -5.2445e-01,  7.6502e-02, -1.0615e-01, -1.6425e-01, -4.0413e-01,
        -7.2657e-01, -3.3089e-01,  3.7161e-02, -8.1525e-01,  1.3346e-01,
        -9.9192e-01,  2.9311e-01,  2.4566e-01,  6.3414e-01,  1.7033e-01,
        -4.4184e-01, -2.0106e-01, -3.8979e-03,  0.0000e+00, -7.9384e-02,
        -1.3757e-02, -3.2263e-01, -6.8126e-01, -1.6517e-01, -1.5155e-01,
         1.8087e-01, -2.6300e-01,  1.4201e-01, -2.0741e-01, -5.1845e-01,
         0.0000e+00,  0.0000e+00,  0.0000e+00,  0.0000e+00,  0.0000e+00,
         0.0000e+00,  0.0000e+00]), tensor([5309]), tensor(0.2117))
INFO:main.py:Create prediction_dataset
INFO:main.py:prediction_dataset first example: (tensor([-9.6036e-01, -4.9283e-01, -4.7202e-01, -1.2875e+00, -5.9088e-01,
        -3.4143e-01, -1.7353e+00, -1.0156e+00,  6.0711e-02,  1.9547e-01,
        -4.0377e-01, -9.2351e-03, -4.1386e-03, -3.5552e-02,  1.6291e-02,
         4.4557e-03, -4.1867e-01,  1.1388e-02,  0.0000e+00, -2.8223e-01,
        -1.5983e-01,  0.0000e+00,  8.3143e-02,  4.9025e-02, -1.0656e-02,
        -6.2313e-01, -8.2264e-01,  0.0000e+00, -5.7750e-01,  1.3797e+00,
        -1.6007e+00, -3.2115e-01,  1.1211e-01,  0.0000e+00, -1.0634e+00,
         3.8040e-03, -5.2228e-01, -8.2825e-01, -2.7243e-01, -8.6950e-01,
         5.3128e-01, -8.5044e-01, -3.8617e-01, -2.6063e-01, -4.5432e-01,
        -1.9406e-01,  1.0492e-02, -3.0692e-01,  5.1011e-03, -9.7349e-03,
        -8.4332e-01, -1.1018e+00, -1.1294e+00,  0.0000e+00, -8.6923e-01,
        -9.1403e-01,  2.6640e-02, -1.2260e-01, -3.3319e-01, -3.9018e-02,
        -1.9560e-01, -3.4380e-01, -1.7398e-01,  3.2079e-01, -1.7674e-03,
        -4.6619e-01, -2.1413e-01,  1.4636e+00, -8.8986e-01, -3.8259e-01,
        -9.5638e-03, -3.3089e-02,  3.7161e-02,  3.0098e-02, -4.4583e-01,
        -7.1099e-02, -3.4420e-01,  8.4362e-02, -6.3088e-01, -2.8029e-01,
         4.2441e+00,  3.3876e-01, -3.8979e-03,  0.0000e+00, -7.6692e-01,
        -6.3231e-02,  2.3258e+00,  5.0224e+00, -3.6348e-02, -4.6659e-02,
         2.0041e-01, -8.0320e-01, -4.0666e-01,  3.0623e-01,  1.1257e+00,
         0.0000e+00,  0.0000e+00,  0.0000e+00,  0.0000e+00,  0.0000e+00,
         0.0000e+00,  0.0000e+00]), tensor([3381]), tensor(0.0638))
INFO:main.py:train and test dataloader
INFO:main.py:train_loader first example: [tensor([[-1.0088, -0.5422, -0.4383,  ...,  0.0000,  0.0000,  0.0000],
        [-0.6924, -0.2817, -0.0022,  ...,  0.0000,  0.0000,  0.0000],
        [-0.2113,  0.1143, -0.3394,  ...,  0.0000,  0.0000,  0.0000],
        ...,
        [ 0.0943, -1.8503,  0.0265,  ...,  0.0000,  1.0000,  0.0000],
        [-0.0033,  0.0097, -0.7979,  ...,  0.0000,  0.0000,  0.0000],
        [ 1.9046,  1.8560, -0.0022,  ...,  0.0000,  0.0000,  0.0000]]), tensor([[1459],
        [4320],
        [6066],
        [4938],
        [5920],
        [3918],
        [1172],
        [4080],
        [4793],
        [4939],
        [5185],
        [5654],
        [5651],
        [5719],
        [ 547],
        [2175],
        [5131],
        [3678],
        [4009],
        [5305],
        [5379],
        [2581],
        [5170],
        [2251],
        [1989],
        [3963],
        [6200],
        [ 343],
        [4910],
        [4088],
        [6257],
        [6237],
        [1357],
        [5960],
        [ 319],
        [5983],
        [2190],
        [5912],
        [4286],
        [1979],
        [6194],
        [6014],
        [1084],
        [4086],
        [1151],
        [1431],
        [2448],
        [1948],
        [6417],
        [5092],
        [4904],
        [3722],
        [2554],
        [2509],
        [5237],
        [6285],
        [ 770],
        [5762],
        [5956],
        [6437],
        [6467],
        [5983],
        [4695],
        [6179],
        [6094],
        [3396],
        [2020],
        [2050],
        [6176],
        [5292],
        [5940],
        [1834],
        [6626],
        [ 426],
        [3978],
        [3728],
        [3898],
        [2263],
        [2645],
        [ 538],
        [3277],
        [5801],
        [5011],
        [5051],
        [5003],
        [3847],
        [5434],
        [5865],
        [2324],
        [5868],
        [1212],
        [6121],
        [2656],
        [3249],
        [4725],
        [1521],
        [3066],
        [3246],
        [ 130],
        [5639],
        [4298],
        [ 131],
        [5049],
        [1918],
        [1394],
        [ 548],
        [ 222],
        [3219],
        [2062],
        [4208],
        [2580],
        [2152],
        [2763],
        [1776],
        [5324],
        [5435],
        [1836],
        [4239],
        [1207],
        [1783],
        [3864],
        [6382],
        [ 643],
        [ 205],
        [5136],
        [3066],
        [4566],
        [5028],
        [4585],
        [ 756],
        [2069],
        [3205],
        [5013],
        [1757],
        [ 552],
        [2884],
        [ 114],
        [6455],
        [4591],
        [  89],
        [1817],
        [2566],
        [6327],
        [5578],
        [3269],
        [ 705],
        [3398],
        [1510],
        [6332],
        [4861],
        [5195],
        [ 602],
        [1834],
        [5540],
        [3045],
        [2174],
        [5068],
        [1675],
        [5216],
        [4239],
        [6315],
        [4385],
        [  15],
        [2427],
        [2158],
        [3002],
        [6257],
        [  30],
        [1771],
        [2828],
        [1288],
        [6185],
        [ 467],
        [6591],
        [2704],
        [4074],
        [ 346],
        [3312],
        [5391],
        [3710],
        [5705],
        [6306],
        [6087],
        [2923],
        [1156],
        [2021],
        [4335],
        [1448],
        [6376],
        [4421],
        [4452],
        [2416],
        [5052],
        [2653],
        [2727],
        [  38],
        [6423],
        [  24],
        [2579],
        [3433],
        [3166],
        [4490],
        [5657],
        [3309],
        [2922],
        [3626],
        [5732],
        [4410],
        [4745],
        [5912],
        [6051],
        [ 649],
        [1297],
        [1203],
        [1817],
        [1932],
        [6100],
        [ 720],
        [3224],
        [1873],
        [ 551],
        [6335],
        [4047],
        [1838],
        [ 950],
        [5516],
        [ 502],
        [5568],
        [1709],
        [1951],
        [2853],
        [2250],
        [1609],
        [1819],
        [2896],
        [6322],
        [4607],
        [1966],
        [4762],
        [ 961],
        [ 839],
        [3158],
        [ 273],
        [1832],
        [2224],
        [2773],
        [5712],
        [4243],
        [3250],
        [1113],
        [2709],
        [1481],
        [1569],
        [2028],
        [3645],
        [4227]]), tensor([ 0.0655, -0.0700,  0.0394,  0.0787,  0.1803, -0.0815, -0.2308,  0.0750,
         0.0774,  0.0566,  0.1026,  0.0150, -0.0853, -0.0414,  0.0484,  0.0000,
         0.1579,  0.1905,  0.0409, -0.0023, -0.0377,  0.3750, -0.0077,  0.0000,
         0.0371,  0.0653,  0.2111,  0.0000, -0.1364,  0.0000, -0.0100,  0.1071,
        -0.0422,  0.1200,  0.0775, -0.0214,  0.0599,  0.0105,  0.1963,  0.0568,
        -0.0179,  0.0104, -0.2121,  0.1684, -0.0331, -0.0755,  0.3647, -0.0376,
        -0.1111,  0.0000, -0.0870,  0.1346, -0.0741, -0.0282, -0.0625,  0.0208,
        -0.0606, -0.0870, -0.0667,  0.0361,  0.2778,  0.0286, -0.1290,  0.0046,
         0.1923, -0.1509,  0.0727, -0.0930, -0.2000, -0.1724,  0.0000, -0.1905,
        -0.1667, -0.0833, -0.0410, -0.0536, -0.0685, -0.0769, -0.0084, -0.0441,
        -0.0078, -0.0414,  0.1233,  0.0784,  0.0000, -0.0500,  0.1120,  0.1207,
        -0.1147,  0.1688, -0.0363,  0.0529, -0.0124,  0.0375, -0.2442,  0.0444,
         0.0345,  0.1954, -0.0299, -0.1887, -0.0342,  0.0366, -0.0513, -0.1550,
        -0.0206,  0.0631,  0.0982, -0.0690,  0.0667, -0.0951, -0.1463,  0.0295,
        -0.0308,  0.0642,  0.2500,  0.0112,  0.1559, -0.0025,  0.0000,  0.2951,
         0.0000,  0.0000, -0.1385, -0.1327,  0.0943,  0.0567,  0.0759, -0.0012,
        -0.2222,  0.1702, -0.0524, -0.0472, -0.0735,  0.2222,  0.0312,  0.0243,
         0.2772,  0.1221,  0.0260,  0.0128,  0.0410,  0.0606,  0.0938,  0.2667,
         0.0435,  0.1731,  0.0000,  0.0046,  0.0114,  0.0833,  0.0147,  0.1053,
        -0.1429,  0.1488, -0.0254,  0.0896,  0.0952,  0.0895,  0.2610,  0.0051,
        -0.0659, -0.2568,  0.0732,  0.0000,  0.1045,  0.0741,  0.1185,  0.1509,
         0.2083, -0.2128,  0.1020,  0.5806,  0.1404, -0.0043, -0.1905, -0.0900,
        -0.0288, -0.0115,  0.0295, -0.1481,  0.6154, -0.1489,  0.0361, -0.0081,
         0.0365,  0.0847, -0.0588, -0.4000,  0.0290, -0.0093,  0.1121, -0.1000,
        -0.0063,  0.0435,  0.0521, -0.0362,  0.1325,  0.1429,  0.0217, -0.0893,
         0.0312,  0.1000,  0.1259, -0.0314,  0.0278, -0.0631, -0.0816, -0.3793,
         0.1818,  0.0284, -0.0408,  0.0000,  0.2179,  0.2568,  0.0303, -0.0250,
        -0.0615, -0.2073, -0.2000,  0.0203,  0.0952,  0.0463,  0.0341,  0.1829,
        -0.0196, -0.1326,  0.0672,  0.0400,  0.2037, -0.1228,  0.0491,  0.1636,
         0.1429, -0.0271, -0.1685, -0.1321,  0.2692,  0.2476,  0.0000, -0.0206,
        -0.0207,  0.2174, -0.0350,  0.0882,  0.1471,  0.0405, -0.0104,  0.0000,
        -0.1844,  0.3269, -0.3095,  0.1429,  0.0310, -0.0227,  0.1214, -0.2238])]

INFO:main.py:test_loader first example: [tensor([[-6.9920e-03,  8.9557e-03, -3.4033e-01,  ...,  0.0000e+00,
          1.0000e+00,  0.0000e+00],
        [-6.9920e-03,  8.9557e-03, -6.7673e-04,  ...,  0.0000e+00,
          0.0000e+00,  0.0000e+00],
        [-6.9920e-03,  8.9557e-03,  1.0606e-01,  ...,  0.0000e+00,
          0.0000e+00,  0.0000e+00],
        ...,
        [ 1.7339e-01,  4.3097e-01,  6.6809e-03,  ...,  0.0000e+00,
          1.0000e+00,  0.0000e+00],
        [ 2.1500e+00,  2.0581e+00, -4.4383e-01,  ...,  0.0000e+00,
          0.0000e+00,  0.0000e+00],
        [ 2.2295e-02,  3.0659e-01, -6.7673e-04,  ...,  0.0000e+00,
          1.0000e+00,  0.0000e+00]]), tensor([[ 983],
        [4458],
        [2105],
        [3829],
        [ 312],
        [4697],
        [4378],
        [1120],
        [2960],
        [1954],
        [2041],
        [4306],
        [2444],
        [3621],
        [3374],
        [3635],
        [1430],
        [ 963],
        [3234],
        [ 981],
        [2938],
        [1031],
        [1496],
        [2673],
        [4947],
        [3530],
        [4937],
        [4311],
        [ 913],
        [1952],
        [ 921],
        [ 147],
        [2848],
        [ 435],
        [2448],
        [4211],
        [4738],
        [1875],
        [3393],
        [1305],
        [1767],
        [4040],
        [1220],
        [2784],
        [3672],
        [1049],
        [2637],
        [2956],
        [2233],
        [ 731],
        [2307],
        [3358],
        [4457],
        [ 542],
        [2434],
        [3784],
        [3063],
        [1649],
        [3471],
        [3819],
        [ 336],
        [3977],
        [1196],
        [1200],
        [3670],
        [4975],
        [2888],
        [3731],
        [4833],
        [3334],
        [4094],
        [1970],
        [2349],
        [2346],
        [ 905],
        [3623],
        [ 567],
        [4201],
        [3962],
        [4159],
        [ 598],
        [1061],
        [3873],
        [1790],
        [2602],
        [2018],
        [4217],
        [1804],
        [1466],
        [ 104],
        [2509],
        [1010],
        [ 231],
        [ 361],
        [1078],
        [ 675],
        [2798],
        [ 288],
        [4773],
        [2441],
        [4120],
        [3961],
        [2474],
        [4948],
        [2805],
        [2874],
        [4730],
        [4110],
        [3993],
        [2773],
        [3609],
        [2242],
        [1453],
        [1443],
        [  75],
        [4726],
        [3558],
        [1461],
        [1229],
        [3200],
        [4353],
        [2390],
        [1881],
        [3802],
        [  35],
        [4556],
        [3322],
        [2514],
        [ 177],
        [2468],
        [ 600],
        [2475],
        [1213],
        [3659],
        [3597],
        [ 822],
        [4870],
        [3286],
        [2486],
        [ 226],
        [4976],
        [3843],
        [ 132],
        [ 915],
        [ 209],
        [1000],
        [4881],
        [1318],
        [1644],
        [4004],
        [1570],
        [1926],
        [2929],
        [4770],
        [3489],
        [4418],
        [1274],
        [1959],
        [4020],
        [2088],
        [1829],
        [ 356],
        [4845],
        [ 578],
        [3838],
        [1541],
        [3613],
        [2195],
        [2033],
        [3243],
        [3921],
        [2281],
        [1873],
        [2554],
        [3552],
        [ 409],
        [ 585],
        [2984],
        [3569],
        [3321],
        [2319],
        [1974],
        [3263],
        [1124],
        [4732],
        [1084],
        [3305],
        [ 775],
        [ 342],
        [ 628],
        [1055],
        [2278],
        [ 676],
        [3660],
        [1552],
        [2774],
        [ 964],
        [2391],
        [1720],
        [1396],
        [ 860],
        [2781],
        [3509],
        [2808],
        [3714],
        [3385],
        [3702],
        [2828],
        [3152],
        [1994],
        [1810],
        [3085],
        [4168],
        [ 431],
        [ 791],
        [1513],
        [4708],
        [1898],
        [4761],
        [2238],
        [ 316],
        [1578],
        [2659],
        [3332],
        [3808],
        [3550],
        [ 643],
        [2224],
        [1584],
        [ 418],
        [1012],
        [2728],
        [4801],
        [1459],
        [ 841],
        [ 113],
        [2571],
        [1785],
        [1666],
        [4415],
        [2537],
        [3160],
        [2165],
        [1046],
        [1775],
        [2640],
        [3522],
        [1854],
        [1355],
        [ 579],
        [4346],
        [ 635],
        [4349],
        [ 430],
        [3265],
        [ 909]]), tensor([-0.5200,  0.0000, -0.0217,  0.0909,  0.0417, -0.2105,  0.1136,  0.3243,
         0.0667,  0.2500,  0.1060,  0.1562,  0.4306,  0.1304, -0.0133, -0.0222,
        -0.2667, -0.1571,  0.1707,  0.0667,  0.0847,  0.1776,  0.2695,  0.0476,
         0.1163,  0.2268, -0.1351,  0.0000,  0.3103,  0.1769,  0.1379,  0.2647,
         0.0769,  0.0870,  0.2017,  0.0029, -0.0100,  0.2143,  0.0766,  0.0256,
         0.1905, -0.0068, -0.0328,  0.0000,  0.1250, -0.0330,  0.0448,  0.2800,
         0.0000,  0.2364,  0.0519,  0.4583,  0.2632,  0.2600,  0.1803,  0.0000,
         0.1630,  0.1739,  0.0725,  0.2609,  0.1041,  0.0851,  0.1703,  0.0000,
         0.0526,  0.2114,  0.0000, -0.2449,  0.1600,  0.1259,  0.2162,  0.3333,
         0.2400,  0.0619,  0.1240,  0.0323,  0.0235,  0.1392,  0.0784,  0.0889,
         0.0440,  0.2905,  0.1935,  0.1291,  0.3625,  0.0949, -0.0682,  0.0000,
         0.1556,  0.0398, -0.2364,  0.0000,  0.0714,  0.0179,  0.2000,  0.2062,
         0.1061,  0.1000,  0.1652, -0.0370,  0.1311,  0.0847, -0.1290,  0.1299,
        -0.1818,  0.1399, -0.1429,  0.1800,  0.1032,  0.0319,  0.0698,  0.0180,
         0.0615,  0.0915, -0.0357,  0.0444,  0.2055,  0.1413,  0.1964,  0.1429,
         0.0959,  0.1585,  0.1657,  0.0896,  0.1402,  0.1750,  0.0876,  0.6364,
         0.0000,  0.0000,  0.1965, -0.1250,  0.2000, -0.2000,  0.7143,  0.1667,
         0.0808,  0.0408,  0.2308,  0.1212,  0.1154,  0.2982, -0.2667,  0.2252,
         0.8246,  0.0729,  0.4211,  0.1651,  0.0960, -0.1800, -0.1176,  0.2313,
         0.0899, -0.1429,  0.2826,  0.4286,  0.1396,  0.2143, -0.1000,  0.0208,
         0.3500, -0.1930,  0.0229, -0.1304,  0.0368,  0.1014, -0.0417,  0.0102,
         0.0286,  0.0000,  0.2007, -0.1538,  0.0503, -0.0345,  0.2766,  0.1071,
        -0.0345,  0.0330,  0.0952,  0.1750,  0.3636,  0.2786,  0.0000,  0.1765,
         0.0854,  0.3143,  0.0000,  0.0211,  0.2000,  0.1829,  0.0656,  0.1415,
         0.1082,  0.1875,  0.0866, -0.0625,  0.3637,  0.5135,  0.1446,  0.4000,
         0.1971, -0.1000,  0.2261,  0.0526,  0.0766,  0.1049,  0.4444,  0.0577,
         0.0399,  0.1509,  0.1808,  0.0526, -0.0455, -0.0053, -0.0137,  0.1538,
         0.0116,  0.2716,  0.0556,  0.0926, -0.0167,  0.0000,  0.0488,  0.1447,
         0.0462,  0.0541,  0.0000, -0.0189,  0.0000,  0.1111,  0.1471,  0.2632,
         0.1680,  0.1105,  0.3704,  0.1227,  0.2481,  0.1163,  0.1406, -0.0556,
         0.0278,  0.1552,  0.3947,  0.0488, -0.0465,  0.1304,  0.0909,  0.2197,
         0.0909,  0.1321,  0.4500, -0.0892,  0.2255,  0.1315,  0.1351,  0.0800])]

INFO:main.py:retrain and prediction dataloader
INFO:main.py:retrain_loader first example: [tensor([[-6.4251e-01, -2.3176e-01, -1.2428e-02,  ...,  0.0000e+00,
          1.0000e+00,  0.0000e+00],
        [ 6.6112e-03, -8.9386e-04,  1.0027e-01,  ...,  0.0000e+00,
          1.0000e+00,  0.0000e+00],
        [-1.1822e+00, -7.7625e-01,  4.7390e-02,  ...,  0.0000e+00,
          1.0000e+00,  0.0000e+00],
        ...,
        [-6.8226e-01, -2.6441e-01, -1.0151e+00,  ...,  0.0000e+00,
          0.0000e+00,  0.0000e+00],
        [ 1.2939e+00,  1.3587e+00,  1.6439e+00,  ...,  0.0000e+00,
          1.0000e+00,  0.0000e+00],
        [-5.4293e-01, -1.4997e-01, -3.6392e-02,  ...,  0.0000e+00,
          1.0000e+00,  0.0000e+00]]), tensor([[1652],
        [6132],
        [2767],
        [  11],
        [6650],
        [5088],
        [3845],
        [6917],
        [2877],
        [ 639],
        [5403],
        [4323],
        [2337],
        [3116],
        [1044],
        [3188],
        [5123],
        [2453],
        [1607],
        [4231],
        [6843],
        [5963],
        [6881],
        [4813],
        [5288],
        [1445],
        [7155],
        [2637],
        [3486],
        [5693],
        [1998],
        [5692],
        [6185],
        [2133],
        [2947],
        [6360],
        [1125],
        [5869],
        [4811],
        [6935],
        [2298],
        [4656],
        [1536],
        [5454],
        [5454],
        [2043],
        [2144],
        [2367],
        [1399],
        [4727],
        [2583],
        [ 995],
        [2905],
        [1353],
        [4141],
        [6629],
        [3375],
        [5260],
        [ 196],
        [5260],
        [3278],
        [2582],
        [5145],
        [6670],
        [1008],
        [1728],
        [6226],
        [1176],
        [6006],
        [3137],
        [2069],
        [4933],
        [6764],
        [ 820],
        [3679],
        [5616],
        [5422],
        [5053],
        [2636],
        [3826],
        [ 747],
        [1064],
        [2774],
        [ 576],
        [1135],
        [5210],
        [6588],
        [1500],
        [2792],
        [ 329],
        [ 799],
        [4849],
        [5826],
        [1985],
        [5672],
        [6991],
        [7155],
        [5259],
        [5020],
        [1890],
        [5126],
        [1954],
        [2362],
        [4647],
        [2018],
        [1296],
        [2089],
        [ 325],
        [5432],
        [1393],
        [6917],
        [2645],
        [2621],
        [2682],
        [3851],
        [6376],
        [1843],
        [3529],
        [3334],
        [6926],
        [2466],
        [ 191],
        [6895],
        [2169],
        [3937],
        [6462],
        [6987],
        [ 869],
        [5272],
        [2888],
        [4509],
        [ 469],
        [ 593],
        [1890],
        [5980],
        [5124],
        [6075],
        [4363],
        [4126],
        [2435],
        [1510],
        [2306],
        [1880],
        [3706],
        [7148],
        [6975],
        [ 234],
        [2094],
        [1532],
        [5686],
        [ 590],
        [7116],
        [3705],
        [3003],
        [6147],
        [7172],
        [1375],
        [4387],
        [3604],
        [3196],
        [5755],
        [6928],
        [4676],
        [ 831],
        [2714],
        [ 562],
        [  16],
        [1431],
        [ 792],
        [3912],
        [6865],
        [4382],
        [3932],
        [6067],
        [3396],
        [ 647],
        [5709],
        [2153],
        [6584],
        [1163],
        [ 681],
        [4431],
        [4840],
        [3444],
        [3324],
        [1069],
        [4584],
        [6953],
        [4872],
        [5143],
        [ 330],
        [3626],
        [2044],
        [1477],
        [5630],
        [6043],
        [ 580],
        [5682],
        [6914],
        [4962],
        [ 852],
        [6719],
        [3703],
        [1742],
        [1990],
        [5651],
        [ 998],
        [3834],
        [7258],
        [ 935],
        [4739],
        [4884],
        [2128],
        [3402],
        [4437],
        [2918],
        [4795],
        [1148],
        [2051],
        [ 776],
        [6491],
        [1145],
        [2945],
        [2178],
        [4648],
        [1913],
        [  37],
        [2575],
        [2384],
        [7239],
        [4590],
        [1134],
        [7038],
        [6634],
        [5967],
        [1785],
        [3045],
        [2252],
        [2269],
        [4536],
        [4251],
        [1585],
        [5600],
        [5884],
        [3806],
        [6715],
        [4818],
        [6943],
        [3700],
        [1482],
        [4557],
        [ 657],
        [4918],
        [2189],
        [6545],
        [1913]]), tensor([-3.8462e-02,  4.7619e-02, -1.1539e-01,  0.0000e+00,  3.1429e-01,
         3.3333e-01,  2.0000e-01,  1.1451e-01,  1.5668e-01,  1.3462e-01,
         6.1538e-02, -1.1765e-01,  1.2245e-01, -6.5361e-02,  1.6174e-01,
         0.0000e+00,  3.1250e-02,  3.4188e-02, -7.8882e-02,  3.5385e-01,
         1.2235e-01,  1.2448e-02,  1.6800e-01,  0.0000e+00,  1.7391e-01,
        -4.1322e-02, -6.7961e-02,  9.9185e-02,  6.3830e-02, -1.0417e-01,
         4.3478e-02,  4.2453e-02, -1.3953e-01, -1.0101e-02,  7.4286e-02,
         0.0000e+00,  4.8077e-02, -1.3559e-01,  1.4236e-01, -2.5743e-02,
        -1.1111e-01,  1.5385e-01, -3.6859e-02, -8.0882e-02,  8.3333e-02,
         5.8252e-02,  1.8519e-02,  7.5472e-02, -3.0864e-02,  2.8000e-02,
        -6.9930e-03,  0.0000e+00,  6.1905e-01,  0.0000e+00, -5.5556e-02,
         0.0000e+00, -6.9767e-02,  2.0000e-02,  7.6923e-02, -5.2795e-02,
         7.5385e-02,  9.7917e-02,  4.6296e-02, -1.4546e-01, -2.3256e-02,
        -2.5910e-02, -1.0606e-01,  4.8889e-02, -1.6667e-01,  1.0000e-01,
         1.5663e-01, -1.0227e-01, -2.6906e-02, -5.4545e-02, -5.8824e-02,
         2.0833e-02, -2.1304e-02, -2.4390e-02, -8.9744e-02,  6.0403e-02,
         0.0000e+00,  9.9605e-02, -5.7143e-02,  5.2326e-02, -1.6667e-01,
         4.3590e-01,  3.1250e-02, -2.6316e-02, -1.0159e-02, -1.0260e-01,
         4.1758e-02,  1.5625e-01,  2.1875e-02, -1.1111e-01,  3.7500e-01,
         1.8307e-02, -1.1929e-01,  3.6232e-02, -4.0000e-02, -1.8800e-03,
        -9.7403e-02,  4.3478e-01,  6.2500e-02,  1.5873e-02, -2.6271e-01,
         4.0426e-01,  3.7383e-02, -6.6667e-02,  7.1429e-02, -1.7094e-01,
         0.0000e+00,  2.0833e-01,  1.6447e-02,  6.4151e-01,  4.4118e-02,
         6.8702e-02,  8.1081e-02,  2.5000e-02, -1.1765e-01, -8.3333e-02,
         3.3333e-02,  0.0000e+00,  2.3077e-01,  3.7464e-02, -6.0773e-02,
        -5.8824e-02,  8.0247e-02, -5.8824e-02, -6.0240e-03,  5.7143e-02,
        -7.2727e-02, -3.2000e-02,  2.9310e-01,  1.9802e-02,  2.0000e-01,
         1.2195e-01, -9.4077e-02,  4.5455e-02, -1.5854e-01, -5.7313e-02,
         5.5838e-02,  1.6970e-01,  2.6374e-01,  2.7027e-02, -3.6364e-02,
         7.0175e-02,  6.4516e-02, -6.3401e-02, -4.1667e-02,  3.7880e-03,
         2.5714e-01,  1.1765e-02,  1.3869e-01,  1.6108e-01, -4.0000e-02,
         9.0909e-02,  2.1053e-01, -4.5082e-02,  0.0000e+00, -2.0707e-01,
        -2.2370e-03,  7.2500e-02,  0.0000e+00,  5.9520e-03, -4.4776e-02,
         3.4894e-02,  1.1765e-02, -5.9290e-02, -9.1890e-03,  7.6410e-02,
         1.2870e-01,  2.2321e-02, -3.0556e-02,  1.7609e-02, -3.1414e-02,
        -9.5240e-03, -8.4112e-02,  2.2619e-01,  1.9231e-01,  2.5234e-01,
        -6.9767e-02,  9.6774e-02,  1.1765e-01,  1.6667e-01,  0.0000e+00,
         1.9118e-01,  0.0000e+00,  0.0000e+00,  1.1111e-02,  1.1881e-01,
         8.6705e-02, -1.0929e-02, -4.4118e-02, -2.0000e-01,  6.6667e-02,
        -4.2553e-02,  7.2052e-02,  0.0000e+00, -1.2500e-01, -2.1519e-01,
        -1.9231e-02,  5.2080e-03,  3.3149e-02, -2.9412e-01, -7.4074e-02,
         0.0000e+00,  1.1539e-01, -1.4149e-01,  0.0000e+00, -2.0690e-02,
         0.0000e+00,  4.1096e-02,  0.0000e+00, -1.0000e-01, -1.8678e-01,
         6.5790e-03,  1.4286e-02,  3.4733e-02, -2.4194e-02,  1.2882e-01,
         6.0240e-03,  3.7037e-02, -1.0828e-01, -1.3953e-01, -1.9608e-02,
         4.2945e-02, -6.1500e-04, -5.4050e-03,  6.9027e-02,  2.7700e-01,
        -1.7391e-01, -6.0927e-02,  1.5556e-01,  0.0000e+00,  3.1148e-01,
        -2.4000e-02, -1.5152e-02,  5.1546e-02,  4.3670e-03, -8.0000e-02,
        -5.6604e-02, -7.1429e-02, -1.5000e-01,  2.9630e-01, -2.9630e-03,
         6.0000e-01, -2.1008e-02, -4.1322e-02, -1.1518e-01, -6.7416e-02,
        -1.9540e-01, -8.3409e-02, -7.1942e-02, -8.6957e-02, -2.8125e-01,
         1.6320e-01])]

INFO:main.py:prediction_loader first example: [tensor([[-0.9604, -0.4928, -0.4720,  ...,  0.0000,  0.0000,  0.0000],
        [-0.0053,  0.0067,  3.1135,  ...,  0.0000,  0.0000,  0.0000],
        [-0.0053,  0.0067, -0.1770,  ...,  0.0000,  1.0000,  0.0000],
        ...,
        [-1.0804, -0.5914, -0.7981,  ...,  0.0000,  0.0000,  0.0000],
        [-0.0053,  0.0067, -0.1204,  ...,  0.0000,  0.0000,  0.0000],
        [-0.0053,  0.0067, -0.0183,  ...,  0.0000,  0.0000,  0.0000]]), tensor([[3381],
        [2229],
        [  62],
        [5126],
        [1034],
        [ 441],
        [4468],
        [1646],
        [4604],
        [ 362],
        [4299],
        [2180],
        [2770],
        [1669],
        [3986],
        [1710],
        [1495],
        [ 325],
        [4824],
        [  87],
        [ 101],
        [5223],
        [1253],
        [4894],
        [1409],
        [4565],
        [1172],
        [2658],
        [2888],
        [3066],
        [4117],
        [1226],
        [2026],
        [2114],
        [2799],
        [ 334],
        [2474],
        [4493],
        [2525],
        [ 165],
        [3760],
        [3496],
        [4858],
        [4438],
        [ 588],
        [4174],
        [ 549],
        [4676],
        [3775],
        [2255],
        [4993],
        [1109],
        [3322],
        [4210],
        [  50],
        [  65],
        [ 550],
        [5026],
        [ 544],
        [ 145],
        [1485],
        [4218],
        [1011],
        [3353],
        [1031],
        [2491],
        [2364],
        [2264],
        [4972],
        [2378],
        [2460],
        [1383],
        [3640],
        [2969],
        [4525],
        [ 319],
        [1882],
        [3045],
        [4244],
        [3708],
        [ 540],
        [4733],
        [4375],
        [2735],
        [1078],
        [1552],
        [1138],
        [3896],
        [ 338],
        [1737],
        [2767],
        [5161],
        [4885],
        [1260],
        [4674],
        [3660],
        [1936],
        [2698],
        [ 596],
        [4229],
        [ 357],
        [5151],
        [2681],
        [3776],
        [ 504],
        [2260],
        [4378],
        [3445],
        [1276],
        [4498],
        [ 251],
        [2759],
        [3452],
        [3908],
        [4728],
        [ 790],
        [2069],
        [ 316],
        [3800],
        [4062],
        [3951],
        [1457],
        [ 628],
        [4448],
        [2488],
        [ 959],
        [3224],
        [2985],
        [2023],
        [1351],
        [4769],
        [1686],
        [4685],
        [ 256],
        [5220],
        [1229],
        [ 966],
        [2009],
        [4755],
        [4856],
        [1770],
        [2545],
        [1165],
        [4433],
        [3759],
        [ 992],
        [5107],
        [4234],
        [3751],
        [ 442],
        [ 522],
        [3332],
        [4268],
        [2326],
        [4266],
        [ 152],
        [1629],
        [3763],
        [ 645],
        [1003],
        [4060],
        [ 581],
        [1306],
        [4844],
        [ 573],
        [4004],
        [5001],
        [3203],
        [2591],
        [2259],
        [2951],
        [1316],
        [2492],
        [1588],
        [4398],
        [2049],
        [2347],
        [3439],
        [1661],
        [2630],
        [4317],
        [4224],
        [3554],
        [2604],
        [1952],
        [4900],
        [1040],
        [2129],
        [2701],
        [4667],
        [  92],
        [2497],
        [ 121],
        [2414],
        [ 197],
        [2990],
        [ 772],
        [2529],
        [ 725],
        [ 887],
        [4396],
        [1171],
        [2463],
        [3399],
        [5035],
        [3536],
        [1739],
        [ 461],
        [5133],
        [ 555],
        [3287],
        [4121],
        [4018],
        [  73],
        [4157],
        [ 285],
        [1932],
        [4938],
        [4762],
        [4992],
        [4065],
        [1194],
        [1207],
        [ 332],
        [4473],
        [1087],
        [3255],
        [4739],
        [4877],
        [2745],
        [ 939],
        [3427],
        [2902],
        [1691],
        [3351],
        [3483],
        [1474],
        [ 825],
        [3605],
        [ 295],
        [4658],
        [1943],
        [1814],
        [1408],
        [2997],
        [2277],
        [2071],
        [1352],
        [3963],
        [ 762],
        [ 163],
        [  10],
        [1071],
        [3515],
        [2452],
        [1455]]), tensor([ 0.0638,  0.1111,  0.1190, -0.0606,  0.0769,  0.0467, -0.0147, -0.1111,
        -0.0345,  0.0000, -0.1304, -0.0476,  0.0682,  0.0517,  0.2500, -0.1176,
        -0.0357,  0.0000,  0.2500,  0.2075, -0.3333,  0.0000, -0.0909, -0.3077,
         0.1212, -0.0556,  0.2353, -0.1923, -0.0952, -0.0845,  0.6875,  0.0800,
         0.0000, -0.0309, -0.1159,  0.1000,  0.1304,  0.1429,  0.1538,  0.1667,
         0.0000, -0.1200,  0.0143,  0.0000,  0.1136,  0.0000,  0.3333,  0.0625,
        -0.0667,  0.2500,  0.0000,  0.0000,  0.0000,  0.0800, -0.1400,  0.0345,
         1.0000,  0.0250, -0.0423,  0.0156,  0.0000,  0.0741,  0.1273,  0.0152,
         0.0000, -0.0345,  0.0277,  0.1250,  0.0000,  0.1212,  0.0213, -0.1714,
         0.0000,  0.0769, -0.1818,  0.1429, -0.0588,  0.0909,  0.2250, -0.0980,
         0.2727,  0.2667, -0.0741, -0.1000,  0.1062,  0.1220, -0.1905, -0.0133,
         0.0000, -0.1667,  0.1111,  0.1000,  0.6364,  0.0000,  0.0156, -0.1937,
         0.1626,  0.0000,  0.0385, -0.1176,  0.0000,  0.3699,  0.1250,  0.0312,
         0.1667,  0.0000,  0.2245,  0.0000, -0.2857,  0.0000,  0.2609,  0.1905,
        -0.1818,  0.3448,  0.0024,  0.0000,  0.0256,  0.1562,  0.1628,  0.0909,
         0.3636,  0.2750, -0.0408,  0.0435,  0.2941,  0.2353,  0.0000, -0.0980,
         0.0629, -0.2000,  0.2045,  0.1596,  0.0000,  0.0370,  0.0000,  0.0204,
         0.1772, -0.1064,  0.0000, -0.0357,  0.0000,  0.1111,  0.1154,  0.0000,
         0.3000, -0.0926,  0.2083, -0.0208,  0.2857, -0.1538,  1.0000, -0.1250,
         0.0732,  0.1538,  0.1477, -0.0741, -0.0968,  0.4828,  0.1579, -0.0690,
        -0.0345,  1.3448, -0.1522,  0.2800,  0.2857, -0.0860, -0.0714,  0.1351,
        -0.1667, -0.1538,  0.1667,  0.3023,  0.0980,  0.0303,  0.8947,  0.0372,
        -0.1188,  0.0682,  0.6452,  0.0000, -0.0426,  0.6000,  0.4667,  0.0843,
         0.0137,  0.0476,  0.0769, -0.1707,  0.0526,  0.0714, -0.0962,  0.0625,
         0.0833,  0.3103,  0.0000, -0.5366,  0.0500, -0.2061, -0.0132,  0.2857,
         0.6096, -0.2778,  0.4182,  0.1528, -0.1944,  0.0455,  0.1293,  0.3077,
         0.2000, -0.5417,  0.0000, -0.0741,  0.1250,  0.2632,  0.1538, -0.0148,
        -0.1293,  0.1065,  0.2000,  0.1538,  0.1579, -0.0270,  0.0385,  0.0323,
         0.2308, -0.0114,  0.0893, -0.0278,  0.1111,  0.0857, -0.0714, -0.0789,
         0.2308,  0.0857,  0.0667,  0.6171, -0.2656,  0.9091, -0.1272,  0.2069,
        -0.2222,  0.2222, -0.0769,  0.0600, -0.1200,  0.1200,  0.0000, -0.3077,
         0.0000,  0.0000,  0.5625,  0.0204,  0.1061,  0.0531, -0.0500,  0.7000])]

INFO:main.py:

Hyperparameters tuning with Ray Tune

INFO:main.py:Training data years: [1980, 1981, 1982, 1983, 1984, 1985, 1986]
INFO:main.py:Testing data year: 1987
2024-07-03 01:39:44,878	INFO worker.py:1753 -- Started a local Ray instance.
2024-07-03 01:39:44,907	INFO packaging.py:530 -- Creating a file package for local directory '/zfs/projects/darc/wolee_edehaan_suzienoh-exploratory-ml/kevin/src'.
2024-07-03 01:39:44,934	INFO packaging.py:358 -- Pushing file package 'gcs://_ray_pkg_9d5f5981545aa15d.zip' (1.19MiB) to Ray cluster...
2024-07-03 01:39:44,939	INFO packaging.py:371 -- Successfully pushed file package 'gcs://_ray_pkg_9d5f5981545aa15d.zip'.
2024-07-03 01:39:46,795	WARNING tune.py:902 -- AIR_VERBOSITY is set, ignoring passed-in ProgressReporter for now.
2024-07-03 01:39:52,931	ERROR tune_controller.py:1331 -- Trial task failed for trial train_fnn_2131c_00000
Traceback (most recent call last):
  File "/zfs/projects/darc/wolee_edehaan_suzienoh-exploratory-ml/kevin/venv/lib/python3.10/site-packages/ray/air/execution/_internal/event_manager.py", line 110, in resolve_future
    result = ray.get(future)
  File "/zfs/projects/darc/wolee_edehaan_suzienoh-exploratory-ml/kevin/venv/lib/python3.10/site-packages/ray/_private/auto_init_hook.py", line 21, in auto_init_wrapper
    return fn(*args, **kwargs)
  File "/zfs/projects/darc/wolee_edehaan_suzienoh-exploratory-ml/kevin/venv/lib/python3.10/site-packages/ray/_private/client_mode_hook.py", line 103, in wrapper
    return func(*args, **kwargs)
  File "/zfs/projects/darc/wolee_edehaan_suzienoh-exploratory-ml/kevin/venv/lib/python3.10/site-packages/ray/_private/worker.py", line 2613, in get
    values, debugger_breakpoint = worker.get_objects(object_refs, timeout=timeout)
  File "/zfs/projects/darc/wolee_edehaan_suzienoh-exploratory-ml/kevin/venv/lib/python3.10/site-packages/ray/_private/worker.py", line 861, in get_objects
    raise value.as_instanceof_cause()
ray.exceptions.RayTaskError(AttributeError): [36mray::ImplicitFunc.train()[39m (pid=250952, ip=10.112.2.40, actor_id=c60be37f44faedf3391bde8401000000, repr=train_fnn)
  File "/zfs/projects/darc/wolee_edehaan_suzienoh-exploratory-ml/kevin/venv/lib/python3.10/site-packages/ray/tune/trainable/trainable.py", line 331, in train
    raise skipped from exception_cause(skipped)
  File "/zfs/projects/darc/wolee_edehaan_suzienoh-exploratory-ml/kevin/venv/lib/python3.10/site-packages/ray/air/_internal/util.py", line 98, in run
    self._ret = self._target(*self._args, **self._kwargs)
  File "/zfs/projects/darc/wolee_edehaan_suzienoh-exploratory-ml/kevin/venv/lib/python3.10/site-packages/ray/tune/trainable/function_trainable.py", line 45, in <lambda>
    training_func=lambda: self._trainable_func(self.config),
  File "/zfs/projects/darc/wolee_edehaan_suzienoh-exploratory-ml/kevin/venv/lib/python3.10/site-packages/ray/tune/trainable/function_trainable.py", line 248, in _trainable_func
    output = fn()
  File "/zfs/projects/darc/wolee_edehaan_suzienoh-exploratory-ml/kevin/venv/lib/python3.10/site-packages/ray/tune/trainable/util.py", line 130, in inner
    return trainable(config, **fn_kwargs)
  File "/tmp/ray/session_2024-07-03_01-39-42_505366_247917/runtime_resources/working_dir_files/_ray_pkg_9d5f5981545aa15d/model_data_nn.py", line 159, in train_fnn
    loss_function = nn.MSE
AttributeError: module 'torch.nn' has no attribute 'MSE'
2024-07-03 01:39:58,599	ERROR tune_controller.py:1331 -- Trial task failed for trial train_fnn_2131c_00001
Traceback (most recent call last):
  File "/zfs/projects/darc/wolee_edehaan_suzienoh-exploratory-ml/kevin/venv/lib/python3.10/site-packages/ray/air/execution/_internal/event_manager.py", line 110, in resolve_future
    result = ray.get(future)
  File "/zfs/projects/darc/wolee_edehaan_suzienoh-exploratory-ml/kevin/venv/lib/python3.10/site-packages/ray/_private/auto_init_hook.py", line 21, in auto_init_wrapper
    return fn(*args, **kwargs)
  File "/zfs/projects/darc/wolee_edehaan_suzienoh-exploratory-ml/kevin/venv/lib/python3.10/site-packages/ray/_private/client_mode_hook.py", line 103, in wrapper
    return func(*args, **kwargs)
  File "/zfs/projects/darc/wolee_edehaan_suzienoh-exploratory-ml/kevin/venv/lib/python3.10/site-packages/ray/_private/worker.py", line 2613, in get
    values, debugger_breakpoint = worker.get_objects(object_refs, timeout=timeout)
  File "/zfs/projects/darc/wolee_edehaan_suzienoh-exploratory-ml/kevin/venv/lib/python3.10/site-packages/ray/_private/worker.py", line 861, in get_objects
    raise value.as_instanceof_cause()
ray.exceptions.RayTaskError(AttributeError): [36mray::ImplicitFunc.train()[39m (pid=251099, ip=10.112.2.40, actor_id=7e052874c5a1a6b80bd5a30101000000, repr=train_fnn)
  File "/zfs/projects/darc/wolee_edehaan_suzienoh-exploratory-ml/kevin/venv/lib/python3.10/site-packages/ray/tune/trainable/trainable.py", line 331, in train
    raise skipped from exception_cause(skipped)
  File "/zfs/projects/darc/wolee_edehaan_suzienoh-exploratory-ml/kevin/venv/lib/python3.10/site-packages/ray/air/_internal/util.py", line 98, in run
    self._ret = self._target(*self._args, **self._kwargs)
  File "/zfs/projects/darc/wolee_edehaan_suzienoh-exploratory-ml/kevin/venv/lib/python3.10/site-packages/ray/tune/trainable/function_trainable.py", line 45, in <lambda>
    training_func=lambda: self._trainable_func(self.config),
  File "/zfs/projects/darc/wolee_edehaan_suzienoh-exploratory-ml/kevin/venv/lib/python3.10/site-packages/ray/tune/trainable/function_trainable.py", line 248, in _trainable_func
    output = fn()
  File "/zfs/projects/darc/wolee_edehaan_suzienoh-exploratory-ml/kevin/venv/lib/python3.10/site-packages/ray/tune/trainable/util.py", line 130, in inner
    return trainable(config, **fn_kwargs)
  File "/tmp/ray/session_2024-07-03_01-39-42_505366_247917/runtime_resources/working_dir_files/_ray_pkg_9d5f5981545aa15d/model_data_nn.py", line 159, in train_fnn
    loss_function = nn.MSE
AttributeError: module 'torch.nn' has no attribute 'MSE'
2024-07-03 01:40:03,431	ERROR tune_controller.py:1331 -- Trial task failed for trial train_fnn_2131c_00002
Traceback (most recent call last):
  File "/zfs/projects/darc/wolee_edehaan_suzienoh-exploratory-ml/kevin/venv/lib/python3.10/site-packages/ray/air/execution/_internal/event_manager.py", line 110, in resolve_future
    result = ray.get(future)
  File "/zfs/projects/darc/wolee_edehaan_suzienoh-exploratory-ml/kevin/venv/lib/python3.10/site-packages/ray/_private/auto_init_hook.py", line 21, in auto_init_wrapper
    return fn(*args, **kwargs)
  File "/zfs/projects/darc/wolee_edehaan_suzienoh-exploratory-ml/kevin/venv/lib/python3.10/site-packages/ray/_private/client_mode_hook.py", line 103, in wrapper
    return func(*args, **kwargs)
  File "/zfs/projects/darc/wolee_edehaan_suzienoh-exploratory-ml/kevin/venv/lib/python3.10/site-packages/ray/_private/worker.py", line 2613, in get
    values, debugger_breakpoint = worker.get_objects(object_refs, timeout=timeout)
  File "/zfs/projects/darc/wolee_edehaan_suzienoh-exploratory-ml/kevin/venv/lib/python3.10/site-packages/ray/_private/worker.py", line 861, in get_objects
    raise value.as_instanceof_cause()
ray.exceptions.RayTaskError(AttributeError): [36mray::ImplicitFunc.train()[39m (pid=251200, ip=10.112.2.40, actor_id=a7e3e5901284590e5f73e97501000000, repr=train_fnn)
  File "/zfs/projects/darc/wolee_edehaan_suzienoh-exploratory-ml/kevin/venv/lib/python3.10/site-packages/ray/tune/trainable/trainable.py", line 331, in train
    raise skipped from exception_cause(skipped)
  File "/zfs/projects/darc/wolee_edehaan_suzienoh-exploratory-ml/kevin/venv/lib/python3.10/site-packages/ray/air/_internal/util.py", line 98, in run
    self._ret = self._target(*self._args, **self._kwargs)
  File "/zfs/projects/darc/wolee_edehaan_suzienoh-exploratory-ml/kevin/venv/lib/python3.10/site-packages/ray/tune/trainable/function_trainable.py", line 45, in <lambda>
    training_func=lambda: self._trainable_func(self.config),
  File "/zfs/projects/darc/wolee_edehaan_suzienoh-exploratory-ml/kevin/venv/lib/python3.10/site-packages/ray/tune/trainable/function_trainable.py", line 248, in _trainable_func
    output = fn()
  File "/zfs/projects/darc/wolee_edehaan_suzienoh-exploratory-ml/kevin/venv/lib/python3.10/site-packages/ray/tune/trainable/util.py", line 130, in inner
    return trainable(config, **fn_kwargs)
  File "/tmp/ray/session_2024-07-03_01-39-42_505366_247917/runtime_resources/working_dir_files/_ray_pkg_9d5f5981545aa15d/model_data_nn.py", line 159, in train_fnn
    loss_function = nn.MSE
AttributeError: module 'torch.nn' has no attribute 'MSE'
2024-07-03 01:40:08,698	ERROR tune_controller.py:1331 -- Trial task failed for trial train_fnn_2131c_00003
Traceback (most recent call last):
  File "/zfs/projects/darc/wolee_edehaan_suzienoh-exploratory-ml/kevin/venv/lib/python3.10/site-packages/ray/air/execution/_internal/event_manager.py", line 110, in resolve_future
    result = ray.get(future)
  File "/zfs/projects/darc/wolee_edehaan_suzienoh-exploratory-ml/kevin/venv/lib/python3.10/site-packages/ray/_private/auto_init_hook.py", line 21, in auto_init_wrapper
    return fn(*args, **kwargs)
  File "/zfs/projects/darc/wolee_edehaan_suzienoh-exploratory-ml/kevin/venv/lib/python3.10/site-packages/ray/_private/client_mode_hook.py", line 103, in wrapper
    return func(*args, **kwargs)
  File "/zfs/projects/darc/wolee_edehaan_suzienoh-exploratory-ml/kevin/venv/lib/python3.10/site-packages/ray/_private/worker.py", line 2613, in get
    values, debugger_breakpoint = worker.get_objects(object_refs, timeout=timeout)
  File "/zfs/projects/darc/wolee_edehaan_suzienoh-exploratory-ml/kevin/venv/lib/python3.10/site-packages/ray/_private/worker.py", line 861, in get_objects
    raise value.as_instanceof_cause()
ray.exceptions.RayTaskError(AttributeError): [36mray::ImplicitFunc.train()[39m (pid=252693, ip=10.112.2.40, actor_id=5ca0cf89f40d611822b630df01000000, repr=train_fnn)
  File "/zfs/projects/darc/wolee_edehaan_suzienoh-exploratory-ml/kevin/venv/lib/python3.10/site-packages/ray/tune/trainable/trainable.py", line 331, in train
    raise skipped from exception_cause(skipped)
  File "/zfs/projects/darc/wolee_edehaan_suzienoh-exploratory-ml/kevin/venv/lib/python3.10/site-packages/ray/air/_internal/util.py", line 98, in run
    self._ret = self._target(*self._args, **self._kwargs)
  File "/zfs/projects/darc/wolee_edehaan_suzienoh-exploratory-ml/kevin/venv/lib/python3.10/site-packages/ray/tune/trainable/function_trainable.py", line 45, in <lambda>
    training_func=lambda: self._trainable_func(self.config),
  File "/zfs/projects/darc/wolee_edehaan_suzienoh-exploratory-ml/kevin/venv/lib/python3.10/site-packages/ray/tune/trainable/function_trainable.py", line 248, in _trainable_func
    output = fn()
  File "/zfs/projects/darc/wolee_edehaan_suzienoh-exploratory-ml/kevin/venv/lib/python3.10/site-packages/ray/tune/trainable/util.py", line 130, in inner
    return trainable(config, **fn_kwargs)
  File "/tmp/ray/session_2024-07-03_01-39-42_505366_247917/runtime_resources/working_dir_files/_ray_pkg_9d5f5981545aa15d/model_data_nn.py", line 159, in train_fnn
    loss_function = nn.MSE
AttributeError: module 'torch.nn' has no attribute 'MSE'
2024-07-03 01:40:13,927	ERROR tune_controller.py:1331 -- Trial task failed for trial train_fnn_2131c_00004
Traceback (most recent call last):
  File "/zfs/projects/darc/wolee_edehaan_suzienoh-exploratory-ml/kevin/venv/lib/python3.10/site-packages/ray/air/execution/_internal/event_manager.py", line 110, in resolve_future
    result = ray.get(future)
  File "/zfs/projects/darc/wolee_edehaan_suzienoh-exploratory-ml/kevin/venv/lib/python3.10/site-packages/ray/_private/auto_init_hook.py", line 21, in auto_init_wrapper
    return fn(*args, **kwargs)
  File "/zfs/projects/darc/wolee_edehaan_suzienoh-exploratory-ml/kevin/venv/lib/python3.10/site-packages/ray/_private/client_mode_hook.py", line 103, in wrapper
    return func(*args, **kwargs)
  File "/zfs/projects/darc/wolee_edehaan_suzienoh-exploratory-ml/kevin/venv/lib/python3.10/site-packages/ray/_private/worker.py", line 2613, in get
    values, debugger_breakpoint = worker.get_objects(object_refs, timeout=timeout)
  File "/zfs/projects/darc/wolee_edehaan_suzienoh-exploratory-ml/kevin/venv/lib/python3.10/site-packages/ray/_private/worker.py", line 861, in get_objects
    raise value.as_instanceof_cause()
ray.exceptions.RayTaskError(AttributeError): [36mray::ImplicitFunc.train()[39m (pid=263999, ip=10.112.2.40, actor_id=1383d891ff75a80decaeeac301000000, repr=train_fnn)
  File "/zfs/projects/darc/wolee_edehaan_suzienoh-exploratory-ml/kevin/venv/lib/python3.10/site-packages/ray/tune/trainable/trainable.py", line 331, in train
    raise skipped from exception_cause(skipped)
  File "/zfs/projects/darc/wolee_edehaan_suzienoh-exploratory-ml/kevin/venv/lib/python3.10/site-packages/ray/air/_internal/util.py", line 98, in run
    self._ret = self._target(*self._args, **self._kwargs)
  File "/zfs/projects/darc/wolee_edehaan_suzienoh-exploratory-ml/kevin/venv/lib/python3.10/site-packages/ray/tune/trainable/function_trainable.py", line 45, in <lambda>
    training_func=lambda: self._trainable_func(self.config),
  File "/zfs/projects/darc/wolee_edehaan_suzienoh-exploratory-ml/kevin/venv/lib/python3.10/site-packages/ray/tune/trainable/function_trainable.py", line 248, in _trainable_func
    output = fn()
  File "/zfs/projects/darc/wolee_edehaan_suzienoh-exploratory-ml/kevin/venv/lib/python3.10/site-packages/ray/tune/trainable/util.py", line 130, in inner
    return trainable(config, **fn_kwargs)
  File "/tmp/ray/session_2024-07-03_01-39-42_505366_247917/runtime_resources/working_dir_files/_ray_pkg_9d5f5981545aa15d/model_data_nn.py", line 159, in train_fnn
    loss_function = nn.MSE
AttributeError: module 'torch.nn' has no attribute 'MSE'
2024-07-03 01:40:19,157	ERROR tune_controller.py:1331 -- Trial task failed for trial train_fnn_2131c_00005
Traceback (most recent call last):
  File "/zfs/projects/darc/wolee_edehaan_suzienoh-exploratory-ml/kevin/venv/lib/python3.10/site-packages/ray/air/execution/_internal/event_manager.py", line 110, in resolve_future
    result = ray.get(future)
  File "/zfs/projects/darc/wolee_edehaan_suzienoh-exploratory-ml/kevin/venv/lib/python3.10/site-packages/ray/_private/auto_init_hook.py", line 21, in auto_init_wrapper
    return fn(*args, **kwargs)
  File "/zfs/projects/darc/wolee_edehaan_suzienoh-exploratory-ml/kevin/venv/lib/python3.10/site-packages/ray/_private/client_mode_hook.py", line 103, in wrapper
    return func(*args, **kwargs)
  File "/zfs/projects/darc/wolee_edehaan_suzienoh-exploratory-ml/kevin/venv/lib/python3.10/site-packages/ray/_private/worker.py", line 2613, in get
    values, debugger_breakpoint = worker.get_objects(object_refs, timeout=timeout)
  File "/zfs/projects/darc/wolee_edehaan_suzienoh-exploratory-ml/kevin/venv/lib/python3.10/site-packages/ray/_private/worker.py", line 861, in get_objects
    raise value.as_instanceof_cause()
ray.exceptions.RayTaskError(AttributeError): [36mray::ImplicitFunc.train()[39m (pid=265319, ip=10.112.2.40, actor_id=88cfdeab6e11d7fd44ca013001000000, repr=train_fnn)
  File "/zfs/projects/darc/wolee_edehaan_suzienoh-exploratory-ml/kevin/venv/lib/python3.10/site-packages/ray/tune/trainable/trainable.py", line 331, in train
    raise skipped from exception_cause(skipped)
  File "/zfs/projects/darc/wolee_edehaan_suzienoh-exploratory-ml/kevin/venv/lib/python3.10/site-packages/ray/air/_internal/util.py", line 98, in run
    self._ret = self._target(*self._args, **self._kwargs)
  File "/zfs/projects/darc/wolee_edehaan_suzienoh-exploratory-ml/kevin/venv/lib/python3.10/site-packages/ray/tune/trainable/function_trainable.py", line 45, in <lambda>
    training_func=lambda: self._trainable_func(self.config),
  File "/zfs/projects/darc/wolee_edehaan_suzienoh-exploratory-ml/kevin/venv/lib/python3.10/site-packages/ray/tune/trainable/function_trainable.py", line 248, in _trainable_func
    output = fn()
  File "/zfs/projects/darc/wolee_edehaan_suzienoh-exploratory-ml/kevin/venv/lib/python3.10/site-packages/ray/tune/trainable/util.py", line 130, in inner
    return trainable(config, **fn_kwargs)
  File "/tmp/ray/session_2024-07-03_01-39-42_505366_247917/runtime_resources/working_dir_files/_ray_pkg_9d5f5981545aa15d/model_data_nn.py", line 159, in train_fnn
    loss_function = nn.MSE
AttributeError: module 'torch.nn' has no attribute 'MSE'
2024-07-03 01:40:24,553	ERROR tune_controller.py:1331 -- Trial task failed for trial train_fnn_2131c_00006
Traceback (most recent call last):
  File "/zfs/projects/darc/wolee_edehaan_suzienoh-exploratory-ml/kevin/venv/lib/python3.10/site-packages/ray/air/execution/_internal/event_manager.py", line 110, in resolve_future
    result = ray.get(future)
  File "/zfs/projects/darc/wolee_edehaan_suzienoh-exploratory-ml/kevin/venv/lib/python3.10/site-packages/ray/_private/auto_init_hook.py", line 21, in auto_init_wrapper
    return fn(*args, **kwargs)
  File "/zfs/projects/darc/wolee_edehaan_suzienoh-exploratory-ml/kevin/venv/lib/python3.10/site-packages/ray/_private/client_mode_hook.py", line 103, in wrapper
    return func(*args, **kwargs)
  File "/zfs/projects/darc/wolee_edehaan_suzienoh-exploratory-ml/kevin/venv/lib/python3.10/site-packages/ray/_private/worker.py", line 2613, in get
    values, debugger_breakpoint = worker.get_objects(object_refs, timeout=timeout)
  File "/zfs/projects/darc/wolee_edehaan_suzienoh-exploratory-ml/kevin/venv/lib/python3.10/site-packages/ray/_private/worker.py", line 861, in get_objects
    raise value.as_instanceof_cause()
ray.exceptions.RayTaskError(AttributeError): [36mray::ImplicitFunc.train()[39m (pid=265412, ip=10.112.2.40, actor_id=ad87fb9cc9c54011ddd423b701000000, repr=train_fnn)
  File "/zfs/projects/darc/wolee_edehaan_suzienoh-exploratory-ml/kevin/venv/lib/python3.10/site-packages/ray/tune/trainable/trainable.py", line 331, in train
    raise skipped from exception_cause(skipped)
  File "/zfs/projects/darc/wolee_edehaan_suzienoh-exploratory-ml/kevin/venv/lib/python3.10/site-packages/ray/air/_internal/util.py", line 98, in run
    self._ret = self._target(*self._args, **self._kwargs)
  File "/zfs/projects/darc/wolee_edehaan_suzienoh-exploratory-ml/kevin/venv/lib/python3.10/site-packages/ray/tune/trainable/function_trainable.py", line 45, in <lambda>
    training_func=lambda: self._trainable_func(self.config),
  File "/zfs/projects/darc/wolee_edehaan_suzienoh-exploratory-ml/kevin/venv/lib/python3.10/site-packages/ray/tune/trainable/function_trainable.py", line 248, in _trainable_func
    output = fn()
  File "/zfs/projects/darc/wolee_edehaan_suzienoh-exploratory-ml/kevin/venv/lib/python3.10/site-packages/ray/tune/trainable/util.py", line 130, in inner
    return trainable(config, **fn_kwargs)
  File "/tmp/ray/session_2024-07-03_01-39-42_505366_247917/runtime_resources/working_dir_files/_ray_pkg_9d5f5981545aa15d/model_data_nn.py", line 159, in train_fnn
    loss_function = nn.MSE
AttributeError: module 'torch.nn' has no attribute 'MSE'
2024-07-03 01:40:29,817	ERROR tune_controller.py:1331 -- Trial task failed for trial train_fnn_2131c_00007
Traceback (most recent call last):
  File "/zfs/projects/darc/wolee_edehaan_suzienoh-exploratory-ml/kevin/venv/lib/python3.10/site-packages/ray/air/execution/_internal/event_manager.py", line 110, in resolve_future
    result = ray.get(future)
  File "/zfs/projects/darc/wolee_edehaan_suzienoh-exploratory-ml/kevin/venv/lib/python3.10/site-packages/ray/_private/auto_init_hook.py", line 21, in auto_init_wrapper
    return fn(*args, **kwargs)
  File "/zfs/projects/darc/wolee_edehaan_suzienoh-exploratory-ml/kevin/venv/lib/python3.10/site-packages/ray/_private/client_mode_hook.py", line 103, in wrapper
    return func(*args, **kwargs)
  File "/zfs/projects/darc/wolee_edehaan_suzienoh-exploratory-ml/kevin/venv/lib/python3.10/site-packages/ray/_private/worker.py", line 2613, in get
    values, debugger_breakpoint = worker.get_objects(object_refs, timeout=timeout)
  File "/zfs/projects/darc/wolee_edehaan_suzienoh-exploratory-ml/kevin/venv/lib/python3.10/site-packages/ray/_private/worker.py", line 861, in get_objects
    raise value.as_instanceof_cause()
ray.exceptions.RayTaskError(AttributeError): [36mray::ImplicitFunc.train()[39m (pid=265499, ip=10.112.2.40, actor_id=c920225861158d9fd519081d01000000, repr=train_fnn)
  File "/zfs/projects/darc/wolee_edehaan_suzienoh-exploratory-ml/kevin/venv/lib/python3.10/site-packages/ray/tune/trainable/trainable.py", line 331, in train
    raise skipped from exception_cause(skipped)
  File "/zfs/projects/darc/wolee_edehaan_suzienoh-exploratory-ml/kevin/venv/lib/python3.10/site-packages/ray/air/_internal/util.py", line 98, in run
    self._ret = self._target(*self._args, **self._kwargs)
  File "/zfs/projects/darc/wolee_edehaan_suzienoh-exploratory-ml/kevin/venv/lib/python3.10/site-packages/ray/tune/trainable/function_trainable.py", line 45, in <lambda>
    training_func=lambda: self._trainable_func(self.config),
  File "/zfs/projects/darc/wolee_edehaan_suzienoh-exploratory-ml/kevin/venv/lib/python3.10/site-packages/ray/tune/trainable/function_trainable.py", line 248, in _trainable_func
    output = fn()
  File "/zfs/projects/darc/wolee_edehaan_suzienoh-exploratory-ml/kevin/venv/lib/python3.10/site-packages/ray/tune/trainable/util.py", line 130, in inner
    return trainable(config, **fn_kwargs)
  File "/tmp/ray/session_2024-07-03_01-39-42_505366_247917/runtime_resources/working_dir_files/_ray_pkg_9d5f5981545aa15d/model_data_nn.py", line 159, in train_fnn
    loss_function = nn.MSE
AttributeError: module 'torch.nn' has no attribute 'MSE'
2024-07-03 01:40:37,757	ERROR tune_controller.py:1331 -- Trial task failed for trial train_fnn_2131c_00008
Traceback (most recent call last):
  File "/zfs/projects/darc/wolee_edehaan_suzienoh-exploratory-ml/kevin/venv/lib/python3.10/site-packages/ray/air/execution/_internal/event_manager.py", line 110, in resolve_future
    result = ray.get(future)
  File "/zfs/projects/darc/wolee_edehaan_suzienoh-exploratory-ml/kevin/venv/lib/python3.10/site-packages/ray/_private/auto_init_hook.py", line 21, in auto_init_wrapper
    return fn(*args, **kwargs)
  File "/zfs/projects/darc/wolee_edehaan_suzienoh-exploratory-ml/kevin/venv/lib/python3.10/site-packages/ray/_private/client_mode_hook.py", line 103, in wrapper
    return func(*args, **kwargs)
  File "/zfs/projects/darc/wolee_edehaan_suzienoh-exploratory-ml/kevin/venv/lib/python3.10/site-packages/ray/_private/worker.py", line 2613, in get
    values, debugger_breakpoint = worker.get_objects(object_refs, timeout=timeout)
  File "/zfs/projects/darc/wolee_edehaan_suzienoh-exploratory-ml/kevin/venv/lib/python3.10/site-packages/ray/_private/worker.py", line 861, in get_objects
    raise value.as_instanceof_cause()
ray.exceptions.RayTaskError(AttributeError): [36mray::ImplicitFunc.train()[39m (pid=265589, ip=10.112.2.40, actor_id=de1517fd207627c3c596c4f901000000, repr=train_fnn)
  File "/zfs/projects/darc/wolee_edehaan_suzienoh-exploratory-ml/kevin/venv/lib/python3.10/site-packages/ray/tune/trainable/trainable.py", line 331, in train
    raise skipped from exception_cause(skipped)
  File "/zfs/projects/darc/wolee_edehaan_suzienoh-exploratory-ml/kevin/venv/lib/python3.10/site-packages/ray/air/_internal/util.py", line 98, in run
    self._ret = self._target(*self._args, **self._kwargs)
  File "/zfs/projects/darc/wolee_edehaan_suzienoh-exploratory-ml/kevin/venv/lib/python3.10/site-packages/ray/tune/trainable/function_trainable.py", line 45, in <lambda>
    training_func=lambda: self._trainable_func(self.config),
  File "/zfs/projects/darc/wolee_edehaan_suzienoh-exploratory-ml/kevin/venv/lib/python3.10/site-packages/ray/tune/trainable/function_trainable.py", line 248, in _trainable_func
    output = fn()
  File "/zfs/projects/darc/wolee_edehaan_suzienoh-exploratory-ml/kevin/venv/lib/python3.10/site-packages/ray/tune/trainable/util.py", line 130, in inner
    return trainable(config, **fn_kwargs)
  File "/tmp/ray/session_2024-07-03_01-39-42_505366_247917/runtime_resources/working_dir_files/_ray_pkg_9d5f5981545aa15d/model_data_nn.py", line 159, in train_fnn
    loss_function = nn.MSE
AttributeError: module 'torch.nn' has no attribute 'MSE'
2024-07-03 01:40:43,145	ERROR tune_controller.py:1331 -- Trial task failed for trial train_fnn_2131c_00009
Traceback (most recent call last):
  File "/zfs/projects/darc/wolee_edehaan_suzienoh-exploratory-ml/kevin/venv/lib/python3.10/site-packages/ray/air/execution/_internal/event_manager.py", line 110, in resolve_future
    result = ray.get(future)
  File "/zfs/projects/darc/wolee_edehaan_suzienoh-exploratory-ml/kevin/venv/lib/python3.10/site-packages/ray/_private/auto_init_hook.py", line 21, in auto_init_wrapper
    return fn(*args, **kwargs)
  File "/zfs/projects/darc/wolee_edehaan_suzienoh-exploratory-ml/kevin/venv/lib/python3.10/site-packages/ray/_private/client_mode_hook.py", line 103, in wrapper
    return func(*args, **kwargs)
  File "/zfs/projects/darc/wolee_edehaan_suzienoh-exploratory-ml/kevin/venv/lib/python3.10/site-packages/ray/_private/worker.py", line 2613, in get
    values, debugger_breakpoint = worker.get_objects(object_refs, timeout=timeout)
  File "/zfs/projects/darc/wolee_edehaan_suzienoh-exploratory-ml/kevin/venv/lib/python3.10/site-packages/ray/_private/worker.py", line 861, in get_objects
    raise value.as_instanceof_cause()
ray.exceptions.RayTaskError(AttributeError): [36mray::ImplicitFunc.train()[39m (pid=265681, ip=10.112.2.40, actor_id=12efe6b0d78ed0b7e09edf6401000000, repr=train_fnn)
  File "/zfs/projects/darc/wolee_edehaan_suzienoh-exploratory-ml/kevin/venv/lib/python3.10/site-packages/ray/tune/trainable/trainable.py", line 331, in train
    raise skipped from exception_cause(skipped)
  File "/zfs/projects/darc/wolee_edehaan_suzienoh-exploratory-ml/kevin/venv/lib/python3.10/site-packages/ray/air/_internal/util.py", line 98, in run
    self._ret = self._target(*self._args, **self._kwargs)
  File "/zfs/projects/darc/wolee_edehaan_suzienoh-exploratory-ml/kevin/venv/lib/python3.10/site-packages/ray/tune/trainable/function_trainable.py", line 45, in <lambda>
    training_func=lambda: self._trainable_func(self.config),
  File "/zfs/projects/darc/wolee_edehaan_suzienoh-exploratory-ml/kevin/venv/lib/python3.10/site-packages/ray/tune/trainable/function_trainable.py", line 248, in _trainable_func
    output = fn()
  File "/zfs/projects/darc/wolee_edehaan_suzienoh-exploratory-ml/kevin/venv/lib/python3.10/site-packages/ray/tune/trainable/util.py", line 130, in inner
    return trainable(config, **fn_kwargs)
  File "/tmp/ray/session_2024-07-03_01-39-42_505366_247917/runtime_resources/working_dir_files/_ray_pkg_9d5f5981545aa15d/model_data_nn.py", line 159, in train_fnn
    loss_function = nn.MSE
AttributeError: module 'torch.nn' has no attribute 'MSE'
2024-07-03 01:40:48,313	ERROR tune_controller.py:1331 -- Trial task failed for trial train_fnn_2131c_00010
Traceback (most recent call last):
  File "/zfs/projects/darc/wolee_edehaan_suzienoh-exploratory-ml/kevin/venv/lib/python3.10/site-packages/ray/air/execution/_internal/event_manager.py", line 110, in resolve_future
    result = ray.get(future)
  File "/zfs/projects/darc/wolee_edehaan_suzienoh-exploratory-ml/kevin/venv/lib/python3.10/site-packages/ray/_private/auto_init_hook.py", line 21, in auto_init_wrapper
    return fn(*args, **kwargs)
  File "/zfs/projects/darc/wolee_edehaan_suzienoh-exploratory-ml/kevin/venv/lib/python3.10/site-packages/ray/_private/client_mode_hook.py", line 103, in wrapper
    return func(*args, **kwargs)
  File "/zfs/projects/darc/wolee_edehaan_suzienoh-exploratory-ml/kevin/venv/lib/python3.10/site-packages/ray/_private/worker.py", line 2613, in get
    values, debugger_breakpoint = worker.get_objects(object_refs, timeout=timeout)
  File "/zfs/projects/darc/wolee_edehaan_suzienoh-exploratory-ml/kevin/venv/lib/python3.10/site-packages/ray/_private/worker.py", line 861, in get_objects
    raise value.as_instanceof_cause()
ray.exceptions.RayTaskError(AttributeError): [36mray::ImplicitFunc.train()[39m (pid=265765, ip=10.112.2.40, actor_id=e8123f089d97bbb55738d43b01000000, repr=train_fnn)
  File "/zfs/projects/darc/wolee_edehaan_suzienoh-exploratory-ml/kevin/venv/lib/python3.10/site-packages/ray/tune/trainable/trainable.py", line 331, in train
    raise skipped from exception_cause(skipped)
  File "/zfs/projects/darc/wolee_edehaan_suzienoh-exploratory-ml/kevin/venv/lib/python3.10/site-packages/ray/air/_internal/util.py", line 98, in run
    self._ret = self._target(*self._args, **self._kwargs)
  File "/zfs/projects/darc/wolee_edehaan_suzienoh-exploratory-ml/kevin/venv/lib/python3.10/site-packages/ray/tune/trainable/function_trainable.py", line 45, in <lambda>
    training_func=lambda: self._trainable_func(self.config),
  File "/zfs/projects/darc/wolee_edehaan_suzienoh-exploratory-ml/kevin/venv/lib/python3.10/site-packages/ray/tune/trainable/function_trainable.py", line 248, in _trainable_func
    output = fn()
  File "/zfs/projects/darc/wolee_edehaan_suzienoh-exploratory-ml/kevin/venv/lib/python3.10/site-packages/ray/tune/trainable/util.py", line 130, in inner
    return trainable(config, **fn_kwargs)
  File "/tmp/ray/session_2024-07-03_01-39-42_505366_247917/runtime_resources/working_dir_files/_ray_pkg_9d5f5981545aa15d/model_data_nn.py", line 159, in train_fnn
    loss_function = nn.MSE
AttributeError: module 'torch.nn' has no attribute 'MSE'
2024-07-03 01:40:53,547	ERROR tune_controller.py:1331 -- Trial task failed for trial train_fnn_2131c_00011
Traceback (most recent call last):
  File "/zfs/projects/darc/wolee_edehaan_suzienoh-exploratory-ml/kevin/venv/lib/python3.10/site-packages/ray/air/execution/_internal/event_manager.py", line 110, in resolve_future
    result = ray.get(future)
  File "/zfs/projects/darc/wolee_edehaan_suzienoh-exploratory-ml/kevin/venv/lib/python3.10/site-packages/ray/_private/auto_init_hook.py", line 21, in auto_init_wrapper
    return fn(*args, **kwargs)
  File "/zfs/projects/darc/wolee_edehaan_suzienoh-exploratory-ml/kevin/venv/lib/python3.10/site-packages/ray/_private/client_mode_hook.py", line 103, in wrapper
    return func(*args, **kwargs)
  File "/zfs/projects/darc/wolee_edehaan_suzienoh-exploratory-ml/kevin/venv/lib/python3.10/site-packages/ray/_private/worker.py", line 2613, in get
    values, debugger_breakpoint = worker.get_objects(object_refs, timeout=timeout)
  File "/zfs/projects/darc/wolee_edehaan_suzienoh-exploratory-ml/kevin/venv/lib/python3.10/site-packages/ray/_private/worker.py", line 861, in get_objects
    raise value.as_instanceof_cause()
ray.exceptions.RayTaskError(AttributeError): [36mray::ImplicitFunc.train()[39m (pid=265852, ip=10.112.2.40, actor_id=8be83bf2d71862863678821401000000, repr=train_fnn)
  File "/zfs/projects/darc/wolee_edehaan_suzienoh-exploratory-ml/kevin/venv/lib/python3.10/site-packages/ray/tune/trainable/trainable.py", line 331, in train
    raise skipped from exception_cause(skipped)
  File "/zfs/projects/darc/wolee_edehaan_suzienoh-exploratory-ml/kevin/venv/lib/python3.10/site-packages/ray/air/_internal/util.py", line 98, in run
    self._ret = self._target(*self._args, **self._kwargs)
  File "/zfs/projects/darc/wolee_edehaan_suzienoh-exploratory-ml/kevin/venv/lib/python3.10/site-packages/ray/tune/trainable/function_trainable.py", line 45, in <lambda>
    training_func=lambda: self._trainable_func(self.config),
  File "/zfs/projects/darc/wolee_edehaan_suzienoh-exploratory-ml/kevin/venv/lib/python3.10/site-packages/ray/tune/trainable/function_trainable.py", line 248, in _trainable_func
    output = fn()
  File "/zfs/projects/darc/wolee_edehaan_suzienoh-exploratory-ml/kevin/venv/lib/python3.10/site-packages/ray/tune/trainable/util.py", line 130, in inner
    return trainable(config, **fn_kwargs)
  File "/tmp/ray/session_2024-07-03_01-39-42_505366_247917/runtime_resources/working_dir_files/_ray_pkg_9d5f5981545aa15d/model_data_nn.py", line 159, in train_fnn
    loss_function = nn.MSE
AttributeError: module 'torch.nn' has no attribute 'MSE'
2024-07-03 01:40:58,943	ERROR tune_controller.py:1331 -- Trial task failed for trial train_fnn_2131c_00012
Traceback (most recent call last):
  File "/zfs/projects/darc/wolee_edehaan_suzienoh-exploratory-ml/kevin/venv/lib/python3.10/site-packages/ray/air/execution/_internal/event_manager.py", line 110, in resolve_future
    result = ray.get(future)
  File "/zfs/projects/darc/wolee_edehaan_suzienoh-exploratory-ml/kevin/venv/lib/python3.10/site-packages/ray/_private/auto_init_hook.py", line 21, in auto_init_wrapper
    return fn(*args, **kwargs)
  File "/zfs/projects/darc/wolee_edehaan_suzienoh-exploratory-ml/kevin/venv/lib/python3.10/site-packages/ray/_private/client_mode_hook.py", line 103, in wrapper
    return func(*args, **kwargs)
  File "/zfs/projects/darc/wolee_edehaan_suzienoh-exploratory-ml/kevin/venv/lib/python3.10/site-packages/ray/_private/worker.py", line 2613, in get
    values, debugger_breakpoint = worker.get_objects(object_refs, timeout=timeout)
  File "/zfs/projects/darc/wolee_edehaan_suzienoh-exploratory-ml/kevin/venv/lib/python3.10/site-packages/ray/_private/worker.py", line 861, in get_objects
    raise value.as_instanceof_cause()
ray.exceptions.RayTaskError(AttributeError): [36mray::ImplicitFunc.train()[39m (pid=265939, ip=10.112.2.40, actor_id=a1b0c193f7424d3d9f75cc2901000000, repr=train_fnn)
  File "/zfs/projects/darc/wolee_edehaan_suzienoh-exploratory-ml/kevin/venv/lib/python3.10/site-packages/ray/tune/trainable/trainable.py", line 331, in train
    raise skipped from exception_cause(skipped)
  File "/zfs/projects/darc/wolee_edehaan_suzienoh-exploratory-ml/kevin/venv/lib/python3.10/site-packages/ray/air/_internal/util.py", line 98, in run
    self._ret = self._target(*self._args, **self._kwargs)
  File "/zfs/projects/darc/wolee_edehaan_suzienoh-exploratory-ml/kevin/venv/lib/python3.10/site-packages/ray/tune/trainable/function_trainable.py", line 45, in <lambda>
    training_func=lambda: self._trainable_func(self.config),
  File "/zfs/projects/darc/wolee_edehaan_suzienoh-exploratory-ml/kevin/venv/lib/python3.10/site-packages/ray/tune/trainable/function_trainable.py", line 248, in _trainable_func
    output = fn()
  File "/zfs/projects/darc/wolee_edehaan_suzienoh-exploratory-ml/kevin/venv/lib/python3.10/site-packages/ray/tune/trainable/util.py", line 130, in inner
    return trainable(config, **fn_kwargs)
  File "/tmp/ray/session_2024-07-03_01-39-42_505366_247917/runtime_resources/working_dir_files/_ray_pkg_9d5f5981545aa15d/model_data_nn.py", line 159, in train_fnn
    loss_function = nn.MSE
AttributeError: module 'torch.nn' has no attribute 'MSE'
2024-07-03 01:41:04,238	ERROR tune_controller.py:1331 -- Trial task failed for trial train_fnn_2131c_00013
Traceback (most recent call last):
  File "/zfs/projects/darc/wolee_edehaan_suzienoh-exploratory-ml/kevin/venv/lib/python3.10/site-packages/ray/air/execution/_internal/event_manager.py", line 110, in resolve_future
    result = ray.get(future)
  File "/zfs/projects/darc/wolee_edehaan_suzienoh-exploratory-ml/kevin/venv/lib/python3.10/site-packages/ray/_private/auto_init_hook.py", line 21, in auto_init_wrapper
    return fn(*args, **kwargs)
  File "/zfs/projects/darc/wolee_edehaan_suzienoh-exploratory-ml/kevin/venv/lib/python3.10/site-packages/ray/_private/client_mode_hook.py", line 103, in wrapper
    return func(*args, **kwargs)
  File "/zfs/projects/darc/wolee_edehaan_suzienoh-exploratory-ml/kevin/venv/lib/python3.10/site-packages/ray/_private/worker.py", line 2613, in get
    values, debugger_breakpoint = worker.get_objects(object_refs, timeout=timeout)
  File "/zfs/projects/darc/wolee_edehaan_suzienoh-exploratory-ml/kevin/venv/lib/python3.10/site-packages/ray/_private/worker.py", line 861, in get_objects
    raise value.as_instanceof_cause()
ray.exceptions.RayTaskError(AttributeError): [36mray::ImplicitFunc.train()[39m (pid=266027, ip=10.112.2.40, actor_id=71c7107ed9038757bacbb6db01000000, repr=train_fnn)
  File "/zfs/projects/darc/wolee_edehaan_suzienoh-exploratory-ml/kevin/venv/lib/python3.10/site-packages/ray/tune/trainable/trainable.py", line 331, in train
    raise skipped from exception_cause(skipped)
  File "/zfs/projects/darc/wolee_edehaan_suzienoh-exploratory-ml/kevin/venv/lib/python3.10/site-packages/ray/air/_internal/util.py", line 98, in run
    self._ret = self._target(*self._args, **self._kwargs)
  File "/zfs/projects/darc/wolee_edehaan_suzienoh-exploratory-ml/kevin/venv/lib/python3.10/site-packages/ray/tune/trainable/function_trainable.py", line 45, in <lambda>
    training_func=lambda: self._trainable_func(self.config),
  File "/zfs/projects/darc/wolee_edehaan_suzienoh-exploratory-ml/kevin/venv/lib/python3.10/site-packages/ray/tune/trainable/function_trainable.py", line 248, in _trainable_func
    output = fn()
  File "/zfs/projects/darc/wolee_edehaan_suzienoh-exploratory-ml/kevin/venv/lib/python3.10/site-packages/ray/tune/trainable/util.py", line 130, in inner
    return trainable(config, **fn_kwargs)
  File "/tmp/ray/session_2024-07-03_01-39-42_505366_247917/runtime_resources/working_dir_files/_ray_pkg_9d5f5981545aa15d/model_data_nn.py", line 159, in train_fnn
    loss_function = nn.MSE
AttributeError: module 'torch.nn' has no attribute 'MSE'
2024-07-03 01:41:09,429	ERROR tune_controller.py:1331 -- Trial task failed for trial train_fnn_2131c_00014
Traceback (most recent call last):
  File "/zfs/projects/darc/wolee_edehaan_suzienoh-exploratory-ml/kevin/venv/lib/python3.10/site-packages/ray/air/execution/_internal/event_manager.py", line 110, in resolve_future
    result = ray.get(future)
  File "/zfs/projects/darc/wolee_edehaan_suzienoh-exploratory-ml/kevin/venv/lib/python3.10/site-packages/ray/_private/auto_init_hook.py", line 21, in auto_init_wrapper
    return fn(*args, **kwargs)
  File "/zfs/projects/darc/wolee_edehaan_suzienoh-exploratory-ml/kevin/venv/lib/python3.10/site-packages/ray/_private/client_mode_hook.py", line 103, in wrapper
    return func(*args, **kwargs)
  File "/zfs/projects/darc/wolee_edehaan_suzienoh-exploratory-ml/kevin/venv/lib/python3.10/site-packages/ray/_private/worker.py", line 2613, in get
    values, debugger_breakpoint = worker.get_objects(object_refs, timeout=timeout)
  File "/zfs/projects/darc/wolee_edehaan_suzienoh-exploratory-ml/kevin/venv/lib/python3.10/site-packages/ray/_private/worker.py", line 861, in get_objects
    raise value.as_instanceof_cause()
ray.exceptions.RayTaskError(AttributeError): [36mray::ImplicitFunc.train()[39m (pid=266114, ip=10.112.2.40, actor_id=0465cd9b7145539f6aa3984401000000, repr=train_fnn)
  File "/zfs/projects/darc/wolee_edehaan_suzienoh-exploratory-ml/kevin/venv/lib/python3.10/site-packages/ray/tune/trainable/trainable.py", line 331, in train
    raise skipped from exception_cause(skipped)
  File "/zfs/projects/darc/wolee_edehaan_suzienoh-exploratory-ml/kevin/venv/lib/python3.10/site-packages/ray/air/_internal/util.py", line 98, in run
    self._ret = self._target(*self._args, **self._kwargs)
  File "/zfs/projects/darc/wolee_edehaan_suzienoh-exploratory-ml/kevin/venv/lib/python3.10/site-packages/ray/tune/trainable/function_trainable.py", line 45, in <lambda>
    training_func=lambda: self._trainable_func(self.config),
  File "/zfs/projects/darc/wolee_edehaan_suzienoh-exploratory-ml/kevin/venv/lib/python3.10/site-packages/ray/tune/trainable/function_trainable.py", line 248, in _trainable_func
    output = fn()
  File "/zfs/projects/darc/wolee_edehaan_suzienoh-exploratory-ml/kevin/venv/lib/python3.10/site-packages/ray/tune/trainable/util.py", line 130, in inner
    return trainable(config, **fn_kwargs)
  File "/tmp/ray/session_2024-07-03_01-39-42_505366_247917/runtime_resources/working_dir_files/_ray_pkg_9d5f5981545aa15d/model_data_nn.py", line 159, in train_fnn
    loss_function = nn.MSE
AttributeError: module 'torch.nn' has no attribute 'MSE'
2024-07-03 01:41:14,703	ERROR tune_controller.py:1331 -- Trial task failed for trial train_fnn_2131c_00015
Traceback (most recent call last):
  File "/zfs/projects/darc/wolee_edehaan_suzienoh-exploratory-ml/kevin/venv/lib/python3.10/site-packages/ray/air/execution/_internal/event_manager.py", line 110, in resolve_future
    result = ray.get(future)
  File "/zfs/projects/darc/wolee_edehaan_suzienoh-exploratory-ml/kevin/venv/lib/python3.10/site-packages/ray/_private/auto_init_hook.py", line 21, in auto_init_wrapper
    return fn(*args, **kwargs)
  File "/zfs/projects/darc/wolee_edehaan_suzienoh-exploratory-ml/kevin/venv/lib/python3.10/site-packages/ray/_private/client_mode_hook.py", line 103, in wrapper
    return func(*args, **kwargs)
  File "/zfs/projects/darc/wolee_edehaan_suzienoh-exploratory-ml/kevin/venv/lib/python3.10/site-packages/ray/_private/worker.py", line 2613, in get
    values, debugger_breakpoint = worker.get_objects(object_refs, timeout=timeout)
  File "/zfs/projects/darc/wolee_edehaan_suzienoh-exploratory-ml/kevin/venv/lib/python3.10/site-packages/ray/_private/worker.py", line 861, in get_objects
    raise value.as_instanceof_cause()
ray.exceptions.RayTaskError(AttributeError): [36mray::ImplicitFunc.train()[39m (pid=266201, ip=10.112.2.40, actor_id=efd0a5e5ea1ae441b7dc9d3f01000000, repr=train_fnn)
  File "/zfs/projects/darc/wolee_edehaan_suzienoh-exploratory-ml/kevin/venv/lib/python3.10/site-packages/ray/tune/trainable/trainable.py", line 331, in train
    raise skipped from exception_cause(skipped)
  File "/zfs/projects/darc/wolee_edehaan_suzienoh-exploratory-ml/kevin/venv/lib/python3.10/site-packages/ray/air/_internal/util.py", line 98, in run
    self._ret = self._target(*self._args, **self._kwargs)
  File "/zfs/projects/darc/wolee_edehaan_suzienoh-exploratory-ml/kevin/venv/lib/python3.10/site-packages/ray/tune/trainable/function_trainable.py", line 45, in <lambda>
    training_func=lambda: self._trainable_func(self.config),
  File "/zfs/projects/darc/wolee_edehaan_suzienoh-exploratory-ml/kevin/venv/lib/python3.10/site-packages/ray/tune/trainable/function_trainable.py", line 248, in _trainable_func
    output = fn()
  File "/zfs/projects/darc/wolee_edehaan_suzienoh-exploratory-ml/kevin/venv/lib/python3.10/site-packages/ray/tune/trainable/util.py", line 130, in inner
    return trainable(config, **fn_kwargs)
  File "/tmp/ray/session_2024-07-03_01-39-42_505366_247917/runtime_resources/working_dir_files/_ray_pkg_9d5f5981545aa15d/model_data_nn.py", line 159, in train_fnn
    loss_function = nn.MSE
AttributeError: module 'torch.nn' has no attribute 'MSE'
2024-07-03 01:41:20,142	ERROR tune_controller.py:1331 -- Trial task failed for trial train_fnn_2131c_00016
Traceback (most recent call last):
  File "/zfs/projects/darc/wolee_edehaan_suzienoh-exploratory-ml/kevin/venv/lib/python3.10/site-packages/ray/air/execution/_internal/event_manager.py", line 110, in resolve_future
    result = ray.get(future)
  File "/zfs/projects/darc/wolee_edehaan_suzienoh-exploratory-ml/kevin/venv/lib/python3.10/site-packages/ray/_private/auto_init_hook.py", line 21, in auto_init_wrapper
    return fn(*args, **kwargs)
  File "/zfs/projects/darc/wolee_edehaan_suzienoh-exploratory-ml/kevin/venv/lib/python3.10/site-packages/ray/_private/client_mode_hook.py", line 103, in wrapper
    return func(*args, **kwargs)
  File "/zfs/projects/darc/wolee_edehaan_suzienoh-exploratory-ml/kevin/venv/lib/python3.10/site-packages/ray/_private/worker.py", line 2613, in get
    values, debugger_breakpoint = worker.get_objects(object_refs, timeout=timeout)
  File "/zfs/projects/darc/wolee_edehaan_suzienoh-exploratory-ml/kevin/venv/lib/python3.10/site-packages/ray/_private/worker.py", line 861, in get_objects
    raise value.as_instanceof_cause()
ray.exceptions.RayTaskError(AttributeError): [36mray::ImplicitFunc.train()[39m (pid=266291, ip=10.112.2.40, actor_id=f1fb497879fa5e4de6041af101000000, repr=train_fnn)
  File "/zfs/projects/darc/wolee_edehaan_suzienoh-exploratory-ml/kevin/venv/lib/python3.10/site-packages/ray/tune/trainable/trainable.py", line 331, in train
    raise skipped from exception_cause(skipped)
  File "/zfs/projects/darc/wolee_edehaan_suzienoh-exploratory-ml/kevin/venv/lib/python3.10/site-packages/ray/air/_internal/util.py", line 98, in run
    self._ret = self._target(*self._args, **self._kwargs)
  File "/zfs/projects/darc/wolee_edehaan_suzienoh-exploratory-ml/kevin/venv/lib/python3.10/site-packages/ray/tune/trainable/function_trainable.py", line 45, in <lambda>
    training_func=lambda: self._trainable_func(self.config),
  File "/zfs/projects/darc/wolee_edehaan_suzienoh-exploratory-ml/kevin/venv/lib/python3.10/site-packages/ray/tune/trainable/function_trainable.py", line 248, in _trainable_func
    output = fn()
  File "/zfs/projects/darc/wolee_edehaan_suzienoh-exploratory-ml/kevin/venv/lib/python3.10/site-packages/ray/tune/trainable/util.py", line 130, in inner
    return trainable(config, **fn_kwargs)
  File "/tmp/ray/session_2024-07-03_01-39-42_505366_247917/runtime_resources/working_dir_files/_ray_pkg_9d5f5981545aa15d/model_data_nn.py", line 159, in train_fnn
    loss_function = nn.MSE
AttributeError: module 'torch.nn' has no attribute 'MSE'
2024-07-03 01:41:25,313	ERROR tune_controller.py:1331 -- Trial task failed for trial train_fnn_2131c_00017
Traceback (most recent call last):
  File "/zfs/projects/darc/wolee_edehaan_suzienoh-exploratory-ml/kevin/venv/lib/python3.10/site-packages/ray/air/execution/_internal/event_manager.py", line 110, in resolve_future
    result = ray.get(future)
  File "/zfs/projects/darc/wolee_edehaan_suzienoh-exploratory-ml/kevin/venv/lib/python3.10/site-packages/ray/_private/auto_init_hook.py", line 21, in auto_init_wrapper
    return fn(*args, **kwargs)
  File "/zfs/projects/darc/wolee_edehaan_suzienoh-exploratory-ml/kevin/venv/lib/python3.10/site-packages/ray/_private/client_mode_hook.py", line 103, in wrapper
    return func(*args, **kwargs)
  File "/zfs/projects/darc/wolee_edehaan_suzienoh-exploratory-ml/kevin/venv/lib/python3.10/site-packages/ray/_private/worker.py", line 2613, in get
    values, debugger_breakpoint = worker.get_objects(object_refs, timeout=timeout)
  File "/zfs/projects/darc/wolee_edehaan_suzienoh-exploratory-ml/kevin/venv/lib/python3.10/site-packages/ray/_private/worker.py", line 861, in get_objects
    raise value.as_instanceof_cause()
ray.exceptions.RayTaskError(AttributeError): [36mray::ImplicitFunc.train()[39m (pid=266391, ip=10.112.2.40, actor_id=86066c34c2c17eea052a99b301000000, repr=train_fnn)
  File "/zfs/projects/darc/wolee_edehaan_suzienoh-exploratory-ml/kevin/venv/lib/python3.10/site-packages/ray/tune/trainable/trainable.py", line 331, in train
    raise skipped from exception_cause(skipped)
  File "/zfs/projects/darc/wolee_edehaan_suzienoh-exploratory-ml/kevin/venv/lib/python3.10/site-packages/ray/air/_internal/util.py", line 98, in run
    self._ret = self._target(*self._args, **self._kwargs)
  File "/zfs/projects/darc/wolee_edehaan_suzienoh-exploratory-ml/kevin/venv/lib/python3.10/site-packages/ray/tune/trainable/function_trainable.py", line 45, in <lambda>
    training_func=lambda: self._trainable_func(self.config),
  File "/zfs/projects/darc/wolee_edehaan_suzienoh-exploratory-ml/kevin/venv/lib/python3.10/site-packages/ray/tune/trainable/function_trainable.py", line 248, in _trainable_func
    output = fn()
  File "/zfs/projects/darc/wolee_edehaan_suzienoh-exploratory-ml/kevin/venv/lib/python3.10/site-packages/ray/tune/trainable/util.py", line 130, in inner
    return trainable(config, **fn_kwargs)
  File "/tmp/ray/session_2024-07-03_01-39-42_505366_247917/runtime_resources/working_dir_files/_ray_pkg_9d5f5981545aa15d/model_data_nn.py", line 159, in train_fnn
    loss_function = nn.MSE
AttributeError: module 'torch.nn' has no attribute 'MSE'
