Current working directory
/zfs/projects/darc/wolee_edehaan_suzienoh-exploratory-ml/kevin
source venv/bin/activate
which python3
/zfs/projects/darc/wolee_edehaan_suzienoh-exploratory-ml/kevin/venv/bin/python3
2024-07-03 02:02:32,802	PANIC scripts.py:900 -- `--address` is a required flag unless starting a head node with `--head`.
Error: `{}` is a required flag unless starting a head node with `{}`.
Intel(R) Extension for Scikit-learn* enabled (https://github.com/intel/scikit-learn-intelex)
Intel(R) Extension for Scikit-learn* enabled (https://github.com/intel/scikit-learn-intelex)
INFO:preprocess_data_nn.py:

Loading and preprocessing data...

DEBUG:preprocess_data_nn.py:      date  permno
0  1980-01   10006
1  1980-01   10057
2  1980-01   10103
3  1980-01   10137
4  1980-01   10145
DEBUG:preprocess_data_nn.py:--------------------------------------------------
INFO:main.py:preprocessed df: (2216189, 158)
INFO:preprocess_data_nn.py:

Applying secondary data preprocessing..

INFO:main.py:secondary preprocessed df: (2165515, 158)
INFO:main.py:df sample:    permno  gvkey   adatadate  fyear  sic2     spi       mve_f  ...     zerotrade      beta    betasq      rsq1  pricedelay   idiovol  pyear
0   10006   1010  12/31/1978   1978    37  0.0000  269.308500  ...  1.115306e-07  1.060420  1.124491  0.343408    0.029859  0.025576   1980
1   10057   1098  09/30/1978   1978    36  0.0000   97.372000  ...  6.199128e-08  1.526013  2.328716  0.307905    0.092667  0.037473   1980
2   10103   1012  10/31/1978   1978    33     NaN    1.697500  ...           NaN  1.759493  3.095816  0.096753    0.221851  0.087020   1980
3   10137   1279  12/31/1978   1978    49     NaN  537.524500  ...  9.726790e-08  0.492885  0.242936  0.189693    0.125777  0.017540   1980
4   10145   1300  12/31/1978   1978    99 -0.0031  805.633282  ...  6.190654e-08  1.139163  1.297691  0.279437    0.024228  0.031201   1980

[5 rows x 158 columns]
INFO:main.py:

Transform data

INFO:transform_data_nn.py:Train data years: [1980, 1981, 1982, 1983, 1984, 1985, 1986]
INFO:transform_data_nn.py:Train_data: (341783, 158)

INFO:transform_data_nn.py:Test data years: [1987]
INFO:transform_data_nn.py:Test_data: (53899, 158)

INFO:transform_data_nn.py:Retrain data years: [1980, 1981, 1982, 1983, 1984, 1985, 1986, 1987]
INFO:transform_data_nn.py:Retrain_data: (395682, 158)

INFO:transform_data_nn.py:Prediction data years: [1988]
INFO:transform_data_nn.py:Prediction_data: (56005, 158)

DEBUG:main.py:Pipeline built: Pipeline(steps=[('Time_period_mean_imputation',
                 _TimePeriodMeanTransformer(date_column='date',
                                            numeric_columns=['absacc', 'acc',
                                                             'aeavol', 'age',
                                                             'agr', 'baspread',
                                                             'beta', 'betasq',
                                                             'bm', 'bm_ia',
                                                             'cash', 'cashdebt',
                                                             'cashpr', 'cfp',
                                                             'cfp_ia',
                                                             'chatoia',
                                                             'chcsho',
                                                             'chempia',
                                                             'chfeps', 'chinv',
                                                             'chmom',
                                                             'chnanalyst',
                                                             'chpmia', 'chtx',
                                                             'cinvest',
                                                             'currat', 'depr',
                                                             'disp', 'dolvo...
                                                   'chempia', 'chfeps', 'chinv',
                                                   'chmom', 'chnanalyst',
                                                   'chpmia', 'chtx', 'cinvest',
                                                   'currat', 'depr', 'disp',
                                                   'dolvol', 'dy', ...]),
                                                 ('cat',
                                                  Pipeline(steps=[('impute_cat',
                                                                   SimpleImputer(fill_value=0,
                                                                                 strategy='constant'))]),
                                                  ['convind', 'divi', 'divo',
                                                   'ipo', 'rd', 'securedind',
                                                   'sin']),
                                                 ('embed',
                                                  Pipeline(steps=[('impute_embed',
                                                                   SimpleImputer(fill_value=0,
                                                                                 strategy='constant'))]),
                                                  ['permno'])]))])
INFO:main.py:

Generate X and y with train_data and test_data

DEBUG:main.py:Save the reload the tensors for much faster debugging
INFO:main.py:Tensors directory already exists at: /zfs/projects/darc/wolee_edehaan_suzienoh-exploratory-ml/kevin/tensors
DEBUG:main.py:Load the tensors
INFO:main.py:
        x_train_tf: torch.Size([341783, 103])
        y_train_tf: torch.Size([341783])

        x_test_tf: torch.Size([53899, 103])
        y_test_tf: torch.Size([53899])

    
INFO:main.py:
        x_retrain_tf: torch.Size([395682, 103])
        y_retrain_tf: torch.Size([395682])

        x_prediction_tf: torch.Size([56005, 103])
        y_prediction_tf: torch.Size([56005])

    
INFO:main.py:Create train_dataset
INFO:main.py:train_dataset first example: (tensor([ 0.2614,  0.5034,  0.2386, -0.6303,  0.0469, -0.5241, -0.0284, -0.2584,
         0.3866,  0.1910, -0.8830,  0.0062, -0.5088, -0.1862, -0.0053,  0.0250,
        -0.4235,  0.1175,  0.0000,  0.6719, -0.3586,  0.0000,  0.0257,  0.0166,
         0.0370, -0.2229, -0.6756,  0.0000,  0.5764,  1.1873,  0.6227, -0.1414,
         0.5064,  0.0000, -0.5226, -0.2165,  0.1496,  0.1907,  0.1020, -1.1512,
        -0.3211,  0.0239,  0.3191, -0.0440, -0.0208, -0.6509, -0.0216, -0.0993,
        -0.6609, -0.2278, -0.1547,  0.9190, -0.1748,  0.0000,  0.0265, -0.3809,
        -0.9466, -0.0875, -0.6362, -0.1616,  0.1008, -0.6415, -0.3684, -0.1993,
        -0.2698, -0.5237,  0.0996, -0.1018, -0.1900, -0.4132, -0.7240, -0.3249,
         0.0346, -0.8136,  0.1052, -1.0783,  0.2870,  0.2369,  0.6056,  0.1760,
        -0.4392, -0.2020, -0.0110,  0.0000, -0.0826, -0.0538, -0.3134, -0.6841,
        -0.4092, -0.4207,  0.1949, -0.2766,  0.1496, -0.1756, -0.5206,  0.0000,
         0.0000,  0.0000,  0.0000,  0.0000,  0.0000,  0.0000]), tensor([5599]), tensor(0.2117))
INFO:main.py:Create test_dataset
INFO:main.py:test_dataset first example: (tensor([-6.9920e-03,  8.9557e-03, -3.4033e-01, -1.6683e+00,  4.0069e-03,
         1.0097e+00, -2.5891e-03, -1.0957e-02, -9.5448e-01,  1.8591e-01,
         3.8505e-01,  6.2086e-01,  1.9972e-01,  2.1500e-02, -2.2037e-05,
         6.4081e-03, -7.8682e-03,  1.2509e-02,  0.0000e+00,  2.2175e-02,
        -7.5173e-02,  0.0000e+00, -1.5533e-02,  1.2460e-02,  3.1036e-02,
         1.3005e-01, -2.3377e-01,  0.0000e+00, -4.6695e-01, -7.7328e-01,
        -6.6426e-01,  6.0568e-03, -1.6879e-02,  0.0000e+00,  1.5509e-02,
        -1.9876e-03,  9.2778e-03, -4.6920e-01,  6.8878e-04, -2.7767e-02,
        -1.1036e-01, -6.2118e-01,  1.3711e-02, -4.6129e-01, -4.5306e-03,
         2.2998e+00,  1.6293e-02, -1.3041e+00,  5.4224e-02, -1.1150e-03,
        -8.5550e-01, -1.1288e+00, -3.1813e-01,  0.0000e+00, -8.7597e-01,
         1.4499e-02,  3.0605e-02,  1.3658e-02, -8.7689e-03, -1.7061e-02,
         1.2506e-02, -1.1364e-02, -2.6022e-03,  1.5424e-03, -6.5274e-04,
        -7.4535e-03, -6.8802e-03, -2.2825e-02,  2.5533e-02,  1.5004e-01,
        -1.1726e-02, -2.4365e-02,  3.4575e-02,  1.6018e+00, -3.4779e+00,
        -7.2764e-02, -2.0625e+00,  4.1949e-01, -3.2436e-01, -4.6815e-01,
        -4.0800e-01, -3.1863e-01,  1.6746e+00,  0.0000e+00, -3.2632e-03,
        -6.4726e-01,  8.8510e-02,  5.2651e-01, -4.4860e-02, -4.4852e-02,
        -2.1688e-01,  1.4353e+00,  1.8772e-01,  3.0461e-01, -5.2065e-01,
         0.0000e+00,  0.0000e+00,  0.0000e+00,  1.0000e+00,  0.0000e+00,
         1.0000e+00,  0.0000e+00]), tensor([1427]), tensor(-0.5200))
INFO:main.py:Create retrain_dataset
INFO:main.py:retrain_dataset first example: (tensor([ 2.4375e-01,  4.9617e-01,  2.3474e-01, -6.5108e-01,  3.9445e-02,
        -5.2971e-01, -3.2399e-02, -2.6454e-01,  4.4939e-01,  1.9404e-01,
        -8.7559e-01,  2.9982e-02, -5.1678e-01, -1.7870e-01,  2.8057e-02,
         2.6105e-02, -4.2786e-01,  1.3802e-01,  0.0000e+00,  6.8093e-01,
        -3.5624e-01,  0.0000e+00,  3.2302e-02, -4.2100e-03,  2.3124e-02,
        -2.2767e-01, -6.6230e-01,  0.0000e+00,  5.4395e-01,  1.2575e+00,
         6.0546e-01, -1.2386e-01,  5.1282e-01,  0.0000e+00, -5.0374e-01,
        -2.0934e-01,  1.6390e-01,  1.9552e-01,  8.7618e-02, -1.1469e+00,
        -3.1720e-01,  6.2132e-02,  3.3133e-01, -2.5122e-02, -3.4593e-02,
        -6.5851e-01,  4.2816e-04, -7.2423e-02, -6.5629e-01, -2.1883e-01,
        -1.4935e-01,  8.9773e-01, -1.5623e-01,  0.0000e+00,  2.4546e-02,
        -3.5709e-01, -9.4222e-01, -1.1718e-01, -6.1813e-01, -1.7652e-01,
         1.0460e-01, -6.2822e-01, -3.6749e-01, -1.8878e-01, -2.6630e-01,
        -5.2445e-01,  7.6502e-02, -1.0615e-01, -1.6425e-01, -4.0413e-01,
        -7.2657e-01, -3.3089e-01,  3.7161e-02, -8.1525e-01,  1.3346e-01,
        -9.9192e-01,  2.9311e-01,  2.4566e-01,  6.3414e-01,  1.7033e-01,
        -4.4184e-01, -2.0106e-01, -3.8979e-03,  0.0000e+00, -7.9384e-02,
        -1.3757e-02, -3.2263e-01, -6.8126e-01, -1.6517e-01, -1.5155e-01,
         1.8087e-01, -2.6300e-01,  1.4201e-01, -2.0741e-01, -5.1845e-01,
         0.0000e+00,  0.0000e+00,  0.0000e+00,  0.0000e+00,  0.0000e+00,
         0.0000e+00,  0.0000e+00]), tensor([6115]), tensor(0.2117))
INFO:main.py:Create prediction_dataset
INFO:main.py:prediction_dataset first example: (tensor([-9.6036e-01, -4.9283e-01, -4.7202e-01, -1.2875e+00, -5.9088e-01,
        -3.4143e-01, -1.7353e+00, -1.0156e+00,  6.0711e-02,  1.9547e-01,
        -4.0377e-01, -9.2351e-03, -4.1386e-03, -3.5552e-02,  1.6291e-02,
         4.4557e-03, -4.1867e-01,  1.1388e-02,  0.0000e+00, -2.8223e-01,
        -1.5983e-01,  0.0000e+00,  8.3143e-02,  4.9025e-02, -1.0656e-02,
        -6.2313e-01, -8.2264e-01,  0.0000e+00, -5.7750e-01,  1.3797e+00,
        -1.6007e+00, -3.2115e-01,  1.1211e-01,  0.0000e+00, -1.0634e+00,
         3.8040e-03, -5.2228e-01, -8.2825e-01, -2.7243e-01, -8.6950e-01,
         5.3128e-01, -8.5044e-01, -3.8617e-01, -2.6063e-01, -4.5432e-01,
        -1.9406e-01,  1.0492e-02, -3.0692e-01,  5.1011e-03, -9.7349e-03,
        -8.4332e-01, -1.1018e+00, -1.1294e+00,  0.0000e+00, -8.6923e-01,
        -9.1403e-01,  2.6640e-02, -1.2260e-01, -3.3319e-01, -3.9018e-02,
        -1.9560e-01, -3.4380e-01, -1.7398e-01,  3.2079e-01, -1.7674e-03,
        -4.6619e-01, -2.1413e-01,  1.4636e+00, -8.8986e-01, -3.8259e-01,
        -9.5638e-03, -3.3089e-02,  3.7161e-02,  3.0098e-02, -4.4583e-01,
        -7.1099e-02, -3.4420e-01,  8.4362e-02, -6.3088e-01, -2.8029e-01,
         4.2441e+00,  3.3876e-01, -3.8979e-03,  0.0000e+00, -7.6692e-01,
        -6.3231e-02,  2.3258e+00,  5.0224e+00, -3.6348e-02, -4.6659e-02,
         2.0041e-01, -8.0320e-01, -4.0666e-01,  3.0623e-01,  1.1257e+00,
         0.0000e+00,  0.0000e+00,  0.0000e+00,  0.0000e+00,  0.0000e+00,
         0.0000e+00,  0.0000e+00]), tensor([3015]), tensor(0.0638))
INFO:main.py:train and test dataloader
INFO:main.py:train_loader first example: [tensor([[-1.0088, -0.5422, -0.4383,  ...,  0.0000,  0.0000,  0.0000],
        [-0.6924, -0.2817, -0.0022,  ...,  0.0000,  0.0000,  0.0000],
        [-0.2113,  0.1143, -0.3394,  ...,  0.0000,  0.0000,  0.0000],
        ...,
        [ 0.0943, -1.8503,  0.0265,  ...,  0.0000,  1.0000,  0.0000],
        [-0.0033,  0.0097, -0.7979,  ...,  0.0000,  0.0000,  0.0000],
        [ 1.9046,  1.8560, -0.0022,  ...,  0.0000,  0.0000,  0.0000]]), tensor([[3046],
        [3677],
        [6352],
        [5650],
        [4069],
        [4711],
        [4353],
        [6326],
        [  35],
        [6112],
        [  36],
        [3133],
        [3031],
        [3287],
        [5309],
        [5097],
        [2897],
        [6274],
        [3262],
        [ 958],
        [3578],
        [2637],
        [ 829],
        [5233],
        [3100],
        [3355],
        [2391],
        [3383],
        [2413],
        [5133],
        [4500],
        [3532],
        [3208],
        [ 235],
        [3588],
        [5584],
        [3861],
        [1782],
        [ 903],
        [3194],
        [6090],
        [4351],
        [4483],
        [2376],
        [2166],
        [ 757],
        [5938],
        [4324],
        [2368],
        [6549],
        [ 204],
        [4280],
        [4033],
        [5100],
        [1120],
        [ 321],
        [3319],
        [4152],
        [5546],
        [1720],
        [  44],
        [5584],
        [4398],
        [ 477],
        [ 962],
        [1300],
        [1919],
        [1201],
        [3318],
        [2601],
        [1314],
        [6050],
        [1922],
        [1279],
        [6114],
        [3201],
        [5532],
        [ 242],
        [1533],
        [6360],
        [3974],
        [4738],
        [2978],
        [2356],
        [ 411],
        [5947],
        [2608],
        [3806],
        [4480],
        [1549],
        [6575],
        [3959],
        [6058],
        [1670],
        [ 187],
        [3773],
        [2290],
        [2429],
        [4323],
        [1507],
        [4965],
        [5624],
        [6383],
        [1874],
        [6193],
        [ 199],
        [4098],
        [3332],
        [4379],
        [3774],
        [6450],
        [6565],
        [ 457],
        [4488],
        [4246],
        [6605],
        [6630],
        [2652],
        [6548],
        [2415],
        [1242],
        [5745],
        [  88],
        [1947],
        [ 999],
        [2290],
        [2789],
        [ 201],
        [ 214],
        [3910],
        [2709],
        [1270],
        [3838],
        [ 649],
        [5219],
        [6069],
        [3064],
        [ 821],
        [4750],
        [1297],
        [2162],
        [1283],
        [ 793],
        [1667],
        [2451],
        [1508],
        [6348],
        [2983],
        [ 978],
        [3830],
        [3272],
        [ 155],
        [6050],
        [4270],
        [4902],
        [ 606],
        [1286],
        [2401],
        [2353],
        [2652],
        [2644],
        [3991],
        [1743],
        [1876],
        [3836],
        [3372],
        [4500],
        [4616],
        [6262],
        [ 541],
        [4793],
        [1448],
        [3436],
        [4909],
        [4509],
        [5232],
        [2053],
        [ 870],
        [6000],
        [ 153],
        [6639],
        [ 812],
        [ 795],
        [2261],
        [1028],
        [3378],
        [1091],
        [3331],
        [5131],
        [4930],
        [1482],
        [5062],
        [5488],
        [5111],
        [2736],
        [5483],
        [6541],
        [4312],
        [3410],
        [ 561],
        [6187],
        [5358],
        [5967],
        [3300],
        [5833],
        [3118],
        [2180],
        [4436],
        [   2],
        [1782],
        [ 911],
        [5499],
        [ 500],
        [5780],
        [2162],
        [ 497],
        [4891],
        [5059],
        [3317],
        [2518],
        [5076],
        [5065],
        [3136],
        [5748],
        [5956],
        [ 940],
        [6559],
        [5197],
        [1149],
        [2624],
        [2866],
        [5734],
        [3451],
        [5870],
        [2280],
        [5456],
        [3766],
        [ 626],
        [5636],
        [1697],
        [2719],
        [3169],
        [5527],
        [4397],
        [1774],
        [5603],
        [  91],
        [1447],
        [1247],
        [6319],
        [ 843],
        [4039],
        [ 690],
        [2746],
        [6385],
        [5215]]), tensor([ 0.0655, -0.0700,  0.0394,  0.0787,  0.1803, -0.0815, -0.2308,  0.0750,
         0.0774,  0.0566,  0.1026,  0.0150, -0.0853, -0.0414,  0.0484,  0.0000,
         0.1579,  0.1905,  0.0409, -0.0023, -0.0377,  0.3750, -0.0077,  0.0000,
         0.0371,  0.0653,  0.2111,  0.0000, -0.1364,  0.0000, -0.0100,  0.1071,
        -0.0422,  0.1200,  0.0775, -0.0214,  0.0599,  0.0105,  0.1963,  0.0568,
        -0.0179,  0.0104, -0.2121,  0.1684, -0.0331, -0.0755,  0.3647, -0.0376,
        -0.1111,  0.0000, -0.0870,  0.1346, -0.0741, -0.0282, -0.0625,  0.0208,
        -0.0606, -0.0870, -0.0667,  0.0361,  0.2778,  0.0286, -0.1290,  0.0046,
         0.1923, -0.1509,  0.0727, -0.0930, -0.2000, -0.1724,  0.0000, -0.1905,
        -0.1667, -0.0833, -0.0410, -0.0536, -0.0685, -0.0769, -0.0084, -0.0441,
        -0.0078, -0.0414,  0.1233,  0.0784,  0.0000, -0.0500,  0.1120,  0.1207,
        -0.1147,  0.1688, -0.0363,  0.0529, -0.0124,  0.0375, -0.2442,  0.0444,
         0.0345,  0.1954, -0.0299, -0.1887, -0.0342,  0.0366, -0.0513, -0.1550,
        -0.0206,  0.0631,  0.0982, -0.0690,  0.0667, -0.0951, -0.1463,  0.0295,
        -0.0308,  0.0642,  0.2500,  0.0112,  0.1559, -0.0025,  0.0000,  0.2951,
         0.0000,  0.0000, -0.1385, -0.1327,  0.0943,  0.0567,  0.0759, -0.0012,
        -0.2222,  0.1702, -0.0524, -0.0472, -0.0735,  0.2222,  0.0312,  0.0243,
         0.2772,  0.1221,  0.0260,  0.0128,  0.0410,  0.0606,  0.0938,  0.2667,
         0.0435,  0.1731,  0.0000,  0.0046,  0.0114,  0.0833,  0.0147,  0.1053,
        -0.1429,  0.1488, -0.0254,  0.0896,  0.0952,  0.0895,  0.2610,  0.0051,
        -0.0659, -0.2568,  0.0732,  0.0000,  0.1045,  0.0741,  0.1185,  0.1509,
         0.2083, -0.2128,  0.1020,  0.5806,  0.1404, -0.0043, -0.1905, -0.0900,
        -0.0288, -0.0115,  0.0295, -0.1481,  0.6154, -0.1489,  0.0361, -0.0081,
         0.0365,  0.0847, -0.0588, -0.4000,  0.0290, -0.0093,  0.1121, -0.1000,
        -0.0063,  0.0435,  0.0521, -0.0362,  0.1325,  0.1429,  0.0217, -0.0893,
         0.0312,  0.1000,  0.1259, -0.0314,  0.0278, -0.0631, -0.0816, -0.3793,
         0.1818,  0.0284, -0.0408,  0.0000,  0.2179,  0.2568,  0.0303, -0.0250,
        -0.0615, -0.2073, -0.2000,  0.0203,  0.0952,  0.0463,  0.0341,  0.1829,
        -0.0196, -0.1326,  0.0672,  0.0400,  0.2037, -0.1228,  0.0491,  0.1636,
         0.1429, -0.0271, -0.1685, -0.1321,  0.2692,  0.2476,  0.0000, -0.0206,
        -0.0207,  0.2174, -0.0350,  0.0882,  0.1471,  0.0405, -0.0104,  0.0000,
        -0.1844,  0.3269, -0.3095,  0.1429,  0.0310, -0.0227,  0.1214, -0.2238])]

INFO:main.py:test_loader first example: [tensor([[-6.9920e-03,  8.9557e-03, -3.4033e-01,  ...,  0.0000e+00,
          1.0000e+00,  0.0000e+00],
        [-6.9920e-03,  8.9557e-03, -6.7673e-04,  ...,  0.0000e+00,
          0.0000e+00,  0.0000e+00],
        [-6.9920e-03,  8.9557e-03,  1.0606e-01,  ...,  0.0000e+00,
          0.0000e+00,  0.0000e+00],
        ...,
        [ 1.7339e-01,  4.3097e-01,  6.6809e-03,  ...,  0.0000e+00,
          1.0000e+00,  0.0000e+00],
        [ 2.1500e+00,  2.0581e+00, -4.4383e-01,  ...,  0.0000e+00,
          0.0000e+00,  0.0000e+00],
        [ 2.2295e-02,  3.0659e-01, -6.7673e-04,  ...,  0.0000e+00,
          1.0000e+00,  0.0000e+00]]), tensor([[1427],
        [3619],
        [4490],
        [4655],
        [2478],
        [4614],
        [2970],
        [ 134],
        [ 622],
        [ 323],
        [ 976],
        [ 977],
        [ 837],
        [4096],
        [2236],
        [4619],
        [  66],
        [ 891],
        [ 830],
        [4064],
        [2570],
        [4512],
        [2677],
        [ 385],
        [1924],
        [2243],
        [4835],
        [ 844],
        [4981],
        [4865],
        [1178],
        [2452],
        [1260],
        [1718],
        [2915],
        [3031],
        [2668],
        [1582],
        [ 583],
        [ 978],
        [4118],
        [3316],
        [4845],
        [3322],
        [ 160],
        [2419],
        [2650],
        [3405],
        [2107],
        [2121],
        [2543],
        [1566],
        [1596],
        [ 265],
        [3573],
        [3840],
        [2265],
        [ 884],
        [ 620],
        [1701],
        [2943],
        [4235],
        [1074],
        [4925],
        [ 241],
        [1234],
        [3734],
        [3919],
        [1896],
        [3025],
        [4275],
        [4002],
        [1870],
        [2337],
        [4472],
        [ 171],
        [3283],
        [ 816],
        [ 217],
        [ 894],
        [3026],
        [4396],
        [2126],
        [3379],
        [3822],
        [4757],
        [3142],
        [ 245],
        [1392],
        [3606],
        [3742],
        [4478],
        [2152],
        [ 500],
        [4971],
        [3422],
        [1857],
        [3003],
        [ 705],
        [2499],
        [3591],
        [3932],
        [3782],
        [3590],
        [2565],
        [1291],
        [ 243],
        [4290],
        [3017],
        [4086],
        [4977],
        [3173],
        [4744],
        [4878],
        [2079],
        [5026],
        [ 740],
        [ 215],
        [3309],
        [ 566],
        [2390],
        [1746],
        [ 378],
        [  73],
        [4119],
        [ 850],
        [4586],
        [3016],
        [1929],
        [  82],
        [4063],
        [1450],
        [3879],
        [3358],
        [1730],
        [1042],
        [3386],
        [ 358],
        [3944],
        [3014],
        [3527],
        [ 349],
        [4990],
        [ 825],
        [4778],
        [2545],
        [1545],
        [4900],
        [2042],
        [4308],
        [2796],
        [ 459],
        [ 103],
        [  57],
        [1592],
        [1435],
        [3445],
        [ 870],
        [2720],
        [1637],
        [4669],
        [ 350],
        [2971],
        [4266],
        [1961],
        [2546],
        [3349],
        [3717],
        [1573],
        [  86],
        [1227],
        [  78],
        [1120],
        [1688],
        [3821],
        [3020],
        [1844],
        [1853],
        [ 739],
        [1805],
        [2361],
        [3604],
        [2835],
        [2050],
        [2334],
        [2207],
        [2562],
        [ 469],
        [3508],
        [  25],
        [3146],
        [1443],
        [1019],
        [ 714],
        [1519],
        [3409],
        [1415],
        [3129],
        [4640],
        [ 559],
        [4012],
        [3852],
        [4258],
        [3757],
        [2882],
        [1099],
        [3716],
        [1724],
        [1518],
        [4560],
        [4146],
        [4459],
        [ 288],
        [4831],
        [2980],
        [ 417],
        [1793],
        [2220],
        [2789],
        [2573],
        [2511],
        [ 713],
        [2423],
        [1298],
        [1078],
        [4877],
        [1158],
        [ 126],
        [4703],
        [3354],
        [1204],
        [ 235],
        [4099],
        [   4],
        [ 875],
        [4933],
        [ 683],
        [4978],
        [ 511],
        [1955],
        [3858],
        [ 373],
        [4872],
        [3783],
        [ 782],
        [ 725],
        [ 984],
        [2922],
        [4714],
        [ 537],
        [1627],
        [1575],
        [4074],
        [3813],
        [1605],
        [4276]]), tensor([-0.5200,  0.0000, -0.0217,  0.0909,  0.0417, -0.2105,  0.1136,  0.3243,
         0.0667,  0.2500,  0.1060,  0.1562,  0.4306,  0.1304, -0.0133, -0.0222,
        -0.2667, -0.1571,  0.1707,  0.0667,  0.0847,  0.1776,  0.2695,  0.0476,
         0.1163,  0.2268, -0.1351,  0.0000,  0.3103,  0.1769,  0.1379,  0.2647,
         0.0769,  0.0870,  0.2017,  0.0029, -0.0100,  0.2143,  0.0766,  0.0256,
         0.1905, -0.0068, -0.0328,  0.0000,  0.1250, -0.0330,  0.0448,  0.2800,
         0.0000,  0.2364,  0.0519,  0.4583,  0.2632,  0.2600,  0.1803,  0.0000,
         0.1630,  0.1739,  0.0725,  0.2609,  0.1041,  0.0851,  0.1703,  0.0000,
         0.0526,  0.2114,  0.0000, -0.2449,  0.1600,  0.1259,  0.2162,  0.3333,
         0.2400,  0.0619,  0.1240,  0.0323,  0.0235,  0.1392,  0.0784,  0.0889,
         0.0440,  0.2905,  0.1935,  0.1291,  0.3625,  0.0949, -0.0682,  0.0000,
         0.1556,  0.0398, -0.2364,  0.0000,  0.0714,  0.0179,  0.2000,  0.2062,
         0.1061,  0.1000,  0.1652, -0.0370,  0.1311,  0.0847, -0.1290,  0.1299,
        -0.1818,  0.1399, -0.1429,  0.1800,  0.1032,  0.0319,  0.0698,  0.0180,
         0.0615,  0.0915, -0.0357,  0.0444,  0.2055,  0.1413,  0.1964,  0.1429,
         0.0959,  0.1585,  0.1657,  0.0896,  0.1402,  0.1750,  0.0876,  0.6364,
         0.0000,  0.0000,  0.1965, -0.1250,  0.2000, -0.2000,  0.7143,  0.1667,
         0.0808,  0.0408,  0.2308,  0.1212,  0.1154,  0.2982, -0.2667,  0.2252,
         0.8246,  0.0729,  0.4211,  0.1651,  0.0960, -0.1800, -0.1176,  0.2313,
         0.0899, -0.1429,  0.2826,  0.4286,  0.1396,  0.2143, -0.1000,  0.0208,
         0.3500, -0.1930,  0.0229, -0.1304,  0.0368,  0.1014, -0.0417,  0.0102,
         0.0286,  0.0000,  0.2007, -0.1538,  0.0503, -0.0345,  0.2766,  0.1071,
        -0.0345,  0.0330,  0.0952,  0.1750,  0.3636,  0.2786,  0.0000,  0.1765,
         0.0854,  0.3143,  0.0000,  0.0211,  0.2000,  0.1829,  0.0656,  0.1415,
         0.1082,  0.1875,  0.0866, -0.0625,  0.3637,  0.5135,  0.1446,  0.4000,
         0.1971, -0.1000,  0.2261,  0.0526,  0.0766,  0.1049,  0.4444,  0.0577,
         0.0399,  0.1509,  0.1808,  0.0526, -0.0455, -0.0053, -0.0137,  0.1538,
         0.0116,  0.2716,  0.0556,  0.0926, -0.0167,  0.0000,  0.0488,  0.1447,
         0.0462,  0.0541,  0.0000, -0.0189,  0.0000,  0.1111,  0.1471,  0.2632,
         0.1680,  0.1105,  0.3704,  0.1227,  0.2481,  0.1163,  0.1406, -0.0556,
         0.0278,  0.1552,  0.3947,  0.0488, -0.0465,  0.1304,  0.0909,  0.2197,
         0.0909,  0.1321,  0.4500, -0.0892,  0.2255,  0.1315,  0.1351,  0.0800])]

INFO:main.py:retrain and prediction dataloader
INFO:main.py:retrain_loader first example: [tensor([[-6.4251e-01, -2.3176e-01, -1.2428e-02,  ...,  0.0000e+00,
          1.0000e+00,  0.0000e+00],
        [ 6.6112e-03, -8.9386e-04,  1.0027e-01,  ...,  0.0000e+00,
          1.0000e+00,  0.0000e+00],
        [-1.1822e+00, -7.7625e-01,  4.7390e-02,  ...,  0.0000e+00,
          1.0000e+00,  0.0000e+00],
        ...,
        [-6.8226e-01, -2.6441e-01, -1.0151e+00,  ...,  0.0000e+00,
          0.0000e+00,  0.0000e+00],
        [ 1.2939e+00,  1.3587e+00,  1.6439e+00,  ...,  0.0000e+00,
          1.0000e+00,  0.0000e+00],
        [-5.4293e-01, -1.4997e-01, -3.6392e-02,  ...,  0.0000e+00,
          1.0000e+00,  0.0000e+00]]), tensor([[3740],
        [5350],
        [3692],
        [3116],
        [ 262],
        [4038],
        [2385],
        [1058],
        [5934],
        [1005],
        [4222],
        [3330],
        [5923],
        [2211],
        [ 359],
        [2745],
        [2579],
        [4762],
        [6329],
        [3032],
        [4102],
        [2844],
        [3674],
        [4687],
        [6017],
        [3969],
        [3486],
        [4380],
        [1731],
        [1606],
        [6667],
        [6492],
        [1414],
        [6406],
        [1769],
        [5172],
        [ 907],
        [6411],
        [6954],
        [6024],
        [6816],
        [6745],
        [2056],
        [4598],
        [4598],
        [1710],
        [1182],
        [6073],
        [4134],
        [1230],
        [7201],
        [3102],
        [2823],
        [1178],
        [4085],
        [2676],
        [3434],
        [6043],
        [ 123],
        [6043],
        [6236],
        [1956],
        [6635],
        [3194],
        [ 967],
        [6251],
        [5370],
        [4836],
        [1181],
        [2738],
        [5105],
        [2356],
        [1285],
        [2791],
        [2764],
        [1214],
        [4656],
        [4993],
        [5228],
        [2606],
        [3484],
        [4062],
        [4165],
        [3659],
        [4260],
        [7275],
        [1335],
        [ 271],
        [ 176],
        [6986],
        [4561],
        [1585],
        [2469],
        [1272],
        [5057],
        [3181],
        [3486],
        [4152],
        [3312],
        [5078],
        [3427],
        [6827],
        [1709],
        [1447],
        [3929],
        [2947],
        [4287],
        [2306],
        [6176],
        [1978],
        [1058],
        [4030],
        [5974],
        [3624],
        [2945],
        [1560],
        [5549],
        [1870],
        [5351],
        [2884],
        [1924],
        [6834],
        [1751],
        [ 544],
        [2437],
        [ 938],
        [4582],
        [1989],
        [2825],
        [5515],
        [5602],
        [3648],
        [ 900],
        [5078],
        [5008],
        [1487],
        [1937],
        [5504],
        [1001],
        [ 655],
        [2465],
        [6515],
        [3501],
        [3422],
        [3943],
        [5626],
        [4084],
        [4200],
        [3086],
        [4207],
        [4366],
        [1060],
        [4272],
        [ 808],
        [6925],
        [2133],
        [5378],
        [4958],
        [3958],
        [7188],
        [4277],
        [3135],
        [3214],
        [6775],
        [ 996],
        [ 152],
        [6214],
        [2526],
        [1862],
        [7036],
        [5642],
        [3473],
        [6997],
        [3650],
        [5318],
        [4978],
        [1601],
        [3908],
        [ 969],
        [4336],
        [3164],
        [5983],
        [2193],
        [1030],
        [1737],
        [5931],
        [5369],
        [1363],
        [3254],
        [6349],
        [1558],
        [3608],
        [3519],
        [6343],
        [1090],
        [6478],
        [ 931],
        [2915],
        [2439],
        [2021],
        [6284],
        [7193],
        [6724],
        [5430],
        [2552],
        [5252],
        [5422],
        [ 460],
        [1424],
        [2964],
        [5183],
        [1127],
        [1433],
        [4529],
        [2251],
        [3151],
        [6658],
        [4079],
        [3112],
        [6417],
        [4686],
        [5690],
        [2271],
        [5003],
        [2943],
        [2116],
        [6399],
        [5264],
        [2208],
        [4402],
        [2223],
        [7046],
        [6639],
        [ 997],
        [ 674],
        [2587],
        [5527],
        [1722],
        [3050],
        [3034],
        [4117],
        [5170],
        [5729],
        [6371],
        [5450],
        [6504],
        [5585],
        [1068],
        [6501],
        [6558],
        [3231],
        [2178],
        [4956],
        [ 628],
        [ 971],
        [2116]]), tensor([-3.8462e-02,  4.7619e-02, -1.1539e-01,  0.0000e+00,  3.1429e-01,
         3.3333e-01,  2.0000e-01,  1.1451e-01,  1.5668e-01,  1.3462e-01,
         6.1538e-02, -1.1765e-01,  1.2245e-01, -6.5361e-02,  1.6174e-01,
         0.0000e+00,  3.1250e-02,  3.4188e-02, -7.8882e-02,  3.5385e-01,
         1.2235e-01,  1.2448e-02,  1.6800e-01,  0.0000e+00,  1.7391e-01,
        -4.1322e-02, -6.7961e-02,  9.9185e-02,  6.3830e-02, -1.0417e-01,
         4.3478e-02,  4.2453e-02, -1.3953e-01, -1.0101e-02,  7.4286e-02,
         0.0000e+00,  4.8077e-02, -1.3559e-01,  1.4236e-01, -2.5743e-02,
        -1.1111e-01,  1.5385e-01, -3.6859e-02, -8.0882e-02,  8.3333e-02,
         5.8252e-02,  1.8519e-02,  7.5472e-02, -3.0864e-02,  2.8000e-02,
        -6.9930e-03,  0.0000e+00,  6.1905e-01,  0.0000e+00, -5.5556e-02,
         0.0000e+00, -6.9767e-02,  2.0000e-02,  7.6923e-02, -5.2795e-02,
         7.5385e-02,  9.7917e-02,  4.6296e-02, -1.4546e-01, -2.3256e-02,
        -2.5910e-02, -1.0606e-01,  4.8889e-02, -1.6667e-01,  1.0000e-01,
         1.5663e-01, -1.0227e-01, -2.6906e-02, -5.4545e-02, -5.8824e-02,
         2.0833e-02, -2.1304e-02, -2.4390e-02, -8.9744e-02,  6.0403e-02,
         0.0000e+00,  9.9605e-02, -5.7143e-02,  5.2326e-02, -1.6667e-01,
         4.3590e-01,  3.1250e-02, -2.6316e-02, -1.0159e-02, -1.0260e-01,
         4.1758e-02,  1.5625e-01,  2.1875e-02, -1.1111e-01,  3.7500e-01,
         1.8307e-02, -1.1929e-01,  3.6232e-02, -4.0000e-02, -1.8800e-03,
        -9.7403e-02,  4.3478e-01,  6.2500e-02,  1.5873e-02, -2.6271e-01,
         4.0426e-01,  3.7383e-02, -6.6667e-02,  7.1429e-02, -1.7094e-01,
         0.0000e+00,  2.0833e-01,  1.6447e-02,  6.4151e-01,  4.4118e-02,
         6.8702e-02,  8.1081e-02,  2.5000e-02, -1.1765e-01, -8.3333e-02,
         3.3333e-02,  0.0000e+00,  2.3077e-01,  3.7464e-02, -6.0773e-02,
        -5.8824e-02,  8.0247e-02, -5.8824e-02, -6.0240e-03,  5.7143e-02,
        -7.2727e-02, -3.2000e-02,  2.9310e-01,  1.9802e-02,  2.0000e-01,
         1.2195e-01, -9.4077e-02,  4.5455e-02, -1.5854e-01, -5.7313e-02,
         5.5838e-02,  1.6970e-01,  2.6374e-01,  2.7027e-02, -3.6364e-02,
         7.0175e-02,  6.4516e-02, -6.3401e-02, -4.1667e-02,  3.7880e-03,
         2.5714e-01,  1.1765e-02,  1.3869e-01,  1.6108e-01, -4.0000e-02,
         9.0909e-02,  2.1053e-01, -4.5082e-02,  0.0000e+00, -2.0707e-01,
        -2.2370e-03,  7.2500e-02,  0.0000e+00,  5.9520e-03, -4.4776e-02,
         3.4894e-02,  1.1765e-02, -5.9290e-02, -9.1890e-03,  7.6410e-02,
         1.2870e-01,  2.2321e-02, -3.0556e-02,  1.7609e-02, -3.1414e-02,
        -9.5240e-03, -8.4112e-02,  2.2619e-01,  1.9231e-01,  2.5234e-01,
        -6.9767e-02,  9.6774e-02,  1.1765e-01,  1.6667e-01,  0.0000e+00,
         1.9118e-01,  0.0000e+00,  0.0000e+00,  1.1111e-02,  1.1881e-01,
         8.6705e-02, -1.0929e-02, -4.4118e-02, -2.0000e-01,  6.6667e-02,
        -4.2553e-02,  7.2052e-02,  0.0000e+00, -1.2500e-01, -2.1519e-01,
        -1.9231e-02,  5.2080e-03,  3.3149e-02, -2.9412e-01, -7.4074e-02,
         0.0000e+00,  1.1539e-01, -1.4149e-01,  0.0000e+00, -2.0690e-02,
         0.0000e+00,  4.1096e-02,  0.0000e+00, -1.0000e-01, -1.8678e-01,
         6.5790e-03,  1.4286e-02,  3.4733e-02, -2.4194e-02,  1.2882e-01,
         6.0240e-03,  3.7037e-02, -1.0828e-01, -1.3953e-01, -1.9608e-02,
         4.2945e-02, -6.1500e-04, -5.4050e-03,  6.9027e-02,  2.7700e-01,
        -1.7391e-01, -6.0927e-02,  1.5556e-01,  0.0000e+00,  3.1148e-01,
        -2.4000e-02, -1.5152e-02,  5.1546e-02,  4.3670e-03, -8.0000e-02,
        -5.6604e-02, -7.1429e-02, -1.5000e-01,  2.9630e-01, -2.9630e-03,
         6.0000e-01, -2.1008e-02, -4.1322e-02, -1.1518e-01, -6.7416e-02,
        -1.9540e-01, -8.3409e-02, -7.1942e-02, -8.6957e-02, -2.8125e-01,
         1.6320e-01])]

INFO:main.py:prediction_loader first example: [tensor([[-0.9604, -0.4928, -0.4720,  ...,  0.0000,  0.0000,  0.0000],
        [-0.0053,  0.0067,  3.1135,  ...,  0.0000,  0.0000,  0.0000],
        [-0.0053,  0.0067, -0.1770,  ...,  0.0000,  1.0000,  0.0000],
        ...,
        [-1.0804, -0.5914, -0.7981,  ...,  0.0000,  0.0000,  0.0000],
        [-0.0053,  0.0067, -0.1204,  ...,  0.0000,  0.0000,  0.0000],
        [-0.0053,  0.0067, -0.0183,  ...,  0.0000,  0.0000,  0.0000]]), tensor([[3015],
        [2129],
        [ 745],
        [2283],
        [1496],
        [3726],
        [4149],
        [ 172],
        [4349],
        [2645],
        [4592],
        [4692],
        [2485],
        [4042],
        [4871],
        [4721],
        [ 777],
        [2586],
        [2293],
        [1631],
        [2824],
        [4635],
        [4560],
        [4826],
        [4416],
        [3103],
        [ 137],
        [4388],
        [ 707],
        [ 649],
        [3958],
        [3184],
        [ 342],
        [1013],
        [ 800],
        [3362],
        [1690],
        [1014],
        [ 876],
        [2092],
        [4282],
        [2333],
        [3916],
        [1892],
        [4880],
        [3276],
        [3460],
        [4063],
        [4832],
        [4938],
        [4251],
        [1983],
        [ 295],
        [2985],
        [2610],
        [4843],
        [2419],
        [5186],
        [4654],
        [2872],
        [  68],
        [4749],
        [ 931],
        [ 869],
        [4245],
        [1073],
        [4751],
        [3320],
        [3474],
        [  56],
        [ 978],
        [2470],
        [4264],
        [3425],
        [3708],
        [5202],
        [2998],
        [2683],
        [ 219],
        [ 695],
        [3416],
        [1923],
        [3137],
        [4155],
        [4714],
        [2800],
        [2369],
        [4439],
        [1412],
        [4091],
        [ 406],
        [2017],
        [2391],
        [  10],
        [  27],
        [2340],
        [4166],
        [1688],
        [3934],
        [2451],
        [3123],
        [5054],
        [3204],
        [2893],
        [4512],
        [1313],
        [3592],
        [3160],
        [4551],
        [ 885],
        [2332],
        [ 636],
        [1807],
        [5049],
        [1250],
        [2899],
        [5137],
        [4921],
        [4969],
        [1943],
        [3646],
        [3056],
        [4822],
        [ 370],
        [3254],
        [5200],
        [3977],
        [3210],
        [5084],
        [5222],
        [3904],
        [ 826],
        [3643],
        [1381],
        [ 178],
        [4358],
        [1227],
        [ 993],
        [2597],
        [ 200],
        [2422],
        [2079],
        [2412],
        [2005],
        [2833],
        [3789],
        [4386],
        [ 336],
        [5234],
        [1343],
        [2235],
        [5173],
        [2728],
        [ 660],
        [2781],
        [2563],
        [3855],
        [4169],
        [ 433],
        [ 990],
        [4130],
        [2309],
        [4964],
        [1794],
        [4540],
        [3939],
        [1761],
        [3870],
        [3569],
        [1476],
        [1314],
        [4370],
        [4786],
        [1281],
        [2777],
        [5121],
        [1990],
        [ 642],
        [2723],
        [1901],
        [ 648],
        [4361],
        [ 276],
        [ 426],
        [1805],
        [2803],
        [5220],
        [ 920],
        [3150],
        [4729],
        [2549],
        [2746],
        [ 536],
        [1456],
        [1726],
        [3740],
        [1499],
        [3047],
        [1110],
        [ 283],
        [3168],
        [3976],
        [4095],
        [ 886],
        [3607],
        [2264],
        [2852],
        [ 404],
        [3786],
        [1007],
        [5060],
        [ 846],
        [3161],
        [ 673],
        [ 806],
        [1295],
        [1883],
        [2791],
        [5071],
        [1752],
        [3980],
        [2692],
        [1261],
        [ 341],
        [ 527],
        [4433],
        [5130],
        [ 651],
        [ 992],
        [4076],
        [4722],
        [2300],
        [4510],
        [1036],
        [4907],
        [1890],
        [2251],
        [2227],
        [1681],
        [1461],
        [1759],
        [1658],
        [1426],
        [3035],
        [ 188],
        [1247],
        [4571],
        [1032],
        [3777],
        [4557],
        [3926],
        [4326],
        [ 926],
        [ 605],
        [3544],
        [2836]]), tensor([ 0.0638,  0.1111,  0.1190, -0.0606,  0.0769,  0.0467, -0.0147, -0.1111,
        -0.0345,  0.0000, -0.1304, -0.0476,  0.0682,  0.0517,  0.2500, -0.1176,
        -0.0357,  0.0000,  0.2500,  0.2075, -0.3333,  0.0000, -0.0909, -0.3077,
         0.1212, -0.0556,  0.2353, -0.1923, -0.0952, -0.0845,  0.6875,  0.0800,
         0.0000, -0.0309, -0.1159,  0.1000,  0.1304,  0.1429,  0.1538,  0.1667,
         0.0000, -0.1200,  0.0143,  0.0000,  0.1136,  0.0000,  0.3333,  0.0625,
        -0.0667,  0.2500,  0.0000,  0.0000,  0.0000,  0.0800, -0.1400,  0.0345,
         1.0000,  0.0250, -0.0423,  0.0156,  0.0000,  0.0741,  0.1273,  0.0152,
         0.0000, -0.0345,  0.0277,  0.1250,  0.0000,  0.1212,  0.0213, -0.1714,
         0.0000,  0.0769, -0.1818,  0.1429, -0.0588,  0.0909,  0.2250, -0.0980,
         0.2727,  0.2667, -0.0741, -0.1000,  0.1062,  0.1220, -0.1905, -0.0133,
         0.0000, -0.1667,  0.1111,  0.1000,  0.6364,  0.0000,  0.0156, -0.1937,
         0.1626,  0.0000,  0.0385, -0.1176,  0.0000,  0.3699,  0.1250,  0.0312,
         0.1667,  0.0000,  0.2245,  0.0000, -0.2857,  0.0000,  0.2609,  0.1905,
        -0.1818,  0.3448,  0.0024,  0.0000,  0.0256,  0.1562,  0.1628,  0.0909,
         0.3636,  0.2750, -0.0408,  0.0435,  0.2941,  0.2353,  0.0000, -0.0980,
         0.0629, -0.2000,  0.2045,  0.1596,  0.0000,  0.0370,  0.0000,  0.0204,
         0.1772, -0.1064,  0.0000, -0.0357,  0.0000,  0.1111,  0.1154,  0.0000,
         0.3000, -0.0926,  0.2083, -0.0208,  0.2857, -0.1538,  1.0000, -0.1250,
         0.0732,  0.1538,  0.1477, -0.0741, -0.0968,  0.4828,  0.1579, -0.0690,
        -0.0345,  1.3448, -0.1522,  0.2800,  0.2857, -0.0860, -0.0714,  0.1351,
        -0.1667, -0.1538,  0.1667,  0.3023,  0.0980,  0.0303,  0.8947,  0.0372,
        -0.1188,  0.0682,  0.6452,  0.0000, -0.0426,  0.6000,  0.4667,  0.0843,
         0.0137,  0.0476,  0.0769, -0.1707,  0.0526,  0.0714, -0.0962,  0.0625,
         0.0833,  0.3103,  0.0000, -0.5366,  0.0500, -0.2061, -0.0132,  0.2857,
         0.6096, -0.2778,  0.4182,  0.1528, -0.1944,  0.0455,  0.1293,  0.3077,
         0.2000, -0.5417,  0.0000, -0.0741,  0.1250,  0.2632,  0.1538, -0.0148,
        -0.1293,  0.1065,  0.2000,  0.1538,  0.1579, -0.0270,  0.0385,  0.0323,
         0.2308, -0.0114,  0.0893, -0.0278,  0.1111,  0.0857, -0.0714, -0.0789,
         0.2308,  0.0857,  0.0667,  0.6171, -0.2656,  0.9091, -0.1272,  0.2069,
        -0.2222,  0.2222, -0.0769,  0.0600, -0.1200,  0.1200,  0.0000, -0.3077,
         0.0000,  0.0000,  0.5625,  0.0204,  0.1061,  0.0531, -0.0500,  0.7000])]

INFO:main.py:

Hyperparameters tuning with Ray Tune

INFO:main.py:Training data years: [1980, 1981, 1982, 1983, 1984, 1985, 1986]
INFO:main.py:Testing data year: 1987
2024-07-03 02:03:25,332	INFO worker.py:1753 -- Started a local Ray instance.
2024-07-03 02:03:25,362	INFO packaging.py:530 -- Creating a file package for local directory '/zfs/projects/darc/wolee_edehaan_suzienoh-exploratory-ml/kevin/src'.
2024-07-03 02:03:25,386	INFO packaging.py:358 -- Pushing file package 'gcs://_ray_pkg_5a032b08641f6045.zip' (1.19MiB) to Ray cluster...
2024-07-03 02:03:25,392	INFO packaging.py:371 -- Successfully pushed file package 'gcs://_ray_pkg_5a032b08641f6045.zip'.
2024-07-03 02:03:27,376	WARNING tune.py:902 -- AIR_VERBOSITY is set, ignoring passed-in ProgressReporter for now.
slurmstepd-yen-gpu1: error: *** JOB 411018 ON yen-gpu1 CANCELLED AT 2024-07-03T02:16:18 ***
