Current working directory
/zfs/projects/darc/wolee_edehaan_suzienoh-exploratory-ml/kevin
source venv/bin/activate
which python3
/zfs/projects/darc/wolee_edehaan_suzienoh-exploratory-ml/kevin/venv/bin/python3
Intel(R) Extension for Scikit-learn* enabled (https://github.com/intel/scikit-learn-intelex)
Intel(R) Extension for Scikit-learn* enabled (https://github.com/intel/scikit-learn-intelex)
INFO:preprocess_data_nn.py:

Loading and preprocessing data...

DEBUG:preprocess_data_nn.py:      date  permno
0  1980-01   10006
1  1980-01   10057
2  1980-01   10103
3  1980-01   10137
4  1980-01   10145
DEBUG:preprocess_data_nn.py:--------------------------------------------------
INFO:main.py:preprocessed df: (2216189, 158)
INFO:preprocess_data_nn.py:

Applying secondary data preprocessing..

INFO:main.py:secondary preprocessed df: (2165515, 158)
INFO:main.py:df sample:    permno  gvkey   adatadate  fyear  sic2     spi       mve_f  ...     zerotrade      beta    betasq      rsq1  pricedelay   idiovol  pyear
0   10006   1010  12/31/1978   1978    37  0.0000  269.308500  ...  1.115306e-07  1.060420  1.124491  0.343408    0.029859  0.025576   1980
1   10057   1098  09/30/1978   1978    36  0.0000   97.372000  ...  6.199128e-08  1.526013  2.328716  0.307905    0.092667  0.037473   1980
2   10103   1012  10/31/1978   1978    33     NaN    1.697500  ...           NaN  1.759493  3.095816  0.096753    0.221851  0.087020   1980
3   10137   1279  12/31/1978   1978    49     NaN  537.524500  ...  9.726790e-08  0.492885  0.242936  0.189693    0.125777  0.017540   1980
4   10145   1300  12/31/1978   1978    99 -0.0031  805.633282  ...  6.190654e-08  1.139163  1.297691  0.279437    0.024228  0.031201   1980

[5 rows x 158 columns]
INFO:main.py:Train year start: 1980
INFO:main.py:Prediction data years: [1985, 1986, 1987, 1988, 1989, 1990, 1991, 1992, 1993, 1994, 1995, 1996, 1997, 1998, 1999, 2000, 2001, 2002, 2003, 2004, 2005, 2006, 2007, 2008, 2009, 2010, 2011, 2012, 2013, 2014, 2015, 2016, 2017, 2018, 2019]
INFO:main.py:

Transform data

INFO:transform_data_nn.py:Train data years: [1980, 1981, 1982, 1983, 1984, 1985, 1986]
INFO:transform_data_nn.py:Train_data: (341783, 158)

INFO:transform_data_nn.py:Test data years: [1987]
INFO:transform_data_nn.py:Test_data: (53899, 158)

INFO:transform_data_nn.py:Retrain data years: [1980, 1981, 1982, 1983, 1984, 1985, 1986, 1987]
INFO:transform_data_nn.py:Retrain_data: (395682, 158)

INFO:transform_data_nn.py:Prediction data years: [1988]
INFO:transform_data_nn.py:Prediction_data: (56005, 158)

INFO:main.py:

Generate X and y with train_data, test_data, retrain_data, and prediction_data

INFO:main.py:Tensors directory already exists at: /zfs/projects/darc/wolee_edehaan_suzienoh-exploratory-ml/kevin/tensors
INFO:main.py:
        x_train_tf: torch.Size([341783, 103])
        y_train_tf: torch.Size([341783])

        x_test_tf: torch.Size([53899, 103])
        y_test_tf: torch.Size([53899])

    
INFO:main.py:
        x_retrain_tf: torch.Size([395682, 103])
        y_retrain_tf: torch.Size([395682])

        x_prediction_tf: torch.Size([56005, 103])
        y_prediction_tf: torch.Size([56005])

    
INFO:main.py:

Create dataset

INFO:main.py:Create train_dataset
INFO:main.py:train_dataset first example: (tensor([ 0.2614,  0.5034,  0.2386, -0.6303,  0.0469, -0.5241, -0.0284, -0.2584,
         0.3866,  0.1910, -0.8830,  0.0062, -0.5088, -0.1862, -0.0053,  0.0250,
        -0.4235,  0.1175,  0.0000,  0.6719, -0.3586,  0.0000,  0.0257,  0.0166,
         0.0370, -0.2229, -0.6756,  0.0000,  0.5764,  1.1873,  0.6227, -0.1414,
         0.5064,  0.0000, -0.5226, -0.2165,  0.1496,  0.1907,  0.1020, -1.1512,
        -0.3211,  0.0239,  0.3191, -0.0440, -0.0208, -0.6509, -0.0216, -0.0993,
        -0.6609, -0.2278, -0.1547,  0.9190, -0.1748,  0.0000,  0.0265, -0.3809,
        -0.9466, -0.0875, -0.6362, -0.1616,  0.1008, -0.6415, -0.3684, -0.1993,
        -0.2698, -0.5237,  0.0996, -0.1018, -0.1900, -0.4132, -0.7240, -0.3249,
         0.0346, -0.8136,  0.1052, -1.0783,  0.2870,  0.2369,  0.6056,  0.1760,
        -0.4392, -0.2020, -0.0110,  0.0000, -0.0826, -0.0538, -0.3134, -0.6841,
        -0.4092, -0.4207,  0.1949, -0.2766,  0.1496, -0.1756, -0.5206,  0.0000,
         0.0000,  0.0000,  0.0000,  0.0000,  0.0000,  0.0000]), tensor([4403]), tensor(0.2117))
INFO:main.py:Create test_dataset
INFO:main.py:test_dataset first example: (tensor([-6.9920e-03,  8.9557e-03, -3.4033e-01, -1.6683e+00,  4.0069e-03,
         1.0097e+00, -2.5891e-03, -1.0957e-02, -9.5448e-01,  1.8591e-01,
         3.8505e-01,  6.2086e-01,  1.9972e-01,  2.1500e-02, -2.2037e-05,
         6.4081e-03, -7.8682e-03,  1.2509e-02,  0.0000e+00,  2.2175e-02,
        -7.5173e-02,  0.0000e+00, -1.5533e-02,  1.2460e-02,  3.1036e-02,
         1.3005e-01, -2.3377e-01,  0.0000e+00, -4.6695e-01, -7.7328e-01,
        -6.6426e-01,  6.0568e-03, -1.6879e-02,  0.0000e+00,  1.5509e-02,
        -1.9876e-03,  9.2778e-03, -4.6920e-01,  6.8878e-04, -2.7767e-02,
        -1.1036e-01, -6.2118e-01,  1.3711e-02, -4.6129e-01, -4.5306e-03,
         2.2998e+00,  1.6293e-02, -1.3041e+00,  5.4224e-02, -1.1150e-03,
        -8.5550e-01, -1.1288e+00, -3.1813e-01,  0.0000e+00, -8.7597e-01,
         1.4499e-02,  3.0605e-02,  1.3658e-02, -8.7689e-03, -1.7061e-02,
         1.2506e-02, -1.1364e-02, -2.6022e-03,  1.5424e-03, -6.5274e-04,
        -7.4535e-03, -6.8802e-03, -2.2825e-02,  2.5533e-02,  1.5004e-01,
        -1.1726e-02, -2.4365e-02,  3.4575e-02,  1.6018e+00, -3.4779e+00,
        -7.2764e-02, -2.0625e+00,  4.1949e-01, -3.2436e-01, -4.6815e-01,
        -4.0800e-01, -3.1863e-01,  1.6746e+00,  0.0000e+00, -3.2632e-03,
        -6.4726e-01,  8.8510e-02,  5.2651e-01, -4.4860e-02, -4.4852e-02,
        -2.1688e-01,  1.4353e+00,  1.8772e-01,  3.0461e-01, -5.2065e-01,
         0.0000e+00,  0.0000e+00,  0.0000e+00,  1.0000e+00,  0.0000e+00,
         1.0000e+00,  0.0000e+00]), tensor([2838]), tensor(-0.5200))
INFO:main.py:Create retrain_dataset
INFO:main.py:retrain_dataset first example: (tensor([ 2.4375e-01,  4.9617e-01,  2.3474e-01, -6.5108e-01,  3.9445e-02,
        -5.2971e-01, -3.2399e-02, -2.6454e-01,  4.4939e-01,  1.9404e-01,
        -8.7559e-01,  2.9982e-02, -5.1678e-01, -1.7870e-01,  2.8057e-02,
         2.6105e-02, -4.2786e-01,  1.3802e-01,  0.0000e+00,  6.8093e-01,
        -3.5624e-01,  0.0000e+00,  3.2302e-02, -4.2100e-03,  2.3124e-02,
        -2.2767e-01, -6.6230e-01,  0.0000e+00,  5.4395e-01,  1.2575e+00,
         6.0546e-01, -1.2386e-01,  5.1282e-01,  0.0000e+00, -5.0374e-01,
        -2.0934e-01,  1.6390e-01,  1.9552e-01,  8.7618e-02, -1.1469e+00,
        -3.1720e-01,  6.2132e-02,  3.3133e-01, -2.5122e-02, -3.4593e-02,
        -6.5851e-01,  4.2816e-04, -7.2423e-02, -6.5629e-01, -2.1883e-01,
        -1.4935e-01,  8.9773e-01, -1.5623e-01,  0.0000e+00,  2.4546e-02,
        -3.5709e-01, -9.4222e-01, -1.1718e-01, -6.1813e-01, -1.7652e-01,
         1.0460e-01, -6.2822e-01, -3.6749e-01, -1.8878e-01, -2.6630e-01,
        -5.2445e-01,  7.6502e-02, -1.0615e-01, -1.6425e-01, -4.0413e-01,
        -7.2657e-01, -3.3089e-01,  3.7161e-02, -8.1525e-01,  1.3346e-01,
        -9.9192e-01,  2.9311e-01,  2.4566e-01,  6.3414e-01,  1.7033e-01,
        -4.4184e-01, -2.0106e-01, -3.8979e-03,  0.0000e+00, -7.9384e-02,
        -1.3757e-02, -3.2263e-01, -6.8126e-01, -1.6517e-01, -1.5155e-01,
         1.8087e-01, -2.6300e-01,  1.4201e-01, -2.0741e-01, -5.1845e-01,
         0.0000e+00,  0.0000e+00,  0.0000e+00,  0.0000e+00,  0.0000e+00,
         0.0000e+00,  0.0000e+00]), tensor([4823]), tensor(0.2117))
INFO:main.py:Create prediction_dataset
INFO:main.py:prediction_dataset first example: (tensor([-9.6036e-01, -4.9283e-01, -4.7202e-01, -1.2875e+00, -5.9088e-01,
        -3.4143e-01, -1.7353e+00, -1.0156e+00,  6.0711e-02,  1.9547e-01,
        -4.0377e-01, -9.2351e-03, -4.1386e-03, -3.5552e-02,  1.6291e-02,
         4.4557e-03, -4.1867e-01,  1.1388e-02,  0.0000e+00, -2.8223e-01,
        -1.5983e-01,  0.0000e+00,  8.3143e-02,  4.9025e-02, -1.0656e-02,
        -6.2313e-01, -8.2264e-01,  0.0000e+00, -5.7750e-01,  1.3797e+00,
        -1.6007e+00, -3.2115e-01,  1.1211e-01,  0.0000e+00, -1.0634e+00,
         3.8040e-03, -5.2228e-01, -8.2825e-01, -2.7243e-01, -8.6950e-01,
         5.3128e-01, -8.5044e-01, -3.8617e-01, -2.6063e-01, -4.5432e-01,
        -1.9406e-01,  1.0492e-02, -3.0692e-01,  5.1011e-03, -9.7349e-03,
        -8.4332e-01, -1.1018e+00, -1.1294e+00,  0.0000e+00, -8.6923e-01,
        -9.1403e-01,  2.6640e-02, -1.2260e-01, -3.3319e-01, -3.9018e-02,
        -1.9560e-01, -3.4380e-01, -1.7398e-01,  3.2079e-01, -1.7674e-03,
        -4.6619e-01, -2.1413e-01,  1.4636e+00, -8.8986e-01, -3.8259e-01,
        -9.5638e-03, -3.3089e-02,  3.7161e-02,  3.0098e-02, -4.4583e-01,
        -7.1099e-02, -3.4420e-01,  8.4362e-02, -6.3088e-01, -2.8029e-01,
         4.2441e+00,  3.3876e-01, -3.8979e-03,  0.0000e+00, -7.6692e-01,
        -6.3231e-02,  2.3258e+00,  5.0224e+00, -3.6348e-02, -4.6659e-02,
         2.0041e-01, -8.0320e-01, -4.0666e-01,  3.0623e-01,  1.1257e+00,
         0.0000e+00,  0.0000e+00,  0.0000e+00,  0.0000e+00,  0.0000e+00,
         0.0000e+00,  0.0000e+00]), tensor([4344]), tensor(0.0638))
INFO:main.py:

Create dataloader

INFO:main.py:Create train and test dataloader
INFO:main.py:Create retrain and prediction dataloader
INFO:main.py:

Hyperparameters tuning with Ray Tune

INFO:main.py:Training data years: [1980, 1981, 1982, 1983, 1984, 1985, 1986]
INFO:main.py:Testing data year: 1987
INFO:main.py:

        ray_results_path: /zfs/projects/darc/wolee_edehaan_suzienoh-exploratory-ml/kevin/ray_results
        num_samples: 60
        max_num_epochs: 20
        num_cpus: 60
        cpus_per_trial: 1
        num_gpus: 2
        gpus_per_trial: 0
        continuous_dim: 102
        num_embeddings: 6642
        device: cuda
        
2024-07-03 10:33:51,190	INFO worker.py:1753 -- Started a local Ray instance.
2024-07-03 10:33:51,212	INFO packaging.py:530 -- Creating a file package for local directory '/zfs/projects/darc/wolee_edehaan_suzienoh-exploratory-ml/kevin/src'.
2024-07-03 10:33:51,233	INFO packaging.py:358 -- Pushing file package 'gcs://_ray_pkg_9b92a674d3874367.zip' (1.20MiB) to Ray cluster...
2024-07-03 10:33:51,237	INFO packaging.py:371 -- Successfully pushed file package 'gcs://_ray_pkg_9b92a674d3874367.zip'.
2024-07-03 10:33:53,826	WARNING tune.py:902 -- AIR_VERBOSITY is set, ignoring passed-in ProgressReporter for now.
WARNING:tensorboardX.x2num:NaN or Inf found in input tensor.
WARNING:tensorboardX.x2num:NaN or Inf found in input tensor.
/zfs/projects/darc/wolee_edehaan_suzienoh-exploratory-ml/kevin/venv/lib/python3.10/site-packages/numpy/lib/function_base.py:4655: RuntimeWarning: invalid value encountered in subtract
  diff_b_a = subtract(b, a)
WARNING:tensorboardX.x2num:NaN or Inf found in input tensor.
WARNING:tensorboardX.x2num:NaN or Inf found in input tensor.
WARNING:tensorboardX.x2num:NaN or Inf found in input tensor.
WARNING:tensorboardX.x2num:NaN or Inf found in input tensor.
WARNING:tensorboardX.x2num:NaN or Inf found in input tensor.
WARNING:tensorboardX.x2num:NaN or Inf found in input tensor.
WARNING:tensorboardX.x2num:NaN or Inf found in input tensor.
WARNING:tensorboardX.x2num:NaN or Inf found in input tensor.
WARNING:tensorboardX.x2num:NaN or Inf found in input tensor.
WARNING:tensorboardX.x2num:NaN or Inf found in input tensor.
WARNING:tensorboardX.x2num:NaN or Inf found in input tensor.
WARNING:tensorboardX.x2num:NaN or Inf found in input tensor.
WARNING:tensorboardX.x2num:NaN or Inf found in input tensor.
WARNING:tensorboardX.x2num:NaN or Inf found in input tensor.
WARNING:tensorboardX.x2num:NaN or Inf found in input tensor.
WARNING:tensorboardX.x2num:NaN or Inf found in input tensor.
WARNING:tensorboardX.x2num:NaN or Inf found in input tensor.
WARNING:tensorboardX.x2num:NaN or Inf found in input tensor.
WARNING:tensorboardX.x2num:NaN or Inf found in input tensor.
WARNING:tensorboardX.x2num:NaN or Inf found in input tensor.
WARNING:tensorboardX.x2num:NaN or Inf found in input tensor.
WARNING:tensorboardX.x2num:NaN or Inf found in input tensor.
WARNING:tensorboardX.x2num:NaN or Inf found in input tensor.
WARNING:tensorboardX.x2num:NaN or Inf found in input tensor.
WARNING:tensorboardX.x2num:NaN or Inf found in input tensor.
WARNING:tensorboardX.x2num:NaN or Inf found in input tensor.
WARNING:tensorboardX.x2num:NaN or Inf found in input tensor.
WARNING:tensorboardX.x2num:NaN or Inf found in input tensor.
WARNING:tensorboardX.x2num:NaN or Inf found in input tensor.
WARNING:tensorboardX.x2num:NaN or Inf found in input tensor.
WARNING:tensorboardX.x2num:NaN or Inf found in input tensor.
WARNING:tensorboardX.x2num:NaN or Inf found in input tensor.
WARNING:tensorboardX.x2num:NaN or Inf found in input tensor.
WARNING:tensorboardX.x2num:NaN or Inf found in input tensor.
WARNING:tensorboardX.x2num:NaN or Inf found in input tensor.
WARNING:tensorboardX.x2num:NaN or Inf found in input tensor.
[36m(train_fnn pid=3823822)[0m DEBUG:model_data_nn.py:After Linear Layer 0: torch.Size([128, 155]), tensor([[-0.0738,  0.4064,  0.5445,  ..., -0.2959,  0.6503,  0.7693],
[36m(train_fnn pid=3823822)[0m         [ 0.0685,  0.4953, -1.0561,  ..., -0.3744,  0.9738, -0.7921],
[36m(train_fnn pid=3823822)[0m         [ 0.6386, -0.3799, -0.1395,  ...,  0.9400,  0.7920,  0.9874],
[36m(train_fnn pid=3823822)[0m         ...,
[36m(train_fnn pid=3823822)[0m         [-0.4107,  1.6420,  0.1494,  ..., -0.1259, -0.7681,  1.0492],
[36m(train_fnn pid=3823822)[0m         [-1.1486, -0.1884,  0.3785,  ...,  1.1987, -0.7450,  0.2943],
[36m(train_fnn pid=3823822)[0m         [ 0.2713,  0.6572, -0.1645,  ..., -0.3551,  0.1952,  1.1408]],
[36m(train_fnn pid=3823822)[0m        grad_fn=<AddmmBackward0>)
[36m(train_fnn pid=3823822)[0m ERROR:model_data_nn.py:Training failed with exception: local variable 'bn_index' referenced before assignment
[36m(train_fnn pid=3823705)[0m DEBUG:model_data_nn.py:After Linear Layer 0: torch.Size([128, 185]), tensor([[ 2.2285,  0.7104, -0.4370,  ...,  0.2361,  0.3332,  0.1050],
[36m(train_fnn pid=3823705)[0m        grad_fn=<AddmmBackward0>)
[36m(train_fnn pid=3823856)[0m        grad_fn=<AddmmBackward0>)
[36m(train_fnn pid=3823857)[0m        grad_fn=<AddmmBackward0>)
[36m(train_fnn pid=3823874)[0m        grad_fn=<AddmmBackward0>)
[36m(train_fnn pid=3822152)[0m        grad_fn=<AddmmBackward0>)
WARNING:tensorboardX.x2num:NaN or Inf found in input tensor.
[36m(train_fnn pid=3821978)[0m        grad_fn=<AddmmBackward0>)
WARNING:tensorboardX.x2num:NaN or Inf found in input tensor.
[36m(train_fnn pid=3822990)[0m        grad_fn=<AddmmBackward0>)
[36m(train_fnn pid=3823178)[0m        grad_fn=<AddmmBackward0>)
[36m(train_fnn pid=3823246)[0m        grad_fn=<AddmmBackward0>)
[36m(train_fnn pid=3823383)[0m DEBUG:model_data_nn.py:After Linear Layer 0: torch.Size([128, 5]), tensor([[ 5.4683e-01, -7.3000e-01, -8.4602e-01, -7.9446e-01,  3.3946e-01],
[36m(train_fnn pid=3823383)[0m         [ 2.3674e+00, -1.9017e+00, -9.0234e-01,  7.6802e-01, -1.0700e+00],
[36m(train_fnn pid=3823383)[0m         [ 1.0898e+00,  7.5827e-01, -1.5012e+00,  3.2155e-01,  9.4083e-01],
[36m(train_fnn pid=3823383)[0m         [-2.4372e+00,  9.0137e-01,  3.6033e-01, -1.7257e+00, -6.7738e-01],
[36m(train_fnn pid=3823383)[0m         [-7.5411e-01,  1.6612e+00, -1.2477e+00, -2.1924e-01,  1.1112e-01],
[36m(train_fnn pid=3823383)[0m         [-1.8392e+00,  2.2715e+00, -2.9492e-01, -3.3663e-01,  7.2016e-01],
[36m(train_fnn pid=3823383)[0m         [-1.4056e+00, -1.9138e+00, -1.9773e-02,  1.4610e+00, -1.8021e+00],
[36m(train_fnn pid=3823383)[0m         [-7.6583e-01, -2.3943e+00,  1.4339e+00, -9.1616e-01, -4.0713e-01],
[36m(train_fnn pid=3823383)[0m         [ 1.4117e+00,  2.5016e+00, -1.5102e-01, -2.1818e+00,  2.3179e+00],
[36m(train_fnn pid=3823383)[0m         [-8.7151e-01, -9.3023e-01,  1.6610e-01, -4.2327e-01,  3.7381e-01],
[36m(train_fnn pid=3823383)[0m         [ 5.3759e-01, -1.2560e+00,  1.4555e+00,  2.3823e-01,  1.4556e+00],
[36m(train_fnn pid=3823383)[0m         [-3.5685e-01,  6.0472e-02, -5.5403e-01,  6.4226e-01, -1.3066e-01],
[36m(train_fnn pid=3823383)[0m         [ 1.6366e+00, -8.2955e-01, -1.8353e+00, -4.0401e+00, -4.3614e-01],
[36m(train_fnn pid=3823383)[0m         [-1.3990e+00, -3.0645e-01, -1.9980e-01,  1.4292e+00, -1.4866e+00],
[36m(train_fnn pid=3823383)[0m         [ 2.9276e-01, -6.3989e-01, -1.2232e+00,  8.0191e-01,  2.1878e+00],
[36m(train_fnn pid=3823383)[0m         [ 1.6730e-01, -1.6174e+00, -7.4510e-01,  4.7199e-02,  6.7063e-01],
[36m(train_fnn pid=3823383)[0m         [-4.3817e-01,  7.0507e-01,  6.3028e-01, -8.5852e-01,  1.1215e+00],
[36m(train_fnn pid=3823383)[0m         [-4.1435e-01,  1.4647e-01,  4.1017e-01, -7.2191e-01,  1.3471e+00],
[36m(train_fnn pid=3823383)[0m         [-9.0449e-01, -9.9747e-01, -5.1246e-01,  2.9616e+00,  1.0151e+00],
[36m(train_fnn pid=3823383)[0m         [ 2.3072e+00, -4.6616e-01, -1.7056e+00, -1.0984e-01, -5.8675e-01],
[36m(train_fnn pid=3823383)[0m         [-2.1268e+00,  1.3358e+00,  7.9465e-02,  1.2069e+00, -8.5631e-01],
[36m(train_fnn pid=3823383)[0m         [ 2.1106e+00, -9.4953e-01,  1.6178e+00, -2.3717e-01,  1.7605e+00],
[36m(train_fnn pid=3823383)[0m         [ 4.0737e-01,  1.3011e+00, -1.1197e-01,  5.7289e-01, -1.7348e-01],
[36m(train_fnn pid=3823383)[0m         [-4.9725e-01, -3.8236e-01,  4.3337e-01, -8.1042e-01,  1.4385e+00],
[36m(train_fnn pid=3823383)[0m         [-1.8240e+00, -7.8901e-01,  3.5064e+00,  1.8525e+00,  1.0336e+00],
[36m(train_fnn pid=3823383)[0m         [ 9.8101e-01,  1.7462e+00,  6.1223e-01,  5.7859e-02, -8.8412e-01],
[36m(train_fnn pid=3823383)[0m         [ 1.4793e-02, -1.1351e+00, -1.3293e+00, -6.8897e-01, -3.2742e+00],
[36m(train_fnn pid=3823383)[0m         [ 9.9480e-01, -1.1013e+00,  1.4762e+00, -9.8657e-02,  1.5617e+00],
[36m(train_fnn pid=3823383)[0m         [ 5.8396e-02,  1.6243e+00,  3.5438e-01, -1.0458e+00,  2.2361e+00],
[36m(train_fnn pid=3823383)[0m         [-2.8546e+00, -5.6521e-01,  3.6334e+00, -2.6670e+00, -1.8319e+00],
[36m(train_fnn pid=3823383)[0m         [-1.3580e-02, -3.5636e-01, -5.5076e-01,  1.8822e+00,  3.1780e-02],
[36m(train_fnn pid=3823383)[0m         [-1.7513e+00, -1.3572e+00,  8.5273e-02,  9.5633e-02, -2.3932e+00],
[36m(train_fnn pid=3823383)[0m         [-3.7612e-01, -2.0007e+00,  5.3508e-01, -3.2470e-02,  5.8338e-01],
[36m(train_fnn pid=3823383)[0m         [-9.4235e-01, -1.1947e+00,  6.3932e-01, -1.0864e+00, -1.0593e+00],
[36m(train_fnn pid=3823383)[0m         [ 1.5592e-01, -3.6852e-01, -1.0776e-01,  1.2656e-01,  4.5107e-01],
[36m(train_fnn pid=3823383)[0m         [-9.9218e-01,  8.2453e-01,  1.4626e+00,  1.1453e+00, -1.0973e-01],
[36m(train_fnn pid=3823383)[0m         [-9.5225e-01, -3.6395e-02,  1.6509e+00, -1.3354e-01,  2.4740e-01],
[36m(train_fnn pid=3823383)[0m         [-2.7007e+00,  2.7106e+00, -9.3442e-01, -2.3442e-01,  4.9614e-01],
[36m(train_fnn pid=3823383)[0m         [ 7.4013e-01, -8.7801e-01,  1.8693e+00, -3.8909e-02,  1.4526e+00],
[36m(train_fnn pid=3823383)[0m         [-5.1193e-01,  1.8624e+00, -2.5390e-01,  2.0453e+00, -5.8885e-01],
[36m(train_fnn pid=3823383)[0m         [ 3.2636e+00, -9.3018e-01, -1.0637e+00,  1.0126e-01,  9.6125e-01],
[36m(train_fnn pid=3823383)[0m         [-2.1508e-01,  1.8063e-01, -1.2315e-01,  1.3215e+00, -5.7985e-01],
[36m(train_fnn pid=3823383)[0m         [-6.0076e-01, -4.5900e-01, -2.8772e-01, -7.6421e-01,  3.4005e-01],
[36m(train_fnn pid=3823383)[0m         [-5.8142e-01,  1.4897e+00,  1.2109e+00,  1.7070e+00,  8.3947e-01],
[36m(train_fnn pid=3823383)[0m         [ 1.6640e+00,  2.4796e+00, -3.5139e-01,  3.1337e-01, -2.3791e-01],
[36m(train_fnn pid=3823383)[0m         [ 1.5946e+00,  1.1866e+00, -2.3510e-01, -1.2637e+00, -1.5866e+00],
[36m(train_fnn pid=3823383)[0m         [ 1.0195e+00,  4.8061e-01,  3.3256e-01,  1.2383e+00,  7.4132e-01],
[36m(train_fnn pid=3823383)[0m         [ 1.7535e-01, -8.9441e-02, -4.6182e-01, -1.4189e+00, -9.2204e-01],
[36m(train_fnn pid=3823383)[0m         [ 4.6101e-02, -9.0575e-01,  1.3016e+00,  5.0679e-01,  1.4077e+00],
[36m(train_fnn pid=3823383)[0m         [-6.3455e-01, -9.8235e-01,  8.7821e-01, -3.6207e-01, -4.7187e-01],
[36m(train_fnn pid=3823383)[0m         [-1.0361e+00,  7.7182e-01, -6.0471e-01,  4.8679e-01, -2.6738e-01],
[36m(train_fnn pid=3823383)[0m         [ 8.0727e-01, -1.2525e+00,  1.9846e-01,  5.6535e-01, -1.3305e+00],
[36m(train_fnn pid=3823383)[0m         [-1.8641e-01, -3.4391e-01,  1.6331e+00,  6.7175e-01, -8.6170e-01],
WARNING:tensorboardX.x2num:NaN or Inf found in input tensor.
[36m(train_fnn pid=3823383)[0m         [ 4.1538e+00,  6.4795e-01,  1.5699e+00,  7.8435e-01,  1.3532e+00],
[36m(train_fnn pid=3823383)[0m         [-1.3984e-01,  1.0281e-01,  3.1450e-01,  1.0280e-01, -7.2413e-02],
WARNING:tensorboardX.x2num:NaN or Inf found in input tensor.
[36m(train_fnn pid=3823383)[0m         [-1.5644e+00,  3.6268e-01,  2.6366e+00, -9.1181e-01,  5.3536e-01],
[36m(train_fnn pid=3823383)[0m         [-1.2278e-01,  1.3504e-01, -1.5168e-02, -9.7276e-01,  1.2379e+00],
[36m(train_fnn pid=3823383)[0m         [-7.1542e-01,  1.5059e+00, -4.0669e-01, -2.7570e-01, -3.4477e-01],
[36m(train_fnn pid=3823383)[0m         [ 3.0763e-01,  4.9304e-01,  1.5782e+00,  1.5720e+00,  3.7963e+00],
[36m(train_fnn pid=3823383)[0m         [ 1.4839e+00, -5.4902e-01,  2.1073e-01,  1.4758e-01, -1.1266e-01],
[36m(train_fnn pid=3823383)[0m         [-5.3198e-01, -3.2512e-01,  1.2227e+00,  1.5379e+00, -4.8150e-01],
[36m(train_fnn pid=3823383)[0m         [-1.3556e+00,  1.5158e+00, -1.3713e+00, -1.0192e-01,  1.1231e+00],
[36m(train_fnn pid=3823383)[0m         [ 2.3023e+00, -2.5417e+00, -3.2952e-01, -1.4873e+00,  6.4021e-01],
[36m(train_fnn pid=3823383)[0m         [ 1.2789e+00,  2.0876e+00, -4.1542e+00, -1.5460e+00, -2.6883e+00],
[36m(train_fnn pid=3823383)[0m         [ 1.6413e-01, -1.7313e-01, -3.3888e+00, -1.5739e-01,  1.4346e-01],
[36m(train_fnn pid=3823383)[0m         [-1.1878e+00, -1.3424e+00, -1.6055e-01,  1.2200e+00, -1.2125e+00],
[36m(train_fnn pid=3823383)[0m         [ 8.5148e-01,  3.5839e-03,  1.0605e+00, -1.3474e+00, -2.7433e+00],
[36m(train_fnn pid=3823383)[0m         [-7.6740e-01, -9.7123e-01,  2.1435e+00, -1.7986e+00,  1.0473e+00],
[36m(train_fnn pid=3823383)[0m         [-2.1945e-01, -1.9207e-01,  1.6662e-01, -1.3127e-01, -1.7708e-01],
[36m(train_fnn pid=3823383)[0m         [ 1.1195e+00,  1.7947e+00, -1.4230e+00,  1.5000e+00,  9.7063e-01],
[36m(train_fnn pid=3823383)[0m         [ 4.3041e-01,  1.1324e+00, -4.3464e-02, -5.4589e-01,  7.6153e-01],
[36m(train_fnn pid=3823383)[0m         [ 5.8505e-01, -9.1256e-01, -6.6100e+00, -4.7460e+00, -3.3372e+00],
[36m(train_fnn pid=3823383)[0m         [ 1.8982e-01,  1.4640e+00, -3.1317e-01,  2.0231e-01,  7.7249e-01],
[36m(train_fnn pid=3823383)[0m         [-9.2526e-01,  2.2657e-01,  8.0754e-01,  9.8653e-01,  1.8278e+00],
[36m(train_fnn pid=3823383)[0m         [ 3.7588e-01, -8.1639e-01, -1.4361e-01, -1.5126e+00,  2.9200e+00],
[36m(train_fnn pid=3823383)[0m         [-2.8848e-01,  1.7454e+00,  6.9110e-01, -9.1766e-01,  2.0677e+00],
[36m(train_fnn pid=3823383)[0m         [-1.0446e+00, -3.8609e-01,  7.8443e-01,  5.8477e-01,  4.0174e-01],
[36m(train_fnn pid=3823383)[0m         [-6.3295e-01,  4.1057e-01,  2.0285e-01,  4.0660e-01,  1.2576e-01],
[36m(train_fnn pid=3823383)[0m         [ 1.6928e+00,  1.8139e-01, -3.0028e-01,  3.0794e-01,  3.8988e-01],
[36m(train_fnn pid=3823383)[0m         [-1.3538e+00, -5.6481e-01, -6.2783e-01, -2.3919e-03,  1.7918e+00],
[36m(train_fnn pid=3823383)[0m         [ 5.6823e-01, -6.5514e-01, -1.3967e+00, -1.2760e+00,  9.7797e-01],
[36m(train_fnn pid=3823383)[0m         [ 5.5135e-01,  1.6991e-01, -2.0713e-01,  4.5832e-01, -2.1971e-01],
[36m(train_fnn pid=3823383)[0m         [-5.6261e-01,  1.2666e-01,  1.0411e+00,  4.0722e-02, -3.9296e-01],
[36m(train_fnn pid=3823383)[0m         [-8.1800e-02, -1.9005e+00,  1.2542e+00, -2.3153e-01,  1.2180e+00],
[36m(train_fnn pid=3823383)[0m         [-1.9073e+00, -1.9050e+00,  7.1018e-01, -4.6099e-01, -6.1205e-01],
[36m(train_fnn pid=3823383)[0m         [-6.7482e-01, -1.1540e+00,  1.0030e+00,  1.3350e-01,  8.1139e-01],
[36m(train_fnn pid=3823383)[0m         [ 4.2246e-01,  5.2078e-01, -1.2747e+00,  2.2020e-01,  2.5858e+00],
[36m(train_fnn pid=3823383)[0m         [-5.4405e-02,  1.1858e+00,  1.1840e+00, -2.1176e+00, -9.8976e-01],
[36m(train_fnn pid=3823383)[0m         [-2.1208e+00, -1.2219e+00,  1.9646e+00, -8.6227e-01, -6.2606e-02],
[36m(train_fnn pid=3823383)[0m         [-1.3261e+00, -4.4581e-01, -2.6955e-01,  1.3305e-02, -2.1195e+00],
[36m(train_fnn pid=3823383)[0m         [-1.5581e+00, -1.3082e+00,  1.0021e+00,  1.8396e-01, -2.0514e+00],
[36m(train_fnn pid=3823383)[0m         [-5.5454e-01,  5.5489e-01,  9.2813e-01, -3.9069e-02, -1.0650e+00],
[36m(train_fnn pid=3823383)[0m         [ 1.5947e+00, -4.4256e-01,  5.6980e-01, -5.9552e-01,  2.8959e+00],
[36m(train_fnn pid=3823383)[0m         [-5.3305e-01, -3.1151e-01,  4.7091e-01, -5.9300e-01,  4.0088e-01],
[36m(train_fnn pid=3823383)[0m         [ 9.5251e-01, -1.5869e+00, -3.8895e-01, -2.5234e+00,  5.0487e-01],
[36m(train_fnn pid=3823383)[0m         [-6.7635e-01,  6.0082e-01, -1.2241e-02, -1.3742e+00,  2.0601e-01],
[36m(train_fnn pid=3823383)[0m         [ 8.1464e-01,  1.3676e+00, -7.6355e-01, -1.6484e+00, -3.8932e+00],
[36m(train_fnn pid=3823383)[0m         [-2.4191e+00, -2.3677e-01,  1.7292e+00,  1.6255e+00, -2.6281e+00],
[36m(train_fnn pid=3823383)[0m         [-1.2233e+00, -5.4134e-01, -1.8953e+00,  1.5571e-01, -2.7566e-02],
[36m(train_fnn pid=3823383)[0m         [ 6.3597e-01,  7.3759e-01, -5.1963e-01, -5.9946e-01, -2.3700e-01],
[36m(train_fnn pid=3823383)[0m         [-3.4517e-01,  2.8867e-01,  5.5274e-02, -6.2191e-01, -3.2452e-01],
[36m(train_fnn pid=3823383)[0m         [-1.0699e+00, -2.4871e-01,  2.0252e+00, -1.6965e-01,  8.2856e-01],
[36m(train_fnn pid=3823383)[0m         [ 8.1416e-02,  4.3861e-02,  7.7620e-01,  1.1507e+00,  8.6804e-01],
[36m(train_fnn pid=3823383)[0m         [-1.9965e-01,  7.1413e-01,  8.2720e-01,  9.2172e-02,  3.3460e+00],
[36m(train_fnn pid=3823383)[0m         [-9.0006e-01,  1.1639e-01, -1.2455e+00,  1.7073e-02,  3.5275e-01],
[36m(train_fnn pid=3823383)[0m         [ 3.8353e-01, -1.0015e+00,  3.7902e-02, -1.9383e-01, -1.8106e+00],
[36m(train_fnn pid=3823383)[0m         [-6.1966e-01,  7.4237e-01, -3.5971e+00, -9.9041e-02,  1.0126e+00],
[36m(train_fnn pid=3823383)[0m         [-4.6937e-01, -7.0735e-01,  1.5554e-01, -5.3465e-01,  5.0956e-01],
[36m(train_fnn pid=3823383)[0m         [-1.9989e-01, -1.9132e+00,  3.3662e-01, -1.2578e+00,  7.3482e-01],
[36m(train_fnn pid=3823383)[0m         [-3.6454e-01,  7.1123e-01, -7.6998e-01,  4.8821e-02,  8.0368e-01],
[36m(train_fnn pid=3823383)[0m         [ 1.5444e+00,  1.1499e+00,  5.4613e-01,  3.3283e-01,  4.9525e-01],
[36m(train_fnn pid=3823383)[0m         [-8.5047e-01,  9.6402e-01, -6.7375e-01,  2.7030e-01, -5.7689e-01],
[36m(train_fnn pid=3823383)[0m         [-5.1707e-01, -7.9540e-01,  1.1354e+00,  3.5039e-01, -1.0126e-01],
[36m(train_fnn pid=3823383)[0m         [-3.8312e-01,  4.3621e-01, -1.3954e+00, -4.3995e-01, -1.4034e+00],
[36m(train_fnn pid=3823383)[0m         [ 2.0959e-01, -1.0430e+00,  2.2552e-01, -1.2328e+00, -1.9699e-01],
[36m(train_fnn pid=3823383)[0m         [-2.9924e-01,  5.8305e-01,  1.8233e+00,  1.0882e-01, -1.2678e-01],
[36m(train_fnn pid=3823383)[0m         [ 3.4273e-01, -1.7540e+00,  1.4012e+00,  6.8805e-01,  5.1987e-01],
[36m(train_fnn pid=3823383)[0m         [-7.3772e-01,  1.5233e+00, -1.1697e-01,  2.5608e+00,  6.3730e-01],
[36m(train_fnn pid=3823383)[0m         [-4.8988e-01, -1.0887e+00,  2.2738e+00,  1.2477e-01,  6.9199e-01],
[36m(train_fnn pid=3823383)[0m         [-1.5233e+00,  1.2747e+00,  3.4202e-01, -8.3974e-02,  1.4479e+00],
[36m(train_fnn pid=3823383)[0m         [ 6.6836e-01,  7.8825e-01, -1.0993e+00, -2.0909e-01,  1.1137e+00],
[36m(train_fnn pid=3823383)[0m         [-1.2393e+00, -1.8542e+00,  2.7499e+00, -1.2063e+00,  1.3753e+00],
[36m(train_fnn pid=3823383)[0m         [-8.9361e-01,  2.4763e-01, -1.0052e+00,  6.3082e-01, -6.7474e-01],
[36m(train_fnn pid=3823383)[0m         [-9.5997e-01, -5.8522e-01,  1.3263e+00,  1.0485e+00,  9.5375e-01],
[36m(train_fnn pid=3823383)[0m         [-3.4043e-01,  7.7738e-01, -1.7288e+00,  1.1126e-01, -4.7809e-01],
[36m(train_fnn pid=3823383)[0m         [ 2.1301e-01, -1.0540e+00, -5.1109e-01,  9.9084e-01,  4.9177e-01],
[36m(train_fnn pid=3823383)[0m         [ 5.1451e-01, -2.2767e-02,  1.0045e+00, -1.0699e+00, -6.9083e-01],
[36m(train_fnn pid=3823383)[0m         [ 4.8578e-01,  7.8079e-01,  1.4674e-01, -8.8318e-02,  2.2801e+00]],
[36m(train_fnn pid=3823383)[0m        grad_fn=<AddmmBackward0>)
[36m(train_fnn pid=3823400)[0m        grad_fn=<AddmmBackward0>)
[36m(train_fnn pid=3823500)[0m        grad_fn=<AddmmBackward0>)
[36m(train_fnn pid=3823568)[0m DEBUG:model_data_nn.py:After Linear Layer 0: torch.Size([128, 5]), tensor([[-2.3285e-01, -1.3169e+00, -1.7998e+00, -1.0871e+00,  5.4345e-02],
[36m(train_fnn pid=3823568)[0m         [-1.0132e+00, -7.4796e-01, -5.2701e-01, -1.2552e-01,  1.3571e+00],
[36m(train_fnn pid=3823568)[0m         [-4.1439e+00,  1.8722e+00,  5.8656e-01,  6.8014e-02, -1.8689e+00],
[36m(train_fnn pid=3823568)[0m         [-1.4976e+00,  1.1752e+00, -3.2843e-01,  6.7756e-01,  4.8675e-01],
[36m(train_fnn pid=3823568)[0m         [-2.0286e+00,  1.1855e+00,  4.5104e-01, -4.6330e-01,  4.8986e-01],
[36m(train_fnn pid=3823568)[0m         [-1.9865e+00, -1.1839e+00,  2.6080e+00,  2.2780e+00, -8.6970e-01],
[36m(train_fnn pid=3823568)[0m         [-4.5124e-01, -3.5234e-01, -9.4424e-01, -5.6909e-01, -4.7223e-01],
[36m(train_fnn pid=3823568)[0m         [-7.4051e-01,  1.4095e+00,  4.4806e-01,  1.1947e+00,  9.7111e-01],
[36m(train_fnn pid=3823568)[0m         [-4.1137e-01,  8.3096e-01,  2.2044e-01, -3.6962e-01,  2.5079e-01],
[36m(train_fnn pid=3823568)[0m         [-1.7591e+00,  7.4895e-01,  3.3444e-01,  1.2325e+00,  6.3929e-01],
[36m(train_fnn pid=3823568)[0m         [-8.1029e-01,  1.8200e+00,  6.8675e-02,  1.0263e+00,  7.9937e-01],
[36m(train_fnn pid=3823568)[0m         [-2.0358e-01,  1.2030e+00,  1.7768e-01, -9.1938e-01, -4.4429e-01],
[36m(train_fnn pid=3823568)[0m         [-8.4321e-01,  1.9783e-01, -7.3572e-01,  6.1325e-01,  3.9019e-01],
[36m(train_fnn pid=3823568)[0m         [-2.1779e+00,  2.9894e-01,  7.4406e-02,  1.2700e-01, -1.1322e+00],
[36m(train_fnn pid=3823568)[0m         [-1.5974e+00, -3.3583e-01, -6.6416e-01, -5.1195e-01,  4.5309e-01],
[36m(train_fnn pid=3823568)[0m         [-6.9989e-01, -4.0853e-01, -6.7136e-01,  3.0259e-01,  6.0091e-01],
[36m(train_fnn pid=3823568)[0m         [-2.9557e-01, -3.0081e-01,  2.0722e+00,  1.6939e+00, -1.8905e+00],
[36m(train_fnn pid=3823568)[0m         [-1.8174e-01,  2.1094e+00,  9.8432e-01, -1.3670e-02,  1.1765e+00],
[36m(train_fnn pid=3823568)[0m         [-7.8610e-01, -7.5121e-01,  2.5024e-01,  7.3882e-01,  6.5537e-01],
[36m(train_fnn pid=3823568)[0m         [-1.4388e-01, -8.9377e-01,  6.3103e-01, -2.0981e+00,  5.9153e-02],
[36m(train_fnn pid=3823568)[0m         [-2.3473e+00,  1.9571e+00,  1.0954e+00,  2.5626e+00,  2.5178e-01],
[36m(train_fnn pid=3823568)[0m         [-3.5084e-01,  7.2402e-01,  6.2225e-01, -1.1146e+00, -4.9435e-01],
[36m(train_fnn pid=3823568)[0m         [-2.8702e-01,  1.0416e-01,  2.0529e-01, -9.6165e-01,  1.3019e+00],
[36m(train_fnn pid=3823568)[0m         [-1.7505e+00, -1.7870e+00, -2.5522e-01,  1.2944e+00,  7.9953e-01],
[36m(train_fnn pid=3823568)[0m         [-1.5839e+00,  1.2174e+00, -3.8240e-01,  1.8362e+00, -2.3995e-01],
[36m(train_fnn pid=3823568)[0m         [-1.4846e+00, -2.4112e+00,  2.2894e-01, -1.9730e+00,  2.6008e+00],
[36m(train_fnn pid=3823568)[0m         [-4.0502e-01,  1.6183e+00, -1.1730e+00,  1.1114e+00,  1.7812e+00],
[36m(train_fnn pid=3823568)[0m         [-2.1264e+00, -4.0774e-01, -6.2626e-01, -1.7603e+00,  1.3912e+00],
[36m(train_fnn pid=3823568)[0m         [-9.0054e-01,  7.6055e-01,  5.3662e-01,  8.5885e-01, -2.9474e+00],
[36m(train_fnn pid=3823568)[0m         [-6.2028e+00,  1.2387e+00, -6.9299e-01,  5.0264e+00,  4.9031e+00],
[36m(train_fnn pid=3823568)[0m         [-1.5452e+00,  2.2461e-02, -5.3308e-01, -2.2979e-01, -1.5758e-01],
[36m(train_fnn pid=3823568)[0m         [-1.7797e+00,  8.8969e-01,  5.0831e-01,  1.9843e+00,  1.0400e+00],
[36m(train_fnn pid=3823568)[0m         [-1.3307e+00,  1.7990e-01, -1.1318e+00, -1.0285e+00,  1.4118e+00],
[36m(train_fnn pid=3823568)[0m         [-1.0490e-01, -7.2643e-01, -1.1427e+00, -1.7297e-01,  4.7126e-01],
[36m(train_fnn pid=3823568)[0m         [-9.5689e-02,  8.5020e-02, -8.0778e-01,  1.1846e-01,  9.4643e-01],
[36m(train_fnn pid=3823568)[0m         [-1.6465e+00, -1.6465e+00, -1.9367e+00,  2.3478e+00,  8.0450e-01],
[36m(train_fnn pid=3823568)[0m         [-9.3313e-01, -1.7263e+00,  2.6831e-01, -3.7559e-01, -1.9612e+00],
[36m(train_fnn pid=3823568)[0m         [-6.6410e-01, -5.2586e-01, -8.8987e-01,  7.0022e-01, -1.9229e-01],
[36m(train_fnn pid=3823568)[0m         [-1.0871e+00, -3.3122e+00,  1.1292e+00, -9.5007e-01, -5.4442e-01],
[36m(train_fnn pid=3823568)[0m         [-1.9005e-01, -2.1160e-02,  6.6383e-01,  7.9279e-01, -5.0093e-01],
[36m(train_fnn pid=3823568)[0m         [-6.2391e-01, -1.0330e+00, -1.4447e+00,  1.7375e+00,  1.1248e+00],
[36m(train_fnn pid=3823568)[0m         [-1.2381e+00,  8.7530e-02, -1.4864e+00,  2.1292e-01,  4.1860e-01],
[36m(train_fnn pid=3823568)[0m         [-2.3699e-01,  1.5847e+00,  7.3553e-01, -1.5451e-01,  2.7246e-01],
[36m(train_fnn pid=3823568)[0m         [-9.9865e-02, -3.8582e-01, -4.4458e-01,  1.4073e-01, -1.1667e+00],
[36m(train_fnn pid=3823568)[0m         [-9.3962e-01,  1.0395e-01,  6.0884e-01,  1.4198e+00,  6.8210e-01],
[36m(train_fnn pid=3823568)[0m         [-3.5998e+00,  3.3026e+00, -1.0640e+00, -4.7957e-01,  3.3096e+00],
[36m(train_fnn pid=3823568)[0m         [-6.8134e-01,  7.1308e-02, -7.4129e-01, -2.1205e-02,  1.1728e+00],
[36m(train_fnn pid=3823568)[0m         [-1.7267e+00,  1.2208e+00,  5.2057e-01,  1.1039e-01, -1.7059e-01],
[36m(train_fnn pid=3823568)[0m         [-2.3450e-01, -3.6285e-01, -3.9741e-01, -5.7457e-02, -1.5170e+00],
[36m(train_fnn pid=3823568)[0m         [-8.0761e-01, -1.9269e-01,  5.1540e-01, -1.8477e-01, -3.0180e-01],
[36m(train_fnn pid=3823568)[0m         [-1.9641e+00, -1.3976e+00, -4.1752e-01, -6.9778e-02,  3.9274e+00],
[36m(train_fnn pid=3823568)[0m         [-6.7016e-01,  2.0658e+00, -8.5489e-01, -2.1127e-01,  3.6476e+00],
[36m(train_fnn pid=3823568)[0m         [-1.8558e-02, -8.9860e-01, -4.2160e-01, -2.5464e-01, -8.6929e-01],
[36m(train_fnn pid=3823568)[0m        grad_fn=<AddmmBackward0>)
WARNING:tensorboardX.x2num:NaN or Inf found in input tensor.
WARNING:tensorboardX.x2num:NaN or Inf found in input tensor.
WARNING:tensorboardX.x2num:NaN or Inf found in input tensor.
WARNING:tensorboardX.x2num:NaN or Inf found in input tensor.
WARNING:tensorboardX.x2num:NaN or Inf found in input tensor.
WARNING:tensorboardX.x2num:NaN or Inf found in input tensor.
WARNING:tensorboardX.x2num:NaN or Inf found in input tensor.
WARNING:tensorboardX.x2num:NaN or Inf found in input tensor.
WARNING:tensorboardX.x2num:NaN or Inf found in input tensor.
WARNING:tensorboardX.x2num:NaN or Inf found in input tensor.
WARNING:tensorboardX.x2num:NaN or Inf found in input tensor.
WARNING:tensorboardX.x2num:NaN or Inf found in input tensor.
WARNING:tensorboardX.x2num:NaN or Inf found in input tensor.
WARNING:tensorboardX.x2num:NaN or Inf found in input tensor.
WARNING:tensorboardX.x2num:NaN or Inf found in input tensor.
WARNING:tensorboardX.x2num:NaN or Inf found in input tensor.
WARNING:tensorboardX.x2num:NaN or Inf found in input tensor.
WARNING:tensorboardX.x2num:NaN or Inf found in input tensor.
WARNING:tensorboardX.x2num:NaN or Inf found in input tensor.
WARNING:tensorboardX.x2num:NaN or Inf found in input tensor.
WARNING:tensorboardX.x2num:NaN or Inf found in input tensor.
WARNING:tensorboardX.x2num:NaN or Inf found in input tensor.
WARNING:tensorboardX.x2num:NaN or Inf found in input tensor.
WARNING:tensorboardX.x2num:NaN or Inf found in input tensor.
WARNING:tensorboardX.x2num:NaN or Inf found in input tensor.
WARNING:tensorboardX.x2num:NaN or Inf found in input tensor.
WARNING:tensorboardX.x2num:NaN or Inf found in input tensor.
WARNING:tensorboardX.x2num:NaN or Inf found in input tensor.
WARNING:tensorboardX.x2num:NaN or Inf found in input tensor.
WARNING:tensorboardX.x2num:NaN or Inf found in input tensor.
WARNING:tensorboardX.x2num:NaN or Inf found in input tensor.
WARNING:tensorboardX.x2num:NaN or Inf found in input tensor.
WARNING:tensorboardX.x2num:NaN or Inf found in input tensor.
WARNING:tensorboardX.x2num:NaN or Inf found in input tensor.
WARNING:tensorboardX.x2num:NaN or Inf found in input tensor.
WARNING:tensorboardX.x2num:NaN or Inf found in input tensor.
WARNING:tensorboardX.x2num:NaN or Inf found in input tensor.
WARNING:tensorboardX.x2num:NaN or Inf found in input tensor.
WARNING:tensorboardX.x2num:NaN or Inf found in input tensor.
WARNING:tensorboardX.x2num:NaN or Inf found in input tensor.
WARNING:tensorboardX.x2num:NaN or Inf found in input tensor.
WARNING:tensorboardX.x2num:NaN or Inf found in input tensor.
WARNING:tensorboardX.x2num:NaN or Inf found in input tensor.
WARNING:tensorboardX.x2num:NaN or Inf found in input tensor.
WARNING:tensorboardX.x2num:NaN or Inf found in input tensor.
WARNING:tensorboardX.x2num:NaN or Inf found in input tensor.
WARNING:tensorboardX.x2num:NaN or Inf found in input tensor.
WARNING:tensorboardX.x2num:NaN or Inf found in input tensor.
WARNING:tensorboardX.x2num:NaN or Inf found in input tensor.
WARNING:tensorboardX.x2num:NaN or Inf found in input tensor.
WARNING:tensorboardX.x2num:NaN or Inf found in input tensor.
WARNING:tensorboardX.x2num:NaN or Inf found in input tensor.
WARNING:tensorboardX.x2num:NaN or Inf found in input tensor.
WARNING:tensorboardX.x2num:NaN or Inf found in input tensor.
[36m(train_fnn pid=3823533)[0m        grad_fn=<AddmmBackward0>)
[36m(train_fnn pid=3823638)[0m        grad_fn=<AddmmBackward0>)
[36m(train_fnn pid=3823589)[0m        grad_fn=<AddmmBackward0>)
[36m(train_fnn pid=3823671)[0m        grad_fn=<AddmmBackward0>)
[36m(train_fnn pid=3823787)[0m        grad_fn=<AddmmBackward0>)
[36m(train_fnn pid=3823602)[0m        grad_fn=<AddmmBackward0>)
[36m(train_fnn pid=3823821)[0m        grad_fn=<AddmmBackward0>)
WARNING:tensorboardX.x2num:NaN or Inf found in input tensor.
WARNING:tensorboardX.x2num:NaN or Inf found in input tensor.
[36m(train_fnn pid=3823603)[0m        grad_fn=<AddmmBackward0>)
[36m(train_fnn pid=3823688)[0m        grad_fn=<AddmmBackward0>)
[36m(train_fnn pid=3823893)[0m        grad_fn=<AddmmBackward0>)
[36m(train_fnn pid=3823707)[0m        grad_fn=<AddmmBackward0>)
[36m(train_fnn pid=3823875)[0m        grad_fn=<AddmmBackward0>)
[36m(train_fnn pid=3823620)[0m        grad_fn=<AddmmBackward0>)
WARNING:tensorboardX.x2num:NaN or Inf found in input tensor.
[36m(train_fnn pid=3823847)[0m          -1.1168e+00,  1.0401e+00],
[36m(train_fnn pid=3823847)[0m           7.6190e-01,  3.2663e-01],
[36m(train_fnn pid=3823847)[0m          -2.7869e+00,  7.9312e-01],
[36m(train_fnn pid=3823847)[0m          -6.5496e-02,  2.0936e-01],
[36m(train_fnn pid=3823847)[0m          -2.1693e-01,  1.3441e-01],
[36m(train_fnn pid=3823847)[0m          -6.2160e-01, -1.4187e+00]], grad_fn=<AddmmBackward0>)
[36m(train_fnn pid=3823804)[0m        grad_fn=<AddmmBackward0>)
WARNING:tensorboardX.x2num:NaN or Inf found in input tensor.
[36m(train_fnn pid=3823892)[0m        grad_fn=<AddmmBackward0>)
[36m(train_fnn pid=3823264)[0m        grad_fn=<AddmmBackward0>)
[36m(train_fnn pid=3821610)[0m        grad_fn=<AddmmBackward0>)
[36m(train_fnn pid=3821232)[0m        grad_fn=<AddmmBackward0>)
[36m(train_fnn pid=3822714)[0m        grad_fn=<AddmmBackward0>)
[36m(train_fnn pid=3821860)[0m        grad_fn=<AddmmBackward0>)
[36m(train_fnn pid=3823058)[0m        grad_fn=<AddmmBackward0>)
[36m(train_fnn pid=3822767)[0m        grad_fn=<AddmmBackward0>)
[36m(train_fnn pid=3822986)[0m        grad_fn=<AddmmBackward0>)
[36m(train_fnn pid=3823093)[0m        grad_fn=<AddmmBackward0>)
[36m(train_fnn pid=3823076)[0m        grad_fn=<AddmmBackward0>)
[36m(train_fnn pid=3823057)[0m        grad_fn=<AddmmBackward0>)
[36m(train_fnn pid=3823110)[0m        grad_fn=<AddmmBackward0>)
[36m(train_fnn pid=3823160)[0m          -5.9847e-02, -1.0400e-01],
[36m(train_fnn pid=3823160)[0m           8.0482e-01, -2.0132e-01],
[36m(train_fnn pid=3823160)[0m           9.0866e-01, -1.1418e+00],
[36m(train_fnn pid=3823160)[0m          -2.3322e+00, -7.1667e-01],
[36m(train_fnn pid=3823160)[0m           2.0144e-01,  3.3142e-01],
[36m(train_fnn pid=3823160)[0m          -4.9547e-01,  4.0811e-01]], grad_fn=<AddmmBackward0>)
WARNING:tensorboardX.x2num:NaN or Inf found in input tensor.
WARNING:tensorboardX.x2num:NaN or Inf found in input tensor.
[36m(train_fnn pid=3823229)[0m        grad_fn=<AddmmBackward0>)
[36m(train_fnn pid=3823127)[0m        grad_fn=<AddmmBackward0>)
[36m(train_fnn pid=3823161)[0m        grad_fn=<AddmmBackward0>)
[36m(train_fnn pid=3823347)[0m        grad_fn=<AddmmBackward0>)
[36m(train_fnn pid=3823298)[0m        grad_fn=<AddmmBackward0>)
WARNING:tensorboardX.x2num:NaN or Inf found in input tensor.
[36m(train_fnn pid=3823195)[0m        grad_fn=<AddmmBackward0>)
WARNING:tensorboardX.x2num:NaN or Inf found in input tensor.
[36m(train_fnn pid=3823281)[0m        grad_fn=<AddmmBackward0>)
[36m(train_fnn pid=3823212)[0m        grad_fn=<AddmmBackward0>)
[36m(train_fnn pid=3823449)[0m           1.7687e-03, -5.7964e-01],
[36m(train_fnn pid=3823449)[0m           7.9083e-01, -1.3583e-01],
[36m(train_fnn pid=3823449)[0m          -7.3323e-01, -2.0052e+00],
[36m(train_fnn pid=3823449)[0m          -5.4633e-01, -9.1023e-01],
[36m(train_fnn pid=3823449)[0m          -1.6559e-01,  4.2094e-01],
[36m(train_fnn pid=3823449)[0m           5.3759e-01,  3.6544e-01]], grad_fn=<AddmmBackward0>)
[36m(train_fnn pid=3823365)[0m         [-6.0442e-01,  4.8488e-01, -9.7123e-01,  1.1854e+00,  9.4803e-01],
[36m(train_fnn pid=3823365)[0m         [-7.9456e-01,  1.8809e+00,  1.9628e-01, -4.3893e-01,  1.7902e+00],
[36m(train_fnn pid=3823365)[0m         [-9.7898e-01, -7.9725e-01, -8.6772e-01, -1.1690e+00,  2.1897e-01],
[36m(train_fnn pid=3823365)[0m         [-3.4958e-01, -1.3819e+00,  5.4863e-01, -8.8281e-01, -8.9715e-01],
[36m(train_fnn pid=3823365)[0m         [-2.2020e+00, -2.5841e+00, -1.4386e+00, -2.9119e+00, -1.5693e+00],
[36m(train_fnn pid=3823365)[0m         [-1.6473e+00, -3.3582e-01,  6.5266e-01, -1.5948e+00, -7.6096e-01],
[36m(train_fnn pid=3823365)[0m         [-1.0034e+00,  5.1171e-02, -6.4635e-01,  6.3882e-01,  1.0253e-01],
[36m(train_fnn pid=3823365)[0m         [-1.7133e+00, -3.4651e-01, -7.0482e-01,  1.2546e+00, -1.4642e+00],
[36m(train_fnn pid=3823365)[0m         [-1.4863e-01,  3.9580e-01,  2.3899e-01, -1.3232e+00, -2.2765e-01],
[36m(train_fnn pid=3823365)[0m         [-4.9890e-01,  1.2594e+00,  1.6089e+00, -5.1667e-01,  1.5483e+00],
[36m(train_fnn pid=3823365)[0m         [-8.8659e-01, -9.0326e-01, -9.6709e-02,  2.4027e+00, -1.9629e+00],
[36m(train_fnn pid=3823365)[0m         [-8.2857e-01, -2.4751e-01, -1.1085e-01,  8.2189e-01, -8.6067e-02],
[36m(train_fnn pid=3823365)[0m         [-2.9499e+00, -4.5584e-01,  1.6236e+00,  2.3427e+00,  9.4994e-01],
[36m(train_fnn pid=3823365)[0m         [-1.8628e-01, -1.0205e+00,  1.3992e+00, -2.8105e-02,  3.5415e-01],
[36m(train_fnn pid=3823365)[0m         [-7.0144e-02, -8.5580e-01,  6.3850e-01,  1.6288e+00, -1.3788e+00],
[36m(train_fnn pid=3823365)[0m         [-1.2624e-01, -9.8933e-01, -9.0723e-02,  7.7339e-01, -3.5952e-01],
[36m(train_fnn pid=3823365)[0m         [-2.5252e-01, -6.1447e-01,  1.5988e+00,  2.9578e-02,  3.0696e-01],
[36m(train_fnn pid=3823365)[0m         [-4.9625e-01,  1.4349e+00,  9.6182e-01,  4.6917e-01,  1.4232e+00],
[36m(train_fnn pid=3823365)[0m         [-4.2280e-01,  3.1949e-01,  1.1175e+00, -1.2661e+00, -8.4321e-01],
[36m(train_fnn pid=3823365)[0m         [-1.6013e-01, -9.4989e-01, -3.9951e-02,  6.2152e-01, -1.1823e+00],
[36m(train_fnn pid=3823365)[0m         [-9.2758e-01,  5.4314e-01,  2.6676e-01, -1.0205e+00,  1.4689e-03],
[36m(train_fnn pid=3823365)[0m         [-1.0374e+00, -6.2826e-01, -4.1112e-01,  4.4406e-01,  8.6916e-01],
[36m(train_fnn pid=3823365)[0m         [-1.4620e-01, -1.1459e-01,  4.0786e-01, -8.8049e-01, -3.4753e-02],
[36m(train_fnn pid=3823365)[0m         [-5.1487e-01, -7.3366e-01, -1.6541e+00, -9.6256e-01,  3.8010e-01],
[36m(train_fnn pid=3823365)[0m         [-6.8723e-01,  5.0118e-01, -3.8245e-01, -2.4329e-01,  6.0415e-01],
[36m(train_fnn pid=3823365)[0m         [-6.9973e-02,  2.8949e-01,  4.5946e-01,  2.3238e+00,  1.6405e+00],
[36m(train_fnn pid=3823365)[0m         [-2.3936e+00, -1.1149e+00,  2.6706e+00, -3.3354e-01, -1.6182e+00],
[36m(train_fnn pid=3823365)[0m         [-1.6815e+00,  9.3518e-01, -7.7014e-01, -2.3918e-01,  1.4625e-01],
[36m(train_fnn pid=3823365)[0m         [-2.8602e-01, -1.0140e+00,  7.7762e-02,  4.3550e-01, -7.0923e-01],
[36m(train_fnn pid=3823365)[0m         [-8.4330e-01, -1.2022e+00,  1.0691e+00,  1.8823e+00, -1.2613e+00],
[36m(train_fnn pid=3823365)[0m         [-4.9260e-01, -1.2543e+00,  6.9940e-01, -2.4883e-02,  1.9802e-01],
[36m(train_fnn pid=3823365)[0m         [-5.1561e-01,  8.6842e-01, -1.3806e+00,  8.8778e-02, -1.5366e+00],
[36m(train_fnn pid=3823365)[0m         [-7.8798e-01, -1.6108e+00,  8.2026e-02, -2.7061e-01, -9.2940e-01],
[36m(train_fnn pid=3823365)[0m         [-5.6024e-01, -2.3343e+00, -6.4102e-02,  1.7901e+00, -1.7792e+00],
[36m(train_fnn pid=3823365)[0m         [-5.8112e-01, -7.6040e-01, -8.2149e-03,  1.1550e-01,  4.3681e-01],
[36m(train_fnn pid=3823365)[0m         [-2.7332e+00, -3.2670e-01,  3.4504e-01, -1.3387e+00,  1.6337e-01],
[36m(train_fnn pid=3823365)[0m         [-8.5256e-01, -1.2292e+00, -1.1819e+00, -5.6822e-01, -1.4366e+00],
[36m(train_fnn pid=3823365)[0m         [-2.3620e-01,  2.3154e-01,  1.1120e+00,  1.1201e-01, -3.5210e-01],
[36m(train_fnn pid=3823365)[0m         [-2.7311e-01, -1.6736e+00,  6.4914e-01, -1.9490e+00, -2.8915e-01],
[36m(train_fnn pid=3823365)[0m         [-3.2539e-01, -3.8357e-01,  5.5927e-01,  7.5260e-01, -9.5691e-02],
[36m(train_fnn pid=3823365)[0m         [-1.2826e-01,  4.5236e-02,  1.3345e+00,  2.2917e-01,  9.9057e-01],
[36m(train_fnn pid=3823365)[0m         [-3.6789e+00, -2.8209e-01,  2.3432e+00, -2.9424e+00, -4.9157e+00],
[36m(train_fnn pid=3823365)[0m         [-7.1674e-01,  1.0567e+00,  1.6965e+00, -1.3290e+00, -4.3007e-01],
[36m(train_fnn pid=3823365)[0m         [-4.4690e-01,  1.5795e+00,  1.4149e+00,  2.1006e+00,  9.2648e-01],
[36m(train_fnn pid=3823365)[0m         [-4.3184e-01,  1.8150e+00,  6.1751e-01, -9.6547e-02,  1.7416e+00],
[36m(train_fnn pid=3823365)[0m         [-1.4337e+00, -1.0313e+00, -9.3349e-01,  1.9491e+00, -2.0988e+00],
[36m(train_fnn pid=3823365)[0m         [-7.1132e-01, -6.6417e-01,  6.0593e-01, -1.3903e+00,  5.9966e-02],
[36m(train_fnn pid=3823365)[0m         [-8.2376e-02, -2.0091e-01,  6.7181e-01, -2.8312e-01,  7.7932e-01],
[36m(train_fnn pid=3823365)[0m         [-6.8918e-01,  1.0201e-01,  2.7708e-01, -3.8304e-02,  1.3700e-01],
[36m(train_fnn pid=3823365)[0m         [-2.3449e+00, -1.7098e+00,  4.8243e-01, -2.5050e+00, -1.6475e+00],
[36m(train_fnn pid=3823365)[0m         [-9.8121e-01,  4.3266e-01, -2.6578e-01, -2.2746e-02, -9.9386e-02],
[36m(train_fnn pid=3823365)[0m         [-8.7302e-01, -4.5668e-01,  8.6901e-01, -8.0149e-01, -1.2342e+00],
[36m(train_fnn pid=3823365)[0m         [-1.7094e-02, -4.3697e-01,  1.3719e+00,  6.4042e-01, -2.6236e-01],
[36m(train_fnn pid=3823365)[0m         [-1.1558e+00, -7.0672e+00, -1.8325e+00, -4.1343e+00,  3.3655e+00],
[36m(train_fnn pid=3823365)[0m         [-4.5520e-01, -1.4107e+00,  7.3588e-01,  7.4896e-01, -2.6987e+00],
[36m(train_fnn pid=3823365)[0m         [-7.8503e-01, -3.3102e-01,  1.4391e-01, -1.0911e+00, -4.2250e-01],
[36m(train_fnn pid=3823365)[0m         [-7.0628e-01,  1.9434e-01, -9.1003e-01, -1.1033e+00,  1.4406e+00],
[36m(train_fnn pid=3823365)[0m         [-9.7618e-01, -7.3174e-01, -5.7682e-03,  1.7677e+00,  1.1979e+00],
[36m(train_fnn pid=3823365)[0m         [-1.2639e+00, -9.1175e-01, -8.8445e-01,  1.8870e+00, -1.5186e+00],
[36m(train_fnn pid=3823365)[0m         [-1.0706e+00, -1.1708e+00,  1.1554e+00, -7.1941e-01, -7.1980e-01],
[36m(train_fnn pid=3823365)[0m         [-1.9400e-01,  1.1890e+00, -5.5015e+00,  4.7516e+00,  4.7806e+00],
[36m(train_fnn pid=3823365)[0m         [-1.2920e+00, -1.4085e+00,  7.4077e-01,  2.7616e-01,  3.5730e-01],
[36m(train_fnn pid=3823365)[0m         [-2.5090e+00,  2.6067e+00, -5.0660e+00,  1.5627e+00,  2.3937e-01],
[36m(train_fnn pid=3823365)[0m         [-2.5349e+00, -3.2686e+00,  2.4114e-01,  3.3898e-01,  7.4957e-01],
[36m(train_fnn pid=3823365)[0m         [-8.3520e-01, -8.0572e-01,  2.2133e+00, -8.5796e-01, -8.9855e-01],
[36m(train_fnn pid=3823365)[0m         [-5.5712e-01, -5.5520e-01,  1.0810e+00,  4.9993e-01, -8.0887e-01],
[36m(train_fnn pid=3823365)[0m         [-2.1339e+00, -5.2150e-01, -6.9189e-01, -9.1154e-01,  1.0030e+00],
[36m(train_fnn pid=3823365)[0m         [-3.8115e-01,  3.2579e-01, -5.3944e-01,  3.8554e-02,  8.2489e-01],
[36m(train_fnn pid=3823365)[0m        grad_fn=<AddmmBackward0>)
[36m(train_fnn pid=3823450)[0m        grad_fn=<AddmmBackward0>)
[36m(train_fnn pid=3823382)[0m        grad_fn=<AddmmBackward0>)
[36m(train_fnn pid=3823551)[0m        grad_fn=<AddmmBackward0>)
[36m(train_fnn pid=3823348)[0m        grad_fn=<AddmmBackward0>)
[36m(train_fnn pid=3823550)[0m        grad_fn=<AddmmBackward0>)
[36m(train_fnn pid=3823637)[0m        grad_fn=<AddmmBackward0>)
[36m(train_fnn pid=3823451)[0m         [-2.1461e-01, -8.2918e-01, -2.6547e+00,  1.7098e+00, -2.7678e+00],
[36m(train_fnn pid=3823451)[0m         [-3.6550e+00, -1.4561e+00,  4.9807e+00, -1.7976e+00,  2.5819e+00],
[36m(train_fnn pid=3823451)[0m         [-2.3437e+00, -1.2960e+00,  1.8123e+00,  7.7169e-01,  5.4095e-01],
[36m(train_fnn pid=3823451)[0m         [-3.5902e+00, -1.0499e+00, -2.8562e+00, -3.3467e+00, -2.7848e+00],
[36m(train_fnn pid=3823451)[0m         [-1.0598e-01,  3.4636e-01,  8.2042e-01, -1.6747e+00,  8.0780e-01],
[36m(train_fnn pid=3823451)[0m         [-1.3257e+00,  4.7177e-01,  1.7608e+00, -4.4280e-01,  7.5941e-01],
[36m(train_fnn pid=3823451)[0m         [-8.7839e-01,  6.0726e-01, -3.3074e-01, -1.1483e+00, -2.4039e-01],
[36m(train_fnn pid=3823451)[0m         [-2.6694e-01,  1.4973e-01,  5.6959e-01, -3.5519e-01, -5.0401e-01],
[36m(train_fnn pid=3823451)[0m         [-2.1460e-01, -9.6636e-01, -1.8378e+00, -2.2146e-02, -9.6295e-01],
[36m(train_fnn pid=3823451)[0m         [-3.4519e+00,  4.9073e+00, -4.3629e+00, -1.8849e+00, -3.5428e+00],
[36m(train_fnn pid=3823451)[0m         [-4.3888e-01,  1.5006e+00,  8.9299e-01,  6.9991e-01, -1.7559e+00],
[36m(train_fnn pid=3823451)[0m         [-1.2424e+00, -1.3672e-02,  2.1064e+00, -1.7150e+00,  8.5633e-01],
[36m(train_fnn pid=3823451)[0m         [-7.6832e-01, -1.9412e+00,  1.0655e+00,  2.8055e-01, -2.0209e+00],
[36m(train_fnn pid=3823451)[0m         [-5.8676e-01,  5.4987e-01, -1.2334e+00,  2.1346e-02,  6.9826e-01],
[36m(train_fnn pid=3823451)[0m         [-3.9457e+00,  5.6011e+00, -8.8245e-01, -2.8816e+00,  2.7725e+00],
[36m(train_fnn pid=3823451)[0m         [-2.2856e+00,  1.2031e+00,  4.3063e-01,  1.6207e+00,  2.3045e-02],
[36m(train_fnn pid=3823451)[0m         [-3.8948e+00,  3.0450e-01,  4.7061e-01, -1.5080e+00,  1.5780e+00],
[36m(train_fnn pid=3823451)[0m         [-2.6874e-01,  7.3641e-01,  2.0019e-01, -6.1761e-01, -1.7129e+00],
[36m(train_fnn pid=3823451)[0m         [-4.2448e-01,  1.6040e+00, -1.9662e+00,  7.1057e-01, -2.5464e+00],
[36m(train_fnn pid=3823451)[0m         [-3.4079e+00,  1.5251e+00,  3.4802e+00, -1.5751e+00,  7.8655e-01],
[36m(train_fnn pid=3823451)[0m         [-9.8776e-01,  1.1467e+00, -1.1002e+00,  6.4986e-01,  5.2910e-01],
[36m(train_fnn pid=3823451)[0m         [-6.4598e-01,  3.2489e+00, -2.4762e+00, -1.0638e-01,  2.1331e+00],
[36m(train_fnn pid=3823451)[0m         [-3.6829e-01,  2.0096e+00, -6.3916e-01, -1.0216e+00, -1.7982e-01],
[36m(train_fnn pid=3823451)[0m         [-7.8077e-02,  5.5315e-02,  2.3961e+00, -5.4006e-01, -2.6456e+00],
[36m(train_fnn pid=3823451)[0m         [-2.9714e-01,  1.1775e+00,  4.5364e-01,  8.5345e-01,  8.0779e-01],
[36m(train_fnn pid=3823451)[0m         [-8.4870e-01,  6.3145e-01, -9.3029e-01, -1.7699e+00,  7.8785e-01],
[36m(train_fnn pid=3823451)[0m         [-1.5818e+00,  1.7700e+00, -5.3267e-02,  1.4786e-01, -7.9844e-01],
[36m(train_fnn pid=3823451)[0m         [-1.9132e+00, -7.1077e-02,  6.5699e-01,  2.3275e+00, -3.9250e-01],
[36m(train_fnn pid=3823451)[0m         [-1.8171e+00,  7.4225e-01,  3.6110e-02, -5.2786e-01,  1.2642e+00],
[36m(train_fnn pid=3823451)[0m         [-1.5360e+00,  2.9309e+00,  2.6384e+00,  2.4214e+00, -3.7842e-01],
[36m(train_fnn pid=3823451)[0m         [-3.6163e-01, -1.0705e+00,  4.7790e-02,  6.2161e-01, -1.2482e+00],
[36m(train_fnn pid=3823451)[0m         [-4.2776e-01,  6.3798e-01, -6.8815e-01,  7.3092e-01,  8.3747e-02],
[36m(train_fnn pid=3823451)[0m         [-2.0638e+00, -1.7269e+00, -5.9585e-01, -1.6139e+00, -7.5486e-01],
[36m(train_fnn pid=3823451)[0m         [-6.3692e+00,  3.7182e+00,  3.3046e+00, -1.4671e+00,  3.2033e+00],
[36m(train_fnn pid=3823451)[0m         [-3.2100e+00,  4.1782e+00,  1.0385e+00, -6.1536e-01,  9.9041e-01],
[36m(train_fnn pid=3823451)[0m         [-7.0330e-01, -3.2366e+00,  2.1450e+00, -8.5778e-01,  1.3896e+00],
[36m(train_fnn pid=3823451)[0m         [-5.3689e-02, -1.0010e+00,  1.0379e-01, -1.1134e+00,  1.0515e+00],
[36m(train_fnn pid=3823451)[0m         [-4.5053e-01,  9.0237e-01,  5.4667e-01, -1.2695e+00,  9.4172e-01],
[36m(train_fnn pid=3823451)[0m         [-2.2278e-01,  1.2537e+00,  1.9272e-01, -7.8528e-01,  8.9851e-01],
[36m(train_fnn pid=3823451)[0m         [-2.6618e+00,  3.2412e-01, -2.2810e-01,  1.8643e+00, -2.3976e+00],
[36m(train_fnn pid=3823451)[0m         [-1.0664e+00, -8.1889e-01,  3.0822e-01,  1.9082e+00, -9.3049e-01],
[36m(train_fnn pid=3823451)[0m         [-6.8558e-01,  1.4752e-01, -8.2708e-01, -1.8109e+00, -6.7096e-02],
[36m(train_fnn pid=3823451)[0m         [-1.8802e+00,  4.3063e-01,  2.0663e+00, -2.4504e+00,  2.8555e+00],
[36m(train_fnn pid=3823451)[0m         [-3.6030e-01, -2.2138e+00,  3.2249e+00, -1.1912e+00, -7.6912e-02],
[36m(train_fnn pid=3823451)[0m         [-2.9610e+00,  9.1759e-01,  3.6321e+00,  9.4019e-02,  5.3150e-01],
[36m(train_fnn pid=3823451)[0m         [-2.3747e+00,  6.7549e-01, -1.9169e+00, -2.1545e-01,  6.2627e-01],
[36m(train_fnn pid=3823451)[0m         [-1.2375e-01, -2.1507e+00, -2.7239e+00, -4.2591e-01,  4.0953e-01],
[36m(train_fnn pid=3823451)[0m         [-1.5875e+00,  1.0418e+00, -8.7387e-02, -5.1167e-02, -8.9845e-01],
[36m(train_fnn pid=3823451)[0m         [-2.5085e+00,  1.1510e+00,  5.1381e-01, -1.5851e+00,  1.3617e+00],
[36m(train_fnn pid=3823451)[0m         [-1.5377e+00,  3.2730e+00, -8.4842e-01,  6.3313e-01,  1.4286e+00],
[36m(train_fnn pid=3823451)[0m         [-1.0884e-01, -1.6010e+00,  1.3435e+00, -8.6204e-02,  2.4409e+00],
[36m(train_fnn pid=3823451)[0m         [-1.1452e-01,  4.4448e-01, -3.2346e-01,  5.5365e-01,  1.7844e-01],
[36m(train_fnn pid=3823451)[0m         [-6.9300e-01, -7.1354e-01,  8.8035e-02, -1.7248e-01, -1.2972e-01],
[36m(train_fnn pid=3823451)[0m         [-3.0127e+00,  3.0607e+00,  3.1602e+00,  2.2496e+00, -3.3602e-01],
[36m(train_fnn pid=3823451)[0m         [-1.4411e+00,  2.4079e-01, -2.1511e+00, -3.1458e-01,  9.7857e-01],
[36m(train_fnn pid=3823451)[0m         [-3.4245e-01, -8.9944e-01,  6.6729e-01, -1.3696e+00, -1.0887e+00],
[36m(train_fnn pid=3823451)[0m         [-2.8464e+00, -6.0276e-02,  1.1813e+00, -8.1993e-01, -2.2802e+00],
[36m(train_fnn pid=3823451)[0m         [-2.4192e-01, -1.4396e+00,  1.8785e-01,  2.3261e+00,  5.8991e-02],
[36m(train_fnn pid=3823451)[0m         [-9.0431e-02, -1.1718e+00,  1.9604e+00,  6.5493e-01, -6.8704e-02],
[36m(train_fnn pid=3823451)[0m        grad_fn=<AddmmBackward0>)
WARNING:tensorboardX.x2num:NaN or Inf found in input tensor.
WARNING:tensorboardX.x2num:NaN or Inf found in input tensor.
WARNING:tensorboardX.x2num:NaN or Inf found in input tensor.
WARNING:tensorboardX.x2num:NaN or Inf found in input tensor.
WARNING:tensorboardX.x2num:NaN or Inf found in input tensor.
WARNING:tensorboardX.x2num:NaN or Inf found in input tensor.
WARNING:tensorboardX.x2num:NaN or Inf found in input tensor.
WARNING:tensorboardX.x2num:NaN or Inf found in input tensor.
WARNING:tensorboardX.x2num:NaN or Inf found in input tensor.
WARNING:tensorboardX.x2num:NaN or Inf found in input tensor.
WARNING:tensorboardX.x2num:NaN or Inf found in input tensor.
WARNING:tensorboardX.x2num:NaN or Inf found in input tensor.
WARNING:tensorboardX.x2num:NaN or Inf found in input tensor.
WARNING:tensorboardX.x2num:NaN or Inf found in input tensor.
WARNING:tensorboardX.x2num:NaN or Inf found in input tensor.
WARNING:tensorboardX.x2num:NaN or Inf found in input tensor.
WARNING:tensorboardX.x2num:NaN or Inf found in input tensor.
WARNING:tensorboardX.x2num:NaN or Inf found in input tensor.
WARNING:tensorboardX.x2num:NaN or Inf found in input tensor.
WARNING:tensorboardX.x2num:NaN or Inf found in input tensor.
WARNING:tensorboardX.x2num:NaN or Inf found in input tensor.
WARNING:tensorboardX.x2num:NaN or Inf found in input tensor.
WARNING:tensorboardX.x2num:NaN or Inf found in input tensor.
WARNING:tensorboardX.x2num:NaN or Inf found in input tensor.
WARNING:tensorboardX.x2num:NaN or Inf found in input tensor.
WARNING:tensorboardX.x2num:NaN or Inf found in input tensor.
WARNING:tensorboardX.x2num:NaN or Inf found in input tensor.
WARNING:tensorboardX.x2num:NaN or Inf found in input tensor.
WARNING:tensorboardX.x2num:NaN or Inf found in input tensor.
WARNING:tensorboardX.x2num:NaN or Inf found in input tensor.
WARNING:tensorboardX.x2num:NaN or Inf found in input tensor.
WARNING:tensorboardX.x2num:NaN or Inf found in input tensor.
WARNING:tensorboardX.x2num:NaN or Inf found in input tensor.
WARNING:tensorboardX.x2num:NaN or Inf found in input tensor.
WARNING:tensorboardX.x2num:NaN or Inf found in input tensor.
WARNING:tensorboardX.x2num:NaN or Inf found in input tensor.
WARNING:tensorboardX.x2num:NaN or Inf found in input tensor.
WARNING:tensorboardX.x2num:NaN or Inf found in input tensor.
WARNING:tensorboardX.x2num:NaN or Inf found in input tensor.
WARNING:tensorboardX.x2num:NaN or Inf found in input tensor.
WARNING:tensorboardX.x2num:NaN or Inf found in input tensor.
WARNING:tensorboardX.x2num:NaN or Inf found in input tensor.
WARNING:tensorboardX.x2num:NaN or Inf found in input tensor.
WARNING:tensorboardX.x2num:NaN or Inf found in input tensor.
WARNING:tensorboardX.x2num:NaN or Inf found in input tensor.
WARNING:tensorboardX.x2num:NaN or Inf found in input tensor.
WARNING:tensorboardX.x2num:NaN or Inf found in input tensor.
WARNING:tensorboardX.x2num:NaN or Inf found in input tensor.
WARNING:tensorboardX.x2num:NaN or Inf found in input tensor.
WARNING:tensorboardX.x2num:NaN or Inf found in input tensor.
WARNING:tensorboardX.x2num:NaN or Inf found in input tensor.
WARNING:tensorboardX.x2num:NaN or Inf found in input tensor.
WARNING:tensorboardX.x2num:NaN or Inf found in input tensor.
WARNING:tensorboardX.x2num:NaN or Inf found in input tensor.
WARNING:tensorboardX.x2num:NaN or Inf found in input tensor.
WARNING:tensorboardX.x2num:NaN or Inf found in input tensor.
WARNING:tensorboardX.x2num:NaN or Inf found in input tensor.
WARNING:tensorboardX.x2num:NaN or Inf found in input tensor.
WARNING:tensorboardX.x2num:NaN or Inf found in input tensor.
WARNING:tensorboardX.x2num:NaN or Inf found in input tensor.
WARNING:tensorboardX.x2num:NaN or Inf found in input tensor.
WARNING:tensorboardX.x2num:NaN or Inf found in input tensor.
WARNING:tensorboardX.x2num:NaN or Inf found in input tensor.
WARNING:tensorboardX.x2num:NaN or Inf found in input tensor.
WARNING:tensorboardX.x2num:NaN or Inf found in input tensor.
WARNING:tensorboardX.x2num:NaN or Inf found in input tensor.
WARNING:tensorboardX.x2num:NaN or Inf found in input tensor.
WARNING:tensorboardX.x2num:NaN or Inf found in input tensor.
WARNING:tensorboardX.x2num:NaN or Inf found in input tensor.
WARNING:tensorboardX.x2num:NaN or Inf found in input tensor.
WARNING:tensorboardX.x2num:NaN or Inf found in input tensor.
WARNING:tensorboardX.x2num:NaN or Inf found in input tensor.
WARNING:tensorboardX.x2num:NaN or Inf found in input tensor.
WARNING:tensorboardX.x2num:NaN or Inf found in input tensor.
WARNING:tensorboardX.x2num:NaN or Inf found in input tensor.
WARNING:tensorboardX.x2num:NaN or Inf found in input tensor.
WARNING:tensorboardX.x2num:NaN or Inf found in input tensor.
WARNING:tensorboardX.x2num:NaN or Inf found in input tensor.
WARNING:tensorboardX.x2num:NaN or Inf found in input tensor.
WARNING:tensorboardX.x2num:NaN or Inf found in input tensor.
WARNING:tensorboardX.x2num:NaN or Inf found in input tensor.
WARNING:tensorboardX.x2num:NaN or Inf found in input tensor.
WARNING:tensorboardX.x2num:NaN or Inf found in input tensor.
WARNING:tensorboardX.x2num:NaN or Inf found in input tensor.
WARNING:tensorboardX.x2num:NaN or Inf found in input tensor.
WARNING:tensorboardX.x2num:NaN or Inf found in input tensor.
WARNING:tensorboardX.x2num:NaN or Inf found in input tensor.
WARNING:tensorboardX.x2num:NaN or Inf found in input tensor.
WARNING:tensorboardX.x2num:NaN or Inf found in input tensor.
WARNING:tensorboardX.x2num:NaN or Inf found in input tensor.
WARNING:tensorboardX.x2num:NaN or Inf found in input tensor.
WARNING:tensorboardX.x2num:NaN or Inf found in input tensor.
WARNING:tensorboardX.x2num:NaN or Inf found in input tensor.
WARNING:tensorboardX.x2num:NaN or Inf found in input tensor.
WARNING:tensorboardX.x2num:NaN or Inf found in input tensor.
WARNING:tensorboardX.x2num:NaN or Inf found in input tensor.
WARNING:tensorboardX.x2num:NaN or Inf found in input tensor.
WARNING:tensorboardX.x2num:NaN or Inf found in input tensor.
WARNING:tensorboardX.x2num:NaN or Inf found in input tensor.
WARNING:tensorboardX.x2num:NaN or Inf found in input tensor.
WARNING:tensorboardX.x2num:NaN or Inf found in input tensor.
WARNING:tensorboardX.x2num:NaN or Inf found in input tensor.
WARNING:tensorboardX.x2num:NaN or Inf found in input tensor.
WARNING:tensorboardX.x2num:NaN or Inf found in input tensor.
WARNING:tensorboardX.x2num:NaN or Inf found in input tensor.
WARNING:tensorboardX.x2num:NaN or Inf found in input tensor.
WARNING:tensorboardX.x2num:NaN or Inf found in input tensor.
WARNING:tensorboardX.x2num:NaN or Inf found in input tensor.
WARNING:tensorboardX.x2num:NaN or Inf found in input tensor.
WARNING:tensorboardX.x2num:NaN or Inf found in input tensor.
WARNING:tensorboardX.x2num:NaN or Inf found in input tensor.
WARNING:tensorboardX.x2num:NaN or Inf found in input tensor.
WARNING:tensorboardX.x2num:NaN or Inf found in input tensor.
WARNING:tensorboardX.x2num:NaN or Inf found in input tensor.
WARNING:tensorboardX.x2num:NaN or Inf found in input tensor.
WARNING:tensorboardX.x2num:NaN or Inf found in input tensor.
WARNING:tensorboardX.x2num:NaN or Inf found in input tensor.
WARNING:tensorboardX.x2num:NaN or Inf found in input tensor.
WARNING:tensorboardX.x2num:NaN or Inf found in input tensor.
WARNING:tensorboardX.x2num:NaN or Inf found in input tensor.
WARNING:tensorboardX.x2num:NaN or Inf found in input tensor.
WARNING:tensorboardX.x2num:NaN or Inf found in input tensor.
WARNING:tensorboardX.x2num:NaN or Inf found in input tensor.
WARNING:tensorboardX.x2num:NaN or Inf found in input tensor.
WARNING:tensorboardX.x2num:NaN or Inf found in input tensor.
WARNING:tensorboardX.x2num:NaN or Inf found in input tensor.
WARNING:tensorboardX.x2num:NaN or Inf found in input tensor.
WARNING:tensorboardX.x2num:NaN or Inf found in input tensor.
WARNING:tensorboardX.x2num:NaN or Inf found in input tensor.
WARNING:tensorboardX.x2num:NaN or Inf found in input tensor.
WARNING:tensorboardX.x2num:NaN or Inf found in input tensor.
WARNING:tensorboardX.x2num:NaN or Inf found in input tensor.
WARNING:tensorboardX.x2num:NaN or Inf found in input tensor.
WARNING:tensorboardX.x2num:NaN or Inf found in input tensor.
WARNING:tensorboardX.x2num:NaN or Inf found in input tensor.
WARNING:tensorboardX.x2num:NaN or Inf found in input tensor.
2024-07-03 10:34:20,344	INFO tune.py:1009 -- Wrote the latest version of all result files and experiment state to '/zfs/projects/darc/wolee_edehaan_suzienoh-exploratory-ml/kevin/ray_results/train_fnn_2024-07-03_10-33-53' in 0.2251s.
2024-07-03 10:34:20,496	WARNING experiment_analysis.py:558 -- Could not find best trial. Did you pass the correct `metric` parameter?
╭──────────────────────────────────────────────────────────────────╮
│ Configuration for experiment     train_fnn_2024-07-03_10-33-53   │
├──────────────────────────────────────────────────────────────────┤
│ Search algorithm                 BasicVariantGenerator           │
│ Scheduler                        AsyncHyperBandScheduler         │
│ Number of trials                 60                              │
╰──────────────────────────────────────────────────────────────────╯

View detailed results here: /zfs/projects/darc/wolee_edehaan_suzienoh-exploratory-ml/kevin/ray_results/train_fnn_2024-07-03_10-33-53
To visualize your results with TensorBoard, run: `tensorboard --logdir /tmp/ray/session_2024-07-03_10-33-48_731025_3809212/artifacts/2024-07-03_10-33-53/train_fnn_2024-07-03_10-33-53/driver_artifacts`

Traceback (most recent call last):
  File "/zfs/projects/darc/wolee_edehaan_suzienoh-exploratory-ml/kevin/src/main.py", line 376, in <module>
    main()
  File "/zfs/projects/darc/wolee_edehaan_suzienoh-exploratory-ml/kevin/src/main.py", line 328, in main
    best_trial = data_modeler.get_best_trial(
  File "/zfs/projects/darc/wolee_edehaan_suzienoh-exploratory-ml/kevin/src/model_data_nn.py", line 260, in get_best_trial
    logger.info(f"Best trial config: {best_trial.config}")
AttributeError: 'NoneType' object has no attribute 'config'
[36m(train_fnn pid=3823551)[0m DEBUG:model_data_nn.py:After Linear Layer 0: torch.Size([128, 165]), tensor([[-0.0470,  1.2228,  0.5599,  ..., -1.1353,  0.2279,  0.2486],[32m [repeated 27x across cluster] (Ray deduplicates logs by default. Set RAY_DEDUP_LOGS=0 to disable log deduplication, or see https://docs.ray.io/en/master/ray-observability/user-guides/configure-logging.html#log-deduplication for more options.)[0m
[36m(train_fnn pid=3823637)[0m         [ 0.0741,  0.7937, -1.6237,  ...,  2.6633, -1.4937,  0.9200],[32m [repeated 140x across cluster][0m
[36m(train_fnn pid=3823637)[0m         [-0.4269,  0.4133, -0.4461,  ...,  0.5281, -0.2677,  0.1692]],[32m [repeated 190x across cluster][0m
[36m(train_fnn pid=3823451)[0m ERROR:model_data_nn.py:Training failed with exception: local variable 'bn_index' referenced before assignment[32m [repeated 59x across cluster][0m
[36m(train_fnn pid=3823637)[0m DEBUG:model_data_nn.py:After Linear Layer 0: torch.Size([128, 115]), tensor([[ 1.4738,  0.0382, -0.3947,  ...,  0.6709, -0.0823,  0.7718],[32m [repeated 27x across cluster][0m
[36m(train_fnn pid=3823365)[0m DEBUG:model_data_nn.py:After Linear Layer 0: torch.Size([128, 5]), tensor([[ 5.9931e-01, -5.2115e-01, -4.6460e-01,  3.3346e-01, -2.0692e-02],
[36m(train_fnn pid=3823451)[0m         [ 8.5139e-01, -5.0697e-01,  2.6215e-01, -1.2808e-01, -1.0632e+00]],[32m [repeated 202x across cluster][0m
[36m(train_fnn pid=3823451)[0m DEBUG:model_data_nn.py:After Linear Layer 0: torch.Size([128, 5]), tensor([[-6.8706e-01, -4.6268e-01, -8.6928e-01, -8.5134e-01, -2.8088e-01],
