Current working directory
/zfs/projects/darc/wolee_edehaan_suzienoh-exploratory-ml
source kevin/venv/bin/activate
which python3
/zfs/projects/darc/wolee_edehaan_suzienoh-exploratory-ml/kevin/venv/bin/python3
2024-07-10 10:23:06,499	PANIC scripts.py:900 -- `--address` is a required flag unless starting a head node with `--head`.
Error: `{}` is a required flag unless starting a head node with `{}`.
Intel(R) Extension for Scikit-learn* enabled (https://github.com/intel/scikit-learn-intelex)
Intel(R) Extension for Scikit-learn* enabled (https://github.com/intel/scikit-learn-intelex)
INFO:preprocess_data_nn.py:

Loading and preprocessing data...

DEBUG:preprocess_data_nn.py:          date   permno
626    1980-01  10006.0
5399   1980-01  10057.0
11398  1980-01  10137.0
12828  1980-01  10145.0
13984  1980-01  10153.0
DEBUG:preprocess_data_nn.py:--------------------------------------------------
INFO:main.py:preprocessed df: (2005900, 161)
INFO:preprocess_data_nn.py:

Applying secondary data preprocessing..

INFO:main.py:secondary preprocessed df: (1942951, 161)
INFO:main.py:df sample:     permno       pdate        ym  gvkey  sic2    absacc       acc    aeavol  ...      roaa      roea   roavola       ret        mve_m      retq  pyear     date
0  10006.0  1980-01-01  198001.0   1010    37  0.083420  0.083420  1.001090  ...  0.048684  0.141715  0.004512  0.211679   303420.750 -0.055806   1980  1980-01
1  10057.0  1980-01-01  198001.0   1098    36  0.088951  0.088951 -0.613146  ...  0.092434  0.174252  0.035698  0.282297   111423.125 -0.069431   1980  1980-01
2  10137.0  1980-01-01  198001.0   1279    49  0.041008  0.041008 -0.491307  ...  0.034895  0.097554  0.006254 -0.032258   617349.500 -0.108065   1980  1980-01
3  10145.0  1980-01-01  198001.0   1300    99  0.050486  0.050486 -0.256932  ...  0.049028  0.122729  0.004320  0.150127  1415193.000 -0.085950   1980  1980-01
4  10153.0  1980-01-01  198001.0   1308    13       NaN       NaN  1.631801  ...  0.049860  0.109950  0.009149 -0.122744   429488.500 -0.285199   1980  1980-01

[5 rows x 161 columns]
INFO:main.py:Train year start: 1980
INFO:main.py:Prediction data years: [1988, 1989, 1990, 1991, 1992, 1993, 1994, 1995, 1996, 1997, 1998, 1999, 2000, 2001, 2002, 2003, 2004, 2005, 2006, 2007, 2008, 2009, 2010, 2011, 2012, 2013, 2014, 2015, 2016, 2017, 2018, 2019, 2020]
INFO:main.py:

Loop through all the prediction years and build optimized model for each year

INFO:main.py:

Transform data

INFO:transform_data_nn.py:Train data years: [1980, 1981, 1982, 1983, 1984, 1985, 1986]
INFO:transform_data_nn.py:Train_data: (237147, 161)

INFO:transform_data_nn.py:Test data years: [1987]
INFO:transform_data_nn.py:Test_data: (44352, 161)

INFO:transform_data_nn.py:Retrain data years: [1980, 1981, 1982, 1983, 1984, 1985, 1986, 1987]
INFO:transform_data_nn.py:Retrain_data: (281499, 161)

INFO:transform_data_nn.py:Prediction data years: [1988]
INFO:transform_data_nn.py:Prediction_data: (46885, 161)

INFO:main.py:

Generate X and y with train_data and test_data

/zfs/projects/darc/wolee_edehaan_suzienoh-exploratory-ml/kevin/venv/lib/python3.10/site-packages/sklearn/utils/extmath.py:1140: RuntimeWarning: invalid value encountered in divide
  updated_mean = (last_sum + new_sum) / updated_sample_count
/zfs/projects/darc/wolee_edehaan_suzienoh-exploratory-ml/kevin/venv/lib/python3.10/site-packages/sklearn/utils/extmath.py:1145: RuntimeWarning: invalid value encountered in divide
  T = new_sum / new_sample_count
/zfs/projects/darc/wolee_edehaan_suzienoh-exploratory-ml/kevin/venv/lib/python3.10/site-packages/sklearn/utils/extmath.py:1165: RuntimeWarning: invalid value encountered in divide
  new_unnormalized_variance -= correction**2 / new_sample_count
INFO:main.py:
            x_train_tf: torch.Size([237147, 152])
            y_train_tf: torch.Size([237147])

            x_test_tf: torch.Size([44352, 152])
            y_test_tf: torch.Size([44352])

        
INFO:main.py:

Generate X and y with retrain_data and prediction_data

/zfs/projects/darc/wolee_edehaan_suzienoh-exploratory-ml/kevin/venv/lib/python3.10/site-packages/sklearn/utils/extmath.py:1140: RuntimeWarning: invalid value encountered in divide
  updated_mean = (last_sum + new_sum) / updated_sample_count
/zfs/projects/darc/wolee_edehaan_suzienoh-exploratory-ml/kevin/venv/lib/python3.10/site-packages/sklearn/utils/extmath.py:1145: RuntimeWarning: invalid value encountered in divide
  T = new_sum / new_sample_count
/zfs/projects/darc/wolee_edehaan_suzienoh-exploratory-ml/kevin/venv/lib/python3.10/site-packages/sklearn/utils/extmath.py:1165: RuntimeWarning: invalid value encountered in divide
  new_unnormalized_variance -= correction**2 / new_sample_count
INFO:main.py:
            x_retrain_tf: torch.Size([281499, 152])
            y_retrain_tf: torch.Size([281499])

            x_prediction_tf: torch.Size([46885, 152])
            y_prediction_tf: torch.Size([46885])

        
INFO:main.py:

Create dataset

INFO:main.py:Create train_dataset
INFO:main.py:train_dataset first example: (tensor([-0.1378,  0.2011,  0.1735, -1.2736, -0.1414, -0.6129, -0.1248, -0.3115,
         0.2968, -0.1604, -0.7119, -0.1284, -0.4702, -0.0566,  0.0624,  0.5452,
        -0.1485,  0.1085,  0.0000,  0.4475, -0.3672, -0.2125,  0.0325,  0.0146,
        -0.0833, -0.2362, -0.5806,  0.0000,  0.3954,  0.8854,  0.4877, -0.1312,
         0.4150,  0.0000, -0.4067, -0.2013,  0.0756,  0.4689,  0.0805, -1.1706,
        -0.2576,  0.0846,  0.1459, -0.0784, -0.1491, -0.6672, -0.0211, -0.1119,
        -0.5597, -0.2513, -0.6202,  0.6533, -0.1762, -0.0731,  0.0316,  0.4455,
        -0.7773, -0.0479, -0.2733,  0.0933,  0.1035, -0.3434,  0.1623,  0.2965,
         0.2079, -0.1035,  0.0400, -0.0618,  0.7032, -0.4171,  0.0000,  0.0000,
         0.0282, -0.8190, -0.0195,  0.5824,  0.0410, -0.3436, -0.1796, -0.0104,
         0.0000,  0.3771,  0.0150, -0.2020, -0.5611, -0.0783, -0.0633, -0.3700,
        -0.1631,  0.1329, -0.5081, -1.2896,  0.2434,  1.0516,  1.6154,  1.4313,
         0.4921,  1.0178, -2.2250, -0.7145, -1.0838,  0.1765,  0.0000,  0.0000,
         0.0000,  0.0000,  0.0681,  0.1245,  0.0000, -1.6484, -0.1374, -1.7709,
         0.1165,  0.0567,  0.0000,  0.0000,  0.0141, -0.1652, -0.0921,  0.0665,
         0.2107, -0.4339, -0.4025,  0.1455,  0.2247, -0.3825,  0.0000,  0.0000,
         0.0000,  1.0000,  1.0000,  0.0000,  0.0000,  0.0000,  0.0000,  0.0000,
         0.0000,  0.0000,  0.0000,  0.0000,  0.0000,  0.0000,  0.0000,  0.0000,
         0.0000,  0.0000,  0.0000,  0.0000,  0.0000,  0.0000,  0.0000]), tensor([4522]), tensor(0.2117))
INFO:main.py:Create test_dataset
INFO:main.py:test_dataset first example: (tensor([ 1.8020e+00,  1.9152e+00,  3.4486e-01, -1.8913e-01,  1.3689e+00,
         2.6924e+00, -8.9300e-01, -7.8639e-01, -4.9107e-01, -6.5433e-01,
        -5.3155e-01, -1.2724e-01,  2.2762e-01, -3.8230e-01,  1.8586e+00,
         2.3049e+00, -2.2689e-01,  3.8296e+00,  0.0000e+00,  3.2700e+00,
         5.0575e-03, -2.1251e-01,  2.0621e-02, -2.5567e-03,  6.3772e-02,
         1.0327e+00,  2.0287e+00,  0.0000e+00, -1.3956e+00, -8.2966e-01,
        -4.6975e-01, -1.4919e-01,  4.2877e-02,  0.0000e+00,  1.2218e+00,
        -2.0587e-01,  2.0151e-01,  5.4386e-01,  4.6245e+00, -5.7104e-01,
         3.3704e-01, -5.3257e-01,  2.2907e+00, -3.5756e-01,  2.8893e+00,
        -1.0363e+00, -2.0763e-01, -1.0985e+00, -6.9351e-01,  1.0851e-01,
        -6.2015e-01, -1.1060e+00, -1.3256e-01, -7.3100e-02, -7.3521e-01,
         4.8096e-02,  1.0329e+00, -3.2643e-01,  6.0915e-01,  3.3914e+00,
         1.9910e-01,  6.6620e-01,  8.5977e-01,  5.6841e-01, -1.9664e+00,
         3.9913e-01,  1.1799e+00, -6.0768e-01, -1.2768e+00, -3.7900e-01,
         0.0000e+00,  0.0000e+00,  2.8222e-02, -6.5080e-01, -1.0827e-01,
         1.6211e+00, -7.8200e-02, -3.9600e-01,  2.2145e-01, -9.8606e-01,
         0.0000e+00,  2.3511e+00, -2.7285e-01,  1.9970e+00, -6.8303e-02,
        -4.8069e-02, -4.9363e-02, -3.5668e-01, -2.2977e-01, -1.3200e-01,
        -6.0629e-01,  3.0339e+00,  2.4336e-01, -1.5991e+00, -1.6971e+00,
        -1.5188e+00, -6.1921e-01, -1.3641e+00,  1.8554e-01, -2.9779e-01,
        -3.4293e-01,  1.8998e+00,  0.0000e+00,  0.0000e+00,  0.0000e+00,
         0.0000e+00,  3.6694e-02,  1.2451e-01,  0.0000e+00,  7.3645e-01,
        -1.3529e+00,  3.0857e-01, -2.1738e-02,  5.6721e-02,  0.0000e+00,
         0.0000e+00,  2.7793e+00,  5.4316e-01, -9.2059e-02,  3.3375e-01,
         1.7586e+00,  4.1795e-01, -6.4637e-02,  4.0987e-03,  4.2907e-02,
         3.3521e+00,  0.0000e+00,  0.0000e+00,  0.0000e+00,  0.0000e+00,
         1.0000e+00,  0.0000e+00,  0.0000e+00,  0.0000e+00,  0.0000e+00,
         0.0000e+00,  0.0000e+00,  0.0000e+00,  0.0000e+00,  0.0000e+00,
         0.0000e+00,  0.0000e+00,  0.0000e+00,  0.0000e+00,  0.0000e+00,
         0.0000e+00,  0.0000e+00,  0.0000e+00,  0.0000e+00,  0.0000e+00,
         0.0000e+00]), tensor([2321]), tensor(0.0417))
INFO:main.py:Create retrain_dataset
INFO:main.py:retrain_dataset first example: (tensor([-1.6485e-01,  1.8230e-01,  1.7097e-01, -1.2895e+00, -1.4861e-01,
        -6.3361e-01, -1.3953e-01, -3.2412e-01,  3.5052e-01, -1.6415e-01,
        -7.1298e-01, -8.7418e-02, -4.8984e-01, -2.8638e-02,  5.3805e-02,
         5.3585e-01, -1.5057e-01,  1.4105e-01,  0.0000e+00,  4.4826e-01,
        -3.6039e-01, -2.0729e-02,  2.5868e-02,  2.6469e-03, -6.5325e-02,
        -2.4458e-01, -5.7430e-01,  0.0000e+00,  3.6729e-01,  9.5292e-01,
         4.8242e-01, -1.2829e-01,  4.3593e-01,  0.0000e+00, -3.9010e-01,
        -1.9800e-01,  7.8118e-02,  4.8214e-01,  6.1557e-02, -1.1636e+00,
        -2.6444e-01,  1.3808e-01,  1.6335e-01, -6.4053e-02, -1.6169e-01,
        -6.7458e-01,  5.4317e-03, -7.7477e-02, -5.5695e-01, -2.3816e-01,
        -6.2338e-01,  6.4888e-01, -1.6650e-01, -1.9579e-03,  2.7732e-02,
         4.4700e-01, -7.7374e-01, -1.7885e-02, -2.7024e-01,  5.4831e-02,
         1.0554e-01, -3.3980e-01,  1.6083e-01,  2.9301e-01,  1.9625e-01,
        -1.0893e-01,  1.9625e-02, -6.5275e-02,  7.2753e-01, -4.1686e-01,
         0.0000e+00,  0.0000e+00, -1.7687e-02, -8.1674e-01,  1.3622e-02,
         6.0146e-01,  4.2794e-02, -3.4357e-01, -1.8006e-01, -1.1661e-02,
         0.0000e+00,  3.4367e-01,  5.3540e-02, -2.1577e-01, -5.6823e-01,
        -8.4531e-02, -6.9139e-02, -3.6387e-01, -1.5407e-01,  1.0011e-01,
        -5.2393e-01, -1.2947e+00,  1.1243e-01,  1.0997e+00,  1.5975e+00,
         1.5071e+00,  5.2009e-01,  1.1836e+00, -2.4439e+00, -5.6879e-01,
        -2.7414e-01,  1.5649e-01,  0.0000e+00,  0.0000e+00,  0.0000e+00,
         0.0000e+00,  6.1913e-02, -4.5387e-02,  0.0000e+00, -1.7755e+00,
         4.2778e-02, -1.9666e+00,  1.2646e-01,  9.4528e-02,  0.0000e+00,
         0.0000e+00,  2.1740e-02, -1.7337e-01, -8.7121e-02,  3.3313e-02,
         1.9914e-01, -4.1977e-01, -3.9246e-01,  1.7793e-01,  2.3912e-01,
        -3.9531e-01,  0.0000e+00,  0.0000e+00,  0.0000e+00,  1.0000e+00,
         1.0000e+00,  0.0000e+00,  0.0000e+00,  0.0000e+00,  0.0000e+00,
         0.0000e+00,  0.0000e+00,  0.0000e+00,  0.0000e+00,  0.0000e+00,
         0.0000e+00,  0.0000e+00,  0.0000e+00,  0.0000e+00,  0.0000e+00,
         0.0000e+00,  0.0000e+00,  0.0000e+00,  0.0000e+00,  0.0000e+00,
         0.0000e+00]), tensor([5044]), tensor(0.2117))
INFO:main.py:Create prediction_dataset
INFO:main.py:prediction_dataset first example: (tensor([-1.1594e-02, -5.2073e-03, -6.3248e-01, -8.0822e-01, -7.0266e-01,
        -1.4151e-01, -1.8634e+00, -1.0292e+00, -8.8950e-03,  9.8507e-03,
        -3.5172e-01, -2.3780e-01,  5.1335e-02, -3.8287e-03,  3.3370e-02,
        -1.4351e+00, -2.2808e-01, -1.2205e-01,  0.0000e+00, -2.4636e-01,
         3.8865e-01, -2.0729e-02,  8.3911e-03,  3.7377e-02,  7.5325e-03,
        -6.3693e-01, -7.4307e-01,  0.0000e+00, -7.7996e-01,  3.6407e-02,
        -9.5491e-01, -3.4028e-01,  4.7802e-02,  0.0000e+00, -2.4158e+00,
         7.5641e-03, -6.2660e-01, -6.6273e-01, -2.9067e-01, -7.8528e-01,
         6.4925e-01, -9.4471e-01, -5.3122e-01, -1.8937e-01,  1.4665e-02,
        -1.4826e-01, -5.0533e-01, -3.3594e-01, -2.8811e-01, -7.2144e-03,
         1.2393e-01, -1.4796e+00, -4.8504e-01, -1.9579e-03, -7.4145e-01,
        -1.6221e+00, -1.0965e+00, -3.7581e-01, -5.2418e-02,  1.4472e-02,
        -2.8946e+00, -4.9031e-02, -8.8467e-02, -5.0532e+00, -9.7408e-03,
        -3.8957e-01, -1.0467e-02,  1.8309e+00, -5.8154e-01, -3.6450e-01,
         0.0000e+00,  0.0000e+00, -1.7687e-02,  8.9230e-02, -1.9116e-01,
        -2.3047e-01, -1.4984e-01,  3.2335e+00, -2.0202e-01, -1.1661e-02,
         0.0000e+00, -1.0029e+00, -2.6086e-02,  2.4173e+00,  3.8172e+00,
        -7.2883e-02, -6.3519e-02, -2.3079e-01,  6.0293e-01, -2.8818e-01,
         7.5226e-01,  5.6420e-01,  1.1243e-01, -7.3275e-01, -5.6379e-01,
        -1.0268e+00,  6.7123e-01, -1.0431e+00,  7.4876e-01, -9.3762e-01,
         5.1446e-01, -7.1605e-03,  0.0000e+00,  0.0000e+00,  0.0000e+00,
         0.0000e+00,  2.0050e-02, -4.5387e-02,  0.0000e+00, -1.2264e+00,
        -1.4060e+00,  7.4562e-02, -1.6812e-02,  5.0167e+00,  0.0000e+00,
         0.0000e+00, -1.4247e+00, -2.3928e-01, -8.7121e-02,  1.6202e+00,
         2.5870e-03,  7.5664e-01, -3.9878e-01, -8.1722e-02, -1.6801e-02,
         1.0158e-01,  1.0000e+00,  0.0000e+00,  1.0000e+00,  1.0000e+00,
         1.0000e+00,  0.0000e+00,  0.0000e+00,  0.0000e+00,  0.0000e+00,
         0.0000e+00,  0.0000e+00,  0.0000e+00,  0.0000e+00,  0.0000e+00,
         0.0000e+00,  0.0000e+00,  0.0000e+00,  0.0000e+00,  0.0000e+00,
         0.0000e+00,  0.0000e+00,  0.0000e+00,  0.0000e+00,  0.0000e+00,
         0.0000e+00]), tensor([3780]), tensor(0.0638))
INFO:main.py:

Create dataloader

INFO:main.py:Create train and test dataloader
INFO:main.py:Create retrain and prediction dataloader
INFO:main.py:

Hyperparameters tuning with Ray Tune

INFO:main.py:Training data years: [1980, 1981, 1982, 1983, 1984, 1985, 1986]
INFO:main.py:Testing data year: 1987
INFO:main.py:

            ray_results_path: /zfs/projects/darc/wolee_edehaan_suzienoh-exploratory-ml/kevin/ray_results
            num_samples: 32
            max_num_epochs: 40
            num_cpus: 32
            cpus_per_trial: 1
            num_gpus: 0
            gpus_per_trial: 0
            continuous_dim: 151
            num_embeddings: 5109
            device: cpu
            
2024-07-10 11:04:09,233	INFO worker.py:1753 -- Started a local Ray instance.
2024-07-10 11:04:09,280	INFO packaging.py:530 -- Creating a file package for local directory '/zfs/projects/darc/wolee_edehaan_suzienoh-exploratory-ml/kevin/src'.
2024-07-10 11:04:09,314	INFO packaging.py:358 -- Pushing file package 'gcs://_ray_pkg_5acea0b16c26a9bb.zip' (1.26MiB) to Ray cluster...
2024-07-10 11:04:09,319	INFO packaging.py:371 -- Successfully pushed file package 'gcs://_ray_pkg_5acea0b16c26a9bb.zip'.
2024-07-10 11:04:11,328	WARNING tune.py:902 -- AIR_VERBOSITY is set, ignoring passed-in ProgressReporter for now.
2024-07-10 11:10:46,173	INFO tune.py:1009 -- Wrote the latest version of all result files and experiment state to '/zfs/projects/darc/wolee_edehaan_suzienoh-exploratory-ml/kevin/ray_results/train_fnn_2024-07-10_11-04-11' in 0.0991s.
INFO:model_data_nn.py:Best trial config: {'continuous_dim': 151, 'hidden_dim': 115, 'num_layers': 4, 'num_embeddings': 5109, 'embedding_dim': 20, 'dropout_rate': 0.3, 'lr': 0.0005841986080198012, 'weight_decay': 4.45338294938445e-05, 'num_epochs': 40, 'num_gpus': 0}
INFO:model_data_nn.py:Best trial training loss: 0.01779690286709235
INFO:model_data_nn.py:Best trial testing loss: 0.03152467168589262
INFO:main.py:Ray Tune results have been saved to: /zfs/projects/darc/wolee_edehaan_suzienoh-exploratory-ml/kevin/ray_results
INFO:main.py:Best trial directory: /tmp/ray/session_2024-07-10_11-04-06_143962_1184831/artifacts/2024-07-10_11-04-11/train_fnn_2024-07-10_11-04-11/driver_artifacts/train_fnn_cf476_00019_19_dropout_rate=0.3000,embedding_dim=20,hidden_dim=115,lr=0.0006,num_layers=4,weight_decay=0.0000_2024-07-10_11-04-11
INFO:main.py:

Retrain a new model with data in years: [1980, 1981, 1982, 1983, 1984, 1985, 1986, 1987]

            Using the optimized hyperparameters: {'continuous_dim': 151, 'hidden_dim': 115, 'num_layers': 4, 'num_embeddings': 5697, 'embedding_dim': 20, 'dropout_rate': 0.3, 'lr': 0.0005841986080198012, 'weight_decay': 4.45338294938445e-05, 'num_epochs': 40, 'num_gpus': 0}

/zfs/projects/darc/wolee_edehaan_suzienoh-exploratory-ml/kevin/venv/lib/python3.10/site-packages/torch/cuda/__init__.py:619: UserWarning: Can't initialize NVML
  warnings.warn("Can't initialize NVML")
INFO:model_data_nn.py:Epoch 1/40, metrics: {'avg_train_loss': 7.10132046000524, 'avg_test_loss': 0.10797044756295889}
INFO:model_data_nn.py:Epoch 2/40, metrics: {'avg_train_loss': 0.13813952961259268, 'avg_test_loss': 0.026101657675336235}
INFO:model_data_nn.py:Epoch 3/40, metrics: {'avg_train_loss': 0.022646769473159856, 'avg_test_loss': 0.021772586884807148}
INFO:model_data_nn.py:Epoch 4/40, metrics: {'avg_train_loss': 0.019494541729377073, 'avg_test_loss': 0.021747881232801337}
INFO:model_data_nn.py:Epoch 5/40, metrics: {'avg_train_loss': 0.01969514284960248, 'avg_test_loss': 0.021970028920686276}
INFO:model_data_nn.py:Epoch 6/40, metrics: {'avg_train_loss': 0.019985259788280182, 'avg_test_loss': 0.021940644453380904}
INFO:model_data_nn.py:Early stopping at epoch 6
INFO:main.py:Making prediction for data in year: 1988
INFO:main.py:Prediction data shape: (46885,)
/zfs/projects/darc/wolee_edehaan_suzienoh-exploratory-ml/kevin/src/main.py:349: SettingWithCopyWarning: 
A value is trying to be set on a copy of a slice from a DataFrame.
Try using .loc[row_indexer,col_indexer] = value instead

See the caveats in the documentation: https://pandas.pydata.org/pandas-docs/stable/user_guide/indexing.html#returning-a-view-versus-a-copy
  prediction_data['pred'] = predictions
INFO:main.py:Root Mean Squared Error for Prediction in 1988: 0.148149428535648
INFO:main.py:Prediction Stats:                 ret          pred
count  46885.000000  46885.000000
mean       0.017541      0.016422
std        0.147384      0.016811
min       -0.847619     -0.199220
25%       -0.052632      0.011429
50%        0.000000      0.019446
75%        0.070922      0.025578
max        5.562500      0.144347
INFO:main.py:

Transform data

INFO:transform_data_nn.py:Train data years: [1980, 1981, 1982, 1983, 1984, 1985, 1986, 1987]
INFO:transform_data_nn.py:Train_data: (281499, 161)

INFO:transform_data_nn.py:Test data years: [1988]
INFO:transform_data_nn.py:Test_data: (46885, 161)

INFO:transform_data_nn.py:Retrain data years: [1980, 1981, 1982, 1983, 1984, 1985, 1986, 1987, 1988]
INFO:transform_data_nn.py:Retrain_data: (328384, 161)

INFO:transform_data_nn.py:Prediction data years: [1989]
INFO:transform_data_nn.py:Prediction_data: (47501, 161)

INFO:main.py:

Generate X and y with train_data and test_data

/zfs/projects/darc/wolee_edehaan_suzienoh-exploratory-ml/kevin/venv/lib/python3.10/site-packages/sklearn/utils/extmath.py:1140: RuntimeWarning: invalid value encountered in divide
  updated_mean = (last_sum + new_sum) / updated_sample_count
/zfs/projects/darc/wolee_edehaan_suzienoh-exploratory-ml/kevin/venv/lib/python3.10/site-packages/sklearn/utils/extmath.py:1145: RuntimeWarning: invalid value encountered in divide
  T = new_sum / new_sample_count
/zfs/projects/darc/wolee_edehaan_suzienoh-exploratory-ml/kevin/venv/lib/python3.10/site-packages/sklearn/utils/extmath.py:1165: RuntimeWarning: invalid value encountered in divide
  new_unnormalized_variance -= correction**2 / new_sample_count
INFO:main.py:
            x_train_tf: torch.Size([281499, 152])
            y_train_tf: torch.Size([281499])

            x_test_tf: torch.Size([46885, 152])
            y_test_tf: torch.Size([46885])

        
INFO:main.py:

Generate X and y with retrain_data and prediction_data

/zfs/projects/darc/wolee_edehaan_suzienoh-exploratory-ml/kevin/venv/lib/python3.10/site-packages/sklearn/utils/extmath.py:1140: RuntimeWarning: invalid value encountered in divide
  updated_mean = (last_sum + new_sum) / updated_sample_count
/zfs/projects/darc/wolee_edehaan_suzienoh-exploratory-ml/kevin/venv/lib/python3.10/site-packages/sklearn/utils/extmath.py:1145: RuntimeWarning: invalid value encountered in divide
  T = new_sum / new_sample_count
/zfs/projects/darc/wolee_edehaan_suzienoh-exploratory-ml/kevin/venv/lib/python3.10/site-packages/sklearn/utils/extmath.py:1165: RuntimeWarning: invalid value encountered in divide
  new_unnormalized_variance -= correction**2 / new_sample_count
INFO:main.py:
            x_retrain_tf: torch.Size([328384, 152])
            y_retrain_tf: torch.Size([328384])

            x_prediction_tf: torch.Size([47501, 152])
            y_prediction_tf: torch.Size([47501])

        
INFO:main.py:

Create dataset

INFO:main.py:Create train_dataset
INFO:main.py:train_dataset first example: (tensor([-1.6485e-01,  1.8230e-01,  1.7097e-01, -1.2895e+00, -1.4861e-01,
        -6.3361e-01, -1.3953e-01, -3.2412e-01,  3.5052e-01, -1.6415e-01,
        -7.1298e-01, -8.7418e-02, -4.8984e-01, -2.8638e-02,  5.3805e-02,
         5.3585e-01, -1.5057e-01,  1.4105e-01,  0.0000e+00,  4.4826e-01,
        -3.6039e-01, -2.0729e-02,  2.5868e-02,  2.6469e-03, -6.5325e-02,
        -2.4458e-01, -5.7430e-01,  0.0000e+00,  3.6729e-01,  9.5292e-01,
         4.8242e-01, -1.2829e-01,  4.3593e-01,  0.0000e+00, -3.9010e-01,
        -1.9800e-01,  7.8118e-02,  4.8214e-01,  6.1557e-02, -1.1636e+00,
        -2.6444e-01,  1.3808e-01,  1.6335e-01, -6.4053e-02, -1.6169e-01,
        -6.7458e-01,  5.4317e-03, -7.7477e-02, -5.5695e-01, -2.3816e-01,
        -6.2338e-01,  6.4888e-01, -1.6650e-01, -1.9579e-03,  2.7732e-02,
         4.4700e-01, -7.7374e-01, -1.7885e-02, -2.7024e-01,  5.4831e-02,
         1.0554e-01, -3.3980e-01,  1.6083e-01,  2.9301e-01,  1.9625e-01,
        -1.0893e-01,  1.9625e-02, -6.5275e-02,  7.2753e-01, -4.1686e-01,
         0.0000e+00,  0.0000e+00, -1.7687e-02, -8.1674e-01,  1.3622e-02,
         6.0146e-01,  4.2794e-02, -3.4357e-01, -1.8006e-01, -1.1661e-02,
         0.0000e+00,  3.4367e-01,  5.3540e-02, -2.1577e-01, -5.6823e-01,
        -8.4531e-02, -6.9139e-02, -3.6387e-01, -1.5407e-01,  1.0011e-01,
        -5.2393e-01, -1.2947e+00,  1.1243e-01,  1.0997e+00,  1.5975e+00,
         1.5071e+00,  5.2009e-01,  1.1836e+00, -2.4439e+00, -5.6879e-01,
        -2.7414e-01,  1.5649e-01,  0.0000e+00,  0.0000e+00,  0.0000e+00,
         0.0000e+00,  6.1913e-02, -4.5387e-02,  0.0000e+00, -1.7755e+00,
         4.2778e-02, -1.9666e+00,  1.2646e-01,  9.4528e-02,  0.0000e+00,
         0.0000e+00,  2.1740e-02, -1.7337e-01, -8.7121e-02,  3.3313e-02,
         1.9914e-01, -4.1977e-01, -3.9246e-01,  1.7793e-01,  2.3912e-01,
        -3.9531e-01,  0.0000e+00,  0.0000e+00,  0.0000e+00,  1.0000e+00,
         1.0000e+00,  0.0000e+00,  0.0000e+00,  0.0000e+00,  0.0000e+00,
         0.0000e+00,  0.0000e+00,  0.0000e+00,  0.0000e+00,  0.0000e+00,
         0.0000e+00,  0.0000e+00,  0.0000e+00,  0.0000e+00,  0.0000e+00,
         0.0000e+00,  0.0000e+00,  0.0000e+00,  0.0000e+00,  0.0000e+00,
         0.0000e+00]), tensor([5044]), tensor(0.2117))
INFO:main.py:Create test_dataset
INFO:main.py:test_dataset first example: (tensor([-1.1594e-02, -5.2073e-03, -6.3248e-01, -8.0822e-01, -7.0266e-01,
        -1.4151e-01, -1.8634e+00, -1.0292e+00, -8.8950e-03,  9.8507e-03,
        -3.5172e-01, -2.3780e-01,  5.1335e-02, -3.8287e-03,  3.3370e-02,
        -1.4351e+00, -2.2808e-01, -1.2205e-01,  0.0000e+00, -2.4636e-01,
         3.8865e-01, -2.0729e-02,  8.3911e-03,  3.7377e-02,  7.5325e-03,
        -6.3693e-01, -7.4307e-01,  0.0000e+00, -7.7996e-01,  3.6407e-02,
        -9.5491e-01, -3.4028e-01,  4.7802e-02,  0.0000e+00, -2.4158e+00,
         7.5641e-03, -6.2660e-01, -6.6273e-01, -2.9067e-01, -7.8528e-01,
         6.4925e-01, -9.4471e-01, -5.3122e-01, -1.8937e-01,  1.4665e-02,
        -1.4826e-01, -5.0533e-01, -3.3594e-01, -2.8811e-01, -7.2144e-03,
         1.2393e-01, -1.4796e+00, -4.8504e-01, -1.9579e-03, -7.4145e-01,
        -1.6221e+00, -1.0965e+00, -3.7581e-01, -5.2418e-02,  1.4472e-02,
        -2.8946e+00, -4.9031e-02, -8.8467e-02, -5.0532e+00, -9.7408e-03,
        -3.8957e-01, -1.0467e-02,  1.8309e+00, -5.8154e-01, -3.6450e-01,
         0.0000e+00,  0.0000e+00, -1.7687e-02,  8.9230e-02, -1.9116e-01,
        -2.3047e-01, -1.4984e-01,  3.2335e+00, -2.0202e-01, -1.1661e-02,
         0.0000e+00, -1.0029e+00, -2.6086e-02,  2.4173e+00,  3.8172e+00,
        -7.2883e-02, -6.3519e-02, -2.3079e-01,  6.0293e-01, -2.8818e-01,
         7.5226e-01,  5.6420e-01,  1.1243e-01, -7.3275e-01, -5.6379e-01,
        -1.0268e+00,  6.7123e-01, -1.0431e+00,  7.4876e-01, -9.3762e-01,
         5.1446e-01, -7.1605e-03,  0.0000e+00,  0.0000e+00,  0.0000e+00,
         0.0000e+00,  2.0050e-02, -4.5387e-02,  0.0000e+00, -1.2264e+00,
        -1.4060e+00,  7.4562e-02, -1.6812e-02,  5.0167e+00,  0.0000e+00,
         0.0000e+00, -1.4247e+00, -2.3928e-01, -8.7121e-02,  1.6202e+00,
         2.5870e-03,  7.5664e-01, -3.9878e-01, -8.1722e-02, -1.6801e-02,
         1.0158e-01,  1.0000e+00,  0.0000e+00,  1.0000e+00,  1.0000e+00,
         1.0000e+00,  0.0000e+00,  0.0000e+00,  0.0000e+00,  0.0000e+00,
         0.0000e+00,  0.0000e+00,  0.0000e+00,  0.0000e+00,  0.0000e+00,
         0.0000e+00,  0.0000e+00,  0.0000e+00,  0.0000e+00,  0.0000e+00,
         0.0000e+00,  0.0000e+00,  0.0000e+00,  0.0000e+00,  0.0000e+00,
         0.0000e+00]), tensor([3780]), tensor(0.0638))
INFO:main.py:Create retrain_dataset
INFO:main.py:retrain_dataset first example: (tensor([-1.9844e-01,  1.5880e-01,  1.6742e-01, -1.2964e+00, -1.4980e-01,
        -6.3783e-01, -1.5070e-01, -3.3081e-01,  3.6132e-01, -1.5750e-01,
        -7.1271e-01, -3.7380e-02, -4.9664e-01,  9.8005e-03,  3.3467e-02,
         5.2172e-01, -1.3992e-01,  1.7420e-01,  0.0000e+00,  4.3468e-01,
        -3.6828e-01,  7.5725e-02,  2.5460e-02,  9.3107e-03, -6.7596e-02,
        -2.5247e-01, -5.6868e-01,  0.0000e+00,  3.8144e-01,  1.0111e+00,
         4.7515e-01, -1.2195e-01,  4.4010e-01,  0.0000e+00, -3.8085e-01,
        -1.9431e-01,  6.8593e-02,  5.1761e-01,  3.3254e-02, -1.1662e+00,
        -2.7735e-01,  2.7510e-01,  1.9260e-01, -6.6024e-02, -1.7060e-01,
        -6.7784e-01,  8.4519e-02, -8.4395e-02, -5.4257e-01, -1.9077e-01,
        -6.1714e-01,  6.5989e-01, -1.6348e-01,  1.0159e-03,  2.1732e-02,
         4.4457e-01, -7.6868e-01, -1.5251e-04, -2.6248e-01,  2.1522e-02,
         1.1277e-01, -3.2948e-01,  1.5361e-01,  2.8391e-01,  1.4703e-01,
        -1.1827e-01,  2.8385e-03, -7.3083e-02,  7.4370e-01, -4.1918e-01,
         0.0000e+00,  0.0000e+00, -2.3610e-01, -8.1725e-01,  3.7470e-02,
         5.8416e-01,  4.2455e-02, -3.4501e-01, -1.8188e-01, -2.3916e-03,
         0.0000e+00,  2.8639e-01,  6.1073e-02, -2.5530e-01, -5.5517e-01,
        -9.0869e-02, -7.4242e-02, -3.6215e-01, -1.4420e-01,  1.0281e-01,
        -5.1478e-01, -1.2853e+00,  4.8167e-02,  1.2549e+00,  1.7486e+00,
         1.6574e+00,  5.6220e-01,  1.3352e+00, -2.6341e+00, -4.1360e-01,
        -2.9873e-01,  1.2191e-01,  0.0000e+00,  0.0000e+00,  0.0000e+00,
         0.0000e+00,  5.2007e-02,  2.3354e-01,  0.0000e+00, -1.4879e+00,
         2.6651e-01, -2.1535e+00,  1.3354e-01,  2.7724e-02,  0.0000e+00,
         0.0000e+00,  2.5039e-02, -1.7800e-01,  7.3311e-03,  7.8641e-03,
         1.7098e-01, -4.2237e-01, -3.8414e-01,  1.9750e-01,  2.4554e-01,
        -3.9752e-01,  0.0000e+00,  0.0000e+00,  0.0000e+00,  1.0000e+00,
         1.0000e+00,  0.0000e+00,  0.0000e+00,  0.0000e+00,  0.0000e+00,
         0.0000e+00,  0.0000e+00,  0.0000e+00,  0.0000e+00,  0.0000e+00,
         0.0000e+00,  0.0000e+00,  0.0000e+00,  0.0000e+00,  0.0000e+00,
         0.0000e+00,  0.0000e+00,  0.0000e+00,  0.0000e+00,  0.0000e+00,
         0.0000e+00]), tensor([5569]), tensor(0.2117))
INFO:main.py:Create prediction_dataset
INFO:main.py:prediction_dataset first example: (tensor([-1.1408e-02,  2.9146e-03, -6.1383e-01, -4.2858e-01, -2.9630e-01,
        -6.0289e-02, -1.9494e+00, -1.0588e+00, -3.6764e-02,  1.0514e-01,
        -2.3164e-02,  1.5815e-02, -4.1062e-02, -1.5777e-02,  4.1894e-02,
         3.7534e-01, -2.2006e-01, -4.8981e-01,  0.0000e+00,  2.6484e-03,
        -8.1112e-02,  7.5725e-02,  4.7021e-02,  9.6214e-01, -9.3196e-03,
        -5.7378e-03, -7.2997e-01,  0.0000e+00, -1.4391e+00,  4.6592e-02,
         4.3140e-01, -1.7324e-01,  2.7589e-01,  0.0000e+00,  4.8498e-04,
        -6.5325e-01,  7.3700e-03, -6.8489e-01, -8.4842e-01, -7.9342e-01,
         8.1526e-01,  9.7328e-02,  1.1858e-02,  2.3842e-02, -5.9593e-03,
         3.5118e-01,  8.3150e-02, -2.4606e-01, -4.1683e-01,  5.9663e-02,
         8.9991e-01, -1.3893e+00, -5.1699e-01, -2.5068e+00, -7.4364e-01,
         1.1063e-02, -1.0926e+00,  6.9774e-01,  6.0065e-03, -3.9788e-01,
        -6.2875e-03,  6.3306e-03,  1.2690e-02,  1.5952e-02, -2.4946e-02,
         4.0374e-03, -5.0861e-03,  1.7707e+00,  1.3950e+00, -1.1070e-02,
         0.0000e+00,  0.0000e+00, -2.3610e-01,  6.2752e-01,  1.6399e-02,
        -8.9769e-02,  3.0359e-04, -2.2936e-04,  6.4728e-04, -2.3916e-03,
         0.0000e+00, -3.2955e-01, -5.9469e-02, -4.4773e-01, -5.7442e-01,
        -7.8031e-02, -6.8496e-02,  2.5780e-02, -2.3675e-03, -9.3063e-02,
        -6.5661e-01,  6.1256e-01,  4.8167e-02, -6.9923e-01,  9.4130e-02,
        -1.0595e+00, -1.2968e+00, -1.1704e-01, -7.1630e-01, -1.0437e+00,
        -2.7773e-01, -9.0227e-03,  0.0000e+00,  0.0000e+00,  0.0000e+00,
         0.0000e+00,  3.0181e-02,  2.3354e-01,  0.0000e+00, -1.2998e+00,
        -1.2019e+00,  4.1334e-01,  6.2665e-02,  2.7724e-02,  0.0000e+00,
         0.0000e+00,  1.3064e-02, -2.0316e-01,  7.3311e-03, -1.8639e-02,
        -1.0349e-02,  1.1680e-03, -2.4945e-02,  2.4751e-01,  1.9720e-01,
         1.3884e-02,  0.0000e+00,  0.0000e+00,  0.0000e+00,  0.0000e+00,
         1.0000e+00,  0.0000e+00,  0.0000e+00,  0.0000e+00,  0.0000e+00,
         0.0000e+00,  0.0000e+00,  0.0000e+00,  0.0000e+00,  0.0000e+00,
         0.0000e+00,  0.0000e+00,  0.0000e+00,  0.0000e+00,  0.0000e+00,
         0.0000e+00,  0.0000e+00,  0.0000e+00,  0.0000e+00,  0.0000e+00,
         0.0000e+00]), tensor([3680]), tensor(0.0196))
INFO:main.py:

Create dataloader

INFO:main.py:Create train and test dataloader
INFO:main.py:Create retrain and prediction dataloader
INFO:main.py:

Hyperparameters tuning with Ray Tune

INFO:main.py:Training data years: [1980, 1981, 1982, 1983, 1984, 1985, 1986, 1987]
INFO:main.py:Testing data year: 1988
INFO:main.py:

            ray_results_path: /zfs/projects/darc/wolee_edehaan_suzienoh-exploratory-ml/kevin/ray_results
            num_samples: 32
            max_num_epochs: 40
            num_cpus: 32
            cpus_per_trial: 1
            num_gpus: 0
            gpus_per_trial: 0
            continuous_dim: 151
            num_embeddings: 5697
            device: cpu
            
2024-07-10 12:00:41,898	INFO worker.py:1753 -- Started a local Ray instance.
2024-07-10 12:00:41,944	INFO packaging.py:530 -- Creating a file package for local directory '/zfs/projects/darc/wolee_edehaan_suzienoh-exploratory-ml/kevin/src'.
2024-07-10 12:00:41,977	INFO packaging.py:358 -- Pushing file package 'gcs://_ray_pkg_5acea0b16c26a9bb.zip' (1.26MiB) to Ray cluster...
2024-07-10 12:00:41,980	INFO packaging.py:371 -- Successfully pushed file package 'gcs://_ray_pkg_5acea0b16c26a9bb.zip'.
2024-07-10 12:00:44,028	WARNING tune.py:902 -- AIR_VERBOSITY is set, ignoring passed-in ProgressReporter for now.
2024-07-10 12:10:45,166	INFO tune.py:1009 -- Wrote the latest version of all result files and experiment state to '/zfs/projects/darc/wolee_edehaan_suzienoh-exploratory-ml/kevin/ray_results/train_fnn_2024-07-10_12-00-44' in 0.1092s.
INFO:model_data_nn.py:Best trial config: {'continuous_dim': 151, 'hidden_dim': 25, 'num_layers': 1, 'num_embeddings': 5697, 'embedding_dim': 25, 'dropout_rate': 0.49, 'lr': 0.0009896484985318565, 'weight_decay': 3.4163474153069114e-05, 'num_epochs': 40, 'num_gpus': 0}
INFO:model_data_nn.py:Best trial training loss: 0.019496999618343332
INFO:model_data_nn.py:Best trial testing loss: 0.02186048862716669
INFO:main.py:Ray Tune results have been saved to: /zfs/projects/darc/wolee_edehaan_suzienoh-exploratory-ml/kevin/ray_results
INFO:main.py:Best trial directory: /tmp/ray/session_2024-07-10_12-00-37_849666_1184831/artifacts/2024-07-10_12-00-44/train_fnn_2024-07-10_12-00-44/driver_artifacts/train_fnn_b5847_00023_23_dropout_rate=0.4900,embedding_dim=25,hidden_dim=25,lr=0.0010,num_layers=1,weight_decay=0.0000_2024-07-10_12-00-44
INFO:main.py:

Retrain a new model with data in years: [1980, 1981, 1982, 1983, 1984, 1985, 1986, 1987, 1988]

            Using the optimized hyperparameters: {'continuous_dim': 151, 'hidden_dim': 25, 'num_layers': 1, 'num_embeddings': 6283, 'embedding_dim': 25, 'dropout_rate': 0.49, 'lr': 0.0009896484985318565, 'weight_decay': 3.4163474153069114e-05, 'num_epochs': 40, 'num_gpus': 0}

INFO:model_data_nn.py:Epoch 1/40, metrics: {'avg_train_loss': 33.00505123655032, 'avg_test_loss': 0.7882686728431333}
INFO:model_data_nn.py:Epoch 2/40, metrics: {'avg_train_loss': 0.8545443071742032, 'avg_test_loss': 0.1373302200708979}
INFO:model_data_nn.py:Epoch 3/40, metrics: {'avg_train_loss': 0.10963424513245688, 'avg_test_loss': 0.046218960435800656}
INFO:model_data_nn.py:Epoch 4/40, metrics: {'avg_train_loss': 0.03355711941561565, 'avg_test_loss': 0.02756932153496691}
INFO:model_data_nn.py:Epoch 5/40, metrics: {'avg_train_loss': 0.022120883440800643, 'avg_test_loss': 0.02398356136875928}
INFO:model_data_nn.py:Epoch 6/40, metrics: {'avg_train_loss': 0.019808090825449744, 'avg_test_loss': 0.023623373772528385}
INFO:model_data_nn.py:Epoch 7/40, metrics: {'avg_train_loss': 0.019606434649389326, 'avg_test_loss': 0.023772986991310953}
INFO:model_data_nn.py:Epoch 8/40, metrics: {'avg_train_loss': 0.019694184906205812, 'avg_test_loss': 0.02376331240990229}
INFO:model_data_nn.py:Early stopping at epoch 8
INFO:main.py:Making prediction for data in year: 1989
INFO:main.py:Prediction data shape: (47501,)
/zfs/projects/darc/wolee_edehaan_suzienoh-exploratory-ml/kevin/src/main.py:349: SettingWithCopyWarning: 
A value is trying to be set on a copy of a slice from a DataFrame.
Try using .loc[row_indexer,col_indexer] = value instead

See the caveats in the documentation: https://pandas.pydata.org/pandas-docs/stable/user_guide/indexing.html#returning-a-view-versus-a-copy
  prediction_data['pred'] = predictions
INFO:main.py:Root Mean Squared Error for Prediction in 1989: 0.15398603374325306
INFO:main.py:Prediction Stats:                 ret          pred
count  47501.000000  47501.000000
mean       0.011252      0.021530
std        0.153399      0.007736
min       -0.900000     -0.143775
25%       -0.055556      0.017388
50%        0.000000      0.021212
75%        0.066140      0.025279
max        6.384615      0.103633
INFO:main.py:

Transform data

INFO:transform_data_nn.py:Train data years: [1980, 1981, 1982, 1983, 1984, 1985, 1986, 1987, 1988]
INFO:transform_data_nn.py:Train_data: (328384, 161)

INFO:transform_data_nn.py:Test data years: [1989]
INFO:transform_data_nn.py:Test_data: (47501, 161)

INFO:transform_data_nn.py:Retrain data years: [1980, 1981, 1982, 1983, 1984, 1985, 1986, 1987, 1988, 1989]
INFO:transform_data_nn.py:Retrain_data: (375885, 161)

INFO:transform_data_nn.py:Prediction data years: [1990]
INFO:transform_data_nn.py:Prediction_data: (46774, 161)

INFO:main.py:

Generate X and y with train_data and test_data

/zfs/projects/darc/wolee_edehaan_suzienoh-exploratory-ml/kevin/venv/lib/python3.10/site-packages/sklearn/utils/extmath.py:1140: RuntimeWarning: invalid value encountered in divide
  updated_mean = (last_sum + new_sum) / updated_sample_count
/zfs/projects/darc/wolee_edehaan_suzienoh-exploratory-ml/kevin/venv/lib/python3.10/site-packages/sklearn/utils/extmath.py:1145: RuntimeWarning: invalid value encountered in divide
  T = new_sum / new_sample_count
/zfs/projects/darc/wolee_edehaan_suzienoh-exploratory-ml/kevin/venv/lib/python3.10/site-packages/sklearn/utils/extmath.py:1165: RuntimeWarning: invalid value encountered in divide
  new_unnormalized_variance -= correction**2 / new_sample_count
INFO:main.py:
            x_train_tf: torch.Size([328384, 152])
            y_train_tf: torch.Size([328384])

            x_test_tf: torch.Size([47501, 152])
            y_test_tf: torch.Size([47501])

        
INFO:main.py:

Generate X and y with retrain_data and prediction_data

/zfs/projects/darc/wolee_edehaan_suzienoh-exploratory-ml/kevin/venv/lib/python3.10/site-packages/sklearn/utils/extmath.py:1140: RuntimeWarning: invalid value encountered in divide
  updated_mean = (last_sum + new_sum) / updated_sample_count
/zfs/projects/darc/wolee_edehaan_suzienoh-exploratory-ml/kevin/venv/lib/python3.10/site-packages/sklearn/utils/extmath.py:1145: RuntimeWarning: invalid value encountered in divide
  T = new_sum / new_sample_count
/zfs/projects/darc/wolee_edehaan_suzienoh-exploratory-ml/kevin/venv/lib/python3.10/site-packages/sklearn/utils/extmath.py:1165: RuntimeWarning: invalid value encountered in divide
  new_unnormalized_variance -= correction**2 / new_sample_count
slurmstepd-yen11: error: *** JOB 413760 ON yen11 CANCELLED AT 2024-07-10T13:03:09 ***
