Current working directory
/zfs/projects/darc/wolee_edehaan_suzienoh-exploratory-ml
source kevin/venv/bin/activate
which python3
/zfs/projects/darc/wolee_edehaan_suzienoh-exploratory-ml/kevin/venv/bin/python3
2024-08-19 19:51:09,036	PANIC scripts.py:900 -- `--address` is a required flag unless starting a head node with `--head`.
Error: `{}` is a required flag unless starting a head node with `{}`.
Intel(R) Extension for Scikit-learn* enabled (https://github.com/intel/scikit-learn-intelex)
Intel(R) Extension for Scikit-learn* enabled (https://github.com/intel/scikit-learn-intelex)
INFO:preprocess_data_nn.py:

Loading and preprocessing data...

DEBUG:preprocess_data_nn.py:          date   permno
626    1980-01  10006.0
5399   1980-01  10057.0
11398  1980-01  10137.0
12828  1980-01  10145.0
13984  1980-01  10153.0
DEBUG:preprocess_data_nn.py:--------------------------------------------------
INFO:main_restricted.py:preprocessed df: (2005900, 161)
INFO:preprocess_data_nn.py:

Applying secondary data preprocessing..

INFO:main_restricted.py:secondary preprocessed df: (1942951, 161)
INFO:main_restricted.py:df sample:     permno       pdate        ym  gvkey  sic2    absacc       acc    aeavol  ...      roaa      roea   roavola       ret        mve_m      retq  pyear     date
0  10006.0  1980-01-01  198001.0   1010    37  0.083420  0.083420  1.001090  ...  0.048684  0.141715  0.004512  0.211679   303420.750 -0.055806   1980  1980-01
1  10057.0  1980-01-01  198001.0   1098    36  0.088951  0.088951 -0.613146  ...  0.092434  0.174252  0.035698  0.282297   111423.125 -0.069431   1980  1980-01
2  10137.0  1980-01-01  198001.0   1279    49  0.041008  0.041008 -0.491307  ...  0.034895  0.097554  0.006254 -0.032258   617349.500 -0.108065   1980  1980-01
3  10145.0  1980-01-01  198001.0   1300    99  0.050486  0.050486 -0.256932  ...  0.049028  0.122729  0.004320  0.150127  1415193.000 -0.085950   1980  1980-01
4  10153.0  1980-01-01  198001.0   1308    13       NaN       NaN  1.631801  ...  0.049860  0.109950  0.009149 -0.122744   429488.500 -0.285199   1980  1980-01

[5 rows x 161 columns]
INFO:main_restricted.py:Train year start: 1980
INFO:main_restricted.py:Prediction data years: [1996]
INFO:main_restricted.py:

Loop through all the prediction years and build optimized model for each year

INFO:main_restricted.py:

Transform data

INFO:transform_data_nn.py:Train data years: [1980, 1981, 1982, 1983, 1984, 1985, 1986, 1987, 1988, 1989, 1990, 1991, 1992, 1993, 1994]
INFO:transform_data_nn.py:Train_data: (625283, 161)

INFO:transform_data_nn.py:Test data years: [1995]
INFO:transform_data_nn.py:Test_data: (64688, 161)

INFO:transform_data_nn.py:Retrain data years: [1980, 1981, 1982, 1983, 1984, 1985, 1986, 1987, 1988, 1989, 1990, 1991, 1992, 1993, 1994, 1995]
INFO:transform_data_nn.py:Retrain_data: (689971, 161)

INFO:transform_data_nn.py:Prediction data years: [1996]
INFO:transform_data_nn.py:Prediction_data: (66364, 161)

INFO:main_restricted.py:

Generate X and y with train_data and test_data

/zfs/projects/darc/wolee_edehaan_suzienoh-exploratory-ml/kevin/venv/lib/python3.10/site-packages/sklearn/utils/extmath.py:1140: RuntimeWarning: invalid value encountered in divide
  updated_mean = (last_sum + new_sum) / updated_sample_count
/zfs/projects/darc/wolee_edehaan_suzienoh-exploratory-ml/kevin/venv/lib/python3.10/site-packages/sklearn/utils/extmath.py:1145: RuntimeWarning: invalid value encountered in divide
  T = new_sum / new_sample_count
/zfs/projects/darc/wolee_edehaan_suzienoh-exploratory-ml/kevin/venv/lib/python3.10/site-packages/sklearn/utils/extmath.py:1165: RuntimeWarning: invalid value encountered in divide
  new_unnormalized_variance -= correction**2 / new_sample_count
INFO:main_restricted.py:
            x_train_tf: torch.Size([625283, 138])
            y_train_tf: torch.Size([625283])

            x_test_tf: torch.Size([64688, 138])
            y_test_tf: torch.Size([64688])

        
INFO:main_restricted.py:

Generate X and y with retrain_data and prediction_data

/zfs/projects/darc/wolee_edehaan_suzienoh-exploratory-ml/kevin/venv/lib/python3.10/site-packages/sklearn/utils/extmath.py:1140: RuntimeWarning: invalid value encountered in divide
  updated_mean = (last_sum + new_sum) / updated_sample_count
/zfs/projects/darc/wolee_edehaan_suzienoh-exploratory-ml/kevin/venv/lib/python3.10/site-packages/sklearn/utils/extmath.py:1145: RuntimeWarning: invalid value encountered in divide
  T = new_sum / new_sample_count
/zfs/projects/darc/wolee_edehaan_suzienoh-exploratory-ml/kevin/venv/lib/python3.10/site-packages/sklearn/utils/extmath.py:1165: RuntimeWarning: invalid value encountered in divide
  new_unnormalized_variance -= correction**2 / new_sample_count
INFO:main_restricted.py:
            x_retrain_tf: torch.Size([689971, 138])
            y_retrain_tf: torch.Size([689971])

            x_prediction_tf: torch.Size([66364, 138])
            y_prediction_tf: torch.Size([66364])

        
INFO:main_restricted.py:

Create dataset

INFO:main_restricted.py:Create train_dataset
INFO:main_restricted.py:Create test_dataset
INFO:main_restricted.py:Create retrain_dataset
INFO:main_restricted.py:Create prediction_dataset
INFO:main_restricted.py:

Hyperparameters tuning with Ray Tune

INFO:main_restricted.py:Training data years: [1980, 1981, 1982, 1983, 1984, 1985, 1986, 1987, 1988, 1989, 1990, 1991, 1992, 1993, 1994]
INFO:main_restricted.py:Testing data year: 1995
INFO:main_restricted.py:

            ray_results_path: /zfs/projects/darc/wolee_edehaan_suzienoh-exploratory-ml/kevin/ray_results
            num_samples: 200
            max_num_epochs: 40
            num_cpus: 26
            cpus_per_trial: 1
            num_gpus: 0
            gpus_per_trial: 0
            continuous_dim: 137
            num_embeddings: 9176
            device: cpu
            
2024-08-19 21:32:41,080	INFO worker.py:1753 -- Started a local Ray instance.
2024-08-19 21:32:41,189	INFO packaging.py:530 -- Creating a file package for local directory '/zfs/projects/darc/wolee_edehaan_suzienoh-exploratory-ml/kevin/src'.
2024-08-19 21:32:41,253	INFO packaging.py:358 -- Pushing file package 'gcs://_ray_pkg_0634c1a06030b34f.zip' (5.13MiB) to Ray cluster...
2024-08-19 21:32:41,274	INFO packaging.py:371 -- Successfully pushed file package 'gcs://_ray_pkg_0634c1a06030b34f.zip'.
2024-08-19 21:32:44,864	WARNING tune.py:902 -- AIR_VERBOSITY is set, ignoring passed-in ProgressReporter for now.
2024-08-19 23:29:29,613	INFO tune.py:1009 -- Wrote the latest version of all result files and experiment state to '/zfs/projects/darc/wolee_edehaan_suzienoh-exploratory-ml/kevin/ray_results/train_fnn_2024-08-19_21-32-44' in 0.4356s.
INFO:model_data_nn.py:Best trial config: {'continuous_dim': 137, 'hidden_dim': 55, 'num_layers': 5, 'num_embeddings': 9176, 'embedding_dim': 4, 'dropout_rate': 0.5, 'lr': 1.7405098278644964e-05, 'weight_decay': 2.7477216777568254e-06, 'num_epochs': 40, 'num_gpus': 0, 'batch_size': 256}
INFO:model_data_nn.py:Best trial training loss: 0.025949068264128072
INFO:model_data_nn.py:Best trial testing loss: 0.02688124352189981
INFO:main_restricted.py:Ray Tune results have been saved to: /zfs/projects/darc/wolee_edehaan_suzienoh-exploratory-ml/kevin/ray_results
INFO:main_restricted.py:Best trial directory: /tmp/ray/session_2024-08-19_21-32-36_709737_1099888/artifacts/2024-08-19_21-32-44/train_fnn_2024-08-19_21-32-44/driver_artifacts/train_fnn_3ed21_00072_72_batch_size=256,dropout_rate=0.5000,embedding_dim=4,hidden_dim=55,lr=0.0000,num_layers=5,weight_decay=0.00_2024-08-19_21-32-45
INFO:main_restricted.py:

Retrain a new model with data in years: [1980, 1981, 1982, 1983, 1984, 1985, 1986, 1987, 1988, 1989, 1990, 1991, 1992, 1993, 1994, 1995]

            Using the optimized hyperparameters: {'continuous_dim': 137, 'hidden_dim': 55, 'num_layers': 5, 'num_embeddings': 9990, 'embedding_dim': 4, 'dropout_rate': 0.5, 'lr': 1.7405098278644964e-05, 'weight_decay': 2.7477216777568254e-06, 'num_epochs': 40, 'num_gpus': 0, 'batch_size': 256}

INFO:model_data_nn.py:Epoch 1/40, metrics: {'avg_train_loss': 0.027168149271278412, 'avg_test_loss': 0.02886644764445149}
INFO:model_data_nn.py:Epoch 2/40, metrics: {'avg_train_loss': 0.026450606495667255, 'avg_test_loss': 0.028844737748687083}
INFO:model_data_nn.py:Epoch 3/40, metrics: {'avg_train_loss': 0.026437628039734262, 'avg_test_loss': 0.028855749090703636}
INFO:model_data_nn.py:Epoch 4/40, metrics: {'avg_train_loss': 0.02643416691467802, 'avg_test_loss': 0.028851628690384903}
INFO:model_data_nn.py:Epoch 5/40, metrics: {'avg_train_loss': 0.026428503842060223, 'avg_test_loss': 0.028850068889844874}
INFO:model_data_nn.py:Early stopping at epoch 5
INFO:main_restricted.py:Making prediction for data in year: 1996
INFO:main_restricted.py:Prediction data shape: (66364,)
/zfs/projects/darc/wolee_edehaan_suzienoh-exploratory-ml/kevin/src/main_restricted.py:332: SettingWithCopyWarning: 
A value is trying to be set on a copy of a slice from a DataFrame.
Try using .loc[row_indexer,col_indexer] = value instead

See the caveats in the documentation: https://pandas.pydata.org/pandas-docs/stable/user_guide/indexing.html#returning-a-view-versus-a-copy
  prediction_data['pred'] = predictions
INFO:main_restricted.py:Root Mean Squared Error for Prediction in 1996: 0.16983858135532884
INFO:main_restricted.py:Prediction Stats:                 ret          pred
count  66364.000000  66364.000000
mean       0.016258      0.012598
std        0.169806      0.000306
min       -0.909091      0.009330
25%       -0.058824      0.012433
50%        0.003930      0.012600
75%        0.074962      0.012758
max        7.000000      0.016327
╭──────────────────────────────────────────────────────────────────╮
│ Configuration for experiment     train_fnn_2024-08-19_21-32-44   │
├──────────────────────────────────────────────────────────────────┤
│ Search algorithm                 BasicVariantGenerator           │
│ Scheduler                        AsyncHyperBandScheduler         │
│ Number of trials                 200                             │
╰──────────────────────────────────────────────────────────────────╯

View detailed results here: /zfs/projects/darc/wolee_edehaan_suzienoh-exploratory-ml/kevin/ray_results/train_fnn_2024-08-19_21-32-44
To visualize your results with TensorBoard, run: `tensorboard --logdir /tmp/ray/session_2024-08-19_21-32-36_709737_1099888/artifacts/2024-08-19_21-32-44/train_fnn_2024-08-19_21-32-44/driver_artifacts`

INFO:postprocess_predictions.py:Post processing prediction files
INFO:postprocess_predictions.py:Postprocessing data from path: kevin/output/prediction/monthly_new_restricted/monthly_prediction_1985.csv
INFO:postprocess_predictions.py:Postprocessing data from path: kevin/output/prediction/monthly_new_restricted/monthly_prediction_1986.csv
INFO:postprocess_predictions.py:Postprocessing data from path: kevin/output/prediction/monthly_new_restricted/monthly_prediction_1987.csv
INFO:postprocess_predictions.py:Postprocessing data from path: kevin/output/prediction/monthly_new_restricted/monthly_prediction_1988.csv
INFO:postprocess_predictions.py:Postprocessing data from path: kevin/output/prediction/monthly_new_restricted/monthly_prediction_1989.csv
INFO:postprocess_predictions.py:Postprocessing data from path: kevin/output/prediction/monthly_new_restricted/monthly_prediction_1990.csv
INFO:postprocess_predictions.py:Postprocessing data from path: kevin/output/prediction/monthly_new_restricted/monthly_prediction_1991.csv
INFO:postprocess_predictions.py:Postprocessing data from path: kevin/output/prediction/monthly_new_restricted/monthly_prediction_1992.csv
INFO:postprocess_predictions.py:Postprocessing data from path: kevin/output/prediction/monthly_new_restricted/monthly_prediction_1993.csv
INFO:postprocess_predictions.py:Postprocessing data from path: kevin/output/prediction/monthly_new_restricted/monthly_prediction_1994.csv
INFO:postprocess_predictions.py:Postprocessing data from path: kevin/output/prediction/monthly_new_restricted/monthly_prediction_1995.csv
INFO:postprocess_predictions.py:Postprocessing data from path: kevin/output/prediction/monthly_new_restricted/monthly_prediction_1996.csv
INFO:postprocess_predictions.py:Postprocessing data from path: kevin/output/prediction/monthly_new_restricted/monthly_prediction_1997.csv
INFO:postprocess_predictions.py:Postprocessing data from path: kevin/output/prediction/monthly_new_restricted/monthly_prediction_1998.csv
INFO:postprocess_predictions.py:Postprocessing data from path: kevin/output/prediction/monthly_new_restricted/monthly_prediction_1999.csv
INFO:postprocess_predictions.py:Postprocessing data from path: kevin/output/prediction/monthly_new_restricted/monthly_prediction_2000.csv
INFO:postprocess_predictions.py:Postprocessing data from path: kevin/output/prediction/monthly_new_restricted/monthly_prediction_2001.csv
INFO:postprocess_predictions.py:Postprocessing data from path: kevin/output/prediction/monthly_new_restricted/monthly_prediction_2002.csv
INFO:postprocess_predictions.py:Postprocessing data from path: kevin/output/prediction/monthly_new_restricted/monthly_prediction_2003.csv
INFO:postprocess_predictions.py:Postprocessing data from path: kevin/output/prediction/monthly_new_restricted/monthly_prediction_2004.csv
INFO:postprocess_predictions.py:Postprocessing data from path: kevin/output/prediction/monthly_new_restricted/monthly_prediction_2005.csv
INFO:postprocess_predictions.py:Postprocessing data from path: kevin/output/prediction/monthly_new_restricted/monthly_prediction_2006.csv
INFO:postprocess_predictions.py:Postprocessing data from path: kevin/output/prediction/monthly_new_restricted/monthly_prediction_2007.csv
INFO:postprocess_predictions.py:Postprocessing data from path: kevin/output/prediction/monthly_new_restricted/monthly_prediction_2008.csv
INFO:postprocess_predictions.py:Postprocessing data from path: kevin/output/prediction/monthly_new_restricted/monthly_prediction_2009.csv
INFO:postprocess_predictions.py:Postprocessing data from path: kevin/output/prediction/monthly_new_restricted/monthly_prediction_2010.csv
INFO:postprocess_predictions.py:Postprocessing data from path: kevin/output/prediction/monthly_new_restricted/monthly_prediction_2011.csv
INFO:postprocess_predictions.py:Postprocessing data from path: kevin/output/prediction/monthly_new_restricted/monthly_prediction_2012.csv
INFO:postprocess_predictions.py:Postprocessing data from path: kevin/output/prediction/monthly_new_restricted/monthly_prediction_2013.csv
INFO:postprocess_predictions.py:Postprocessing data from path: kevin/output/prediction/monthly_new_restricted/monthly_prediction_2014.csv
INFO:postprocess_predictions.py:Postprocessing data from path: kevin/output/prediction/monthly_new_restricted/monthly_prediction_2015.csv
INFO:postprocess_predictions.py:Postprocessing data from path: kevin/output/prediction/monthly_new_restricted/monthly_prediction_2016.csv
INFO:postprocess_predictions.py:Postprocessing data from path: kevin/output/prediction/monthly_new_restricted/monthly_prediction_2017.csv
INFO:postprocess_predictions.py:Postprocessing data from path: kevin/output/prediction/monthly_new_restricted/monthly_prediction_2018.csv
INFO:postprocess_predictions.py:Postprocessing data from path: kevin/output/prediction/monthly_new_restricted/monthly_prediction_2019.csv
INFO:postprocess_predictions.py:Postprocessing data from path: kevin/output/prediction/monthly_new_restricted/monthly_prediction_2020.csv
INFO:postprocess_predictions.py:Sort the result by date and rank both ascendingly
INFO:postprocess_predictions.py:Saved the result file: result.csv
to the directory: kevin/output/prediction/monthly_new_restricted
