Current working directory
/zfs/projects/darc/wolee_edehaan_suzienoh-exploratory-ml
source kevin/venv/bin/activate
which python3
/zfs/projects/darc/wolee_edehaan_suzienoh-exploratory-ml/kevin/venv/bin/python3
2024-08-30 17:24:13,153	PANIC scripts.py:900 -- `--address` is a required flag unless starting a head node with `--head`.
Error: `{}` is a required flag unless starting a head node with `{}`.
Intel(R) Extension for Scikit-learn* enabled (https://github.com/intel/scikit-learn-intelex)
Intel(R) Extension for Scikit-learn* enabled (https://github.com/intel/scikit-learn-intelex)
INFO:preprocess_data_nn.py:

Loading and preprocessing data...

DEBUG:preprocess_data_nn.py:          date   permno
626    1980-01  10006.0
5399   1980-01  10057.0
11398  1980-01  10137.0
12828  1980-01  10145.0
13984  1980-01  10153.0
DEBUG:preprocess_data_nn.py:--------------------------------------------------
INFO:main.py:preprocessed df: (2005900, 161)
INFO:preprocess_data_nn.py:

Applying secondary data preprocessing..

INFO:main.py:secondary preprocessed df: (1942951, 161)
INFO:main.py:df sample:     permno       pdate        ym  gvkey  sic2    absacc       acc  ...      roea   roavola       ret        mve_m      retq  pyear     date
0  10006.0  1980-01-01  198001.0   1010    37  0.083420  0.083420  ...  0.141715  0.004512  0.211679   303420.750 -0.055806   1980  1980-01
1  10057.0  1980-01-01  198001.0   1098    36  0.088951  0.088951  ...  0.174252  0.035698  0.282297   111423.125 -0.069431   1980  1980-01
2  10137.0  1980-01-01  198001.0   1279    49  0.041008  0.041008  ...  0.097554  0.006254 -0.032258   617349.500 -0.108065   1980  1980-01
3  10145.0  1980-01-01  198001.0   1300    99  0.050486  0.050486  ...  0.122729  0.004320  0.150127  1415193.000 -0.085950   1980  1980-01
4  10153.0  1980-01-01  198001.0   1308    13       NaN       NaN  ...  0.109950  0.009149 -0.122744   429488.500 -0.285199   1980  1980-01

[5 rows x 161 columns]
INFO:main.py:Train year start: 1980
INFO:main.py:Prediction data years: [2016, 2017, 2018, 2019, 2020]
INFO:main.py:

Loop through all the prediction years and build optimized model for each year

INFO:main.py:

Transform data

INFO:transform_data_nn.py:Train data years: [1980, 1981, 1982, 1983, 1984, 1985, 1986, 1987, 1988, 1989, 1990, 1991, 1992, 1993, 1994, 1995, 1996, 1997, 1998, 1999, 2000, 2001, 2002, 2003, 2004, 2005, 2006, 2007, 2008, 2009, 2010, 2011, 2012, 2013, 2014]
INFO:transform_data_nn.py:Train_data: (1708424, 161)

INFO:transform_data_nn.py:Test data years: [2015]
INFO:transform_data_nn.py:Test_data: (39863, 161)

INFO:transform_data_nn.py:Retrain data years: [1980, 1981, 1982, 1983, 1984, 1985, 1986, 1987, 1988, 1989, 1990, 1991, 1992, 1993, 1994, 1995, 1996, 1997, 1998, 1999, 2000, 2001, 2002, 2003, 2004, 2005, 2006, 2007, 2008, 2009, 2010, 2011, 2012, 2013, 2014, 2015]
INFO:transform_data_nn.py:Retrain_data: (1748287, 161)

INFO:transform_data_nn.py:Prediction data years: [2016]
INFO:transform_data_nn.py:Prediction_data: (40029, 161)

INFO:main.py:

Generate X and y with train_data and test_data

INFO:main.py:
            x_train_tf: torch.Size([1708424, 152])
            y_train_tf: torch.Size([1708424])

            x_test_tf: torch.Size([39863, 152])
            y_test_tf: torch.Size([39863])

        
INFO:main.py:

Generate X and y with retrain_data and prediction_data

INFO:main.py:
            x_retrain_tf: torch.Size([1748287, 152])
            y_retrain_tf: torch.Size([1748287])

            x_prediction_tf: torch.Size([40029, 152])
            y_prediction_tf: torch.Size([40029])

        
INFO:main.py:

Create dataset

INFO:main.py:Create train_dataset
INFO:main.py:Create test_dataset
INFO:main.py:Create retrain_dataset
INFO:main.py:Create prediction_dataset
INFO:main.py:

Hyperparameters tuning with Ray Tune

INFO:main.py:Training data years: [1980, 1981, 1982, 1983, 1984, 1985, 1986, 1987, 1988, 1989, 1990, 1991, 1992, 1993, 1994, 1995, 1996, 1997, 1998, 1999, 2000, 2001, 2002, 2003, 2004, 2005, 2006, 2007, 2008, 2009, 2010, 2011, 2012, 2013, 2014]
INFO:main.py:Testing data year: 2015
INFO:main.py:

            ray_results_path: /zfs/projects/darc/wolee_edehaan_suzienoh-exploratory-ml/kevin/ray_results
            num_samples: 150
            max_num_epochs: 50
            num_cpus: 26
            cpus_per_trial: 1
            num_gpus: 0
            gpus_per_trial: 0
            continuous_dim: 151
            num_embeddings: 16336
            device: cpu
            
2024-08-30 20:49:31,247	INFO worker.py:1753 -- Started a local Ray instance.
2024-08-30 20:49:31,320	INFO packaging.py:530 -- Creating a file package for local directory '/zfs/projects/darc/wolee_edehaan_suzienoh-exploratory-ml/kevin/src'.
2024-08-30 20:49:31,375	INFO packaging.py:358 -- Pushing file package 'gcs://_ray_pkg_bc763eef69d6f0d2.zip' (5.17MiB) to Ray cluster...
2024-08-30 20:49:31,398	INFO packaging.py:371 -- Successfully pushed file package 'gcs://_ray_pkg_bc763eef69d6f0d2.zip'.
2024-08-30 20:49:36,982	WARNING tune.py:902 -- AIR_VERBOSITY is set, ignoring passed-in ProgressReporter for now.
2024-08-31 02:57:00,019	INFO tune.py:1009 -- Wrote the latest version of all result files and experiment state to '/zfs/projects/darc/wolee_edehaan_suzienoh-exploratory-ml/kevin/ray_results/train_fnn_2024-08-30_20-49-36' in 0.5224s.
INFO:model_data_nn.py:Best trial config: {'continuous_dim': 151, 'hidden_dim': 175, 'num_layers': 3, 'num_embeddings': 16336, 'embedding_dim': 3, 'dropout_rate': 0.51, 'lr': 0.0011013964366243683, 'weight_decay': 0.0004973220102070486, 'num_epochs': 50, 'num_gpus': 0, 'batch_size': 8}
INFO:model_data_nn.py:Best trial training loss: 0.10968031512260297
INFO:model_data_nn.py:Best trial testing loss: 0.09014665926394515
INFO:main.py:Ray Tune results have been saved to: /zfs/projects/darc/wolee_edehaan_suzienoh-exploratory-ml/kevin/ray_results
INFO:main.py:Best trial directory: /tmp/ray/session_2024-08-30_20-49-28_371426_3461673/artifacts/2024-08-30_20-49-36/train_fnn_2024-08-30_20-49-36/driver_artifacts/train_fnn_0adc1_00040_40_batch_size=8,dropout_rate=0.5100,embedding_dim=3,hidden_dim=175,lr=0.0011,num_layers=3,weight_decay=0.000_2024-08-30_20-49-37
INFO:main.py:

Retrain a new model with data in years: [1980, 1981, 1982, 1983, 1984, 1985, 1986, 1987, 1988, 1989, 1990, 1991, 1992, 1993, 1994, 1995, 1996, 1997, 1998, 1999, 2000, 2001, 2002, 2003, 2004, 2005, 2006, 2007, 2008, 2009, 2010, 2011, 2012, 2013, 2014, 2015]

            Using the optimized hyperparameters: {'continuous_dim': 151, 'hidden_dim': 175, 'num_layers': 3, 'num_embeddings': 16626, 'embedding_dim': 3, 'dropout_rate': 0.51, 'lr': 0.0011013964366243683, 'weight_decay': 0.0004973220102070486, 'num_epochs': 50, 'num_gpus': 0, 'batch_size': 8}

/zfs/projects/darc/wolee_edehaan_suzienoh-exploratory-ml/kevin/venv/lib/python3.10/site-packages/torch/cuda/__init__.py:619: UserWarning: Can't initialize NVML
  warnings.warn("Can't initialize NVML")
INFO:model_data_nn.py:Epoch 1/50, metrics: {'avg_train_loss': 0.10936962794849608, 'avg_test_loss': 0.0988770438143038}
INFO:model_data_nn.py:Epoch 2/50, metrics: {'avg_train_loss': 0.10924183909941537, 'avg_test_loss': 0.09929634028205203}
INFO:model_data_nn.py:Epoch 3/50, metrics: {'avg_train_loss': 0.10924112282748447, 'avg_test_loss': 0.09879934765323312}
INFO:model_data_nn.py:Epoch 4/50, metrics: {'avg_train_loss': 0.10924093275757703, 'avg_test_loss': 0.09986199898221683}
INFO:model_data_nn.py:Epoch 5/50, metrics: {'avg_train_loss': 0.10924073858048311, 'avg_test_loss': 0.09915297286533606}
INFO:model_data_nn.py:Epoch 6/50, metrics: {'avg_train_loss': 0.10924093778475004, 'avg_test_loss': 0.09887648685064783}
INFO:model_data_nn.py:Epoch 7/50, metrics: {'avg_train_loss': 0.10923963094855366, 'avg_test_loss': 0.09896611342084506}
INFO:model_data_nn.py:Epoch 8/50, metrics: {'avg_train_loss': 0.1092371838750348, 'avg_test_loss': 0.09921675330927993}
INFO:model_data_nn.py:Early stopping at epoch 8
INFO:main.py:Making prediction for data in year: 2016
INFO:main.py:Prediction data shape: (40029,)
/zfs/projects/darc/wolee_edehaan_suzienoh-exploratory-ml/kevin/src/main.py:335: SettingWithCopyWarning: 
A value is trying to be set on a copy of a slice from a DataFrame.
Try using .loc[row_indexer,col_indexer] = value instead

See the caveats in the documentation: https://pandas.pydata.org/pandas-docs/stable/user_guide/indexing.html#returning-a-view-versus-a-copy
  prediction_data['pred'] = predictions
INFO:main.py:Root Mean Squared Error for Prediction in 2016: 0.16907352965993436
INFO:main.py:Prediction Stats:                 ret          pred
count  40029.000000  40029.000000
mean       0.015965      0.000545
std        0.168371      0.000000
min       -0.961852      0.000545
25%       -0.051377      0.000545
50%        0.009668      0.000545
75%        0.073842      0.000545
max        7.634921      0.000545
INFO:main.py:

Transform data

INFO:transform_data_nn.py:Train data years: [1980, 1981, 1982, 1983, 1984, 1985, 1986, 1987, 1988, 1989, 1990, 1991, 1992, 1993, 1994, 1995, 1996, 1997, 1998, 1999, 2000, 2001, 2002, 2003, 2004, 2005, 2006, 2007, 2008, 2009, 2010, 2011, 2012, 2013, 2014, 2015]
INFO:transform_data_nn.py:Train_data: (1748287, 161)

INFO:transform_data_nn.py:Test data years: [2016]
INFO:transform_data_nn.py:Test_data: (40029, 161)

INFO:transform_data_nn.py:Retrain data years: [1980, 1981, 1982, 1983, 1984, 1985, 1986, 1987, 1988, 1989, 1990, 1991, 1992, 1993, 1994, 1995, 1996, 1997, 1998, 1999, 2000, 2001, 2002, 2003, 2004, 2005, 2006, 2007, 2008, 2009, 2010, 2011, 2012, 2013, 2014, 2015, 2016]
INFO:transform_data_nn.py:Retrain_data: (1788316, 161)

INFO:transform_data_nn.py:Prediction data years: [2017]
INFO:transform_data_nn.py:Prediction_data: (39152, 161)

INFO:main.py:

Generate X and y with train_data and test_data

INFO:main.py:
            x_train_tf: torch.Size([1748287, 152])
            y_train_tf: torch.Size([1748287])

            x_test_tf: torch.Size([40029, 152])
            y_test_tf: torch.Size([40029])

        
INFO:main.py:

Generate X and y with retrain_data and prediction_data

INFO:main.py:
            x_retrain_tf: torch.Size([1788316, 152])
            y_retrain_tf: torch.Size([1788316])

            x_prediction_tf: torch.Size([39152, 152])
            y_prediction_tf: torch.Size([39152])

        
INFO:main.py:

Create dataset

INFO:main.py:Create train_dataset
INFO:main.py:Create test_dataset
INFO:main.py:Create retrain_dataset
INFO:main.py:Create prediction_dataset
INFO:main.py:

Hyperparameters tuning with Ray Tune

INFO:main.py:Training data years: [1980, 1981, 1982, 1983, 1984, 1985, 1986, 1987, 1988, 1989, 1990, 1991, 1992, 1993, 1994, 1995, 1996, 1997, 1998, 1999, 2000, 2001, 2002, 2003, 2004, 2005, 2006, 2007, 2008, 2009, 2010, 2011, 2012, 2013, 2014, 2015]
INFO:main.py:Testing data year: 2016
INFO:main.py:

            ray_results_path: /zfs/projects/darc/wolee_edehaan_suzienoh-exploratory-ml/kevin/ray_results
            num_samples: 150
            max_num_epochs: 50
            num_cpus: 26
            cpus_per_trial: 1
            num_gpus: 0
            gpus_per_trial: 0
            continuous_dim: 151
            num_embeddings: 16626
            device: cpu
            
2024-08-31 08:34:30,155	INFO worker.py:1753 -- Started a local Ray instance.
2024-08-31 08:34:30,209	INFO packaging.py:530 -- Creating a file package for local directory '/zfs/projects/darc/wolee_edehaan_suzienoh-exploratory-ml/kevin/src'.
2024-08-31 08:34:30,266	INFO packaging.py:358 -- Pushing file package 'gcs://_ray_pkg_bc763eef69d6f0d2.zip' (5.17MiB) to Ray cluster...
2024-08-31 08:34:30,290	INFO packaging.py:371 -- Successfully pushed file package 'gcs://_ray_pkg_bc763eef69d6f0d2.zip'.
2024-08-31 08:34:35,825	WARNING tune.py:902 -- AIR_VERBOSITY is set, ignoring passed-in ProgressReporter for now.
2024-08-31 12:20:12,900	INFO tune.py:1009 -- Wrote the latest version of all result files and experiment state to '/zfs/projects/darc/wolee_edehaan_suzienoh-exploratory-ml/kevin/ray_results/train_fnn_2024-08-31_08-34-35' in 0.3534s.
INFO:model_data_nn.py:Best trial config: {'continuous_dim': 151, 'hidden_dim': 145, 'num_layers': 5, 'num_embeddings': 16626, 'embedding_dim': 1, 'dropout_rate': 0.32, 'lr': 0.0011623533912663107, 'weight_decay': 9.092793931297443e-06, 'num_epochs': 50, 'num_gpus': 0, 'batch_size': 32}
INFO:model_data_nn.py:Best trial training loss: 0.1081298361616346
INFO:model_data_nn.py:Best trial testing loss: 0.0981753666719182
INFO:main.py:Ray Tune results have been saved to: /zfs/projects/darc/wolee_edehaan_suzienoh-exploratory-ml/kevin/ray_results
INFO:main.py:Best trial directory: /tmp/ray/session_2024-08-31_08-34-27_309456_3461673/artifacts/2024-08-31_08-34-35/train_fnn_2024-08-31_08-34-35/driver_artifacts/train_fnn_86f98_00136_136_batch_size=32,dropout_rate=0.3200,embedding_dim=1,hidden_dim=145,lr=0.0012,num_layers=5,weight_decay=0.0_2024-08-31_08-34-36
INFO:main.py:

Retrain a new model with data in years: [1980, 1981, 1982, 1983, 1984, 1985, 1986, 1987, 1988, 1989, 1990, 1991, 1992, 1993, 1994, 1995, 1996, 1997, 1998, 1999, 2000, 2001, 2002, 2003, 2004, 2005, 2006, 2007, 2008, 2009, 2010, 2011, 2012, 2013, 2014, 2015, 2016]

            Using the optimized hyperparameters: {'continuous_dim': 151, 'hidden_dim': 145, 'num_layers': 5, 'num_embeddings': 16828, 'embedding_dim': 1, 'dropout_rate': 0.32, 'lr': 0.0011623533912663107, 'weight_decay': 9.092793931297443e-06, 'num_epochs': 50, 'num_gpus': 0, 'batch_size': 32}

