Current working directory
/zfs/projects/darc/wolee_edehaan_suzienoh-exploratory-ml
source kevin/venv/bin/activate
which python3
/zfs/projects/darc/wolee_edehaan_suzienoh-exploratory-ml/kevin/venv/bin/python3
2024-08-31 14:30:24,434	PANIC scripts.py:900 -- `--address` is a required flag unless starting a head node with `--head`.
Error: `{}` is a required flag unless starting a head node with `{}`.
Intel(R) Extension for Scikit-learn* enabled (https://github.com/intel/scikit-learn-intelex)
Intel(R) Extension for Scikit-learn* enabled (https://github.com/intel/scikit-learn-intelex)
INFO:preprocess_data_nn.py:

Loading and preprocessing data...

DEBUG:preprocess_data_nn.py:          date   permno
626    1980-01  10006.0
5399   1980-01  10057.0
11398  1980-01  10137.0
12828  1980-01  10145.0
13984  1980-01  10153.0
DEBUG:preprocess_data_nn.py:--------------------------------------------------
INFO:main.py:preprocessed df: (667724, 161)
INFO:preprocess_data_nn.py:

Applying secondary data preprocessing..

INFO:main.py:secondary preprocessed df: (667724, 161)
INFO:main.py:df sample:     permno       pdate        ym  gvkey  sic2    absacc       acc  ...      roea   roavola       ret        mve_m      retq  pyear     date
0  10006.0  1980-01-01  198001.0   1010    37  0.083420  0.083420  ...  0.141715  0.004512  0.211679   303420.750 -0.055806   1980  1980-01
1  10057.0  1980-01-01  198001.0   1098    36  0.088951  0.088951  ...  0.174252  0.035698  0.282297   111423.125 -0.069431   1980  1980-01
2  10137.0  1980-01-01  198001.0   1279    49  0.041008  0.041008  ...  0.097554  0.006254 -0.032258   617349.500 -0.108065   1980  1980-01
3  10145.0  1980-01-01  198001.0   1300    99  0.050486  0.050486  ...  0.122729  0.004320  0.150127  1415193.000 -0.085950   1980  1980-01
4  10153.0  1980-01-01  198001.0   1308    13       NaN       NaN  ...  0.109950  0.009149 -0.122744   429488.500 -0.285199   1980  1980-01

[5 rows x 161 columns]
INFO:main.py:Train year start: 1980
INFO:main.py:Prediction data years: [2000, 2006, 2009]
INFO:main.py:

Loop through all the prediction years and build optimized model for each year

INFO:main.py:

Transform data

INFO:transform_data_nn.py:Train data years: [1980, 1981, 1982, 1983, 1984, 1985, 1986, 1987, 1988, 1989, 1990, 1991, 1992, 1993, 1994, 1995, 1996, 1997, 1998]
INFO:transform_data_nn.py:Train_data: (307585, 161)

INFO:transform_data_nn.py:Test data years: [1999]
INFO:transform_data_nn.py:Test_data: (23257, 161)

INFO:transform_data_nn.py:Retrain data years: [1980, 1981, 1982, 1983, 1984, 1985, 1986, 1987, 1988, 1989, 1990, 1991, 1992, 1993, 1994, 1995, 1996, 1997, 1998, 1999]
INFO:transform_data_nn.py:Retrain_data: (330842, 161)

INFO:transform_data_nn.py:Prediction data years: [2000]
INFO:transform_data_nn.py:Prediction_data: (22167, 161)

INFO:main.py:

Generate X and y with train_data and test_data

/zfs/projects/darc/wolee_edehaan_suzienoh-exploratory-ml/kevin/venv/lib/python3.10/site-packages/sklearn/utils/extmath.py:1140: RuntimeWarning: invalid value encountered in divide
  updated_mean = (last_sum + new_sum) / updated_sample_count
/zfs/projects/darc/wolee_edehaan_suzienoh-exploratory-ml/kevin/venv/lib/python3.10/site-packages/sklearn/utils/extmath.py:1145: RuntimeWarning: invalid value encountered in divide
  T = new_sum / new_sample_count
/zfs/projects/darc/wolee_edehaan_suzienoh-exploratory-ml/kevin/venv/lib/python3.10/site-packages/sklearn/utils/extmath.py:1165: RuntimeWarning: invalid value encountered in divide
  new_unnormalized_variance -= correction**2 / new_sample_count
INFO:main.py:
            x_train_tf: torch.Size([307585, 152])
            y_train_tf: torch.Size([307585])

            x_test_tf: torch.Size([23257, 152])
            y_test_tf: torch.Size([23257])

        
INFO:main.py:

Generate X and y with retrain_data and prediction_data

/zfs/projects/darc/wolee_edehaan_suzienoh-exploratory-ml/kevin/venv/lib/python3.10/site-packages/sklearn/utils/extmath.py:1140: RuntimeWarning: invalid value encountered in divide
  updated_mean = (last_sum + new_sum) / updated_sample_count
/zfs/projects/darc/wolee_edehaan_suzienoh-exploratory-ml/kevin/venv/lib/python3.10/site-packages/sklearn/utils/extmath.py:1145: RuntimeWarning: invalid value encountered in divide
  T = new_sum / new_sample_count
/zfs/projects/darc/wolee_edehaan_suzienoh-exploratory-ml/kevin/venv/lib/python3.10/site-packages/sklearn/utils/extmath.py:1165: RuntimeWarning: invalid value encountered in divide
  new_unnormalized_variance -= correction**2 / new_sample_count
INFO:main.py:
            x_retrain_tf: torch.Size([330842, 152])
            y_retrain_tf: torch.Size([330842])

            x_prediction_tf: torch.Size([22167, 152])
            y_prediction_tf: torch.Size([22167])

        
INFO:main.py:

Create dataset

INFO:main.py:Create train_dataset
INFO:main.py:Create test_dataset
INFO:main.py:Create retrain_dataset
INFO:main.py:Create prediction_dataset
INFO:main.py:

Hyperparameters tuning with Ray Tune

INFO:main.py:Training data years: [1980, 1981, 1982, 1983, 1984, 1985, 1986, 1987, 1988, 1989, 1990, 1991, 1992, 1993, 1994, 1995, 1996, 1997, 1998]
INFO:main.py:Testing data year: 1999
INFO:main.py:

            ray_results_path: /zfs/projects/darc/wolee_edehaan_suzienoh-exploratory-ml/kevin/ray_results
            num_samples: 200
            max_num_epochs: 50
            num_cpus: 24
            cpus_per_trial: 1
            num_gpus: 0
            gpus_per_trial: 0
            continuous_dim: 151
            num_embeddings: 12245
            device: cpu
            
2024-08-31 15:09:04,108	INFO worker.py:1753 -- Started a local Ray instance.
2024-08-31 15:09:04,264	INFO packaging.py:530 -- Creating a file package for local directory '/zfs/projects/darc/wolee_edehaan_suzienoh-exploratory-ml/kevin/src'.
2024-08-31 15:09:04,321	INFO packaging.py:358 -- Pushing file package 'gcs://_ray_pkg_360b0bbce57fb629.zip' (5.17MiB) to Ray cluster...
2024-08-31 15:09:04,338	INFO packaging.py:371 -- Successfully pushed file package 'gcs://_ray_pkg_360b0bbce57fb629.zip'.
2024-08-31 15:09:06,369	WARNING tune.py:902 -- AIR_VERBOSITY is set, ignoring passed-in ProgressReporter for now.
[36m(train_fnn pid=1500455)[0m /zfs/projects/darc/wolee_edehaan_suzienoh-exploratory-ml/kevin/venv/lib/python3.10/site-packages/torch/nn/modules/loss.py:101: UserWarning: Using a target size (torch.Size([1])) that is different to the input size (torch.Size([])). This will likely lead to incorrect results due to broadcasting. Please ensure they have the same size.
[36m(train_fnn pid=1500455)[0m   return F.l1_loss(input, target, reduction=self.reduction)
[36m(train_fnn pid=1501304)[0m /zfs/projects/darc/wolee_edehaan_suzienoh-exploratory-ml/kevin/venv/lib/python3.10/site-packages/torch/nn/modules/loss.py:101: UserWarning: Using a target size (torch.Size([1])) that is different to the input size (torch.Size([])). This will likely lead to incorrect results due to broadcasting. Please ensure they have the same size.
[36m(train_fnn pid=1501304)[0m   return F.l1_loss(input, target, reduction=self.reduction)
[36m(train_fnn pid=1500644)[0m /zfs/projects/darc/wolee_edehaan_suzienoh-exploratory-ml/kevin/venv/lib/python3.10/site-packages/torch/nn/modules/loss.py:101: UserWarning: Using a target size (torch.Size([1])) that is different to the input size (torch.Size([])). This will likely lead to incorrect results due to broadcasting. Please ensure they have the same size.
[36m(train_fnn pid=1500644)[0m   return F.l1_loss(input, target, reduction=self.reduction)
[36m(train_fnn pid=1500771)[0m /zfs/projects/darc/wolee_edehaan_suzienoh-exploratory-ml/kevin/venv/lib/python3.10/site-packages/torch/nn/modules/loss.py:101: UserWarning: Using a target size (torch.Size([1])) that is different to the input size (torch.Size([])). This will likely lead to incorrect results due to broadcasting. Please ensure they have the same size.
[36m(train_fnn pid=1500771)[0m   return F.l1_loss(input, target, reduction=self.reduction)
[36m(train_fnn pid=1501718)[0m /zfs/projects/darc/wolee_edehaan_suzienoh-exploratory-ml/kevin/venv/lib/python3.10/site-packages/torch/nn/modules/loss.py:101: UserWarning: Using a target size (torch.Size([1])) that is different to the input size (torch.Size([])). This will likely lead to incorrect results due to broadcasting. Please ensure they have the same size.
[36m(train_fnn pid=1501718)[0m   return F.l1_loss(input, target, reduction=self.reduction)
[36m(train_fnn pid=1518675)[0m /zfs/projects/darc/wolee_edehaan_suzienoh-exploratory-ml/kevin/venv/lib/python3.10/site-packages/torch/nn/modules/loss.py:101: UserWarning: Using a target size (torch.Size([1])) that is different to the input size (torch.Size([])). This will likely lead to incorrect results due to broadcasting. Please ensure they have the same size.
[36m(train_fnn pid=1518675)[0m   return F.l1_loss(input, target, reduction=self.reduction)
[36m(train_fnn pid=1531448)[0m /zfs/projects/darc/wolee_edehaan_suzienoh-exploratory-ml/kevin/venv/lib/python3.10/site-packages/torch/nn/modules/loss.py:101: UserWarning: Using a target size (torch.Size([1])) that is different to the input size (torch.Size([])). This will likely lead to incorrect results due to broadcasting. Please ensure they have the same size.
[36m(train_fnn pid=1531448)[0m   return F.l1_loss(input, target, reduction=self.reduction)
[36m(train_fnn pid=1540510)[0m /zfs/projects/darc/wolee_edehaan_suzienoh-exploratory-ml/kevin/venv/lib/python3.10/site-packages/torch/nn/modules/loss.py:101: UserWarning: Using a target size (torch.Size([1])) that is different to the input size (torch.Size([])). This will likely lead to incorrect results due to broadcasting. Please ensure they have the same size.
[36m(train_fnn pid=1540510)[0m   return F.l1_loss(input, target, reduction=self.reduction)
[36m(train_fnn pid=1546847)[0m /zfs/projects/darc/wolee_edehaan_suzienoh-exploratory-ml/kevin/venv/lib/python3.10/site-packages/torch/nn/modules/loss.py:101: UserWarning: Using a target size (torch.Size([1])) that is different to the input size (torch.Size([])). This will likely lead to incorrect results due to broadcasting. Please ensure they have the same size.
[36m(train_fnn pid=1546847)[0m   return F.l1_loss(input, target, reduction=self.reduction)
[36m(train_fnn pid=1567422)[0m /zfs/projects/darc/wolee_edehaan_suzienoh-exploratory-ml/kevin/venv/lib/python3.10/site-packages/torch/nn/modules/loss.py:101: UserWarning: Using a target size (torch.Size([1])) that is different to the input size (torch.Size([])). This will likely lead to incorrect results due to broadcasting. Please ensure they have the same size.
[36m(train_fnn pid=1567422)[0m   return F.l1_loss(input, target, reduction=self.reduction)
[36m(train_fnn pid=1568276)[0m /zfs/projects/darc/wolee_edehaan_suzienoh-exploratory-ml/kevin/venv/lib/python3.10/site-packages/torch/nn/modules/loss.py:101: UserWarning: Using a target size (torch.Size([1])) that is different to the input size (torch.Size([])). This will likely lead to incorrect results due to broadcasting. Please ensure they have the same size.
[36m(train_fnn pid=1568276)[0m   return F.l1_loss(input, target, reduction=self.reduction)
[36m(train_fnn pid=1552645)[0m /zfs/projects/darc/wolee_edehaan_suzienoh-exploratory-ml/kevin/venv/lib/python3.10/site-packages/torch/nn/modules/loss.py:101: UserWarning: Using a target size (torch.Size([1])) that is different to the input size (torch.Size([])). This will likely lead to incorrect results due to broadcasting. Please ensure they have the same size.
[36m(train_fnn pid=1552645)[0m   return F.l1_loss(input, target, reduction=self.reduction)
[36m(train_fnn pid=1589258)[0m /zfs/projects/darc/wolee_edehaan_suzienoh-exploratory-ml/kevin/venv/lib/python3.10/site-packages/torch/nn/modules/loss.py:101: UserWarning: Using a target size (torch.Size([1])) that is different to the input size (torch.Size([])). This will likely lead to incorrect results due to broadcasting. Please ensure they have the same size.
[36m(train_fnn pid=1589258)[0m   return F.l1_loss(input, target, reduction=self.reduction)
[36m(train_fnn pid=1621276)[0m /zfs/projects/darc/wolee_edehaan_suzienoh-exploratory-ml/kevin/venv/lib/python3.10/site-packages/torch/nn/modules/loss.py:101: UserWarning: Using a target size (torch.Size([1])) that is different to the input size (torch.Size([])). This will likely lead to incorrect results due to broadcasting. Please ensure they have the same size.
[36m(train_fnn pid=1621276)[0m   return F.l1_loss(input, target, reduction=self.reduction)
[36m(train_fnn pid=1640865)[0m /zfs/projects/darc/wolee_edehaan_suzienoh-exploratory-ml/kevin/venv/lib/python3.10/site-packages/torch/nn/modules/loss.py:101: UserWarning: Using a target size (torch.Size([1])) that is different to the input size (torch.Size([])). This will likely lead to incorrect results due to broadcasting. Please ensure they have the same size.
[36m(train_fnn pid=1640865)[0m   return F.l1_loss(input, target, reduction=self.reduction)
[36m(train_fnn pid=1639826)[0m /zfs/projects/darc/wolee_edehaan_suzienoh-exploratory-ml/kevin/venv/lib/python3.10/site-packages/torch/nn/modules/loss.py:101: UserWarning: Using a target size (torch.Size([1])) that is different to the input size (torch.Size([])). This will likely lead to incorrect results due to broadcasting. Please ensure they have the same size.
[36m(train_fnn pid=1639826)[0m   return F.l1_loss(input, target, reduction=self.reduction)
[36m(train_fnn pid=1642320)[0m /zfs/projects/darc/wolee_edehaan_suzienoh-exploratory-ml/kevin/venv/lib/python3.10/site-packages/torch/nn/modules/loss.py:101: UserWarning: Using a target size (torch.Size([1])) that is different to the input size (torch.Size([])). This will likely lead to incorrect results due to broadcasting. Please ensure they have the same size.
[36m(train_fnn pid=1642320)[0m   return F.l1_loss(input, target, reduction=self.reduction)
[36m(train_fnn pid=1661256)[0m /zfs/projects/darc/wolee_edehaan_suzienoh-exploratory-ml/kevin/venv/lib/python3.10/site-packages/torch/nn/modules/loss.py:101: UserWarning: Using a target size (torch.Size([1])) that is different to the input size (torch.Size([])). This will likely lead to incorrect results due to broadcasting. Please ensure they have the same size.
[36m(train_fnn pid=1661256)[0m   return F.l1_loss(input, target, reduction=self.reduction)
[36m(train_fnn pid=1661257)[0m /zfs/projects/darc/wolee_edehaan_suzienoh-exploratory-ml/kevin/venv/lib/python3.10/site-packages/torch/nn/modules/loss.py:101: UserWarning: Using a target size (torch.Size([1])) that is different to the input size (torch.Size([])). This will likely lead to incorrect results due to broadcasting. Please ensure they have the same size.
[36m(train_fnn pid=1661257)[0m   return F.l1_loss(input, target, reduction=self.reduction)
[36m(train_fnn pid=1690241)[0m /zfs/projects/darc/wolee_edehaan_suzienoh-exploratory-ml/kevin/venv/lib/python3.10/site-packages/torch/nn/modules/loss.py:101: UserWarning: Using a target size (torch.Size([1])) that is different to the input size (torch.Size([])). This will likely lead to incorrect results due to broadcasting. Please ensure they have the same size.
[36m(train_fnn pid=1690241)[0m   return F.l1_loss(input, target, reduction=self.reduction)
[36m(train_fnn pid=1729305)[0m /zfs/projects/darc/wolee_edehaan_suzienoh-exploratory-ml/kevin/venv/lib/python3.10/site-packages/torch/nn/modules/loss.py:101: UserWarning: Using a target size (torch.Size([1])) that is different to the input size (torch.Size([])). This will likely lead to incorrect results due to broadcasting. Please ensure they have the same size.
[36m(train_fnn pid=1729305)[0m   return F.l1_loss(input, target, reduction=self.reduction)
[36m(train_fnn pid=1728394)[0m /zfs/projects/darc/wolee_edehaan_suzienoh-exploratory-ml/kevin/venv/lib/python3.10/site-packages/torch/nn/modules/loss.py:101: UserWarning: Using a target size (torch.Size([1])) that is different to the input size (torch.Size([])). This will likely lead to incorrect results due to broadcasting. Please ensure they have the same size.
[36m(train_fnn pid=1728394)[0m   return F.l1_loss(input, target, reduction=self.reduction)
[36m(train_fnn pid=1777056)[0m /zfs/projects/darc/wolee_edehaan_suzienoh-exploratory-ml/kevin/venv/lib/python3.10/site-packages/torch/nn/modules/loss.py:101: UserWarning: Using a target size (torch.Size([1])) that is different to the input size (torch.Size([])). This will likely lead to incorrect results due to broadcasting. Please ensure they have the same size.
[36m(train_fnn pid=1777056)[0m   return F.l1_loss(input, target, reduction=self.reduction)
[36m(train_fnn pid=1778589)[0m /zfs/projects/darc/wolee_edehaan_suzienoh-exploratory-ml/kevin/venv/lib/python3.10/site-packages/torch/nn/modules/loss.py:101: UserWarning: Using a target size (torch.Size([1])) that is different to the input size (torch.Size([])). This will likely lead to incorrect results due to broadcasting. Please ensure they have the same size.
[36m(train_fnn pid=1778589)[0m   return F.l1_loss(input, target, reduction=self.reduction)
2024-08-31 16:09:44,382	INFO tune.py:1009 -- Wrote the latest version of all result files and experiment state to '/zfs/projects/darc/wolee_edehaan_suzienoh-exploratory-ml/kevin/ray_results/train_fnn_2024-08-31_15-09-06' in 0.4841s.
INFO:model_data_nn.py:Best trial config: {'continuous_dim': 151, 'hidden_dim': 5, 'num_layers': 3, 'num_embeddings': 12245, 'embedding_dim': 5, 'dropout_rate': 0.52, 'lr': 0.00018989906407588494, 'weight_decay': 1.069383784308752e-06, 'num_epochs': 50, 'num_gpus': 0, 'batch_size': 32}
INFO:model_data_nn.py:Best trial training loss: 0.18092499047989058
INFO:model_data_nn.py:Best trial testing loss: 0.26260015262903175
INFO:main.py:Ray Tune results have been saved to: /zfs/projects/darc/wolee_edehaan_suzienoh-exploratory-ml/kevin/ray_results
INFO:main.py:Best trial directory: /tmp/ray/session_2024-08-31_15-09-01_269313_1024549/artifacts/2024-08-31_15-09-06/train_fnn_2024-08-31_15-09-06/driver_artifacts/train_fnn_a3ae4_00169_169_batch_size=32,dropout_rate=0.5200,embedding_dim=5,hidden_dim=5,lr=0.0002,num_layers=3,weight_decay=0.000_2024-08-31_15-09-07
INFO:main.py:

Retrain a new model with data in years: [1980, 1981, 1982, 1983, 1984, 1985, 1986, 1987, 1988, 1989, 1990, 1991, 1992, 1993, 1994, 1995, 1996, 1997, 1998, 1999]

            Using the optimized hyperparameters: {'continuous_dim': 151, 'hidden_dim': 5, 'num_layers': 3, 'num_embeddings': 12852, 'embedding_dim': 5, 'dropout_rate': 0.52, 'lr': 0.00018989906407588494, 'weight_decay': 1.069383784308752e-06, 'num_epochs': 50, 'num_gpus': 0, 'batch_size': 32}

INFO:model_data_nn.py:Epoch 1/50, metrics: {'avg_train_loss': 0.19037138439482842, 'avg_test_loss': 0.2758424838018452}
INFO:model_data_nn.py:Epoch 2/50, metrics: {'avg_train_loss': 0.18995203641163103, 'avg_test_loss': 0.27430054179861774}
INFO:model_data_nn.py:Epoch 3/50, metrics: {'avg_train_loss': 0.18965734891531477, 'avg_test_loss': 0.2733418144618966}
INFO:model_data_nn.py:Epoch 4/50, metrics: {'avg_train_loss': 0.18929993366279554, 'avg_test_loss': 0.2722442372450753}
INFO:model_data_nn.py:Epoch 5/50, metrics: {'avg_train_loss': 0.18898525980601552, 'avg_test_loss': 0.2717011206787386}
INFO:model_data_nn.py:Epoch 6/50, metrics: {'avg_train_loss': 0.188804098628901, 'avg_test_loss': 0.27253342132805747}
INFO:model_data_nn.py:Epoch 7/50, metrics: {'avg_train_loss': 0.18856017466171102, 'avg_test_loss': 0.2733043759717226}
INFO:model_data_nn.py:Epoch 8/50, metrics: {'avg_train_loss': 0.18826646773473601, 'avg_test_loss': 0.27302086131827313}
INFO:model_data_nn.py:Epoch 9/50, metrics: {'avg_train_loss': 0.1880322856986043, 'avg_test_loss': 0.2727157956077939}
INFO:model_data_nn.py:Epoch 10/50, metrics: {'avg_train_loss': 0.18779991070357413, 'avg_test_loss': 0.273690620939883}
INFO:model_data_nn.py:Epoch 11/50, metrics: {'avg_train_loss': 0.18754836992236512, 'avg_test_loss': 0.27439017026197343}
INFO:model_data_nn.py:Epoch 12/50, metrics: {'avg_train_loss': 0.18739874486848035, 'avg_test_loss': 0.27411696768512284}
INFO:model_data_nn.py:Epoch 13/50, metrics: {'avg_train_loss': 0.1871964151663484, 'avg_test_loss': 0.27433570791546574}
INFO:model_data_nn.py:Epoch 14/50, metrics: {'avg_train_loss': 0.18692388944003516, 'avg_test_loss': 0.2743854552915946}
INFO:model_data_nn.py:Epoch 15/50, metrics: {'avg_train_loss': 0.18689558427138725, 'avg_test_loss': 0.2752146520161354}
INFO:model_data_nn.py:Early stopping at epoch 15
INFO:main.py:Making prediction for data in year: 2000
INFO:main.py:Prediction data shape: (22167,)
/zfs/projects/darc/wolee_edehaan_suzienoh-exploratory-ml/kevin/src/main.py:335: SettingWithCopyWarning: 
A value is trying to be set on a copy of a slice from a DataFrame.
Try using .loc[row_indexer,col_indexer] = value instead

See the caveats in the documentation: https://pandas.pydata.org/pandas-docs/stable/user_guide/indexing.html#returning-a-view-versus-a-copy
  prediction_data['pred'] = predictions
INFO:main.py:Root Mean Squared Error for Prediction in 2000: 0.4569376953401387
INFO:main.py:Prediction Stats:                retq          pred
count  22167.000000  22167.000000
mean      -0.000670     -0.007088
std        0.453416      0.059766
min       -0.980000     -7.105531
25%       -0.222436     -0.026010
50%       -0.022528     -0.000085
75%        0.141851      0.026740
max       10.941179      0.026989
INFO:main.py:

Transform data

INFO:transform_data_nn.py:Train data years: [1980, 1981, 1982, 1983, 1984, 1985, 1986, 1987, 1988, 1989, 1990, 1991, 1992, 1993, 1994, 1995, 1996, 1997, 1998, 1999, 2000, 2001, 2002, 2003, 2004]
INFO:transform_data_nn.py:Train_data: (432159, 161)

INFO:transform_data_nn.py:Test data years: [2005]
INFO:transform_data_nn.py:Test_data: (17457, 161)

INFO:transform_data_nn.py:Retrain data years: [1980, 1981, 1982, 1983, 1984, 1985, 1986, 1987, 1988, 1989, 1990, 1991, 1992, 1993, 1994, 1995, 1996, 1997, 1998, 1999, 2000, 2001, 2002, 2003, 2004, 2005]
INFO:transform_data_nn.py:Retrain_data: (449616, 161)

INFO:transform_data_nn.py:Prediction data years: [2006]
INFO:transform_data_nn.py:Prediction_data: (17129, 161)

INFO:main.py:

Generate X and y with train_data and test_data

INFO:main.py:
            x_train_tf: torch.Size([432159, 152])
            y_train_tf: torch.Size([432159])

            x_test_tf: torch.Size([17457, 152])
            y_test_tf: torch.Size([17457])

        
INFO:main.py:

Generate X and y with retrain_data and prediction_data

INFO:main.py:
            x_retrain_tf: torch.Size([449616, 152])
            y_retrain_tf: torch.Size([449616])

            x_prediction_tf: torch.Size([17129, 152])
            y_prediction_tf: torch.Size([17129])

        
INFO:main.py:

Create dataset

INFO:main.py:Create train_dataset
INFO:main.py:Create test_dataset
INFO:main.py:Create retrain_dataset
INFO:main.py:Create prediction_dataset
INFO:main.py:

Hyperparameters tuning with Ray Tune

INFO:main.py:Training data years: [1980, 1981, 1982, 1983, 1984, 1985, 1986, 1987, 1988, 1989, 1990, 1991, 1992, 1993, 1994, 1995, 1996, 1997, 1998, 1999, 2000, 2001, 2002, 2003, 2004]
INFO:main.py:Testing data year: 2005
INFO:main.py:

            ray_results_path: /zfs/projects/darc/wolee_edehaan_suzienoh-exploratory-ml/kevin/ray_results
            num_samples: 200
            max_num_epochs: 50
            num_cpus: 24
            cpus_per_trial: 1
            num_gpus: 0
            gpus_per_trial: 0
            continuous_dim: 151
            num_embeddings: 14571
            device: cpu
            
2024-08-31 17:09:57,485	INFO worker.py:1753 -- Started a local Ray instance.
2024-08-31 17:09:57,531	INFO packaging.py:530 -- Creating a file package for local directory '/zfs/projects/darc/wolee_edehaan_suzienoh-exploratory-ml/kevin/src'.
2024-08-31 17:09:57,577	INFO packaging.py:358 -- Pushing file package 'gcs://_ray_pkg_360b0bbce57fb629.zip' (5.17MiB) to Ray cluster...
2024-08-31 17:09:57,594	INFO packaging.py:371 -- Successfully pushed file package 'gcs://_ray_pkg_360b0bbce57fb629.zip'.
2024-08-31 17:09:59,602	WARNING tune.py:902 -- AIR_VERBOSITY is set, ignoring passed-in ProgressReporter for now.
[36m(train_fnn pid=3038801)[0m /zfs/projects/darc/wolee_edehaan_suzienoh-exploratory-ml/kevin/venv/lib/python3.10/site-packages/torch/nn/modules/loss.py:101: UserWarning: Using a target size (torch.Size([1])) that is different to the input size (torch.Size([])). This will likely lead to incorrect results due to broadcasting. Please ensure they have the same size.
[36m(train_fnn pid=3038801)[0m   return F.l1_loss(input, target, reduction=self.reduction)
[36m(train_fnn pid=3038785)[0m /zfs/projects/darc/wolee_edehaan_suzienoh-exploratory-ml/kevin/venv/lib/python3.10/site-packages/torch/nn/modules/loss.py:101: UserWarning: Using a target size (torch.Size([1])) that is different to the input size (torch.Size([])). This will likely lead to incorrect results due to broadcasting. Please ensure they have the same size.
[36m(train_fnn pid=3038785)[0m   return F.l1_loss(input, target, reduction=self.reduction)
[36m(train_fnn pid=3038116)[0m /zfs/projects/darc/wolee_edehaan_suzienoh-exploratory-ml/kevin/venv/lib/python3.10/site-packages/torch/nn/modules/loss.py:101: UserWarning: Using a target size (torch.Size([1])) that is different to the input size (torch.Size([])). This will likely lead to incorrect results due to broadcasting. Please ensure they have the same size.
[36m(train_fnn pid=3038116)[0m   return F.l1_loss(input, target, reduction=self.reduction)
[36m(train_fnn pid=3038800)[0m /zfs/projects/darc/wolee_edehaan_suzienoh-exploratory-ml/kevin/venv/lib/python3.10/site-packages/torch/nn/modules/loss.py:101: UserWarning: Using a target size (torch.Size([1])) that is different to the input size (torch.Size([])). This will likely lead to incorrect results due to broadcasting. Please ensure they have the same size.
[36m(train_fnn pid=3038800)[0m   return F.l1_loss(input, target, reduction=self.reduction)
[36m(train_fnn pid=3038675)[0m /zfs/projects/darc/wolee_edehaan_suzienoh-exploratory-ml/kevin/venv/lib/python3.10/site-packages/torch/nn/modules/loss.py:101: UserWarning: Using a target size (torch.Size([1])) that is different to the input size (torch.Size([])). This will likely lead to incorrect results due to broadcasting. Please ensure they have the same size.
[36m(train_fnn pid=3038675)[0m   return F.l1_loss(input, target, reduction=self.reduction)
[36m(train_fnn pid=3067698)[0m /zfs/projects/darc/wolee_edehaan_suzienoh-exploratory-ml/kevin/venv/lib/python3.10/site-packages/torch/nn/modules/loss.py:101: UserWarning: Using a target size (torch.Size([1])) that is different to the input size (torch.Size([])). This will likely lead to incorrect results due to broadcasting. Please ensure they have the same size.
[36m(train_fnn pid=3067698)[0m   return F.l1_loss(input, target, reduction=self.reduction)
[36m(train_fnn pid=3038661)[0m /zfs/projects/darc/wolee_edehaan_suzienoh-exploratory-ml/kevin/venv/lib/python3.10/site-packages/torch/nn/modules/loss.py:101: UserWarning: Using a target size (torch.Size([1])) that is different to the input size (torch.Size([])). This will likely lead to incorrect results due to broadcasting. Please ensure they have the same size.
[36m(train_fnn pid=3038661)[0m   return F.l1_loss(input, target, reduction=self.reduction)
[36m(train_fnn pid=3038012)[0m /zfs/projects/darc/wolee_edehaan_suzienoh-exploratory-ml/kevin/venv/lib/python3.10/site-packages/torch/nn/modules/loss.py:101: UserWarning: Using a target size (torch.Size([1])) that is different to the input size (torch.Size([])). This will likely lead to incorrect results due to broadcasting. Please ensure they have the same size.
[36m(train_fnn pid=3038012)[0m   return F.l1_loss(input, target, reduction=self.reduction)
[36m(train_fnn pid=3069073)[0m /zfs/projects/darc/wolee_edehaan_suzienoh-exploratory-ml/kevin/venv/lib/python3.10/site-packages/torch/nn/modules/loss.py:101: UserWarning: Using a target size (torch.Size([1])) that is different to the input size (torch.Size([])). This will likely lead to incorrect results due to broadcasting. Please ensure they have the same size.
[36m(train_fnn pid=3069073)[0m   return F.l1_loss(input, target, reduction=self.reduction)
[36m(train_fnn pid=3068194)[0m /zfs/projects/darc/wolee_edehaan_suzienoh-exploratory-ml/kevin/venv/lib/python3.10/site-packages/torch/nn/modules/loss.py:101: UserWarning: Using a target size (torch.Size([1])) that is different to the input size (torch.Size([])). This will likely lead to incorrect results due to broadcasting. Please ensure they have the same size.[32m [repeated 2x across cluster] (Ray deduplicates logs by default. Set RAY_DEDUP_LOGS=0 to disable log deduplication, or see https://docs.ray.io/en/master/ray-observability/user-guides/configure-logging.html#log-deduplication for more options.)[0m
[36m(train_fnn pid=3068194)[0m   return F.l1_loss(input, target, reduction=self.reduction)[32m [repeated 2x across cluster][0m
[36m(train_fnn pid=3038143)[0m /zfs/projects/darc/wolee_edehaan_suzienoh-exploratory-ml/kevin/venv/lib/python3.10/site-packages/torch/nn/modules/loss.py:101: UserWarning: Using a target size (torch.Size([1])) that is different to the input size (torch.Size([])). This will likely lead to incorrect results due to broadcasting. Please ensure they have the same size.
[36m(train_fnn pid=3038143)[0m   return F.l1_loss(input, target, reduction=self.reduction)
[36m(train_fnn pid=3038286)[0m /zfs/projects/darc/wolee_edehaan_suzienoh-exploratory-ml/kevin/venv/lib/python3.10/site-packages/torch/nn/modules/loss.py:101: UserWarning: Using a target size (torch.Size([1])) that is different to the input size (torch.Size([])). This will likely lead to incorrect results due to broadcasting. Please ensure they have the same size.
[36m(train_fnn pid=3038286)[0m   return F.l1_loss(input, target, reduction=self.reduction)
[36m(train_fnn pid=3037689)[0m /zfs/projects/darc/wolee_edehaan_suzienoh-exploratory-ml/kevin/venv/lib/python3.10/site-packages/torch/nn/modules/loss.py:101: UserWarning: Using a target size (torch.Size([1])) that is different to the input size (torch.Size([])). This will likely lead to incorrect results due to broadcasting. Please ensure they have the same size.
[36m(train_fnn pid=3037689)[0m   return F.l1_loss(input, target, reduction=self.reduction)
[36m(train_fnn pid=3038799)[0m /zfs/projects/darc/wolee_edehaan_suzienoh-exploratory-ml/kevin/venv/lib/python3.10/site-packages/torch/nn/modules/loss.py:101: UserWarning: Using a target size (torch.Size([1])) that is different to the input size (torch.Size([])). This will likely lead to incorrect results due to broadcasting. Please ensure they have the same size.
[36m(train_fnn pid=3038799)[0m   return F.l1_loss(input, target, reduction=self.reduction)
[36m(train_fnn pid=3087615)[0m /zfs/projects/darc/wolee_edehaan_suzienoh-exploratory-ml/kevin/venv/lib/python3.10/site-packages/torch/nn/modules/loss.py:101: UserWarning: Using a target size (torch.Size([1])) that is different to the input size (torch.Size([])). This will likely lead to incorrect results due to broadcasting. Please ensure they have the same size.
[36m(train_fnn pid=3087615)[0m   return F.l1_loss(input, target, reduction=self.reduction)
[36m(train_fnn pid=3038619)[0m /zfs/projects/darc/wolee_edehaan_suzienoh-exploratory-ml/kevin/venv/lib/python3.10/site-packages/torch/nn/modules/loss.py:101: UserWarning: Using a target size (torch.Size([1])) that is different to the input size (torch.Size([])). This will likely lead to incorrect results due to broadcasting. Please ensure they have the same size.
[36m(train_fnn pid=3038619)[0m   return F.l1_loss(input, target, reduction=self.reduction)
[36m(train_fnn pid=3068700)[0m /zfs/projects/darc/wolee_edehaan_suzienoh-exploratory-ml/kevin/venv/lib/python3.10/site-packages/torch/nn/modules/loss.py:101: UserWarning: Using a target size (torch.Size([1])) that is different to the input size (torch.Size([])). This will likely lead to incorrect results due to broadcasting. Please ensure they have the same size.
[36m(train_fnn pid=3068700)[0m   return F.l1_loss(input, target, reduction=self.reduction)
[36m(train_fnn pid=3110326)[0m /zfs/projects/darc/wolee_edehaan_suzienoh-exploratory-ml/kevin/venv/lib/python3.10/site-packages/torch/nn/modules/loss.py:101: UserWarning: Using a target size (torch.Size([1])) that is different to the input size (torch.Size([])). This will likely lead to incorrect results due to broadcasting. Please ensure they have the same size.
[36m(train_fnn pid=3110326)[0m   return F.l1_loss(input, target, reduction=self.reduction)
[36m(train_fnn pid=3105584)[0m /zfs/projects/darc/wolee_edehaan_suzienoh-exploratory-ml/kevin/venv/lib/python3.10/site-packages/torch/nn/modules/loss.py:101: UserWarning: Using a target size (torch.Size([1])) that is different to the input size (torch.Size([])). This will likely lead to incorrect results due to broadcasting. Please ensure they have the same size.
[36m(train_fnn pid=3105584)[0m   return F.l1_loss(input, target, reduction=self.reduction)
[36m(train_fnn pid=3108680)[0m /zfs/projects/darc/wolee_edehaan_suzienoh-exploratory-ml/kevin/venv/lib/python3.10/site-packages/torch/nn/modules/loss.py:101: UserWarning: Using a target size (torch.Size([1])) that is different to the input size (torch.Size([])). This will likely lead to incorrect results due to broadcasting. Please ensure they have the same size.
[36m(train_fnn pid=3108680)[0m   return F.l1_loss(input, target, reduction=self.reduction)
[36m(train_fnn pid=3143454)[0m /zfs/projects/darc/wolee_edehaan_suzienoh-exploratory-ml/kevin/venv/lib/python3.10/site-packages/torch/nn/modules/loss.py:101: UserWarning: Using a target size (torch.Size([1])) that is different to the input size (torch.Size([])). This will likely lead to incorrect results due to broadcasting. Please ensure they have the same size.
[36m(train_fnn pid=3143454)[0m   return F.l1_loss(input, target, reduction=self.reduction)
[36m(train_fnn pid=3152158)[0m /zfs/projects/darc/wolee_edehaan_suzienoh-exploratory-ml/kevin/venv/lib/python3.10/site-packages/torch/nn/modules/loss.py:101: UserWarning: Using a target size (torch.Size([1])) that is different to the input size (torch.Size([])). This will likely lead to incorrect results due to broadcasting. Please ensure they have the same size.
[36m(train_fnn pid=3152158)[0m   return F.l1_loss(input, target, reduction=self.reduction)
[36m(train_fnn pid=3152425)[0m /zfs/projects/darc/wolee_edehaan_suzienoh-exploratory-ml/kevin/venv/lib/python3.10/site-packages/torch/nn/modules/loss.py:101: UserWarning: Using a target size (torch.Size([1])) that is different to the input size (torch.Size([])). This will likely lead to incorrect results due to broadcasting. Please ensure they have the same size.
[36m(train_fnn pid=3152425)[0m   return F.l1_loss(input, target, reduction=self.reduction)
[36m(train_fnn pid=3171061)[0m /zfs/projects/darc/wolee_edehaan_suzienoh-exploratory-ml/kevin/venv/lib/python3.10/site-packages/torch/nn/modules/loss.py:101: UserWarning: Using a target size (torch.Size([1])) that is different to the input size (torch.Size([])). This will likely lead to incorrect results due to broadcasting. Please ensure they have the same size.
[36m(train_fnn pid=3171061)[0m   return F.l1_loss(input, target, reduction=self.reduction)
[36m(train_fnn pid=3197889)[0m /zfs/projects/darc/wolee_edehaan_suzienoh-exploratory-ml/kevin/venv/lib/python3.10/site-packages/torch/nn/modules/loss.py:101: UserWarning: Using a target size (torch.Size([1])) that is different to the input size (torch.Size([])). This will likely lead to incorrect results due to broadcasting. Please ensure they have the same size.
[36m(train_fnn pid=3197889)[0m   return F.l1_loss(input, target, reduction=self.reduction)
[36m(train_fnn pid=3157076)[0m /zfs/projects/darc/wolee_edehaan_suzienoh-exploratory-ml/kevin/venv/lib/python3.10/site-packages/torch/nn/modules/loss.py:101: UserWarning: Using a target size (torch.Size([1])) that is different to the input size (torch.Size([])). This will likely lead to incorrect results due to broadcasting. Please ensure they have the same size.
[36m(train_fnn pid=3157076)[0m   return F.l1_loss(input, target, reduction=self.reduction)
[36m(train_fnn pid=3171324)[0m /zfs/projects/darc/wolee_edehaan_suzienoh-exploratory-ml/kevin/venv/lib/python3.10/site-packages/torch/nn/modules/loss.py:101: UserWarning: Using a target size (torch.Size([1])) that is different to the input size (torch.Size([])). This will likely lead to incorrect results due to broadcasting. Please ensure they have the same size.
[36m(train_fnn pid=3171324)[0m   return F.l1_loss(input, target, reduction=self.reduction)
[36m(train_fnn pid=3215663)[0m /zfs/projects/darc/wolee_edehaan_suzienoh-exploratory-ml/kevin/venv/lib/python3.10/site-packages/torch/nn/modules/loss.py:101: UserWarning: Using a target size (torch.Size([1])) that is different to the input size (torch.Size([])). This will likely lead to incorrect results due to broadcasting. Please ensure they have the same size.
[36m(train_fnn pid=3215663)[0m   return F.l1_loss(input, target, reduction=self.reduction)
[36m(train_fnn pid=3215839)[0m /zfs/projects/darc/wolee_edehaan_suzienoh-exploratory-ml/kevin/venv/lib/python3.10/site-packages/torch/nn/modules/loss.py:101: UserWarning: Using a target size (torch.Size([1])) that is different to the input size (torch.Size([])). This will likely lead to incorrect results due to broadcasting. Please ensure they have the same size.
[36m(train_fnn pid=3215839)[0m   return F.l1_loss(input, target, reduction=self.reduction)
[36m(train_fnn pid=3217403)[0m /zfs/projects/darc/wolee_edehaan_suzienoh-exploratory-ml/kevin/venv/lib/python3.10/site-packages/torch/nn/modules/loss.py:101: UserWarning: Using a target size (torch.Size([1])) that is different to the input size (torch.Size([])). This will likely lead to incorrect results due to broadcasting. Please ensure they have the same size.
[36m(train_fnn pid=3217403)[0m   return F.l1_loss(input, target, reduction=self.reduction)
[36m(train_fnn pid=3265703)[0m /zfs/projects/darc/wolee_edehaan_suzienoh-exploratory-ml/kevin/venv/lib/python3.10/site-packages/torch/nn/modules/loss.py:101: UserWarning: Using a target size (torch.Size([1])) that is different to the input size (torch.Size([])). This will likely lead to incorrect results due to broadcasting. Please ensure they have the same size.[32m [repeated 2x across cluster][0m
[36m(train_fnn pid=3265703)[0m   return F.l1_loss(input, target, reduction=self.reduction)[32m [repeated 2x across cluster][0m
[36m(train_fnn pid=3263549)[0m /zfs/projects/darc/wolee_edehaan_suzienoh-exploratory-ml/kevin/venv/lib/python3.10/site-packages/torch/nn/modules/loss.py:101: UserWarning: Using a target size (torch.Size([1])) that is different to the input size (torch.Size([])). This will likely lead to incorrect results due to broadcasting. Please ensure they have the same size.
[36m(train_fnn pid=3263549)[0m   return F.l1_loss(input, target, reduction=self.reduction)
[36m(train_fnn pid=3284033)[0m /zfs/projects/darc/wolee_edehaan_suzienoh-exploratory-ml/kevin/venv/lib/python3.10/site-packages/torch/nn/modules/loss.py:101: UserWarning: Using a target size (torch.Size([1])) that is different to the input size (torch.Size([])). This will likely lead to incorrect results due to broadcasting. Please ensure they have the same size.
[36m(train_fnn pid=3284033)[0m   return F.l1_loss(input, target, reduction=self.reduction)
[36m(train_fnn pid=3263847)[0m /zfs/projects/darc/wolee_edehaan_suzienoh-exploratory-ml/kevin/venv/lib/python3.10/site-packages/torch/nn/modules/loss.py:101: UserWarning: Using a target size (torch.Size([1])) that is different to the input size (torch.Size([])). This will likely lead to incorrect results due to broadcasting. Please ensure they have the same size.
[36m(train_fnn pid=3263847)[0m   return F.l1_loss(input, target, reduction=self.reduction)
[36m(train_fnn pid=3285260)[0m /zfs/projects/darc/wolee_edehaan_suzienoh-exploratory-ml/kevin/venv/lib/python3.10/site-packages/torch/nn/modules/loss.py:101: UserWarning: Using a target size (torch.Size([1])) that is different to the input size (torch.Size([])). This will likely lead to incorrect results due to broadcasting. Please ensure they have the same size.
[36m(train_fnn pid=3285260)[0m   return F.l1_loss(input, target, reduction=self.reduction)
[36m(train_fnn pid=3264605)[0m /zfs/projects/darc/wolee_edehaan_suzienoh-exploratory-ml/kevin/venv/lib/python3.10/site-packages/torch/nn/modules/loss.py:101: UserWarning: Using a target size (torch.Size([1])) that is different to the input size (torch.Size([])). This will likely lead to incorrect results due to broadcasting. Please ensure they have the same size.
[36m(train_fnn pid=3264605)[0m   return F.l1_loss(input, target, reduction=self.reduction)
[36m(train_fnn pid=3284769)[0m /zfs/projects/darc/wolee_edehaan_suzienoh-exploratory-ml/kevin/venv/lib/python3.10/site-packages/torch/nn/modules/loss.py:101: UserWarning: Using a target size (torch.Size([1])) that is different to the input size (torch.Size([])). This will likely lead to incorrect results due to broadcasting. Please ensure they have the same size.
[36m(train_fnn pid=3284769)[0m   return F.l1_loss(input, target, reduction=self.reduction)
[36m(train_fnn pid=3303382)[0m /zfs/projects/darc/wolee_edehaan_suzienoh-exploratory-ml/kevin/venv/lib/python3.10/site-packages/torch/nn/modules/loss.py:101: UserWarning: Using a target size (torch.Size([1])) that is different to the input size (torch.Size([])). This will likely lead to incorrect results due to broadcasting. Please ensure they have the same size.
[36m(train_fnn pid=3303382)[0m   return F.l1_loss(input, target, reduction=self.reduction)
[36m(train_fnn pid=3290298)[0m /zfs/projects/darc/wolee_edehaan_suzienoh-exploratory-ml/kevin/venv/lib/python3.10/site-packages/torch/nn/modules/loss.py:101: UserWarning: Using a target size (torch.Size([1])) that is different to the input size (torch.Size([])). This will likely lead to incorrect results due to broadcasting. Please ensure they have the same size.
[36m(train_fnn pid=3290298)[0m   return F.l1_loss(input, target, reduction=self.reduction)
[36m(train_fnn pid=3304133)[0m /zfs/projects/darc/wolee_edehaan_suzienoh-exploratory-ml/kevin/venv/lib/python3.10/site-packages/torch/nn/modules/loss.py:101: UserWarning: Using a target size (torch.Size([1])) that is different to the input size (torch.Size([])). This will likely lead to incorrect results due to broadcasting. Please ensure they have the same size.
[36m(train_fnn pid=3304133)[0m   return F.l1_loss(input, target, reduction=self.reduction)
[36m(train_fnn pid=3303883)[0m /zfs/projects/darc/wolee_edehaan_suzienoh-exploratory-ml/kevin/venv/lib/python3.10/site-packages/torch/nn/modules/loss.py:101: UserWarning: Using a target size (torch.Size([1])) that is different to the input size (torch.Size([])). This will likely lead to incorrect results due to broadcasting. Please ensure they have the same size.
[36m(train_fnn pid=3303883)[0m   return F.l1_loss(input, target, reduction=self.reduction)
[36m(train_fnn pid=3350375)[0m /zfs/projects/darc/wolee_edehaan_suzienoh-exploratory-ml/kevin/venv/lib/python3.10/site-packages/torch/nn/modules/loss.py:101: UserWarning: Using a target size (torch.Size([1])) that is different to the input size (torch.Size([])). This will likely lead to incorrect results due to broadcasting. Please ensure they have the same size.
[36m(train_fnn pid=3350375)[0m   return F.l1_loss(input, target, reduction=self.reduction)
[36m(train_fnn pid=3350371)[0m /zfs/projects/darc/wolee_edehaan_suzienoh-exploratory-ml/kevin/venv/lib/python3.10/site-packages/torch/nn/modules/loss.py:101: UserWarning: Using a target size (torch.Size([1])) that is different to the input size (torch.Size([])). This will likely lead to incorrect results due to broadcasting. Please ensure they have the same size.
[36m(train_fnn pid=3350371)[0m   return F.l1_loss(input, target, reduction=self.reduction)
[36m(train_fnn pid=3369998)[0m /zfs/projects/darc/wolee_edehaan_suzienoh-exploratory-ml/kevin/venv/lib/python3.10/site-packages/torch/nn/modules/loss.py:101: UserWarning: Using a target size (torch.Size([1])) that is different to the input size (torch.Size([])). This will likely lead to incorrect results due to broadcasting. Please ensure they have the same size.
[36m(train_fnn pid=3369998)[0m   return F.l1_loss(input, target, reduction=self.reduction)
[36m(train_fnn pid=3370805)[0m /zfs/projects/darc/wolee_edehaan_suzienoh-exploratory-ml/kevin/venv/lib/python3.10/site-packages/torch/nn/modules/loss.py:101: UserWarning: Using a target size (torch.Size([1])) that is different to the input size (torch.Size([])). This will likely lead to incorrect results due to broadcasting. Please ensure they have the same size.
[36m(train_fnn pid=3370805)[0m   return F.l1_loss(input, target, reduction=self.reduction)
[36m(train_fnn pid=3350612)[0m /zfs/projects/darc/wolee_edehaan_suzienoh-exploratory-ml/kevin/venv/lib/python3.10/site-packages/torch/nn/modules/loss.py:101: UserWarning: Using a target size (torch.Size([1])) that is different to the input size (torch.Size([])). This will likely lead to incorrect results due to broadcasting. Please ensure they have the same size.
[36m(train_fnn pid=3350612)[0m   return F.l1_loss(input, target, reduction=self.reduction)
[36m(train_fnn pid=3416224)[0m /zfs/projects/darc/wolee_edehaan_suzienoh-exploratory-ml/kevin/venv/lib/python3.10/site-packages/torch/nn/modules/loss.py:101: UserWarning: Using a target size (torch.Size([1])) that is different to the input size (torch.Size([])). This will likely lead to incorrect results due to broadcasting. Please ensure they have the same size.
[36m(train_fnn pid=3416224)[0m   return F.l1_loss(input, target, reduction=self.reduction)
[36m(train_fnn pid=3435258)[0m /zfs/projects/darc/wolee_edehaan_suzienoh-exploratory-ml/kevin/venv/lib/python3.10/site-packages/torch/nn/modules/loss.py:101: UserWarning: Using a target size (torch.Size([1])) that is different to the input size (torch.Size([])). This will likely lead to incorrect results due to broadcasting. Please ensure they have the same size.[32m [repeated 2x across cluster][0m
[36m(train_fnn pid=3435258)[0m   return F.l1_loss(input, target, reduction=self.reduction)[32m [repeated 2x across cluster][0m
[36m(train_fnn pid=3453551)[0m /zfs/projects/darc/wolee_edehaan_suzienoh-exploratory-ml/kevin/venv/lib/python3.10/site-packages/torch/nn/modules/loss.py:101: UserWarning: Using a target size (torch.Size([1])) that is different to the input size (torch.Size([])). This will likely lead to incorrect results due to broadcasting. Please ensure they have the same size.[32m [repeated 2x across cluster][0m
[36m(train_fnn pid=3453551)[0m   return F.l1_loss(input, target, reduction=self.reduction)[32m [repeated 2x across cluster][0m
[36m(train_fnn pid=3434763)[0m /zfs/projects/darc/wolee_edehaan_suzienoh-exploratory-ml/kevin/venv/lib/python3.10/site-packages/torch/nn/modules/loss.py:101: UserWarning: Using a target size (torch.Size([1])) that is different to the input size (torch.Size([])). This will likely lead to incorrect results due to broadcasting. Please ensure they have the same size.
[36m(train_fnn pid=3434763)[0m   return F.l1_loss(input, target, reduction=self.reduction)
[36m(train_fnn pid=3481334)[0m /zfs/projects/darc/wolee_edehaan_suzienoh-exploratory-ml/kevin/venv/lib/python3.10/site-packages/torch/nn/modules/loss.py:101: UserWarning: Using a target size (torch.Size([1])) that is different to the input size (torch.Size([])). This will likely lead to incorrect results due to broadcasting. Please ensure they have the same size.
[36m(train_fnn pid=3481334)[0m   return F.l1_loss(input, target, reduction=self.reduction)
[36m(train_fnn pid=3462463)[0m /zfs/projects/darc/wolee_edehaan_suzienoh-exploratory-ml/kevin/venv/lib/python3.10/site-packages/torch/nn/modules/loss.py:101: UserWarning: Using a target size (torch.Size([1])) that is different to the input size (torch.Size([])). This will likely lead to incorrect results due to broadcasting. Please ensure they have the same size.
[36m(train_fnn pid=3462463)[0m   return F.l1_loss(input, target, reduction=self.reduction)
[36m(train_fnn pid=3500288)[0m /zfs/projects/darc/wolee_edehaan_suzienoh-exploratory-ml/kevin/venv/lib/python3.10/site-packages/torch/nn/modules/loss.py:101: UserWarning: Using a target size (torch.Size([1])) that is different to the input size (torch.Size([])). This will likely lead to incorrect results due to broadcasting. Please ensure they have the same size.
[36m(train_fnn pid=3500288)[0m   return F.l1_loss(input, target, reduction=self.reduction)
[36m(train_fnn pid=3500035)[0m /zfs/projects/darc/wolee_edehaan_suzienoh-exploratory-ml/kevin/venv/lib/python3.10/site-packages/torch/nn/modules/loss.py:101: UserWarning: Using a target size (torch.Size([1])) that is different to the input size (torch.Size([])). This will likely lead to incorrect results due to broadcasting. Please ensure they have the same size.
[36m(train_fnn pid=3500035)[0m   return F.l1_loss(input, target, reduction=self.reduction)
[36m(train_fnn pid=3546145)[0m /zfs/projects/darc/wolee_edehaan_suzienoh-exploratory-ml/kevin/venv/lib/python3.10/site-packages/torch/nn/modules/loss.py:101: UserWarning: Using a target size (torch.Size([1])) that is different to the input size (torch.Size([])). This will likely lead to incorrect results due to broadcasting. Please ensure they have the same size.
[36m(train_fnn pid=3546145)[0m   return F.l1_loss(input, target, reduction=self.reduction)
[36m(train_fnn pid=3546392)[0m /zfs/projects/darc/wolee_edehaan_suzienoh-exploratory-ml/kevin/venv/lib/python3.10/site-packages/torch/nn/modules/loss.py:101: UserWarning: Using a target size (torch.Size([1])) that is different to the input size (torch.Size([])). This will likely lead to incorrect results due to broadcasting. Please ensure they have the same size.
[36m(train_fnn pid=3546392)[0m   return F.l1_loss(input, target, reduction=self.reduction)
[36m(train_fnn pid=3564452)[0m /zfs/projects/darc/wolee_edehaan_suzienoh-exploratory-ml/kevin/venv/lib/python3.10/site-packages/torch/nn/modules/loss.py:101: UserWarning: Using a target size (torch.Size([1])) that is different to the input size (torch.Size([])). This will likely lead to incorrect results due to broadcasting. Please ensure they have the same size.
[36m(train_fnn pid=3564452)[0m   return F.l1_loss(input, target, reduction=self.reduction)
[36m(train_fnn pid=3531104)[0m /zfs/projects/darc/wolee_edehaan_suzienoh-exploratory-ml/kevin/venv/lib/python3.10/site-packages/torch/nn/modules/loss.py:101: UserWarning: Using a target size (torch.Size([1])) that is different to the input size (torch.Size([])). This will likely lead to incorrect results due to broadcasting. Please ensure they have the same size.
[36m(train_fnn pid=3531104)[0m   return F.l1_loss(input, target, reduction=self.reduction)
[36m(train_fnn pid=3583159)[0m /zfs/projects/darc/wolee_edehaan_suzienoh-exploratory-ml/kevin/venv/lib/python3.10/site-packages/torch/nn/modules/loss.py:101: UserWarning: Using a target size (torch.Size([1])) that is different to the input size (torch.Size([])). This will likely lead to incorrect results due to broadcasting. Please ensure they have the same size.
[36m(train_fnn pid=3583159)[0m   return F.l1_loss(input, target, reduction=self.reduction)
[36m(train_fnn pid=3600492)[0m /zfs/projects/darc/wolee_edehaan_suzienoh-exploratory-ml/kevin/venv/lib/python3.10/site-packages/torch/nn/modules/loss.py:101: UserWarning: Using a target size (torch.Size([1])) that is different to the input size (torch.Size([])). This will likely lead to incorrect results due to broadcasting. Please ensure they have the same size.
[36m(train_fnn pid=3600492)[0m   return F.l1_loss(input, target, reduction=self.reduction)
[36m(train_fnn pid=3600517)[0m /zfs/projects/darc/wolee_edehaan_suzienoh-exploratory-ml/kevin/venv/lib/python3.10/site-packages/torch/nn/modules/loss.py:101: UserWarning: Using a target size (torch.Size([1])) that is different to the input size (torch.Size([])). This will likely lead to incorrect results due to broadcasting. Please ensure they have the same size.
[36m(train_fnn pid=3600517)[0m   return F.l1_loss(input, target, reduction=self.reduction)
