Current working directory
/zfs/projects/darc/wolee_edehaan_suzienoh-exploratory-ml
source kevin/venv/bin/activate
which python3
/zfs/projects/darc/wolee_edehaan_suzienoh-exploratory-ml/kevin/venv/bin/python3
2024-08-20 11:33:57,768	PANIC scripts.py:900 -- `--address` is a required flag unless starting a head node with `--head`.
Error: `{}` is a required flag unless starting a head node with `{}`.
Intel(R) Extension for Scikit-learn* enabled (https://github.com/intel/scikit-learn-intelex)
Intel(R) Extension for Scikit-learn* enabled (https://github.com/intel/scikit-learn-intelex)
INFO:preprocess_data_nn.py:

Loading and preprocessing data...

DEBUG:preprocess_data_nn.py:          date   permno
626    1980-01  10006.0
5399   1980-01  10057.0
11398  1980-01  10137.0
12828  1980-01  10145.0
13984  1980-01  10153.0
DEBUG:preprocess_data_nn.py:--------------------------------------------------
INFO:main_restricted.py:preprocessed df: (667724, 161)
INFO:preprocess_data_nn.py:

Applying secondary data preprocessing..

INFO:main_restricted.py:secondary preprocessed df: (667724, 161)
INFO:main_restricted.py:df sample:     permno       pdate        ym  gvkey  sic2    absacc       acc    aeavol  ...      roaa      roea   roavola       ret        mve_m      retq  pyear     date
0  10006.0  1980-01-01  198001.0   1010    37  0.083420  0.083420  1.001090  ...  0.048684  0.141715  0.004512  0.211679   303420.750 -0.055806   1980  1980-01
1  10057.0  1980-01-01  198001.0   1098    36  0.088951  0.088951 -0.613146  ...  0.092434  0.174252  0.035698  0.282297   111423.125 -0.069431   1980  1980-01
2  10137.0  1980-01-01  198001.0   1279    49  0.041008  0.041008 -0.491307  ...  0.034895  0.097554  0.006254 -0.032258   617349.500 -0.108065   1980  1980-01
3  10145.0  1980-01-01  198001.0   1300    99  0.050486  0.050486 -0.256932  ...  0.049028  0.122729  0.004320  0.150127  1415193.000 -0.085950   1980  1980-01
4  10153.0  1980-01-01  198001.0   1308    13       NaN       NaN  1.631801  ...  0.049860  0.109950  0.009149 -0.122744   429488.500 -0.285199   1980  1980-01

[5 rows x 161 columns]
INFO:main_restricted.py:Train year start: 1980
INFO:main_restricted.py:Prediction data years: [2000, 2013]
INFO:main_restricted.py:

Loop through all the prediction years and build optimized model for each year

INFO:main_restricted.py:

Transform data

INFO:transform_data_nn.py:Train data years: [1980, 1981, 1982, 1983, 1984, 1985, 1986, 1987, 1988, 1989, 1990, 1991, 1992, 1993, 1994, 1995, 1996, 1997, 1998]
INFO:transform_data_nn.py:Train_data: (307585, 161)

INFO:transform_data_nn.py:Test data years: [1999]
INFO:transform_data_nn.py:Test_data: (23257, 161)

INFO:transform_data_nn.py:Retrain data years: [1980, 1981, 1982, 1983, 1984, 1985, 1986, 1987, 1988, 1989, 1990, 1991, 1992, 1993, 1994, 1995, 1996, 1997, 1998, 1999]
INFO:transform_data_nn.py:Retrain_data: (330842, 161)

INFO:transform_data_nn.py:Prediction data years: [2000]
INFO:transform_data_nn.py:Prediction_data: (22167, 161)

INFO:main_restricted.py:

Generate X and y with train_data and test_data

